[INFO] Cleaning Mininet...
*** Removing excess controllers/ofprotocols/ofdatapaths/pings/noxes
killall controller ofprotocol ofdatapath ping nox_corelt-nox_core ovs-openflowd ovs-controllerovs-testcontroller udpbwtest mnexec ivs ryu-manager 2> /dev/null
killall -9 controller ofprotocol ofdatapath ping nox_corelt-nox_core ovs-openflowd ovs-controllerovs-testcontroller udpbwtest mnexec ivs ryu-manager 2> /dev/null
pkill -9 -f "sudo mnexec"
*** Removing junk from /tmp
rm -f /tmp/vconn* /tmp/vlogs* /tmp/*.out /tmp/*.log
*** Removing old X11 tunnels
*** Removing excess kernel datapaths
ps ax | egrep -o 'dp[0-9]+' | sed 's/dp/nl:/'
***  Removing OVS datapaths
ovs-vsctl --timeout=1 list-br
ovs-vsctl --if-exists del-br s1 -- --if-exists del-br s2 -- --if-exists del-br s3 -- --if-exists del-br s4 -- --if-exists del-br s5 -- --if-exists del-br s6 -- --if-exists del-br s7
ovs-vsctl --timeout=1 list-br
*** Removing all links of the pattern foo-ethX
ip link show | egrep -o '([-_.[:alnum:]]+-eth[[:digit:]]+)'
( ip link del s1-eth1;ip link del s2-eth1;ip link del s4-eth1;ip link del s6-eth1;ip link del s7-eth1;ip link del s2-eth2;ip link del s1-eth2;ip link del s1-eth2;ip link del s2-eth2;ip link del s3-eth1;ip link del s1-eth3;ip link del s1-eth3;ip link del s3-eth1;ip link del s4-eth2;ip link del s1-eth4;ip link del s1-eth4;ip link del s4-eth2;ip link del s3-eth2;ip link del s2-eth3;ip link del s2-eth3;ip link del s3-eth2;ip link del s4-eth3;ip link del s2-eth4;ip link del s2-eth4;ip link del s4-eth3;ip link del s5-eth1;ip link del s2-eth5;ip link del s2-eth5;ip link del s5-eth1;ip link del s5-eth2;ip link del s3-eth3;ip link del s3-eth3;ip link del s5-eth2;ip link del s6-eth2;ip link del s3-eth4;ip link del s3-eth4;ip link del s6-eth2;ip link del s5-eth3;ip link del s4-eth4;ip link del s4-eth4;ip link del s5-eth3;ip link del s6-eth3;ip link del s4-eth5;ip link del s4-eth5;ip link del s6-eth3;ip link del s7-eth2;ip link del s4-eth6;ip link del s4-eth6;ip link del s7-eth2;ip link del s6-eth4;ip link del s5-eth4;ip link del s5-eth4;ip link del s6-eth4;ip link del s7-eth3;ip link del s5-eth5;ip link del s5-eth5;ip link del s7-eth3;ip link del s7-eth4;ip link del s6-eth5;ip link del s6-eth5;ip link del s7-eth4 ) 2> /dev/null
ip link show
*** Killing stale mininet node processes
pkill -9 -f mininet:
*** Shutting down stale tunnels
pkill -9 -f Tunnel=Ethernet
pkill -9 -f .ssh/mn
rm -f ~/.ssh/mn/*
*** Cleanup complete.
[INFO] Killing old Ryu processes...
[INFO] Killing old iPerf processes...
[INFO] Done.
