*** Removing excess controllers/ofprotocols/ofdatapaths/pings/noxes
killall controller ofprotocol ofdatapath ping nox_corelt-nox_core ovs-openflowd ovs-controllerovs-testcontroller udpbwtest mnexec ivs ryu-manager 2> /dev/null
killall -9 controller ofprotocol ofdatapath ping nox_corelt-nox_core ovs-openflowd ovs-controllerovs-testcontroller udpbwtest mnexec ivs ryu-manager 2> /dev/null
pkill -9 -f "sudo mnexec"
*** Removing junk from /tmp
rm -f /tmp/vconn* /tmp/vlogs* /tmp/*.out /tmp/*.log
*** Removing old X11 tunnels
*** Removing excess kernel datapaths
ps ax | egrep -o 'dp[0-9]+' | sed 's/dp/nl:/'
***  Removing OVS datapaths
ovs-vsctl --timeout=1 list-br
ovs-vsctl --if-exists del-br a1 -- --if-exists del-br a2 -- --if-exists del-br a3 -- --if-exists del-br a4 -- --if-exists del-br a5 -- --if-exists del-br a6 -- --if-exists del-br a7 -- --if-exists del-br a8 -- --if-exists del-br c0 -- --if-exists del-br c1 -- --if-exists del-br c2 -- --if-exists del-br c3 -- --if-exists del-br e1 -- --if-exists del-br e2 -- --if-exists del-br e3 -- --if-exists del-br e4 -- --if-exists del-br e5 -- --if-exists del-br e6 -- --if-exists del-br e7 -- --if-exists del-br e8
ovs-vsctl --timeout=1 list-br
*** Removing all links of the pattern foo-ethX
ip link show | egrep -o '([-_.[:alnum:]]+-eth[[:digit:]]+)'
( ip link del a1-eth1;ip link del c0-eth1;ip link del c0-eth1;ip link del a1-eth1;ip link del a3-eth1;ip link del c0-eth2;ip link del c0-eth2;ip link del a3-eth1;ip link del a5-eth1;ip link del c0-eth3;ip link del c0-eth3;ip link del a5-eth1;ip link del a7-eth1;ip link del c0-eth4;ip link del c0-eth4;ip link del a7-eth1;ip link del a1-eth2;ip link del c1-eth1;ip link del c1-eth1;ip link del a1-eth2;ip link del a3-eth2;ip link del c1-eth2;ip link del c1-eth2;ip link del a3-eth2;ip link del a5-eth2;ip link del c1-eth3;ip link del c1-eth3;ip link del a5-eth2;ip link del a7-eth2;ip link del c1-eth4;ip link del c1-eth4;ip link del a7-eth2;ip link del a2-eth1;ip link del c2-eth1;ip link del c2-eth1;ip link del a2-eth1;ip link del a4-eth1;ip link del c2-eth2;ip link del c2-eth2;ip link del a4-eth1;ip link del a6-eth1;ip link del c2-eth3;ip link del c2-eth3;ip link del a6-eth1;ip link del a8-eth1;ip link del c2-eth4;ip link del c2-eth4;ip link del a8-eth1;ip link del a2-eth2;ip link del c3-eth1;ip link del c3-eth1;ip link del a2-eth2;ip link del a4-eth2;ip link del c3-eth2;ip link del c3-eth2;ip link del a4-eth2;ip link del a6-eth2;ip link del c3-eth3;ip link del c3-eth3;ip link del a6-eth2;ip link del a8-eth2;ip link del c3-eth4;ip link del c3-eth4;ip link del a8-eth2;ip link del e1-eth1;ip link del a1-eth3;ip link del a1-eth3;ip link del e1-eth1;ip link del e2-eth1;ip link del a1-eth4;ip link del a1-eth4;ip link del e2-eth1;ip link del e1-eth2;ip link del a2-eth3;ip link del a2-eth3;ip link del e1-eth2;ip link del e2-eth2;ip link del a2-eth4;ip link del a2-eth4;ip link del e2-eth2;ip link del e3-eth1;ip link del a3-eth3;ip link del a3-eth3;ip link del e3-eth1;ip link del e4-eth1;ip link del a3-eth4;ip link del a3-eth4;ip link del e4-eth1;ip link del e3-eth2;ip link del a4-eth3;ip link del a4-eth3;ip link del e3-eth2;ip link del e4-eth2;ip link del a4-eth4;ip link del a4-eth4;ip link del e4-eth2;ip link del e5-eth1;ip link del a5-eth3;ip link del a5-eth3;ip link del e5-eth1;ip link del e6-eth1;ip link del a5-eth4;ip link del a5-eth4;ip link del e6-eth1;ip link del e5-eth2;ip link del a6-eth3;ip link del a6-eth3;ip link del e5-eth2;ip link del e6-eth2;ip link del a6-eth4;ip link del a6-eth4;ip link del e6-eth2;ip link del e7-eth1;ip link del a7-eth3;ip link del a7-eth3;ip link del e7-eth1;ip link del e8-eth1;ip link del a7-eth4;ip link del a7-eth4;ip link del e8-eth1;ip link del e7-eth2;ip link del a8-eth3;ip link del a8-eth3;ip link del e7-eth2;ip link del e8-eth2;ip link del a8-eth4;ip link del a8-eth4;ip link del e8-eth2;ip link del e1-eth3;ip link del e1-eth4;ip link del e2-eth3;ip link del e2-eth4;ip link del e3-eth3;ip link del e3-eth4;ip link del e4-eth3;ip link del e4-eth4;ip link del e5-eth3;ip link del e5-eth4;ip link del e6-eth3;ip link del e6-eth4;ip link del e7-eth3;ip link del e7-eth4;ip link del e8-eth3;ip link del e8-eth4 ) 2> /dev/null
ip link show
*** Killing stale mininet node processes
pkill -9 -f mininet:
*** Shutting down stale tunnels
pkill -9 -f Tunnel=Ethernet
pkill -9 -f .ssh/mn
rm -f ~/.ssh/mn/*
*** Cleanup complete.
