*** Adding remote Ryu controller
*** Adding core switches (c0–c3)
*** Adding aggregation switches (a1–a8)
*** Adding edge switches (e1–e8)
*** Adding hosts (h1–h16)
*** Adding core–aggregation links
Bandwidth limit 10000 is outside supported range 0..1000 - ignoring
(10000.00Mbit 1ms delay) Bandwidth limit 10000 is outside supported range 0..1000 - ignoring
(10000.00Mbit 1ms delay) Bandwidth limit 10000 is outside supported range 0..1000 - ignoring
(10000.00Mbit 1ms delay) Bandwidth limit 10000 is outside supported range 0..1000 - ignoring
(10000.00Mbit 1ms delay) Bandwidth limit 10000 is outside supported range 0..1000 - ignoring
(10000.00Mbit 1ms delay) Bandwidth limit 10000 is outside supported range 0..1000 - ignoring
(10000.00Mbit 1ms delay) Bandwidth limit 10000 is outside supported range 0..1000 - ignoring
(10000.00Mbit 1ms delay) Bandwidth limit 10000 is outside supported range 0..1000 - ignoring
(10000.00Mbit 1ms delay) Bandwidth limit 10000 is outside supported range 0..1000 - ignoring
(10000.00Mbit 1ms delay) Bandwidth limit 10000 is outside supported range 0..1000 - ignoring
(10000.00Mbit 1ms delay) Bandwidth limit 10000 is outside supported range 0..1000 - ignoring
(10000.00Mbit 1ms delay) Bandwidth limit 10000 is outside supported range 0..1000 - ignoring
(10000.00Mbit 1ms delay) Bandwidth limit 10000 is outside supported range 0..1000 - ignoring
(10000.00Mbit 1ms delay) Bandwidth limit 10000 is outside supported range 0..1000 - ignoring
(10000.00Mbit 1ms delay) Bandwidth limit 10000 is outside supported range 0..1000 - ignoring
(10000.00Mbit 1ms delay) Bandwidth limit 10000 is outside supported range 0..1000 - ignoring
(10000.00Mbit 1ms delay) Bandwidth limit 10000 is outside supported range 0..1000 - ignoring
(10000.00Mbit 1ms delay) Bandwidth limit 10000 is outside supported range 0..1000 - ignoring
(10000.00Mbit 1ms delay) Bandwidth limit 10000 is outside supported range 0..1000 - ignoring
(10000.00Mbit 1ms delay) Bandwidth limit 10000 is outside supported range 0..1000 - ignoring
(10000.00Mbit 1ms delay) Bandwidth limit 10000 is outside supported range 0..1000 - ignoring
(10000.00Mbit 1ms delay) Bandwidth limit 10000 is outside supported range 0..1000 - ignoring
(10000.00Mbit 1ms delay) Bandwidth limit 10000 is outside supported range 0..1000 - ignoring
(10000.00Mbit 1ms delay) Bandwidth limit 10000 is outside supported range 0..1000 - ignoring
(10000.00Mbit 1ms delay) Bandwidth limit 10000 is outside supported range 0..1000 - ignoring
(10000.00Mbit 1ms delay) Bandwidth limit 10000 is outside supported range 0..1000 - ignoring
(10000.00Mbit 1ms delay) Bandwidth limit 10000 is outside supported range 0..1000 - ignoring
(10000.00Mbit 1ms delay) Bandwidth limit 10000 is outside supported range 0..1000 - ignoring
(10000.00Mbit 1ms delay) Bandwidth limit 10000 is outside supported range 0..1000 - ignoring
(10000.00Mbit 1ms delay) Bandwidth limit 10000 is outside supported range 0..1000 - ignoring
(10000.00Mbit 1ms delay) Bandwidth limit 10000 is outside supported range 0..1000 - ignoring
(10000.00Mbit 1ms delay) Bandwidth limit 10000 is outside supported range 0..1000 - ignoring
(10000.00Mbit 1ms delay) *** Adding aggregation–edge links
(1000.00Mbit 1ms delay) *** Error: Warning: sch_htb: quantum of class 50001 is big. Consider r2q change.
(1000.00Mbit 1ms delay) *** Error: Warning: sch_htb: quantum of class 50001 is big. Consider r2q change.
(1000.00Mbit 1ms delay) *** Error: Warning: sch_htb: quantum of class 50001 is big. Consider r2q change.
(1000.00Mbit 1ms delay) *** Error: Warning: sch_htb: quantum of class 50001 is big. Consider r2q change.
(1000.00Mbit 1ms delay) *** Error: Warning: sch_htb: quantum of class 50001 is big. Consider r2q change.
(1000.00Mbit 1ms delay) *** Error: Warning: sch_htb: quantum of class 50001 is big. Consider r2q change.
(1000.00Mbit 1ms delay) *** Error: Warning: sch_htb: quantum of class 50001 is big. Consider r2q change.
(1000.00Mbit 1ms delay) *** Error: Warning: sch_htb: quantum of class 50001 is big. Consider r2q change.
(1000.00Mbit 1ms delay) *** Error: Warning: sch_htb: quantum of class 50001 is big. Consider r2q change.
(1000.00Mbit 1ms delay) *** Error: Warning: sch_htb: quantum of class 50001 is big. Consider r2q change.
(1000.00Mbit 1ms delay) *** Error: Warning: sch_htb: quantum of class 50001 is big. Consider r2q change.
(1000.00Mbit 1ms delay) *** Error: Warning: sch_htb: quantum of class 50001 is big. Consider r2q change.
(1000.00Mbit 1ms delay) *** Error: Warning: sch_htb: quantum of class 50001 is big. Consider r2q change.
(1000.00Mbit 1ms delay) *** Error: Warning: sch_htb: quantum of class 50001 is big. Consider r2q change.
(1000.00Mbit 1ms delay) *** Error: Warning: sch_htb: quantum of class 50001 is big. Consider r2q change.
(1000.00Mbit 1ms delay) *** Error: Warning: sch_htb: quantum of class 50001 is big. Consider r2q change.
(1000.00Mbit 1ms delay) *** Error: Warning: sch_htb: quantum of class 50001 is big. Consider r2q change.
(1000.00Mbit 1ms delay) *** Error: Warning: sch_htb: quantum of class 50001 is big. Consider r2q change.
(1000.00Mbit 1ms delay) *** Error: Warning: sch_htb: quantum of class 50001 is big. Consider r2q change.
(1000.00Mbit 1ms delay) *** Error: Warning: sch_htb: quantum of class 50001 is big. Consider r2q change.
(1000.00Mbit 1ms delay) *** Error: Warning: sch_htb: quantum of class 50001 is big. Consider r2q change.
(1000.00Mbit 1ms delay) *** Error: Warning: sch_htb: quantum of class 50001 is big. Consider r2q change.
(1000.00Mbit 1ms delay) *** Error: Warning: sch_htb: quantum of class 50001 is big. Consider r2q change.
(1000.00Mbit 1ms delay) *** Error: Warning: sch_htb: quantum of class 50001 is big. Consider r2q change.
(1000.00Mbit 1ms delay) *** Error: Warning: sch_htb: quantum of class 50001 is big. Consider r2q change.
(1000.00Mbit 1ms delay) *** Error: Warning: sch_htb: quantum of class 50001 is big. Consider r2q change.
(1000.00Mbit 1ms delay) *** Error: Warning: sch_htb: quantum of class 50001 is big. Consider r2q change.
(1000.00Mbit 1ms delay) *** Error: Warning: sch_htb: quantum of class 50001 is big. Consider r2q change.
(1000.00Mbit 1ms delay) *** Error: Warning: sch_htb: quantum of class 50001 is big. Consider r2q change.
(1000.00Mbit 1ms delay) *** Error: Warning: sch_htb: quantum of class 50001 is big. Consider r2q change.
(1000.00Mbit 1ms delay) *** Error: Warning: sch_htb: quantum of class 50001 is big. Consider r2q change.
(1000.00Mbit 1ms delay) *** Error: Warning: sch_htb: quantum of class 50001 is big. Consider r2q change.
*** Adding edge–host links
(1000.00Mbit 1ms delay) *** Error: Warning: sch_htb: quantum of class 50001 is big. Consider r2q change.
(1000.00Mbit 1ms delay) *** Error: Warning: sch_htb: quantum of class 50001 is big. Consider r2q change.
(1000.00Mbit 1ms delay) *** Error: Warning: sch_htb: quantum of class 50001 is big. Consider r2q change.
(1000.00Mbit 1ms delay) *** Error: Warning: sch_htb: quantum of class 50001 is big. Consider r2q change.
(1000.00Mbit 1ms delay) *** Error: Warning: sch_htb: quantum of class 50001 is big. Consider r2q change.
(1000.00Mbit 1ms delay) *** Error: Warning: sch_htb: quantum of class 50001 is big. Consider r2q change.
(1000.00Mbit 1ms delay) *** Error: Warning: sch_htb: quantum of class 50001 is big. Consider r2q change.
(1000.00Mbit 1ms delay) *** Error: Warning: sch_htb: quantum of class 50001 is big. Consider r2q change.
(1000.00Mbit 1ms delay) *** Error: Warning: sch_htb: quantum of class 50001 is big. Consider r2q change.
(1000.00Mbit 1ms delay) *** Error: Warning: sch_htb: quantum of class 50001 is big. Consider r2q change.
(1000.00Mbit 1ms delay) *** Error: Warning: sch_htb: quantum of class 50001 is big. Consider r2q change.
(1000.00Mbit 1ms delay) *** Error: Warning: sch_htb: quantum of class 50001 is big. Consider r2q change.
(1000.00Mbit 1ms delay) *** Error: Warning: sch_htb: quantum of class 50001 is big. Consider r2q change.
(1000.00Mbit 1ms delay) *** Error: Warning: sch_htb: quantum of class 50001 is big. Consider r2q change.
(1000.00Mbit 1ms delay) *** Error: Warning: sch_htb: quantum of class 50001 is big. Consider r2q change.
(1000.00Mbit 1ms delay) *** Error: Warning: sch_htb: quantum of class 50001 is big. Consider r2q change.
(1000.00Mbit 1ms delay) *** Error: Warning: sch_htb: quantum of class 50001 is big. Consider r2q change.
(1000.00Mbit 1ms delay) *** Error: Warning: sch_htb: quantum of class 50001 is big. Consider r2q change.
(1000.00Mbit 1ms delay) *** Error: Warning: sch_htb: quantum of class 50001 is big. Consider r2q change.
(1000.00Mbit 1ms delay) *** Error: Warning: sch_htb: quantum of class 50001 is big. Consider r2q change.
(1000.00Mbit 1ms delay) *** Error: Warning: sch_htb: quantum of class 50001 is big. Consider r2q change.
(1000.00Mbit 1ms delay) *** Error: Warning: sch_htb: quantum of class 50001 is big. Consider r2q change.
(1000.00Mbit 1ms delay) *** Error: Warning: sch_htb: quantum of class 50001 is big. Consider r2q change.
(1000.00Mbit 1ms delay) *** Error: Warning: sch_htb: quantum of class 50001 is big. Consider r2q change.
(1000.00Mbit 1ms delay) *** Error: Warning: sch_htb: quantum of class 50001 is big. Consider r2q change.
(1000.00Mbit 1ms delay) *** Error: Warning: sch_htb: quantum of class 50001 is big. Consider r2q change.
(1000.00Mbit 1ms delay) *** Error: Warning: sch_htb: quantum of class 50001 is big. Consider r2q change.
(1000.00Mbit 1ms delay) *** Error: Warning: sch_htb: quantum of class 50001 is big. Consider r2q change.
(1000.00Mbit 1ms delay) *** Error: Warning: sch_htb: quantum of class 50001 is big. Consider r2q change.
(1000.00Mbit 1ms delay) *** Error: Warning: sch_htb: quantum of class 50001 is big. Consider r2q change.
(1000.00Mbit 1ms delay) *** Error: Warning: sch_htb: quantum of class 50001 is big. Consider r2q change.
(1000.00Mbit 1ms delay) *** Error: Warning: sch_htb: quantum of class 50001 is big. Consider r2q change.
*** Topology summary
    Name            : Fat-Tree k=4
    Core switches   : 4
    Agg  switches   : 8
    Edge switches   : 8
    Total switches  : 20
    Hosts           : 16
    Total nodes     : 36
    Core–Agg  links : 16
    Agg–Edge  links : 16
    Edge–Host links : 16
    Total links     : 48
    Core–Agg bw     : 10000 Mbps
    Agg–Edge bw     : 1000 Mbps
    Edge–Host bw    : 1000 Mbps
*** Starting network
*** Configuring hosts
h1 h2 h3 h4 h5 h6 h7 h8 h9 h10 h11 h12 h13 h14 h15 h16 
*** Starting controller
ctrl 
*** Starting 20 switches
c0 Bandwidth limit 10000 is outside supported range 0..1000 - ignoring
(10000.00Mbit 1ms delay) Bandwidth limit 10000 is outside supported range 0..1000 - ignoring
(10000.00Mbit 1ms delay) Bandwidth limit 10000 is outside supported range 0..1000 - ignoring
(10000.00Mbit 1ms delay) Bandwidth limit 10000 is outside supported range 0..1000 - ignoring
(10000.00Mbit 1ms delay) c1 Bandwidth limit 10000 is outside supported range 0..1000 - ignoring
(10000.00Mbit 1ms delay) Bandwidth limit 10000 is outside supported range 0..1000 - ignoring
(10000.00Mbit 1ms delay) Bandwidth limit 10000 is outside supported range 0..1000 - ignoring
(10000.00Mbit 1ms delay) Bandwidth limit 10000 is outside supported range 0..1000 - ignoring
(10000.00Mbit 1ms delay) c2 Bandwidth limit 10000 is outside supported range 0..1000 - ignoring
(10000.00Mbit 1ms delay) Bandwidth limit 10000 is outside supported range 0..1000 - ignoring
(10000.00Mbit 1ms delay) Bandwidth limit 10000 is outside supported range 0..1000 - ignoring
(10000.00Mbit 1ms delay) Bandwidth limit 10000 is outside supported range 0..1000 - ignoring
(10000.00Mbit 1ms delay) c3 Bandwidth limit 10000 is outside supported range 0..1000 - ignoring
(10000.00Mbit 1ms delay) Bandwidth limit 10000 is outside supported range 0..1000 - ignoring
(10000.00Mbit 1ms delay) Bandwidth limit 10000 is outside supported range 0..1000 - ignoring
(10000.00Mbit 1ms delay) Bandwidth limit 10000 is outside supported range 0..1000 - ignoring
(10000.00Mbit 1ms delay) a1 Bandwidth limit 10000 is outside supported range 0..1000 - ignoring
(10000.00Mbit 1ms delay) Bandwidth limit 10000 is outside supported range 0..1000 - ignoring
(10000.00Mbit 1ms delay) (1000.00Mbit 1ms delay) *** Error: Warning: sch_htb: quantum of class 50001 is big. Consider r2q change.
(1000.00Mbit 1ms delay) *** Error: Warning: sch_htb: quantum of class 50001 is big. Consider r2q change.
a2 Bandwidth limit 10000 is outside supported range 0..1000 - ignoring
(10000.00Mbit 1ms delay) Bandwidth limit 10000 is outside supported range 0..1000 - ignoring
(10000.00Mbit 1ms delay) (1000.00Mbit 1ms delay) *** Error: Warning: sch_htb: quantum of class 50001 is big. Consider r2q change.
(1000.00Mbit 1ms delay) *** Error: Warning: sch_htb: quantum of class 50001 is big. Consider r2q change.
a3 Bandwidth limit 10000 is outside supported range 0..1000 - ignoring
(10000.00Mbit 1ms delay) Bandwidth limit 10000 is outside supported range 0..1000 - ignoring
(10000.00Mbit 1ms delay) (1000.00Mbit 1ms delay) *** Error: Warning: sch_htb: quantum of class 50001 is big. Consider r2q change.
(1000.00Mbit 1ms delay) *** Error: Warning: sch_htb: quantum of class 50001 is big. Consider r2q change.
a4 Bandwidth limit 10000 is outside supported range 0..1000 - ignoring
(10000.00Mbit 1ms delay) Bandwidth limit 10000 is outside supported range 0..1000 - ignoring
(10000.00Mbit 1ms delay) (1000.00Mbit 1ms delay) *** Error: Warning: sch_htb: quantum of class 50001 is big. Consider r2q change.
(1000.00Mbit 1ms delay) *** Error: Warning: sch_htb: quantum of class 50001 is big. Consider r2q change.
a5 Bandwidth limit 10000 is outside supported range 0..1000 - ignoring
(10000.00Mbit 1ms delay) Bandwidth limit 10000 is outside supported range 0..1000 - ignoring
(10000.00Mbit 1ms delay) (1000.00Mbit 1ms delay) *** Error: Warning: sch_htb: quantum of class 50001 is big. Consider r2q change.
(1000.00Mbit 1ms delay) *** Error: Warning: sch_htb: quantum of class 50001 is big. Consider r2q change.
a6 Bandwidth limit 10000 is outside supported range 0..1000 - ignoring
(10000.00Mbit 1ms delay) Bandwidth limit 10000 is outside supported range 0..1000 - ignoring
(10000.00Mbit 1ms delay) (1000.00Mbit 1ms delay) *** Error: Warning: sch_htb: quantum of class 50001 is big. Consider r2q change.
(1000.00Mbit 1ms delay) *** Error: Warning: sch_htb: quantum of class 50001 is big. Consider r2q change.
a7 Bandwidth limit 10000 is outside supported range 0..1000 - ignoring
(10000.00Mbit 1ms delay) Bandwidth limit 10000 is outside supported range 0..1000 - ignoring
(10000.00Mbit 1ms delay) (1000.00Mbit 1ms delay) *** Error: Warning: sch_htb: quantum of class 50001 is big. Consider r2q change.
(1000.00Mbit 1ms delay) *** Error: Warning: sch_htb: quantum of class 50001 is big. Consider r2q change.
a8 Bandwidth limit 10000 is outside supported range 0..1000 - ignoring
(10000.00Mbit 1ms delay) Bandwidth limit 10000 is outside supported range 0..1000 - ignoring
(10000.00Mbit 1ms delay) (1000.00Mbit 1ms delay) *** Error: Warning: sch_htb: quantum of class 50001 is big. Consider r2q change.
(1000.00Mbit 1ms delay) *** Error: Warning: sch_htb: quantum of class 50001 is big. Consider r2q change.
e1 (1000.00Mbit 1ms delay) *** Error: Warning: sch_htb: quantum of class 50001 is big. Consider r2q change.
(1000.00Mbit 1ms delay) *** Error: Warning: sch_htb: quantum of class 50001 is big. Consider r2q change.
(1000.00Mbit 1ms delay) *** Error: Warning: sch_htb: quantum of class 50001 is big. Consider r2q change.
(1000.00Mbit 1ms delay) *** Error: Warning: sch_htb: quantum of class 50001 is big. Consider r2q change.
e2 (1000.00Mbit 1ms delay) *** Error: Warning: sch_htb: quantum of class 50001 is big. Consider r2q change.
(1000.00Mbit 1ms delay) *** Error: Warning: sch_htb: quantum of class 50001 is big. Consider r2q change.
(1000.00Mbit 1ms delay) *** Error: Warning: sch_htb: quantum of class 50001 is big. Consider r2q change.
(1000.00Mbit 1ms delay) *** Error: Warning: sch_htb: quantum of class 50001 is big. Consider r2q change.
e3 (1000.00Mbit 1ms delay) *** Error: Warning: sch_htb: quantum of class 50001 is big. Consider r2q change.
(1000.00Mbit 1ms delay) *** Error: Warning: sch_htb: quantum of class 50001 is big. Consider r2q change.
(1000.00Mbit 1ms delay) *** Error: Warning: sch_htb: quantum of class 50001 is big. Consider r2q change.
(1000.00Mbit 1ms delay) *** Error: Warning: sch_htb: quantum of class 50001 is big. Consider r2q change.
e4 (1000.00Mbit 1ms delay) *** Error: Warning: sch_htb: quantum of class 50001 is big. Consider r2q change.
(1000.00Mbit 1ms delay) *** Error: Warning: sch_htb: quantum of class 50001 is big. Consider r2q change.
(1000.00Mbit 1ms delay) *** Error: Warning: sch_htb: quantum of class 50001 is big. Consider r2q change.
(1000.00Mbit 1ms delay) *** Error: Warning: sch_htb: quantum of class 50001 is big. Consider r2q change.
e5 (1000.00Mbit 1ms delay) *** Error: Warning: sch_htb: quantum of class 50001 is big. Consider r2q change.
(1000.00Mbit 1ms delay) *** Error: Warning: sch_htb: quantum of class 50001 is big. Consider r2q change.
(1000.00Mbit 1ms delay) *** Error: Warning: sch_htb: quantum of class 50001 is big. Consider r2q change.
(1000.00Mbit 1ms delay) *** Error: Warning: sch_htb: quantum of class 50001 is big. Consider r2q change.
e6 (1000.00Mbit 1ms delay) *** Error: Warning: sch_htb: quantum of class 50001 is big. Consider r2q change.
(1000.00Mbit 1ms delay) *** Error: Warning: sch_htb: quantum of class 50001 is big. Consider r2q change.
(1000.00Mbit 1ms delay) *** Error: Warning: sch_htb: quantum of class 50001 is big. Consider r2q change.
(1000.00Mbit 1ms delay) *** Error: Warning: sch_htb: quantum of class 50001 is big. Consider r2q change.
e7 (1000.00Mbit 1ms delay) *** Error: Warning: sch_htb: quantum of class 50001 is big. Consider r2q change.
(1000.00Mbit 1ms delay) *** Error: Warning: sch_htb: quantum of class 50001 is big. Consider r2q change.
(1000.00Mbit 1ms delay) *** Error: Warning: sch_htb: quantum of class 50001 is big. Consider r2q change.
(1000.00Mbit 1ms delay) *** Error: Warning: sch_htb: quantum of class 50001 is big. Consider r2q change.
e8 (1000.00Mbit 1ms delay) *** Error: Warning: sch_htb: quantum of class 50001 is big. Consider r2q change.
(1000.00Mbit 1ms delay) *** Error: Warning: sch_htb: quantum of class 50001 is big. Consider r2q change.
(1000.00Mbit 1ms delay) *** Error: Warning: sch_htb: quantum of class 50001 is big. Consider r2q change.
(1000.00Mbit 1ms delay) *** Error: Warning: sch_htb: quantum of class 50001 is big. Consider r2q change.
...Bandwidth limit 10000 is outside supported range 0..1000 - ignoring
(10000.00Mbit 1ms delay) Bandwidth limit 10000 is outside supported range 0..1000 - ignoring
(10000.00Mbit 1ms delay) Bandwidth limit 10000 is outside supported range 0..1000 - ignoring
(10000.00Mbit 1ms delay) Bandwidth limit 10000 is outside supported range 0..1000 - ignoring
(10000.00Mbit 1ms delay) Bandwidth limit 10000 is outside supported range 0..1000 - ignoring
(10000.00Mbit 1ms delay) Bandwidth limit 10000 is outside supported range 0..1000 - ignoring
(10000.00Mbit 1ms delay) Bandwidth limit 10000 is outside supported range 0..1000 - ignoring
(10000.00Mbit 1ms delay) Bandwidth limit 10000 is outside supported range 0..1000 - ignoring
(10000.00Mbit 1ms delay) Bandwidth limit 10000 is outside supported range 0..1000 - ignoring
(10000.00Mbit 1ms delay) Bandwidth limit 10000 is outside supported range 0..1000 - ignoring
(10000.00Mbit 1ms delay) Bandwidth limit 10000 is outside supported range 0..1000 - ignoring
(10000.00Mbit 1ms delay) Bandwidth limit 10000 is outside supported range 0..1000 - ignoring
(10000.00Mbit 1ms delay) Bandwidth limit 10000 is outside supported range 0..1000 - ignoring
(10000.00Mbit 1ms delay) Bandwidth limit 10000 is outside supported range 0..1000 - ignoring
(10000.00Mbit 1ms delay) Bandwidth limit 10000 is outside supported range 0..1000 - ignoring
(10000.00Mbit 1ms delay) Bandwidth limit 10000 is outside supported range 0..1000 - ignoring
(10000.00Mbit 1ms delay) Bandwidth limit 10000 is outside supported range 0..1000 - ignoring
(10000.00Mbit 1ms delay) Bandwidth limit 10000 is outside supported range 0..1000 - ignoring
(10000.00Mbit 1ms delay) (1000.00Mbit 1ms delay) *** Error: Warning: sch_htb: quantum of class 50001 is big. Consider r2q change.
(1000.00Mbit 1ms delay) *** Error: Warning: sch_htb: quantum of class 50001 is big. Consider r2q change.
Bandwidth limit 10000 is outside supported range 0..1000 - ignoring
(10000.00Mbit 1ms delay) Bandwidth limit 10000 is outside supported range 0..1000 - ignoring
(10000.00Mbit 1ms delay) (1000.00Mbit 1ms delay) *** Error: Warning: sch_htb: quantum of class 50001 is big. Consider r2q change.
(1000.00Mbit 1ms delay) *** Error: Warning: sch_htb: quantum of class 50001 is big. Consider r2q change.
Bandwidth limit 10000 is outside supported range 0..1000 - ignoring
(10000.00Mbit 1ms delay) Bandwidth limit 10000 is outside supported range 0..1000 - ignoring
(10000.00Mbit 1ms delay) (1000.00Mbit 1ms delay) *** Error: Warning: sch_htb: quantum of class 50001 is big. Consider r2q change.
(1000.00Mbit 1ms delay) *** Error: Warning: sch_htb: quantum of class 50001 is big. Consider r2q change.
Bandwidth limit 10000 is outside supported range 0..1000 - ignoring
(10000.00Mbit 1ms delay) Bandwidth limit 10000 is outside supported range 0..1000 - ignoring
(10000.00Mbit 1ms delay) (1000.00Mbit 1ms delay) *** Error: Warning: sch_htb: quantum of class 50001 is big. Consider r2q change.
(1000.00Mbit 1ms delay) *** Error: Warning: sch_htb: quantum of class 50001 is big. Consider r2q change.
Bandwidth limit 10000 is outside supported range 0..1000 - ignoring
(10000.00Mbit 1ms delay) Bandwidth limit 10000 is outside supported range 0..1000 - ignoring
(10000.00Mbit 1ms delay) (1000.00Mbit 1ms delay) *** Error: Warning: sch_htb: quantum of class 50001 is big. Consider r2q change.
(1000.00Mbit 1ms delay) *** Error: Warning: sch_htb: quantum of class 50001 is big. Consider r2q change.
Bandwidth limit 10000 is outside supported range 0..1000 - ignoring
(10000.00Mbit 1ms delay) Bandwidth limit 10000 is outside supported range 0..1000 - ignoring
(10000.00Mbit 1ms delay) (1000.00Mbit 1ms delay) *** Error: Warning: sch_htb: quantum of class 50001 is big. Consider r2q change.
(1000.00Mbit 1ms delay) *** Error: Warning: sch_htb: quantum of class 50001 is big. Consider r2q change.
Bandwidth limit 10000 is outside supported range 0..1000 - ignoring
(10000.00Mbit 1ms delay) Bandwidth limit 10000 is outside supported range 0..1000 - ignoring
(10000.00Mbit 1ms delay) (1000.00Mbit 1ms delay) *** Error: Warning: sch_htb: quantum of class 50001 is big. Consider r2q change.
(1000.00Mbit 1ms delay) *** Error: Warning: sch_htb: quantum of class 50001 is big. Consider r2q change.
Bandwidth limit 10000 is outside supported range 0..1000 - ignoring
(10000.00Mbit 1ms delay) Bandwidth limit 10000 is outside supported range 0..1000 - ignoring
(10000.00Mbit 1ms delay) (1000.00Mbit 1ms delay) *** Error: Warning: sch_htb: quantum of class 50001 is big. Consider r2q change.
(1000.00Mbit 1ms delay) *** Error: Warning: sch_htb: quantum of class 50001 is big. Consider r2q change.
(1000.00Mbit 1ms delay) *** Error: Warning: sch_htb: quantum of class 50001 is big. Consider r2q change.
(1000.00Mbit 1ms delay) *** Error: Warning: sch_htb: quantum of class 50001 is big. Consider r2q change.
(1000.00Mbit 1ms delay) *** Error: Warning: sch_htb: quantum of class 50001 is big. Consider r2q change.
(1000.00Mbit 1ms delay) *** Error: Warning: sch_htb: quantum of class 50001 is big. Consider r2q change.
(1000.00Mbit 1ms delay) *** Error: Warning: sch_htb: quantum of class 50001 is big. Consider r2q change.
(1000.00Mbit 1ms delay) *** Error: Warning: sch_htb: quantum of class 50001 is big. Consider r2q change.
(1000.00Mbit 1ms delay) *** Error: Warning: sch_htb: quantum of class 50001 is big. Consider r2q change.
(1000.00Mbit 1ms delay) *** Error: Warning: sch_htb: quantum of class 50001 is big. Consider r2q change.
(1000.00Mbit 1ms delay) *** Error: Warning: sch_htb: quantum of class 50001 is big. Consider r2q change.
(1000.00Mbit 1ms delay) *** Error: Warning: sch_htb: quantum of class 50001 is big. Consider r2q change.
(1000.00Mbit 1ms delay) *** Error: Warning: sch_htb: quantum of class 50001 is big. Consider r2q change.
(1000.00Mbit 1ms delay) *** Error: Warning: sch_htb: quantum of class 50001 is big. Consider r2q change.
(1000.00Mbit 1ms delay) *** Error: Warning: sch_htb: quantum of class 50001 is big. Consider r2q change.
(1000.00Mbit 1ms delay) *** Error: Warning: sch_htb: quantum of class 50001 is big. Consider r2q change.
(1000.00Mbit 1ms delay) *** Error: Warning: sch_htb: quantum of class 50001 is big. Consider r2q change.
(1000.00Mbit 1ms delay) *** Error: Warning: sch_htb: quantum of class 50001 is big. Consider r2q change.
(1000.00Mbit 1ms delay) *** Error: Warning: sch_htb: quantum of class 50001 is big. Consider r2q change.
(1000.00Mbit 1ms delay) *** Error: Warning: sch_htb: quantum of class 50001 is big. Consider r2q change.
(1000.00Mbit 1ms delay) *** Error: Warning: sch_htb: quantum of class 50001 is big. Consider r2q change.
(1000.00Mbit 1ms delay) *** Error: Warning: sch_htb: quantum of class 50001 is big. Consider r2q change.
(1000.00Mbit 1ms delay) *** Error: Warning: sch_htb: quantum of class 50001 is big. Consider r2q change.
(1000.00Mbit 1ms delay) *** Error: Warning: sch_htb: quantum of class 50001 is big. Consider r2q change.
(1000.00Mbit 1ms delay) *** Error: Warning: sch_htb: quantum of class 50001 is big. Consider r2q change.
(1000.00Mbit 1ms delay) *** Error: Warning: sch_htb: quantum of class 50001 is big. Consider r2q change.
(1000.00Mbit 1ms delay) *** Error: Warning: sch_htb: quantum of class 50001 is big. Consider r2q change.
(1000.00Mbit 1ms delay) *** Error: Warning: sch_htb: quantum of class 50001 is big. Consider r2q change.
(1000.00Mbit 1ms delay) *** Error: Warning: sch_htb: quantum of class 50001 is big. Consider r2q change.
(1000.00Mbit 1ms delay) *** Error: Warning: sch_htb: quantum of class 50001 is big. Consider r2q change.
(1000.00Mbit 1ms delay) *** Error: Warning: sch_htb: quantum of class 50001 is big. Consider r2q change.
(1000.00Mbit 1ms delay) *** Error: Warning: sch_htb: quantum of class 50001 is big. Consider r2q change.
(1000.00Mbit 1ms delay) *** Error: Warning: sch_htb: quantum of class 50001 is big. Consider r2q change.
(1000.00Mbit 1ms delay) *** Error: Warning: sch_htb: quantum of class 50001 is big. Consider r2q change.

*** Network ready
*** Useful commands: nodes, links, net, pingall
*** Starting CLI:
mininet> [traffic] hosts: h1, h2, h3, h4, h5, h6, h7, h8, h9, h10, h11, h12, h13, h14, h15, h16
[traffic] pairs: [('h1', 'h16'), ('h2', 'h15')]
[traffic] pair_mode: ends flows_per_pair: 1 episodes: 50 seed: 1
[traffic] protocols: tcp, udp
[traffic] duration_s: 10 interval_s: 1
[traffic] concurrent: False
[traffic] writing incremental CSV /home/johndoe/Desktop/sdn-rl-routing/results/experiments/20260516-164947_abilene-imp-staged-50ep-weighted-linear-1000mbps-ping-opt-eps-010/01_staged_controller_abilene_imp/traffic.csv
[traffic] server tcp h16 port=5001
[traffic] server udp h16 port=6001
[traffic] server tcp h15 port=5002
[traffic] server udp h15 port=6002
[traffic] starting episode 1/50
[traffic] client udp h2->h15 port=6002
[traffic] result h2 -> h15 udp jitter_ms= 21.713 loss_pct= 1.1
[traffic] client tcp h1->h16 port=5001
[traffic] result h1 -> h16 tcp throughput_mbps= 944.0
[traffic] client tcp h2->h15 port=5002
[traffic] result h2 -> h15 tcp throughput_mbps= 652.0
[traffic] client udp h1->h16 port=6001
[traffic] result h1 -> h16 udp jitter_ms= 44.311 loss_pct= 1.9
[traffic] starting episode 2/50
[traffic] client udp h1->h16 port=6001
[traffic] result h1 -> h16 udp jitter_ms= 45.338 loss_pct= 0.56
[traffic] client tcp h2->h15 port=5002
[traffic] result h2 -> h15 tcp throughput_mbps= 945.0
[traffic] client tcp h1->h16 port=5001
[traffic] result h1 -> h16 tcp throughput_mbps= 944.0
[traffic] client udp h2->h15 port=6002
[traffic] result h2 -> h15 udp jitter_ms= 31.124 loss_pct= 1.1
[traffic] starting episode 3/50
[traffic] client udp h2->h15 port=6002
[traffic] result h2 -> h15 udp jitter_ms= 43.77 loss_pct= 1.1
[traffic] client udp h1->h16 port=6001
[traffic] result h1 -> h16 udp jitter_ms= 42.538 loss_pct= 0.85
[traffic] client tcp h2->h15 port=5002
[traffic] result h2 -> h15 tcp throughput_mbps= 944.0
[traffic] client tcp h1->h16 port=5001
[traffic] result h1 -> h16 tcp throughput_mbps= 944.0
[traffic] starting episode 4/50
[traffic] client tcp h2->h15 port=5002
[traffic] result h2 -> h15 tcp throughput_mbps= 944.0
[traffic] client udp h2->h15 port=6002
[traffic] result h2 -> h15 udp jitter_ms= 42.724 loss_pct= 0.51
[traffic] client udp h1->h16 port=6001
[traffic] result h1 -> h16 udp jitter_ms= 41.427 loss_pct= 1.0
[traffic] client tcp h1->h16 port=5001
[traffic] result h1 -> h16 tcp throughput_mbps= 944.0
[traffic] starting episode 5/50
[traffic] client udp h1->h16 port=6001
[traffic] result h1 -> h16 udp jitter_ms= 41.301 loss_pct= 1.2
[traffic] client tcp h1->h16 port=5001
[traffic] result h1 -> h16 tcp throughput_mbps= 943.0
[traffic] client tcp h2->h15 port=5002
[traffic] result h2 -> h15 tcp throughput_mbps= 945.0
[traffic] client udp h2->h15 port=6002
[traffic] result h2 -> h15 udp jitter_ms= 43.007 loss_pct= 0.85
[traffic] starting episode 6/50
[traffic] client tcp h2->h15 port=5002
[traffic] result h2 -> h15 tcp throughput_mbps= 947.0
[traffic] client tcp h1->h16 port=5001
[traffic] result h1 -> h16 tcp throughput_mbps= 948.0
[traffic] client udp h1->h16 port=6001
[traffic] result h1 -> h16 udp jitter_ms= 24.939 loss_pct= 0.3
[traffic] client udp h2->h15 port=6002
[traffic] result h2 -> h15 udp jitter_ms= 26.724 loss_pct= 0.25
[traffic] starting episode 7/50
[traffic] client udp h2->h15 port=6002
[traffic] result h2 -> h15 udp jitter_ms= 43.622 loss_pct= 0.6
[traffic] client udp h1->h16 port=6001
[traffic] result h1 -> h16 udp jitter_ms= 43.1 loss_pct= 1.1
[traffic] client tcp h1->h16 port=5001
[traffic] result h1 -> h16 tcp throughput_mbps= 945.0
[traffic] client tcp h2->h15 port=5002
[traffic] result h2 -> h15 tcp throughput_mbps= 945.0
[traffic] starting episode 8/50
[traffic] client tcp h1->h16 port=5001
[traffic] result h1 -> h16 tcp throughput_mbps= 944.0
[traffic] client udp h2->h15 port=6002
[traffic] result h2 -> h15 udp jitter_ms= 41.826 loss_pct= 0.44
[traffic] client tcp h2->h15 port=5002
[traffic] result h2 -> h15 tcp throughput_mbps= 944.0
[traffic] client udp h1->h16 port=6001
[traffic] result h1 -> h16 udp jitter_ms= 43.579 loss_pct= 0.85
[traffic] starting episode 9/50
[traffic] client udp h1->h16 port=6001
[traffic] result h1 -> h16 udp jitter_ms= 44.007 loss_pct= 0.98
[traffic] client tcp h1->h16 port=5001
[traffic] result h1 -> h16 tcp throughput_mbps= 945.0
[traffic] client tcp h2->h15 port=5002
[traffic] result h2 -> h15 tcp throughput_mbps= 944.0
[traffic] client udp h2->h15 port=6002
[traffic] result h2 -> h15 udp jitter_ms= 42.693 loss_pct= 1.1
[traffic] starting episode 10/50
[traffic] client udp h1->h16 port=6001
[traffic] result h1 -> h16 udp jitter_ms= 43.131 loss_pct= 0.44
[traffic] client tcp h1->h16 port=5001
[traffic] result h1 -> h16 tcp throughput_mbps= 944.0
[traffic] client tcp h2->h15 port=5002
[traffic] result h2 -> h15 tcp throughput_mbps= 943.0
[traffic] client udp h2->h15 port=6002
[traffic] result h2 -> h15 udp jitter_ms= 42.097 loss_pct= 1.2
[traffic] starting episode 11/50
[traffic] client tcp h1->h16 port=5001
[traffic] result h1 -> h16 tcp throughput_mbps= 944.0
[traffic] client tcp h2->h15 port=5002
[traffic] result h2 -> h15 tcp throughput_mbps= 943.0
[traffic] client udp h2->h15 port=6002
[traffic] result h2 -> h15 udp jitter_ms= 43.583 loss_pct= 1.4
[traffic] client udp h1->h16 port=6001
[traffic] result h1 -> h16 udp jitter_ms= 43.218 loss_pct= 0.42
[traffic] starting episode 12/50
[traffic] client tcp h1->h16 port=5001
[traffic] result h1 -> h16 tcp throughput_mbps= 943.0
[traffic] client udp h2->h15 port=6002
[traffic] result h2 -> h15 udp jitter_ms= 42.239 loss_pct= 1.2
[traffic] client tcp h2->h15 port=5002
[traffic] result h2 -> h15 tcp throughput_mbps= 944.0
[traffic] client udp h1->h16 port=6001
[traffic] result h1 -> h16 udp jitter_ms= 44.882 loss_pct= 0.77
[traffic] starting episode 13/50
[traffic] client tcp h1->h16 port=5001
[traffic] result h1 -> h16 tcp throughput_mbps= 944.0
[traffic] client udp h1->h16 port=6001
[traffic] result h1 -> h16 udp jitter_ms= 29.07 loss_pct= 0.76
[traffic] client udp h2->h15 port=6002
[traffic] result h2 -> h15 udp jitter_ms= 43.16 loss_pct= 0.92
[traffic] client tcp h2->h15 port=5002
[traffic] result h2 -> h15 tcp throughput_mbps= 944.0
[traffic] starting episode 14/50
[traffic] client udp h1->h16 port=6001
[traffic] result h1 -> h16 udp jitter_ms= 43.862 loss_pct= 0.83
[traffic] client tcp h2->h15 port=5002
[traffic] result h2 -> h15 tcp throughput_mbps= 944.0
[traffic] client udp h2->h15 port=6002
[traffic] result h2 -> h15 udp jitter_ms= 29.611 loss_pct= 1.1
[traffic] client tcp h1->h16 port=5001
[traffic] result h1 -> h16 tcp throughput_mbps= 944.0
[traffic] starting episode 15/50
[traffic] client tcp h1->h16 port=5001
[traffic] result h1 -> h16 tcp throughput_mbps= 944.0
[traffic] client udp h2->h15 port=6002
[traffic] result h2 -> h15 udp jitter_ms= 43.603 loss_pct= 0.61
[traffic] client udp h1->h16 port=6001
[traffic] result h1 -> h16 udp jitter_ms= 39.141 loss_pct= 0.65
[traffic] client tcp h2->h15 port=5002
[traffic] result h2 -> h15 tcp throughput_mbps= 943.0
[traffic] starting episode 16/50
[traffic] client udp h1->h16 port=6001
[traffic] result h1 -> h16 udp jitter_ms= 44.814 loss_pct= 0.9
[traffic] client tcp h1->h16 port=5001
[traffic] result h1 -> h16 tcp throughput_mbps= 944.0
[traffic] client tcp h2->h15 port=5002
[traffic] result h2 -> h15 tcp throughput_mbps= 943.0
[traffic] client udp h2->h15 port=6002
[traffic] result h2 -> h15 udp jitter_ms= 45.432 loss_pct= 0.77
[traffic] starting episode 17/50
[traffic] client udp h2->h15 port=6002
[traffic] result h2 -> h15 udp jitter_ms= 44.586 loss_pct= 0.77
[traffic] client tcp h2->h15 port=5002
[traffic] result h2 -> h15 tcp throughput_mbps= 943.0
[traffic] client udp h1->h16 port=6001
[traffic] result h1 -> h16 udp jitter_ms= 0.0 loss_pct= 0.0
[traffic] client tcp h1->h16 port=5001
[traffic] result h1 -> h16 tcp throughput_mbps= 944.0
[traffic] starting episode 18/50
[traffic] client tcp h1->h16 port=5001
[traffic] result h1 -> h16 tcp throughput_mbps= 947.0
[traffic] client tcp h2->h15 port=5002
[traffic] result h2 -> h15 tcp throughput_mbps= 944.0
[traffic] client udp h1->h16 port=6001
[traffic] result h1 -> h16 udp jitter_ms= 48.049 loss_pct= 0.43
[traffic] client udp h2->h15 port=6002
[traffic] result h2 -> h15 udp jitter_ms= 39.19 loss_pct= 0.48
[traffic] starting episode 19/50
[traffic] client udp h2->h15 port=6002
[traffic] result h2 -> h15 udp jitter_ms= 49.027 loss_pct= 1.3
[traffic] client tcp h1->h16 port=5001
[traffic] result h1 -> h16 tcp throughput_mbps= 944.0
[traffic] client udp h1->h16 port=6001
[traffic] result h1 -> h16 udp jitter_ms= 35.474 loss_pct= 3.7
[traffic] client tcp h2->h15 port=5002
[traffic] result h2 -> h15 tcp throughput_mbps= 947.0
[traffic] starting episode 20/50
[traffic] client tcp h2->h15 port=5002
[traffic] result h2 -> h15 tcp throughput_mbps= 945.0
[traffic] client udp h2->h15 port=6002
[traffic] result h2 -> h15 udp jitter_ms= 41.75 loss_pct= 0.58
[traffic] client tcp h1->h16 port=5001
[traffic] result h1 -> h16 tcp throughput_mbps= 944.0
[traffic] client udp h1->h16 port=6001
[traffic] result h1 -> h16 udp jitter_ms= 41.37 loss_pct= 0.89
[traffic] starting episode 21/50
[traffic] client tcp h2->h15 port=5002
[traffic] result h2 -> h15 tcp throughput_mbps= 944.0
[traffic] client udp h2->h15 port=6002
[traffic] result h2 -> h15 udp jitter_ms= 41.064 loss_pct= 0.24
[traffic] client udp h1->h16 port=6001
[traffic] result h1 -> h16 udp jitter_ms= 42.805 loss_pct= 0.9
[traffic] client tcp h1->h16 port=5001
[traffic] result h1 -> h16 tcp throughput_mbps= 943.0
[traffic] starting episode 22/50
[traffic] client tcp h1->h16 port=5001
[traffic] result h1 -> h16 tcp throughput_mbps= 943.0
[traffic] client tcp h2->h15 port=5002
[traffic] result h2 -> h15 tcp throughput_mbps= 905.0
[traffic] client udp h2->h15 port=6002
[traffic] result h2 -> h15 udp jitter_ms= 35.522 loss_pct= 0.45
[traffic] client udp h1->h16 port=6001
[traffic] result h1 -> h16 udp jitter_ms= 39.893 loss_pct= 0.52
[traffic] starting episode 23/50
[traffic] client tcp h1->h16 port=5001
[traffic] result h1 -> h16 tcp throughput_mbps= 942.0
[traffic] client udp h2->h15 port=6002
[traffic] result h2 -> h15 udp jitter_ms= 36.083 loss_pct= 1.1
[traffic] client tcp h2->h15 port=5002
[traffic] result h2 -> h15 tcp throughput_mbps= 945.0
[traffic] client udp h1->h16 port=6001
[traffic] result h1 -> h16 udp jitter_ms= 32.712 loss_pct= 2.1
[traffic] starting episode 24/50
[traffic] client tcp h2->h15 port=5002
[traffic] result h2 -> h15 tcp throughput_mbps= 943.0
[traffic] client tcp h1->h16 port=5001
[traffic] result h1 -> h16 tcp throughput_mbps= 942.0
[traffic] client udp h1->h16 port=6001
[traffic] result h1 -> h16 udp jitter_ms= 34.455 loss_pct= 4.9
[traffic] client udp h2->h15 port=6002
[traffic] result h2 -> h15 udp jitter_ms= 34.757 loss_pct= 3.5
[traffic] starting episode 25/50
[traffic] client tcp h2->h15 port=5002
[traffic] result h2 -> h15 tcp throughput_mbps= 940.0
[traffic] client tcp h1->h16 port=5001
[traffic] result h1 -> h16 tcp throughput_mbps= 938.0
[traffic] client udp h2->h15 port=6002
[traffic] result h2 -> h15 udp jitter_ms= 33.375 loss_pct= 8.4
[traffic] client udp h1->h16 port=6001
[traffic] result h1 -> h16 udp jitter_ms= 28.543 loss_pct= 6.5
[traffic] starting episode 26/50
[traffic] client udp h1->h16 port=6001
[traffic] result h1 -> h16 udp jitter_ms= 34.248 loss_pct= 5.0
[traffic] client tcp h2->h15 port=5002
[traffic] result h2 -> h15 tcp throughput_mbps= 940.0
[traffic] client tcp h1->h16 port=5001
[traffic] result h1 -> h16 tcp throughput_mbps= 939.0
[traffic] client udp h2->h15 port=6002
[traffic] result h2 -> h15 udp jitter_ms= 30.305 loss_pct= 5.4
[traffic] starting episode 27/50
[traffic] client tcp h1->h16 port=5001
[traffic] result h1 -> h16 tcp throughput_mbps= 941.0
[traffic] client tcp h2->h15 port=5002
[traffic] result h2 -> h15 tcp throughput_mbps= 943.0
[traffic] client udp h2->h15 port=6002
[traffic] result h2 -> h15 udp jitter_ms= 30.15 loss_pct= 6.6
[traffic] client udp h1->h16 port=6001
[traffic] result h1 -> h16 udp jitter_ms= 30.997 loss_pct= 8.2
[traffic] starting episode 28/50
[traffic] client udp h1->h16 port=6001
[traffic] result h1 -> h16 udp jitter_ms= 50.601 loss_pct= 93.0
[traffic] client tcp h2->h15 port=5002
[traffic] result h2 -> h15 tcp throughput_mbps= 938.0
[traffic] client tcp h1->h16 port=5001
[traffic] result h1 -> h16 tcp throughput_mbps= 935.0
[traffic] client udp h2->h15 port=6002
[traffic] result h2 -> h15 udp jitter_ms= 30.427 loss_pct= 10.0
[traffic] starting episode 29/50
[traffic] client tcp h2->h15 port=5002
[traffic] result h2 -> h15 tcp throughput_mbps= 939.0
[traffic] client udp h1->h16 port=6001
[traffic] result h1 -> h16 udp jitter_ms= 31.552 loss_pct= 11.0
[traffic] client tcp h1->h16 port=5001
[traffic] result h1 -> h16 tcp throughput_mbps= 944.0
[traffic] client udp h2->h15 port=6002
[traffic] result h2 -> h15 udp jitter_ms= 27.187 loss_pct= 9.8
[traffic] starting episode 30/50
[traffic] client tcp h2->h15 port=5002
[traffic] result h2 -> h15 tcp throughput_mbps= 943.0
[traffic] client udp h1->h16 port=6001
[traffic] result h1 -> h16 udp jitter_ms= 29.64 loss_pct= 7.3
[traffic] client udp h2->h15 port=6002
[traffic] result h2 -> h15 udp jitter_ms= 27.185 loss_pct= 14.0
[traffic] client tcp h1->h16 port=5001
[traffic] result h1 -> h16 tcp throughput_mbps= 935.0
[traffic] starting episode 31/50
[traffic] client udp h1->h16 port=6001
[traffic] result h1 -> h16 udp jitter_ms= 32.736 loss_pct= 9.9
[traffic] client udp h2->h15 port=6002
[traffic] result h2 -> h15 udp jitter_ms= 30.42 loss_pct= 7.2
[traffic] client tcp h1->h16 port=5001
[traffic] result h1 -> h16 tcp throughput_mbps= 938.0
[traffic] client tcp h2->h15 port=5002
[traffic] result h2 -> h15 tcp throughput_mbps= 939.0
[traffic] starting episode 32/50
[traffic] client tcp h1->h16 port=5001
[traffic] result h1 -> h16 tcp throughput_mbps= 937.0
[traffic] client udp h2->h15 port=6002
[traffic] result h2 -> h15 udp jitter_ms= 30.927 loss_pct= 13.0
[traffic] client tcp h2->h15 port=5002
[traffic] result h2 -> h15 tcp throughput_mbps= 933.0
[traffic] client udp h1->h16 port=6001
[traffic] result h1 -> h16 udp jitter_ms= 27.701 loss_pct= 11.0
[traffic] starting episode 33/50
[traffic] client tcp h2->h15 port=5002
[traffic] result h2 -> h15 tcp throughput_mbps= 937.0
[traffic] client udp h2->h15 port=6002
[traffic] result h2 -> h15 udp jitter_ms= 30.581 loss_pct= 10.0
[traffic] client udp h1->h16 port=6001
[traffic] result h1 -> h16 udp jitter_ms= 29.101 loss_pct= 9.0
[traffic] client tcp h1->h16 port=5001
[traffic] result h1 -> h16 tcp throughput_mbps= 944.0
[traffic] starting episode 34/50
[traffic] client udp h1->h16 port=6001
[traffic] result h1 -> h16 udp jitter_ms= 42.69 loss_pct= 0.5
[traffic] client tcp h1->h16 port=5001
[traffic] result h1 -> h16 tcp throughput_mbps= 943.0
[traffic] client tcp h2->h15 port=5002
[traffic] result h2 -> h15 tcp throughput_mbps= 943.0
[traffic] client udp h2->h15 port=6002
[traffic] result h2 -> h15 udp jitter_ms= 39.777 loss_pct= 0.43
[traffic] starting episode 35/50
[traffic] client tcp h2->h15 port=5002
[traffic] result h2 -> h15 tcp throughput_mbps= 943.0
[traffic] client udp h1->h16 port=6001
[traffic] result h1 -> h16 udp jitter_ms= 38.149 loss_pct= 0.8
[traffic] client tcp h1->h16 port=5001
[traffic] result h1 -> h16 tcp throughput_mbps= 859.0
[traffic] client udp h2->h15 port=6002
[traffic] result h2 -> h15 udp jitter_ms= 42.93 loss_pct= 0.7
[traffic] starting episode 36/50
[traffic] client tcp h2->h15 port=5002
[traffic] result h2 -> h15 tcp throughput_mbps= 944.0
[traffic] client udp h2->h15 port=6002
[traffic] result h2 -> h15 udp jitter_ms= 13.815 loss_pct= 1.0
[traffic] client tcp h1->h16 port=5001
[traffic] result h1 -> h16 tcp throughput_mbps= 944.0
[traffic] client udp h1->h16 port=6001
[traffic] result h1 -> h16 udp jitter_ms= 42.819 loss_pct= 1.2
[traffic] starting episode 37/50
[traffic] client tcp h2->h15 port=5002
[traffic] result h2 -> h15 tcp throughput_mbps= 944.0
[traffic] client udp h1->h16 port=6001
[traffic] result h1 -> h16 udp jitter_ms= 39.086 loss_pct= 0.61
[traffic] client tcp h1->h16 port=5001
[traffic] result h1 -> h16 tcp throughput_mbps= 943.0
[traffic] client udp h2->h15 port=6002
[traffic] result h2 -> h15 udp jitter_ms= 42.476 loss_pct= 0.69
[traffic] starting episode 38/50
[traffic] client tcp h1->h16 port=5001
[traffic] result h1 -> h16 tcp throughput_mbps= 943.0
[traffic] client udp h1->h16 port=6001
[traffic] result h1 -> h16 udp jitter_ms= 35.567 loss_pct= 1.5
[traffic] client udp h2->h15 port=6002
[traffic] result h2 -> h15 udp jitter_ms= 38.31 loss_pct= 0.31
[traffic] client tcp h2->h15 port=5002
[traffic] result h2 -> h15 tcp throughput_mbps= 944.0
[traffic] starting episode 39/50
[traffic] client udp h1->h16 port=6001
[traffic] result h1 -> h16 udp jitter_ms= 39.861 loss_pct= 0.57
[traffic] client tcp h2->h15 port=5002
[traffic] result h2 -> h15 tcp throughput_mbps= 944.0
[traffic] client udp h2->h15 port=6002
[traffic] result h2 -> h15 udp jitter_ms= 43.605 loss_pct= 0.7
[traffic] client tcp h1->h16 port=5001
[traffic] result h1 -> h16 tcp throughput_mbps= 943.0
[traffic] starting episode 40/50
[traffic] client tcp h1->h16 port=5001
[traffic] result h1 -> h16 tcp throughput_mbps= 944.0
[traffic] client udp h1->h16 port=6001
[traffic] result h1 -> h16 udp jitter_ms= 38.291 loss_pct= 0.49
[traffic] client udp h2->h15 port=6002
[traffic] result h2 -> h15 udp jitter_ms= 40.453 loss_pct= 0.54
[traffic] client tcp h2->h15 port=5002
[traffic] result h2 -> h15 tcp throughput_mbps= 944.0
[traffic] starting episode 41/50
[traffic] client udp h1->h16 port=6001
[traffic] result h1 -> h16 udp jitter_ms= 36.232 loss_pct= 0.46
[traffic] client tcp h2->h15 port=5002
[traffic] result h2 -> h15 tcp throughput_mbps= 943.0
[traffic] client tcp h1->h16 port=5001
[traffic] result h1 -> h16 tcp throughput_mbps= 943.0
[traffic] client udp h2->h15 port=6002
[traffic] result h2 -> h15 udp jitter_ms= 43.905 loss_pct= 0.55
[traffic] starting episode 42/50
[traffic] client tcp h2->h15 port=5002
[traffic] result h2 -> h15 tcp throughput_mbps= 944.0
[traffic] client udp h2->h15 port=6002
[traffic] result h2 -> h15 udp jitter_ms= 40.276 loss_pct= 0.8
[traffic] client tcp h1->h16 port=5001
[traffic] result h1 -> h16 tcp throughput_mbps= 944.0
[traffic] client udp h1->h16 port=6001
[traffic] result h1 -> h16 udp jitter_ms= 37.946 loss_pct= 0.67
[traffic] starting episode 43/50
[traffic] client udp h1->h16 port=6001
[traffic] result h1 -> h16 udp jitter_ms= 40.927 loss_pct= 0.96
[traffic] client udp h2->h15 port=6002
[traffic] result h2 -> h15 udp jitter_ms= 40.335 loss_pct= 0.84
[traffic] client tcp h2->h15 port=5002
[traffic] result h2 -> h15 tcp throughput_mbps= 944.0
[traffic] client tcp h1->h16 port=5001
[traffic] result h1 -> h16 tcp throughput_mbps= 944.0
[traffic] starting episode 44/50
[traffic] client udp h1->h16 port=6001
[traffic] result h1 -> h16 udp jitter_ms= 40.283 loss_pct= 0.81
[traffic] client tcp h1->h16 port=5001
[traffic] result h1 -> h16 tcp throughput_mbps= 944.0
[traffic] client udp h2->h15 port=6002
[traffic] result h2 -> h15 udp jitter_ms= 38.505 loss_pct= 1.4
[traffic] client tcp h2->h15 port=5002
[traffic] result h2 -> h15 tcp throughput_mbps= 944.0
[traffic] starting episode 45/50
[traffic] client udp h1->h16 port=6001
[traffic] result h1 -> h16 udp jitter_ms= 38.212 loss_pct= 1.6
[traffic] client udp h2->h15 port=6002
[traffic] result h2 -> h15 udp jitter_ms= 44.521 loss_pct= 35.0
[traffic] client tcp h1->h16 port=5001
[traffic] result h1 -> h16 tcp throughput_mbps= 944.0
[traffic] client tcp h2->h15 port=5002
[traffic] result h2 -> h15 tcp throughput_mbps= 943.0
[traffic] starting episode 46/50
[traffic] client udp h1->h16 port=6001
[traffic] result h1 -> h16 udp jitter_ms= 36.663 loss_pct= 0.56
[traffic] client tcp h2->h15 port=5002
[traffic] result h2 -> h15 tcp throughput_mbps= 944.0
[traffic] client udp h2->h15 port=6002
[traffic] result h2 -> h15 udp jitter_ms= 37.843 loss_pct= 0.42
[traffic] client tcp h1->h16 port=5001
[traffic] result h1 -> h16 tcp throughput_mbps= 945.0
[traffic] starting episode 47/50
[traffic] client udp h1->h16 port=6001
[traffic] result h1 -> h16 udp jitter_ms= 39.062 loss_pct= 1.3
[traffic] client tcp h2->h15 port=5002
[traffic] result h2 -> h15 tcp throughput_mbps= 943.0
[traffic] client tcp h1->h16 port=5001
[traffic] result h1 -> h16 tcp throughput_mbps= 943.0
[traffic] client udp h2->h15 port=6002
[traffic] result h2 -> h15 udp jitter_ms= 38.242 loss_pct= 0.38
[traffic] starting episode 48/50
[traffic] client tcp h1->h16 port=5001
[traffic] result h1 -> h16 tcp throughput_mbps= 944.0
[traffic] client udp h1->h16 port=6001
[traffic] result h1 -> h16 udp jitter_ms= 0.0 loss_pct= 0.0
[traffic] client tcp h2->h15 port=5002
[traffic] result h2 -> h15 tcp throughput_mbps= 943.0
[traffic] client udp h2->h15 port=6002
[traffic] result h2 -> h15 udp jitter_ms= 37.509 loss_pct= 0.93
[traffic] starting episode 49/50
[traffic] client tcp h1->h16 port=5001
[traffic] result h1 -> h16 tcp throughput_mbps= 944.0
[traffic] client udp h2->h15 port=6002
[traffic] result h2 -> h15 udp jitter_ms= 37.16 loss_pct= 1.5
[traffic] client tcp h2->h15 port=5002
[traffic] result h2 -> h15 tcp throughput_mbps= 944.0
[traffic] client udp h1->h16 port=6001
[traffic] result h1 -> h16 udp jitter_ms= 34.579 loss_pct= 2.7
[traffic] starting episode 50/50
[traffic] client tcp h1->h16 port=5001
[traffic] result h1 -> h16 tcp throughput_mbps= 945.0
[traffic] client udp h1->h16 port=6001
[traffic] result h1 -> h16 udp jitter_ms= 34.773 loss_pct= 2.3
[traffic] client udp h2->h15 port=6002
[traffic] result h2 -> h15 udp jitter_ms= 32.25 loss_pct= 8.3
[traffic] client tcp h2->h15 port=5002
[traffic] result h2 -> h15 tcp throughput_mbps= 943.0
[traffic] wrote /home/johndoe/Desktop/sdn-rl-routing/results/experiments/20260516-164947_abilene-imp-staged-50ep-weighted-linear-1000mbps-ping-opt-eps-010/01_staged_controller_abilene_imp/traffic.csv
[traffic] wrote completion marker /home/johndoe/Desktop/sdn-rl-routing/results/experiments/20260516-164947_abilene-imp-staged-50ep-weighted-linear-1000mbps-ping-opt-eps-010/01_staged_controller_abilene_imp/traffic.csv.done
mininet> *** Stopping network
*** Stopping 1 controllers
ctrl 
*** Stopping 48 links
................................................
*** Stopping 20 switches
c0 c1 c2 c3 a1 a2 a3 a4 a5 a6 a7 a8 e1 e2 e3 e4 e5 e6 e7 e8 
*** Stopping 16 hosts
h1 h2 h3 h4 h5 h6 h7 h8 h9 h10 h11 h12 h13 h14 h15 h16 
*** Done
