*** Adding remote Ryu controller
*** Adding Fat Tree switches
*** Adding hosts
*** Adding host-edge links
(100.00Mbit 1ms delay) *** Error: Warning: sch_htb: quantum of class 50001 is big. Consider r2q change.
(100.00Mbit 1ms delay) *** Error: Warning: sch_htb: quantum of class 50001 is big. Consider r2q change.
(100.00Mbit 1ms delay) *** Error: Warning: sch_htb: quantum of class 50001 is big. Consider r2q change.
(100.00Mbit 1ms delay) *** Error: Warning: sch_htb: quantum of class 50001 is big. Consider r2q change.
(100.00Mbit 1ms delay) *** Error: Warning: sch_htb: quantum of class 50001 is big. Consider r2q change.
(100.00Mbit 1ms delay) *** Error: Warning: sch_htb: quantum of class 50001 is big. Consider r2q change.
(100.00Mbit 1ms delay) *** Error: Warning: sch_htb: quantum of class 50001 is big. Consider r2q change.
(100.00Mbit 1ms delay) *** Error: Warning: sch_htb: quantum of class 50001 is big. Consider r2q change.
(100.00Mbit 1ms delay) *** Error: Warning: sch_htb: quantum of class 50001 is big. Consider r2q change.
(100.00Mbit 1ms delay) *** Error: Warning: sch_htb: quantum of class 50001 is big. Consider r2q change.
(100.00Mbit 1ms delay) *** Error: Warning: sch_htb: quantum of class 50001 is big. Consider r2q change.
(100.00Mbit 1ms delay) *** Error: Warning: sch_htb: quantum of class 50001 is big. Consider r2q change.
(100.00Mbit 1ms delay) *** Error: Warning: sch_htb: quantum of class 50001 is big. Consider r2q change.
(100.00Mbit 1ms delay) *** Error: Warning: sch_htb: quantum of class 50001 is big. Consider r2q change.
(100.00Mbit 1ms delay) *** Error: Warning: sch_htb: quantum of class 50001 is big. Consider r2q change.
(100.00Mbit 1ms delay) *** Error: Warning: sch_htb: quantum of class 50001 is big. Consider r2q change.
(100.00Mbit 1ms delay) *** Error: Warning: sch_htb: quantum of class 50001 is big. Consider r2q change.
(100.00Mbit 1ms delay) *** Error: Warning: sch_htb: quantum of class 50001 is big. Consider r2q change.
(100.00Mbit 1ms delay) *** Error: Warning: sch_htb: quantum of class 50001 is big. Consider r2q change.
(100.00Mbit 1ms delay) *** Error: Warning: sch_htb: quantum of class 50001 is big. Consider r2q change.
(100.00Mbit 1ms delay) *** Error: Warning: sch_htb: quantum of class 50001 is big. Consider r2q change.
(100.00Mbit 1ms delay) *** Error: Warning: sch_htb: quantum of class 50001 is big. Consider r2q change.
(100.00Mbit 1ms delay) *** Error: Warning: sch_htb: quantum of class 50001 is big. Consider r2q change.
(100.00Mbit 1ms delay) *** Error: Warning: sch_htb: quantum of class 50001 is big. Consider r2q change.
*** Adding Fat Tree switch links
(1000.00Mbit 2ms delay) *** Error: Warning: sch_htb: quantum of class 50001 is big. Consider r2q change.
(1000.00Mbit 2ms delay) *** Error: Warning: sch_htb: quantum of class 50001 is big. Consider r2q change.
(1000.00Mbit 2ms delay) *** Error: Warning: sch_htb: quantum of class 50001 is big. Consider r2q change.
(1000.00Mbit 2ms delay) *** Error: Warning: sch_htb: quantum of class 50001 is big. Consider r2q change.
(1000.00Mbit 2ms delay) *** Error: Warning: sch_htb: quantum of class 50001 is big. Consider r2q change.
(1000.00Mbit 2ms delay) *** Error: Warning: sch_htb: quantum of class 50001 is big. Consider r2q change.
(1000.00Mbit 2ms delay) *** Error: Warning: sch_htb: quantum of class 50001 is big. Consider r2q change.
(1000.00Mbit 2ms delay) *** Error: Warning: sch_htb: quantum of class 50001 is big. Consider r2q change.
(1000.00Mbit 2ms delay) *** Error: Warning: sch_htb: quantum of class 50001 is big. Consider r2q change.
(1000.00Mbit 2ms delay) *** Error: Warning: sch_htb: quantum of class 50001 is big. Consider r2q change.
(1000.00Mbit 2ms delay) *** Error: Warning: sch_htb: quantum of class 50001 is big. Consider r2q change.
(1000.00Mbit 2ms delay) *** Error: Warning: sch_htb: quantum of class 50001 is big. Consider r2q change.
(1000.00Mbit 2ms delay) *** Error: Warning: sch_htb: quantum of class 50001 is big. Consider r2q change.
(1000.00Mbit 2ms delay) *** Error: Warning: sch_htb: quantum of class 50001 is big. Consider r2q change.
(1000.00Mbit 2ms delay) *** Error: Warning: sch_htb: quantum of class 50001 is big. Consider r2q change.
(1000.00Mbit 2ms delay) *** Error: Warning: sch_htb: quantum of class 50001 is big. Consider r2q change.
(1000.00Mbit 2ms delay) *** Error: Warning: sch_htb: quantum of class 50001 is big. Consider r2q change.
(1000.00Mbit 2ms delay) *** Error: Warning: sch_htb: quantum of class 50001 is big. Consider r2q change.
(1000.00Mbit 2ms delay) *** Error: Warning: sch_htb: quantum of class 50001 is big. Consider r2q change.
(1000.00Mbit 2ms delay) *** Error: Warning: sch_htb: quantum of class 50001 is big. Consider r2q change.
(1000.00Mbit 2ms delay) *** Error: Warning: sch_htb: quantum of class 50001 is big. Consider r2q change.
(1000.00Mbit 2ms delay) *** Error: Warning: sch_htb: quantum of class 50001 is big. Consider r2q change.
(1000.00Mbit 2ms delay) *** Error: Warning: sch_htb: quantum of class 50001 is big. Consider r2q change.
(1000.00Mbit 2ms delay) *** Error: Warning: sch_htb: quantum of class 50001 is big. Consider r2q change.
(1000.00Mbit 2ms delay) *** Error: Warning: sch_htb: quantum of class 50001 is big. Consider r2q change.
(1000.00Mbit 2ms delay) *** Error: Warning: sch_htb: quantum of class 50001 is big. Consider r2q change.
(1000.00Mbit 2ms delay) *** Error: Warning: sch_htb: quantum of class 50001 is big. Consider r2q change.
(1000.00Mbit 2ms delay) *** Error: Warning: sch_htb: quantum of class 50001 is big. Consider r2q change.
(1000.00Mbit 2ms delay) *** Error: Warning: sch_htb: quantum of class 50001 is big. Consider r2q change.
(1000.00Mbit 2ms delay) *** Error: Warning: sch_htb: quantum of class 50001 is big. Consider r2q change.
(1000.00Mbit 2ms delay) *** Error: Warning: sch_htb: quantum of class 50001 is big. Consider r2q change.
(1000.00Mbit 2ms delay) *** Error: Warning: sch_htb: quantum of class 50001 is big. Consider r2q change.
(1000.00Mbit 2ms delay) *** Error: Warning: sch_htb: quantum of class 50001 is big. Consider r2q change.
(1000.00Mbit 2ms delay) *** Error: Warning: sch_htb: quantum of class 50001 is big. Consider r2q change.
(1000.00Mbit 2ms delay) *** Error: Warning: sch_htb: quantum of class 50001 is big. Consider r2q change.
(1000.00Mbit 2ms delay) *** Error: Warning: sch_htb: quantum of class 50001 is big. Consider r2q change.
(1000.00Mbit 2ms delay) *** Error: Warning: sch_htb: quantum of class 50001 is big. Consider r2q change.
(1000.00Mbit 2ms delay) *** Error: Warning: sch_htb: quantum of class 50001 is big. Consider r2q change.
(1000.00Mbit 2ms delay) *** Error: Warning: sch_htb: quantum of class 50001 is big. Consider r2q change.
(1000.00Mbit 2ms delay) *** Error: Warning: sch_htb: quantum of class 50001 is big. Consider r2q change.
(1000.00Mbit 2ms delay) *** Error: Warning: sch_htb: quantum of class 50001 is big. Consider r2q change.
(1000.00Mbit 2ms delay) *** Error: Warning: sch_htb: quantum of class 50001 is big. Consider r2q change.
(1000.00Mbit 2ms delay) *** Error: Warning: sch_htb: quantum of class 50001 is big. Consider r2q change.
(1000.00Mbit 2ms delay) *** Error: Warning: sch_htb: quantum of class 50001 is big. Consider r2q change.
(1000.00Mbit 2ms delay) *** Error: Warning: sch_htb: quantum of class 50001 is big. Consider r2q change.
(1000.00Mbit 2ms delay) *** Error: Warning: sch_htb: quantum of class 50001 is big. Consider r2q change.
(1000.00Mbit 2ms delay) *** Error: Warning: sch_htb: quantum of class 50001 is big. Consider r2q change.
(1000.00Mbit 2ms delay) *** Error: Warning: sch_htb: quantum of class 50001 is big. Consider r2q change.
(1000.00Mbit 2ms delay) *** Error: Warning: sch_htb: quantum of class 50001 is big. Consider r2q change.
(1000.00Mbit 2ms delay) *** Error: Warning: sch_htb: quantum of class 50001 is big. Consider r2q change.
(1000.00Mbit 2ms delay) *** Error: Warning: sch_htb: quantum of class 50001 is big. Consider r2q change.
(1000.00Mbit 2ms delay) *** Error: Warning: sch_htb: quantum of class 50001 is big. Consider r2q change.
(1000.00Mbit 2ms delay) *** Error: Warning: sch_htb: quantum of class 50001 is big. Consider r2q change.
(1000.00Mbit 2ms delay) *** Error: Warning: sch_htb: quantum of class 50001 is big. Consider r2q change.
(1000.00Mbit 2ms delay) *** Error: Warning: sch_htb: quantum of class 50001 is big. Consider r2q change.
(1000.00Mbit 2ms delay) *** Error: Warning: sch_htb: quantum of class 50001 is big. Consider r2q change.
*** Topology summary
    Name: Fat Tree
    Switches: 8
    Hosts: 12
    Total nodes: 20
    Host links: 12
    Switch links: 28
    Total links: 40
    TCI: 0.75
*** Starting network
*** Configuring hosts
h1 h2 h3 h4 h5 h6 h7 h8 h9 h10 h11 h12 
*** Starting controller
c0 
*** Starting 8 switches
s1 (1000.00Mbit 2ms delay) *** Error: Warning: sch_htb: quantum of class 50001 is big. Consider r2q change.
(1000.00Mbit 2ms delay) *** Error: Warning: sch_htb: quantum of class 50001 is big. Consider r2q change.
(1000.00Mbit 2ms delay) *** Error: Warning: sch_htb: quantum of class 50001 is big. Consider r2q change.
(1000.00Mbit 2ms delay) *** Error: Warning: sch_htb: quantum of class 50001 is big. Consider r2q change.
(1000.00Mbit 2ms delay) *** Error: Warning: sch_htb: quantum of class 50001 is big. Consider r2q change.
(1000.00Mbit 2ms delay) *** Error: Warning: sch_htb: quantum of class 50001 is big. Consider r2q change.
(1000.00Mbit 2ms delay) *** Error: Warning: sch_htb: quantum of class 50001 is big. Consider r2q change.
s2 (1000.00Mbit 2ms delay) *** Error: Warning: sch_htb: quantum of class 50001 is big. Consider r2q change.
(1000.00Mbit 2ms delay) *** Error: Warning: sch_htb: quantum of class 50001 is big. Consider r2q change.
(1000.00Mbit 2ms delay) *** Error: Warning: sch_htb: quantum of class 50001 is big. Consider r2q change.
(1000.00Mbit 2ms delay) *** Error: Warning: sch_htb: quantum of class 50001 is big. Consider r2q change.
(1000.00Mbit 2ms delay) *** Error: Warning: sch_htb: quantum of class 50001 is big. Consider r2q change.
(1000.00Mbit 2ms delay) *** Error: Warning: sch_htb: quantum of class 50001 is big. Consider r2q change.
(1000.00Mbit 2ms delay) *** Error: Warning: sch_htb: quantum of class 50001 is big. Consider r2q change.
s3 (1000.00Mbit 2ms delay) *** Error: Warning: sch_htb: quantum of class 50001 is big. Consider r2q change.
(1000.00Mbit 2ms delay) *** Error: Warning: sch_htb: quantum of class 50001 is big. Consider r2q change.
(1000.00Mbit 2ms delay) *** Error: Warning: sch_htb: quantum of class 50001 is big. Consider r2q change.
(1000.00Mbit 2ms delay) *** Error: Warning: sch_htb: quantum of class 50001 is big. Consider r2q change.
(1000.00Mbit 2ms delay) *** Error: Warning: sch_htb: quantum of class 50001 is big. Consider r2q change.
(1000.00Mbit 2ms delay) *** Error: Warning: sch_htb: quantum of class 50001 is big. Consider r2q change.
(1000.00Mbit 2ms delay) *** Error: Warning: sch_htb: quantum of class 50001 is big. Consider r2q change.
s4 (1000.00Mbit 2ms delay) *** Error: Warning: sch_htb: quantum of class 50001 is big. Consider r2q change.
(1000.00Mbit 2ms delay) *** Error: Warning: sch_htb: quantum of class 50001 is big. Consider r2q change.
(1000.00Mbit 2ms delay) *** Error: Warning: sch_htb: quantum of class 50001 is big. Consider r2q change.
(1000.00Mbit 2ms delay) *** Error: Warning: sch_htb: quantum of class 50001 is big. Consider r2q change.
(1000.00Mbit 2ms delay) *** Error: Warning: sch_htb: quantum of class 50001 is big. Consider r2q change.
(1000.00Mbit 2ms delay) *** Error: Warning: sch_htb: quantum of class 50001 is big. Consider r2q change.
(1000.00Mbit 2ms delay) *** Error: Warning: sch_htb: quantum of class 50001 is big. Consider r2q change.
s5 (100.00Mbit 1ms delay) *** Error: Warning: sch_htb: quantum of class 50001 is big. Consider r2q change.
(100.00Mbit 1ms delay) *** Error: Warning: sch_htb: quantum of class 50001 is big. Consider r2q change.
(100.00Mbit 1ms delay) *** Error: Warning: sch_htb: quantum of class 50001 is big. Consider r2q change.
(1000.00Mbit 2ms delay) *** Error: Warning: sch_htb: quantum of class 50001 is big. Consider r2q change.
(1000.00Mbit 2ms delay) *** Error: Warning: sch_htb: quantum of class 50001 is big. Consider r2q change.
(1000.00Mbit 2ms delay) *** Error: Warning: sch_htb: quantum of class 50001 is big. Consider r2q change.
(1000.00Mbit 2ms delay) *** Error: Warning: sch_htb: quantum of class 50001 is big. Consider r2q change.
(1000.00Mbit 2ms delay) *** Error: Warning: sch_htb: quantum of class 50001 is big. Consider r2q change.
(1000.00Mbit 2ms delay) *** Error: Warning: sch_htb: quantum of class 50001 is big. Consider r2q change.
(1000.00Mbit 2ms delay) *** Error: Warning: sch_htb: quantum of class 50001 is big. Consider r2q change.
s6 (100.00Mbit 1ms delay) *** Error: Warning: sch_htb: quantum of class 50001 is big. Consider r2q change.
(100.00Mbit 1ms delay) *** Error: Warning: sch_htb: quantum of class 50001 is big. Consider r2q change.
(100.00Mbit 1ms delay) *** Error: Warning: sch_htb: quantum of class 50001 is big. Consider r2q change.
(1000.00Mbit 2ms delay) *** Error: Warning: sch_htb: quantum of class 50001 is big. Consider r2q change.
(1000.00Mbit 2ms delay) *** Error: Warning: sch_htb: quantum of class 50001 is big. Consider r2q change.
(1000.00Mbit 2ms delay) *** Error: Warning: sch_htb: quantum of class 50001 is big. Consider r2q change.
(1000.00Mbit 2ms delay) *** Error: Warning: sch_htb: quantum of class 50001 is big. Consider r2q change.
(1000.00Mbit 2ms delay) *** Error: Warning: sch_htb: quantum of class 50001 is big. Consider r2q change.
(1000.00Mbit 2ms delay) *** Error: Warning: sch_htb: quantum of class 50001 is big. Consider r2q change.
(1000.00Mbit 2ms delay) *** Error: Warning: sch_htb: quantum of class 50001 is big. Consider r2q change.
s7 (100.00Mbit 1ms delay) *** Error: Warning: sch_htb: quantum of class 50001 is big. Consider r2q change.
(100.00Mbit 1ms delay) *** Error: Warning: sch_htb: quantum of class 50001 is big. Consider r2q change.
(100.00Mbit 1ms delay) *** Error: Warning: sch_htb: quantum of class 50001 is big. Consider r2q change.
(1000.00Mbit 2ms delay) *** Error: Warning: sch_htb: quantum of class 50001 is big. Consider r2q change.
(1000.00Mbit 2ms delay) *** Error: Warning: sch_htb: quantum of class 50001 is big. Consider r2q change.
(1000.00Mbit 2ms delay) *** Error: Warning: sch_htb: quantum of class 50001 is big. Consider r2q change.
(1000.00Mbit 2ms delay) *** Error: Warning: sch_htb: quantum of class 50001 is big. Consider r2q change.
(1000.00Mbit 2ms delay) *** Error: Warning: sch_htb: quantum of class 50001 is big. Consider r2q change.
(1000.00Mbit 2ms delay) *** Error: Warning: sch_htb: quantum of class 50001 is big. Consider r2q change.
(1000.00Mbit 2ms delay) *** Error: Warning: sch_htb: quantum of class 50001 is big. Consider r2q change.
s8 (100.00Mbit 1ms delay) *** Error: Warning: sch_htb: quantum of class 50001 is big. Consider r2q change.
(100.00Mbit 1ms delay) *** Error: Warning: sch_htb: quantum of class 50001 is big. Consider r2q change.
(100.00Mbit 1ms delay) *** Error: Warning: sch_htb: quantum of class 50001 is big. Consider r2q change.
(1000.00Mbit 2ms delay) *** Error: Warning: sch_htb: quantum of class 50001 is big. Consider r2q change.
(1000.00Mbit 2ms delay) *** Error: Warning: sch_htb: quantum of class 50001 is big. Consider r2q change.
(1000.00Mbit 2ms delay) *** Error: Warning: sch_htb: quantum of class 50001 is big. Consider r2q change.
(1000.00Mbit 2ms delay) *** Error: Warning: sch_htb: quantum of class 50001 is big. Consider r2q change.
(1000.00Mbit 2ms delay) *** Error: Warning: sch_htb: quantum of class 50001 is big. Consider r2q change.
(1000.00Mbit 2ms delay) *** Error: Warning: sch_htb: quantum of class 50001 is big. Consider r2q change.
(1000.00Mbit 2ms delay) *** Error: Warning: sch_htb: quantum of class 50001 is big. Consider r2q change.
...(1000.00Mbit 2ms delay) *** Error: Warning: sch_htb: quantum of class 50001 is big. Consider r2q change.
(1000.00Mbit 2ms delay) *** Error: Warning: sch_htb: quantum of class 50001 is big. Consider r2q change.
(1000.00Mbit 2ms delay) *** Error: Warning: sch_htb: quantum of class 50001 is big. Consider r2q change.
(1000.00Mbit 2ms delay) *** Error: Warning: sch_htb: quantum of class 50001 is big. Consider r2q change.
(1000.00Mbit 2ms delay) *** Error: Warning: sch_htb: quantum of class 50001 is big. Consider r2q change.
(1000.00Mbit 2ms delay) *** Error: Warning: sch_htb: quantum of class 50001 is big. Consider r2q change.
(1000.00Mbit 2ms delay) *** Error: Warning: sch_htb: quantum of class 50001 is big. Consider r2q change.
(1000.00Mbit 2ms delay) *** Error: Warning: sch_htb: quantum of class 50001 is big. Consider r2q change.
(1000.00Mbit 2ms delay) *** Error: Warning: sch_htb: quantum of class 50001 is big. Consider r2q change.
(1000.00Mbit 2ms delay) *** Error: Warning: sch_htb: quantum of class 50001 is big. Consider r2q change.
(1000.00Mbit 2ms delay) *** Error: Warning: sch_htb: quantum of class 50001 is big. Consider r2q change.
(1000.00Mbit 2ms delay) *** Error: Warning: sch_htb: quantum of class 50001 is big. Consider r2q change.
(1000.00Mbit 2ms delay) *** Error: Warning: sch_htb: quantum of class 50001 is big. Consider r2q change.
(1000.00Mbit 2ms delay) *** Error: Warning: sch_htb: quantum of class 50001 is big. Consider r2q change.
(1000.00Mbit 2ms delay) *** Error: Warning: sch_htb: quantum of class 50001 is big. Consider r2q change.
(1000.00Mbit 2ms delay) *** Error: Warning: sch_htb: quantum of class 50001 is big. Consider r2q change.
(1000.00Mbit 2ms delay) *** Error: Warning: sch_htb: quantum of class 50001 is big. Consider r2q change.
(1000.00Mbit 2ms delay) *** Error: Warning: sch_htb: quantum of class 50001 is big. Consider r2q change.
(1000.00Mbit 2ms delay) *** Error: Warning: sch_htb: quantum of class 50001 is big. Consider r2q change.
(1000.00Mbit 2ms delay) *** Error: Warning: sch_htb: quantum of class 50001 is big. Consider r2q change.
(1000.00Mbit 2ms delay) *** Error: Warning: sch_htb: quantum of class 50001 is big. Consider r2q change.
(1000.00Mbit 2ms delay) *** Error: Warning: sch_htb: quantum of class 50001 is big. Consider r2q change.
(1000.00Mbit 2ms delay) *** Error: Warning: sch_htb: quantum of class 50001 is big. Consider r2q change.
(1000.00Mbit 2ms delay) *** Error: Warning: sch_htb: quantum of class 50001 is big. Consider r2q change.
(1000.00Mbit 2ms delay) *** Error: Warning: sch_htb: quantum of class 50001 is big. Consider r2q change.
(1000.00Mbit 2ms delay) *** Error: Warning: sch_htb: quantum of class 50001 is big. Consider r2q change.
(1000.00Mbit 2ms delay) *** Error: Warning: sch_htb: quantum of class 50001 is big. Consider r2q change.
(1000.00Mbit 2ms delay) *** Error: Warning: sch_htb: quantum of class 50001 is big. Consider r2q change.
(100.00Mbit 1ms delay) *** Error: Warning: sch_htb: quantum of class 50001 is big. Consider r2q change.
(100.00Mbit 1ms delay) *** Error: Warning: sch_htb: quantum of class 50001 is big. Consider r2q change.
(100.00Mbit 1ms delay) *** Error: Warning: sch_htb: quantum of class 50001 is big. Consider r2q change.
(1000.00Mbit 2ms delay) *** Error: Warning: sch_htb: quantum of class 50001 is big. Consider r2q change.
(1000.00Mbit 2ms delay) *** Error: Warning: sch_htb: quantum of class 50001 is big. Consider r2q change.
(1000.00Mbit 2ms delay) *** Error: Warning: sch_htb: quantum of class 50001 is big. Consider r2q change.
(1000.00Mbit 2ms delay) *** Error: Warning: sch_htb: quantum of class 50001 is big. Consider r2q change.
(1000.00Mbit 2ms delay) *** Error: Warning: sch_htb: quantum of class 50001 is big. Consider r2q change.
(1000.00Mbit 2ms delay) *** Error: Warning: sch_htb: quantum of class 50001 is big. Consider r2q change.
(1000.00Mbit 2ms delay) *** Error: Warning: sch_htb: quantum of class 50001 is big. Consider r2q change.
(100.00Mbit 1ms delay) *** Error: Warning: sch_htb: quantum of class 50001 is big. Consider r2q change.
(100.00Mbit 1ms delay) *** Error: Warning: sch_htb: quantum of class 50001 is big. Consider r2q change.
(100.00Mbit 1ms delay) *** Error: Warning: sch_htb: quantum of class 50001 is big. Consider r2q change.
(1000.00Mbit 2ms delay) *** Error: Warning: sch_htb: quantum of class 50001 is big. Consider r2q change.
(1000.00Mbit 2ms delay) *** Error: Warning: sch_htb: quantum of class 50001 is big. Consider r2q change.
(1000.00Mbit 2ms delay) *** Error: Warning: sch_htb: quantum of class 50001 is big. Consider r2q change.
(1000.00Mbit 2ms delay) *** Error: Warning: sch_htb: quantum of class 50001 is big. Consider r2q change.
(1000.00Mbit 2ms delay) *** Error: Warning: sch_htb: quantum of class 50001 is big. Consider r2q change.
(1000.00Mbit 2ms delay) *** Error: Warning: sch_htb: quantum of class 50001 is big. Consider r2q change.
(1000.00Mbit 2ms delay) *** Error: Warning: sch_htb: quantum of class 50001 is big. Consider r2q change.
(100.00Mbit 1ms delay) *** Error: Warning: sch_htb: quantum of class 50001 is big. Consider r2q change.
(100.00Mbit 1ms delay) *** Error: Warning: sch_htb: quantum of class 50001 is big. Consider r2q change.
(100.00Mbit 1ms delay) *** Error: Warning: sch_htb: quantum of class 50001 is big. Consider r2q change.
(1000.00Mbit 2ms delay) *** Error: Warning: sch_htb: quantum of class 50001 is big. Consider r2q change.
(1000.00Mbit 2ms delay) *** Error: Warning: sch_htb: quantum of class 50001 is big. Consider r2q change.
(1000.00Mbit 2ms delay) *** Error: Warning: sch_htb: quantum of class 50001 is big. Consider r2q change.
(1000.00Mbit 2ms delay) *** Error: Warning: sch_htb: quantum of class 50001 is big. Consider r2q change.
(1000.00Mbit 2ms delay) *** Error: Warning: sch_htb: quantum of class 50001 is big. Consider r2q change.
(1000.00Mbit 2ms delay) *** Error: Warning: sch_htb: quantum of class 50001 is big. Consider r2q change.
(1000.00Mbit 2ms delay) *** Error: Warning: sch_htb: quantum of class 50001 is big. Consider r2q change.
(100.00Mbit 1ms delay) *** Error: Warning: sch_htb: quantum of class 50001 is big. Consider r2q change.
(100.00Mbit 1ms delay) *** Error: Warning: sch_htb: quantum of class 50001 is big. Consider r2q change.
(100.00Mbit 1ms delay) *** Error: Warning: sch_htb: quantum of class 50001 is big. Consider r2q change.
(1000.00Mbit 2ms delay) *** Error: Warning: sch_htb: quantum of class 50001 is big. Consider r2q change.
(1000.00Mbit 2ms delay) *** Error: Warning: sch_htb: quantum of class 50001 is big. Consider r2q change.
(1000.00Mbit 2ms delay) *** Error: Warning: sch_htb: quantum of class 50001 is big. Consider r2q change.
(1000.00Mbit 2ms delay) *** Error: Warning: sch_htb: quantum of class 50001 is big. Consider r2q change.
(1000.00Mbit 2ms delay) *** Error: Warning: sch_htb: quantum of class 50001 is big. Consider r2q change.
(1000.00Mbit 2ms delay) *** Error: Warning: sch_htb: quantum of class 50001 is big. Consider r2q change.
(1000.00Mbit 2ms delay) *** Error: Warning: sch_htb: quantum of class 50001 is big. Consider r2q change.

*** Network ready
*** Useful commands: nodes, links, net, pingall
*** Starting CLI:
mininet> mininet> *** Stopping network
*** Stopping 1 controllers
c0 
*** Stopping 40 links
........................................
*** Stopping 8 switches
s1 s2 s3 s4 s5 s6 s7 s8 
*** Stopping 12 hosts
h1 h2 h3 h4 h5 h6 h7 h8 h9 h10 h11 h12 
*** Done
