*** Adding remote Ryu controller
*** Adding core switches (c0–c3)
*** Adding aggregation switches (a1–a8)
*** Adding edge switches (e1–e8)
*** Adding hosts (h1–h16)
*** Adding core–aggregation links
Bandwidth limit 10000 is outside supported range 0..1000 - ignoring
(10000.00Mbit 1ms delay) Bandwidth limit 10000 is outside supported range 0..1000 - ignoring
(10000.00Mbit 1ms delay) Bandwidth limit 10000 is outside supported range 0..1000 - ignoring
(10000.00Mbit 1ms delay) Bandwidth limit 10000 is outside supported range 0..1000 - ignoring
(10000.00Mbit 1ms delay) Bandwidth limit 10000 is outside supported range 0..1000 - ignoring
(10000.00Mbit 1ms delay) Bandwidth limit 10000 is outside supported range 0..1000 - ignoring
(10000.00Mbit 1ms delay) Bandwidth limit 10000 is outside supported range 0..1000 - ignoring
(10000.00Mbit 1ms delay) Bandwidth limit 10000 is outside supported range 0..1000 - ignoring
(10000.00Mbit 1ms delay) Bandwidth limit 10000 is outside supported range 0..1000 - ignoring
(10000.00Mbit 1ms delay) Bandwidth limit 10000 is outside supported range 0..1000 - ignoring
(10000.00Mbit 1ms delay) Bandwidth limit 10000 is outside supported range 0..1000 - ignoring
(10000.00Mbit 1ms delay) Bandwidth limit 10000 is outside supported range 0..1000 - ignoring
(10000.00Mbit 1ms delay) Bandwidth limit 10000 is outside supported range 0..1000 - ignoring
(10000.00Mbit 1ms delay) Bandwidth limit 10000 is outside supported range 0..1000 - ignoring
(10000.00Mbit 1ms delay) Bandwidth limit 10000 is outside supported range 0..1000 - ignoring
(10000.00Mbit 1ms delay) Bandwidth limit 10000 is outside supported range 0..1000 - ignoring
(10000.00Mbit 1ms delay) Bandwidth limit 10000 is outside supported range 0..1000 - ignoring
(10000.00Mbit 1ms delay) Bandwidth limit 10000 is outside supported range 0..1000 - ignoring
(10000.00Mbit 1ms delay) Bandwidth limit 10000 is outside supported range 0..1000 - ignoring
(10000.00Mbit 1ms delay) Bandwidth limit 10000 is outside supported range 0..1000 - ignoring
(10000.00Mbit 1ms delay) Bandwidth limit 10000 is outside supported range 0..1000 - ignoring
(10000.00Mbit 1ms delay) Bandwidth limit 10000 is outside supported range 0..1000 - ignoring
(10000.00Mbit 1ms delay) Bandwidth limit 10000 is outside supported range 0..1000 - ignoring
(10000.00Mbit 1ms delay) Bandwidth limit 10000 is outside supported range 0..1000 - ignoring
(10000.00Mbit 1ms delay) Bandwidth limit 10000 is outside supported range 0..1000 - ignoring
(10000.00Mbit 1ms delay) Bandwidth limit 10000 is outside supported range 0..1000 - ignoring
(10000.00Mbit 1ms delay) Bandwidth limit 10000 is outside supported range 0..1000 - ignoring
(10000.00Mbit 1ms delay) Bandwidth limit 10000 is outside supported range 0..1000 - ignoring
(10000.00Mbit 1ms delay) Bandwidth limit 10000 is outside supported range 0..1000 - ignoring
(10000.00Mbit 1ms delay) Bandwidth limit 10000 is outside supported range 0..1000 - ignoring
(10000.00Mbit 1ms delay) Bandwidth limit 10000 is outside supported range 0..1000 - ignoring
(10000.00Mbit 1ms delay) Bandwidth limit 10000 is outside supported range 0..1000 - ignoring
(10000.00Mbit 1ms delay) *** Adding aggregation–edge links
(1000.00Mbit 1ms delay) *** Error: Warning: sch_htb: quantum of class 50001 is big. Consider r2q change.
(1000.00Mbit 1ms delay) *** Error: Warning: sch_htb: quantum of class 50001 is big. Consider r2q change.
(1000.00Mbit 1ms delay) *** Error: Warning: sch_htb: quantum of class 50001 is big. Consider r2q change.
(1000.00Mbit 1ms delay) *** Error: Warning: sch_htb: quantum of class 50001 is big. Consider r2q change.
(1000.00Mbit 1ms delay) *** Error: Warning: sch_htb: quantum of class 50001 is big. Consider r2q change.
(1000.00Mbit 1ms delay) *** Error: Warning: sch_htb: quantum of class 50001 is big. Consider r2q change.
(1000.00Mbit 1ms delay) *** Error: Warning: sch_htb: quantum of class 50001 is big. Consider r2q change.
(1000.00Mbit 1ms delay) *** Error: Warning: sch_htb: quantum of class 50001 is big. Consider r2q change.
(1000.00Mbit 1ms delay) *** Error: Warning: sch_htb: quantum of class 50001 is big. Consider r2q change.
(1000.00Mbit 1ms delay) *** Error: Warning: sch_htb: quantum of class 50001 is big. Consider r2q change.
(1000.00Mbit 1ms delay) *** Error: Warning: sch_htb: quantum of class 50001 is big. Consider r2q change.
(1000.00Mbit 1ms delay) *** Error: Warning: sch_htb: quantum of class 50001 is big. Consider r2q change.
(1000.00Mbit 1ms delay) *** Error: Warning: sch_htb: quantum of class 50001 is big. Consider r2q change.
(1000.00Mbit 1ms delay) *** Error: Warning: sch_htb: quantum of class 50001 is big. Consider r2q change.
(1000.00Mbit 1ms delay) *** Error: Warning: sch_htb: quantum of class 50001 is big. Consider r2q change.
(1000.00Mbit 1ms delay) *** Error: Warning: sch_htb: quantum of class 50001 is big. Consider r2q change.
(1000.00Mbit 1ms delay) *** Error: Warning: sch_htb: quantum of class 50001 is big. Consider r2q change.
(1000.00Mbit 1ms delay) *** Error: Warning: sch_htb: quantum of class 50001 is big. Consider r2q change.
(1000.00Mbit 1ms delay) *** Error: Warning: sch_htb: quantum of class 50001 is big. Consider r2q change.
(1000.00Mbit 1ms delay) *** Error: Warning: sch_htb: quantum of class 50001 is big. Consider r2q change.
(1000.00Mbit 1ms delay) *** Error: Warning: sch_htb: quantum of class 50001 is big. Consider r2q change.
(1000.00Mbit 1ms delay) *** Error: Warning: sch_htb: quantum of class 50001 is big. Consider r2q change.
(1000.00Mbit 1ms delay) *** Error: Warning: sch_htb: quantum of class 50001 is big. Consider r2q change.
(1000.00Mbit 1ms delay) *** Error: Warning: sch_htb: quantum of class 50001 is big. Consider r2q change.
(1000.00Mbit 1ms delay) *** Error: Warning: sch_htb: quantum of class 50001 is big. Consider r2q change.
(1000.00Mbit 1ms delay) *** Error: Warning: sch_htb: quantum of class 50001 is big. Consider r2q change.
(1000.00Mbit 1ms delay) *** Error: Warning: sch_htb: quantum of class 50001 is big. Consider r2q change.
(1000.00Mbit 1ms delay) *** Error: Warning: sch_htb: quantum of class 50001 is big. Consider r2q change.
(1000.00Mbit 1ms delay) *** Error: Warning: sch_htb: quantum of class 50001 is big. Consider r2q change.
(1000.00Mbit 1ms delay) *** Error: Warning: sch_htb: quantum of class 50001 is big. Consider r2q change.
(1000.00Mbit 1ms delay) *** Error: Warning: sch_htb: quantum of class 50001 is big. Consider r2q change.
(1000.00Mbit 1ms delay) *** Error: Warning: sch_htb: quantum of class 50001 is big. Consider r2q change.
*** Adding edge–host links
(1000.00Mbit 1ms delay) *** Error: Warning: sch_htb: quantum of class 50001 is big. Consider r2q change.
(1000.00Mbit 1ms delay) *** Error: Warning: sch_htb: quantum of class 50001 is big. Consider r2q change.
(1000.00Mbit 1ms delay) *** Error: Warning: sch_htb: quantum of class 50001 is big. Consider r2q change.
(1000.00Mbit 1ms delay) *** Error: Warning: sch_htb: quantum of class 50001 is big. Consider r2q change.
(1000.00Mbit 1ms delay) *** Error: Warning: sch_htb: quantum of class 50001 is big. Consider r2q change.
(1000.00Mbit 1ms delay) *** Error: Warning: sch_htb: quantum of class 50001 is big. Consider r2q change.
(1000.00Mbit 1ms delay) *** Error: Warning: sch_htb: quantum of class 50001 is big. Consider r2q change.
(1000.00Mbit 1ms delay) *** Error: Warning: sch_htb: quantum of class 50001 is big. Consider r2q change.
(1000.00Mbit 1ms delay) *** Error: Warning: sch_htb: quantum of class 50001 is big. Consider r2q change.
(1000.00Mbit 1ms delay) *** Error: Warning: sch_htb: quantum of class 50001 is big. Consider r2q change.
(1000.00Mbit 1ms delay) *** Error: Warning: sch_htb: quantum of class 50001 is big. Consider r2q change.
(1000.00Mbit 1ms delay) *** Error: Warning: sch_htb: quantum of class 50001 is big. Consider r2q change.
(1000.00Mbit 1ms delay) *** Error: Warning: sch_htb: quantum of class 50001 is big. Consider r2q change.
(1000.00Mbit 1ms delay) *** Error: Warning: sch_htb: quantum of class 50001 is big. Consider r2q change.
(1000.00Mbit 1ms delay) *** Error: Warning: sch_htb: quantum of class 50001 is big. Consider r2q change.
(1000.00Mbit 1ms delay) *** Error: Warning: sch_htb: quantum of class 50001 is big. Consider r2q change.
(1000.00Mbit 1ms delay) *** Error: Warning: sch_htb: quantum of class 50001 is big. Consider r2q change.
(1000.00Mbit 1ms delay) *** Error: Warning: sch_htb: quantum of class 50001 is big. Consider r2q change.
(1000.00Mbit 1ms delay) *** Error: Warning: sch_htb: quantum of class 50001 is big. Consider r2q change.
(1000.00Mbit 1ms delay) *** Error: Warning: sch_htb: quantum of class 50001 is big. Consider r2q change.
(1000.00Mbit 1ms delay) *** Error: Warning: sch_htb: quantum of class 50001 is big. Consider r2q change.
(1000.00Mbit 1ms delay) *** Error: Warning: sch_htb: quantum of class 50001 is big. Consider r2q change.
(1000.00Mbit 1ms delay) *** Error: Warning: sch_htb: quantum of class 50001 is big. Consider r2q change.
(1000.00Mbit 1ms delay) *** Error: Warning: sch_htb: quantum of class 50001 is big. Consider r2q change.
(1000.00Mbit 1ms delay) *** Error: Warning: sch_htb: quantum of class 50001 is big. Consider r2q change.
(1000.00Mbit 1ms delay) *** Error: Warning: sch_htb: quantum of class 50001 is big. Consider r2q change.
(1000.00Mbit 1ms delay) *** Error: Warning: sch_htb: quantum of class 50001 is big. Consider r2q change.
(1000.00Mbit 1ms delay) *** Error: Warning: sch_htb: quantum of class 50001 is big. Consider r2q change.
(1000.00Mbit 1ms delay) *** Error: Warning: sch_htb: quantum of class 50001 is big. Consider r2q change.
(1000.00Mbit 1ms delay) *** Error: Warning: sch_htb: quantum of class 50001 is big. Consider r2q change.
(1000.00Mbit 1ms delay) *** Error: Warning: sch_htb: quantum of class 50001 is big. Consider r2q change.
(1000.00Mbit 1ms delay) *** Error: Warning: sch_htb: quantum of class 50001 is big. Consider r2q change.
*** Topology summary
    Name            : Fat-Tree k=4
    Core switches   : 4
    Agg  switches   : 8
    Edge switches   : 8
    Total switches  : 20
    Hosts           : 16
    Total nodes     : 36
    Core–Agg  links : 16
    Agg–Edge  links : 16
    Edge–Host links : 16
    Total links     : 48
    Core–Agg bw     : 10000 Mbps
    Agg–Edge bw     : 1000 Mbps
    Edge–Host bw    : 1000 Mbps
*** Starting network
*** Configuring hosts
h1 h2 h3 h4 h5 h6 h7 h8 h9 h10 h11 h12 h13 h14 h15 h16 
*** Starting controller
ctrl 
*** Starting 20 switches
c0 Bandwidth limit 10000 is outside supported range 0..1000 - ignoring
(10000.00Mbit 1ms delay) Bandwidth limit 10000 is outside supported range 0..1000 - ignoring
(10000.00Mbit 1ms delay) Bandwidth limit 10000 is outside supported range 0..1000 - ignoring
(10000.00Mbit 1ms delay) Bandwidth limit 10000 is outside supported range 0..1000 - ignoring
(10000.00Mbit 1ms delay) c1 Bandwidth limit 10000 is outside supported range 0..1000 - ignoring
(10000.00Mbit 1ms delay) Bandwidth limit 10000 is outside supported range 0..1000 - ignoring
(10000.00Mbit 1ms delay) Bandwidth limit 10000 is outside supported range 0..1000 - ignoring
(10000.00Mbit 1ms delay) Bandwidth limit 10000 is outside supported range 0..1000 - ignoring
(10000.00Mbit 1ms delay) c2 Bandwidth limit 10000 is outside supported range 0..1000 - ignoring
(10000.00Mbit 1ms delay) Bandwidth limit 10000 is outside supported range 0..1000 - ignoring
(10000.00Mbit 1ms delay) Bandwidth limit 10000 is outside supported range 0..1000 - ignoring
(10000.00Mbit 1ms delay) Bandwidth limit 10000 is outside supported range 0..1000 - ignoring
(10000.00Mbit 1ms delay) c3 Bandwidth limit 10000 is outside supported range 0..1000 - ignoring
(10000.00Mbit 1ms delay) Bandwidth limit 10000 is outside supported range 0..1000 - ignoring
(10000.00Mbit 1ms delay) Bandwidth limit 10000 is outside supported range 0..1000 - ignoring
(10000.00Mbit 1ms delay) Bandwidth limit 10000 is outside supported range 0..1000 - ignoring
(10000.00Mbit 1ms delay) a1 Bandwidth limit 10000 is outside supported range 0..1000 - ignoring
(10000.00Mbit 1ms delay) Bandwidth limit 10000 is outside supported range 0..1000 - ignoring
(10000.00Mbit 1ms delay) (1000.00Mbit 1ms delay) *** Error: Warning: sch_htb: quantum of class 50001 is big. Consider r2q change.
(1000.00Mbit 1ms delay) *** Error: Warning: sch_htb: quantum of class 50001 is big. Consider r2q change.
a2 Bandwidth limit 10000 is outside supported range 0..1000 - ignoring
(10000.00Mbit 1ms delay) Bandwidth limit 10000 is outside supported range 0..1000 - ignoring
(10000.00Mbit 1ms delay) (1000.00Mbit 1ms delay) *** Error: Warning: sch_htb: quantum of class 50001 is big. Consider r2q change.
(1000.00Mbit 1ms delay) *** Error: Warning: sch_htb: quantum of class 50001 is big. Consider r2q change.
a3 Bandwidth limit 10000 is outside supported range 0..1000 - ignoring
(10000.00Mbit 1ms delay) Bandwidth limit 10000 is outside supported range 0..1000 - ignoring
(10000.00Mbit 1ms delay) (1000.00Mbit 1ms delay) *** Error: Warning: sch_htb: quantum of class 50001 is big. Consider r2q change.
(1000.00Mbit 1ms delay) *** Error: Warning: sch_htb: quantum of class 50001 is big. Consider r2q change.
a4 Bandwidth limit 10000 is outside supported range 0..1000 - ignoring
(10000.00Mbit 1ms delay) Bandwidth limit 10000 is outside supported range 0..1000 - ignoring
(10000.00Mbit 1ms delay) (1000.00Mbit 1ms delay) *** Error: Warning: sch_htb: quantum of class 50001 is big. Consider r2q change.
(1000.00Mbit 1ms delay) *** Error: Warning: sch_htb: quantum of class 50001 is big. Consider r2q change.
a5 Bandwidth limit 10000 is outside supported range 0..1000 - ignoring
(10000.00Mbit 1ms delay) Bandwidth limit 10000 is outside supported range 0..1000 - ignoring
(10000.00Mbit 1ms delay) (1000.00Mbit 1ms delay) *** Error: Warning: sch_htb: quantum of class 50001 is big. Consider r2q change.
(1000.00Mbit 1ms delay) *** Error: Warning: sch_htb: quantum of class 50001 is big. Consider r2q change.
a6 Bandwidth limit 10000 is outside supported range 0..1000 - ignoring
(10000.00Mbit 1ms delay) Bandwidth limit 10000 is outside supported range 0..1000 - ignoring
(10000.00Mbit 1ms delay) (1000.00Mbit 1ms delay) *** Error: Warning: sch_htb: quantum of class 50001 is big. Consider r2q change.
(1000.00Mbit 1ms delay) *** Error: Warning: sch_htb: quantum of class 50001 is big. Consider r2q change.
a7 Bandwidth limit 10000 is outside supported range 0..1000 - ignoring
(10000.00Mbit 1ms delay) Bandwidth limit 10000 is outside supported range 0..1000 - ignoring
(10000.00Mbit 1ms delay) (1000.00Mbit 1ms delay) *** Error: Warning: sch_htb: quantum of class 50001 is big. Consider r2q change.
(1000.00Mbit 1ms delay) *** Error: Warning: sch_htb: quantum of class 50001 is big. Consider r2q change.
a8 Bandwidth limit 10000 is outside supported range 0..1000 - ignoring
(10000.00Mbit 1ms delay) Bandwidth limit 10000 is outside supported range 0..1000 - ignoring
(10000.00Mbit 1ms delay) (1000.00Mbit 1ms delay) *** Error: Warning: sch_htb: quantum of class 50001 is big. Consider r2q change.
(1000.00Mbit 1ms delay) *** Error: Warning: sch_htb: quantum of class 50001 is big. Consider r2q change.
e1 (1000.00Mbit 1ms delay) *** Error: Warning: sch_htb: quantum of class 50001 is big. Consider r2q change.
(1000.00Mbit 1ms delay) *** Error: Warning: sch_htb: quantum of class 50001 is big. Consider r2q change.
(1000.00Mbit 1ms delay) *** Error: Warning: sch_htb: quantum of class 50001 is big. Consider r2q change.
(1000.00Mbit 1ms delay) *** Error: Warning: sch_htb: quantum of class 50001 is big. Consider r2q change.
e2 (1000.00Mbit 1ms delay) *** Error: Warning: sch_htb: quantum of class 50001 is big. Consider r2q change.
(1000.00Mbit 1ms delay) *** Error: Warning: sch_htb: quantum of class 50001 is big. Consider r2q change.
(1000.00Mbit 1ms delay) *** Error: Warning: sch_htb: quantum of class 50001 is big. Consider r2q change.
(1000.00Mbit 1ms delay) *** Error: Warning: sch_htb: quantum of class 50001 is big. Consider r2q change.
e3 (1000.00Mbit 1ms delay) *** Error: Warning: sch_htb: quantum of class 50001 is big. Consider r2q change.
(1000.00Mbit 1ms delay) *** Error: Warning: sch_htb: quantum of class 50001 is big. Consider r2q change.
(1000.00Mbit 1ms delay) *** Error: Warning: sch_htb: quantum of class 50001 is big. Consider r2q change.
(1000.00Mbit 1ms delay) *** Error: Warning: sch_htb: quantum of class 50001 is big. Consider r2q change.
e4 (1000.00Mbit 1ms delay) *** Error: Warning: sch_htb: quantum of class 50001 is big. Consider r2q change.
(1000.00Mbit 1ms delay) *** Error: Warning: sch_htb: quantum of class 50001 is big. Consider r2q change.
(1000.00Mbit 1ms delay) *** Error: Warning: sch_htb: quantum of class 50001 is big. Consider r2q change.
(1000.00Mbit 1ms delay) *** Error: Warning: sch_htb: quantum of class 50001 is big. Consider r2q change.
e5 (1000.00Mbit 1ms delay) *** Error: Warning: sch_htb: quantum of class 50001 is big. Consider r2q change.
(1000.00Mbit 1ms delay) *** Error: Warning: sch_htb: quantum of class 50001 is big. Consider r2q change.
(1000.00Mbit 1ms delay) *** Error: Warning: sch_htb: quantum of class 50001 is big. Consider r2q change.
(1000.00Mbit 1ms delay) *** Error: Warning: sch_htb: quantum of class 50001 is big. Consider r2q change.
e6 (1000.00Mbit 1ms delay) *** Error: Warning: sch_htb: quantum of class 50001 is big. Consider r2q change.
(1000.00Mbit 1ms delay) *** Error: Warning: sch_htb: quantum of class 50001 is big. Consider r2q change.
(1000.00Mbit 1ms delay) *** Error: Warning: sch_htb: quantum of class 50001 is big. Consider r2q change.
(1000.00Mbit 1ms delay) *** Error: Warning: sch_htb: quantum of class 50001 is big. Consider r2q change.
e7 (1000.00Mbit 1ms delay) *** Error: Warning: sch_htb: quantum of class 50001 is big. Consider r2q change.
(1000.00Mbit 1ms delay) *** Error: Warning: sch_htb: quantum of class 50001 is big. Consider r2q change.
(1000.00Mbit 1ms delay) *** Error: Warning: sch_htb: quantum of class 50001 is big. Consider r2q change.
(1000.00Mbit 1ms delay) *** Error: Warning: sch_htb: quantum of class 50001 is big. Consider r2q change.
e8 (1000.00Mbit 1ms delay) *** Error: Warning: sch_htb: quantum of class 50001 is big. Consider r2q change.
(1000.00Mbit 1ms delay) *** Error: Warning: sch_htb: quantum of class 50001 is big. Consider r2q change.
(1000.00Mbit 1ms delay) *** Error: Warning: sch_htb: quantum of class 50001 is big. Consider r2q change.
(1000.00Mbit 1ms delay) *** Error: Warning: sch_htb: quantum of class 50001 is big. Consider r2q change.
...Bandwidth limit 10000 is outside supported range 0..1000 - ignoring
(10000.00Mbit 1ms delay) Bandwidth limit 10000 is outside supported range 0..1000 - ignoring
(10000.00Mbit 1ms delay) Bandwidth limit 10000 is outside supported range 0..1000 - ignoring
(10000.00Mbit 1ms delay) Bandwidth limit 10000 is outside supported range 0..1000 - ignoring
(10000.00Mbit 1ms delay) Bandwidth limit 10000 is outside supported range 0..1000 - ignoring
(10000.00Mbit 1ms delay) Bandwidth limit 10000 is outside supported range 0..1000 - ignoring
(10000.00Mbit 1ms delay) Bandwidth limit 10000 is outside supported range 0..1000 - ignoring
(10000.00Mbit 1ms delay) Bandwidth limit 10000 is outside supported range 0..1000 - ignoring
(10000.00Mbit 1ms delay) Bandwidth limit 10000 is outside supported range 0..1000 - ignoring
(10000.00Mbit 1ms delay) Bandwidth limit 10000 is outside supported range 0..1000 - ignoring
(10000.00Mbit 1ms delay) Bandwidth limit 10000 is outside supported range 0..1000 - ignoring
(10000.00Mbit 1ms delay) Bandwidth limit 10000 is outside supported range 0..1000 - ignoring
(10000.00Mbit 1ms delay) Bandwidth limit 10000 is outside supported range 0..1000 - ignoring
(10000.00Mbit 1ms delay) Bandwidth limit 10000 is outside supported range 0..1000 - ignoring
(10000.00Mbit 1ms delay) Bandwidth limit 10000 is outside supported range 0..1000 - ignoring
(10000.00Mbit 1ms delay) Bandwidth limit 10000 is outside supported range 0..1000 - ignoring
(10000.00Mbit 1ms delay) Bandwidth limit 10000 is outside supported range 0..1000 - ignoring
(10000.00Mbit 1ms delay) Bandwidth limit 10000 is outside supported range 0..1000 - ignoring
(10000.00Mbit 1ms delay) (1000.00Mbit 1ms delay) *** Error: Warning: sch_htb: quantum of class 50001 is big. Consider r2q change.
(1000.00Mbit 1ms delay) *** Error: Warning: sch_htb: quantum of class 50001 is big. Consider r2q change.
Bandwidth limit 10000 is outside supported range 0..1000 - ignoring
(10000.00Mbit 1ms delay) Bandwidth limit 10000 is outside supported range 0..1000 - ignoring
(10000.00Mbit 1ms delay) (1000.00Mbit 1ms delay) *** Error: Warning: sch_htb: quantum of class 50001 is big. Consider r2q change.
(1000.00Mbit 1ms delay) *** Error: Warning: sch_htb: quantum of class 50001 is big. Consider r2q change.
Bandwidth limit 10000 is outside supported range 0..1000 - ignoring
(10000.00Mbit 1ms delay) Bandwidth limit 10000 is outside supported range 0..1000 - ignoring
(10000.00Mbit 1ms delay) (1000.00Mbit 1ms delay) *** Error: Warning: sch_htb: quantum of class 50001 is big. Consider r2q change.
(1000.00Mbit 1ms delay) *** Error: Warning: sch_htb: quantum of class 50001 is big. Consider r2q change.
Bandwidth limit 10000 is outside supported range 0..1000 - ignoring
(10000.00Mbit 1ms delay) Bandwidth limit 10000 is outside supported range 0..1000 - ignoring
(10000.00Mbit 1ms delay) (1000.00Mbit 1ms delay) *** Error: Warning: sch_htb: quantum of class 50001 is big. Consider r2q change.
(1000.00Mbit 1ms delay) *** Error: Warning: sch_htb: quantum of class 50001 is big. Consider r2q change.
Bandwidth limit 10000 is outside supported range 0..1000 - ignoring
(10000.00Mbit 1ms delay) Bandwidth limit 10000 is outside supported range 0..1000 - ignoring
(10000.00Mbit 1ms delay) (1000.00Mbit 1ms delay) *** Error: Warning: sch_htb: quantum of class 50001 is big. Consider r2q change.
(1000.00Mbit 1ms delay) *** Error: Warning: sch_htb: quantum of class 50001 is big. Consider r2q change.
Bandwidth limit 10000 is outside supported range 0..1000 - ignoring
(10000.00Mbit 1ms delay) Bandwidth limit 10000 is outside supported range 0..1000 - ignoring
(10000.00Mbit 1ms delay) (1000.00Mbit 1ms delay) *** Error: Warning: sch_htb: quantum of class 50001 is big. Consider r2q change.
(1000.00Mbit 1ms delay) *** Error: Warning: sch_htb: quantum of class 50001 is big. Consider r2q change.
Bandwidth limit 10000 is outside supported range 0..1000 - ignoring
(10000.00Mbit 1ms delay) Bandwidth limit 10000 is outside supported range 0..1000 - ignoring
(10000.00Mbit 1ms delay) (1000.00Mbit 1ms delay) *** Error: Warning: sch_htb: quantum of class 50001 is big. Consider r2q change.
(1000.00Mbit 1ms delay) *** Error: Warning: sch_htb: quantum of class 50001 is big. Consider r2q change.
Bandwidth limit 10000 is outside supported range 0..1000 - ignoring
(10000.00Mbit 1ms delay) Bandwidth limit 10000 is outside supported range 0..1000 - ignoring
(10000.00Mbit 1ms delay) (1000.00Mbit 1ms delay) *** Error: Warning: sch_htb: quantum of class 50001 is big. Consider r2q change.
(1000.00Mbit 1ms delay) *** Error: Warning: sch_htb: quantum of class 50001 is big. Consider r2q change.
(1000.00Mbit 1ms delay) *** Error: Warning: sch_htb: quantum of class 50001 is big. Consider r2q change.
(1000.00Mbit 1ms delay) *** Error: Warning: sch_htb: quantum of class 50001 is big. Consider r2q change.
(1000.00Mbit 1ms delay) *** Error: Warning: sch_htb: quantum of class 50001 is big. Consider r2q change.
(1000.00Mbit 1ms delay) *** Error: Warning: sch_htb: quantum of class 50001 is big. Consider r2q change.
(1000.00Mbit 1ms delay) *** Error: Warning: sch_htb: quantum of class 50001 is big. Consider r2q change.
(1000.00Mbit 1ms delay) *** Error: Warning: sch_htb: quantum of class 50001 is big. Consider r2q change.
(1000.00Mbit 1ms delay) *** Error: Warning: sch_htb: quantum of class 50001 is big. Consider r2q change.
(1000.00Mbit 1ms delay) *** Error: Warning: sch_htb: quantum of class 50001 is big. Consider r2q change.
(1000.00Mbit 1ms delay) *** Error: Warning: sch_htb: quantum of class 50001 is big. Consider r2q change.
(1000.00Mbit 1ms delay) *** Error: Warning: sch_htb: quantum of class 50001 is big. Consider r2q change.
(1000.00Mbit 1ms delay) *** Error: Warning: sch_htb: quantum of class 50001 is big. Consider r2q change.
(1000.00Mbit 1ms delay) *** Error: Warning: sch_htb: quantum of class 50001 is big. Consider r2q change.
(1000.00Mbit 1ms delay) *** Error: Warning: sch_htb: quantum of class 50001 is big. Consider r2q change.
(1000.00Mbit 1ms delay) *** Error: Warning: sch_htb: quantum of class 50001 is big. Consider r2q change.
(1000.00Mbit 1ms delay) *** Error: Warning: sch_htb: quantum of class 50001 is big. Consider r2q change.
(1000.00Mbit 1ms delay) *** Error: Warning: sch_htb: quantum of class 50001 is big. Consider r2q change.
(1000.00Mbit 1ms delay) *** Error: Warning: sch_htb: quantum of class 50001 is big. Consider r2q change.
(1000.00Mbit 1ms delay) *** Error: Warning: sch_htb: quantum of class 50001 is big. Consider r2q change.
(1000.00Mbit 1ms delay) *** Error: Warning: sch_htb: quantum of class 50001 is big. Consider r2q change.
(1000.00Mbit 1ms delay) *** Error: Warning: sch_htb: quantum of class 50001 is big. Consider r2q change.
(1000.00Mbit 1ms delay) *** Error: Warning: sch_htb: quantum of class 50001 is big. Consider r2q change.
(1000.00Mbit 1ms delay) *** Error: Warning: sch_htb: quantum of class 50001 is big. Consider r2q change.
(1000.00Mbit 1ms delay) *** Error: Warning: sch_htb: quantum of class 50001 is big. Consider r2q change.
(1000.00Mbit 1ms delay) *** Error: Warning: sch_htb: quantum of class 50001 is big. Consider r2q change.
(1000.00Mbit 1ms delay) *** Error: Warning: sch_htb: quantum of class 50001 is big. Consider r2q change.
(1000.00Mbit 1ms delay) *** Error: Warning: sch_htb: quantum of class 50001 is big. Consider r2q change.
(1000.00Mbit 1ms delay) *** Error: Warning: sch_htb: quantum of class 50001 is big. Consider r2q change.
(1000.00Mbit 1ms delay) *** Error: Warning: sch_htb: quantum of class 50001 is big. Consider r2q change.
(1000.00Mbit 1ms delay) *** Error: Warning: sch_htb: quantum of class 50001 is big. Consider r2q change.
(1000.00Mbit 1ms delay) *** Error: Warning: sch_htb: quantum of class 50001 is big. Consider r2q change.
(1000.00Mbit 1ms delay) *** Error: Warning: sch_htb: quantum of class 50001 is big. Consider r2q change.
(1000.00Mbit 1ms delay) *** Error: Warning: sch_htb: quantum of class 50001 is big. Consider r2q change.

*** Network ready
*** Useful commands: nodes, links, net, pingall
*** Starting CLI:
mininet> [traffic] hosts: h1, h2, h3, h4, h5, h6, h7, h8, h9, h10, h11, h12, h13, h14, h15, h16
[traffic] pairs: [('h1', 'h16'), ('h2', 'h15')]
[traffic] pair_mode: ends flows_per_pair: 1 episodes: 50 seed: 1
[traffic] protocols: tcp, udp
[traffic] duration_s: 10 interval_s: 1
[traffic] concurrent: False
[traffic] writing incremental CSV /home/johndoe/Desktop/sdn-rl-routing/results/experiments/20260516-100015_abilene-imp-staged-50ep-weighted-linear-1000mbps-ping/01_staged_controller_abilene_imp/traffic.csv
[traffic] server tcp h16 port=5001
[traffic] server udp h16 port=6001
[traffic] server tcp h15 port=5002
[traffic] server udp h15 port=6002
[traffic] starting episode 1/50
[traffic] client udp h2->h15 port=6002
[traffic] result h2 -> h15 udp jitter_ms= 23.959 loss_pct= 0.28
[traffic] client tcp h1->h16 port=5001
[traffic] result h1 -> h16 tcp throughput_mbps= 944.0
[traffic] client tcp h2->h15 port=5002
[traffic] result h2 -> h15 tcp throughput_mbps= 947.0
[traffic] client udp h1->h16 port=6001
[traffic] result h1 -> h16 udp jitter_ms= 43.501 loss_pct= 1.2
[traffic] starting episode 2/50
[traffic] client udp h1->h16 port=6001
[traffic] result h1 -> h16 udp jitter_ms= 23.974 loss_pct= 0.12
[traffic] client tcp h2->h15 port=5002
[traffic] result h2 -> h15 tcp throughput_mbps= 944.0
[traffic] client tcp h1->h16 port=5001
[traffic] result h1 -> h16 tcp throughput_mbps= 947.0
[traffic] client udp h2->h15 port=6002
[traffic] result h2 -> h15 udp jitter_ms= 43.951 loss_pct= 2.0
[traffic] starting episode 3/50
[traffic] client udp h2->h15 port=6002
[traffic] result h2 -> h15 udp jitter_ms= 41.775 loss_pct= 0.2
[traffic] client udp h1->h16 port=6001
[traffic] result h1 -> h16 udp jitter_ms= 42.852 loss_pct= 1.8
[traffic] client tcp h2->h15 port=5002
[traffic] result h2 -> h15 tcp throughput_mbps= 946.0
[traffic] client tcp h1->h16 port=5001
[traffic] result h1 -> h16 tcp throughput_mbps= 944.0
[traffic] starting episode 4/50
[traffic] client tcp h2->h15 port=5002
[traffic] result h2 -> h15 tcp throughput_mbps= 947.0
[traffic] client udp h2->h15 port=6002
[traffic] result h2 -> h15 udp jitter_ms= 14.856 loss_pct= 0.27
[traffic] client udp h1->h16 port=6001
[traffic] result h1 -> h16 udp jitter_ms= 29.5 loss_pct= 0.21
[traffic] client tcp h1->h16 port=5001
[traffic] result h1 -> h16 tcp throughput_mbps= 948.0
[traffic] starting episode 5/50
[traffic] client udp h1->h16 port=6001
[traffic] result h1 -> h16 udp jitter_ms= 21.938 loss_pct= 0.37
[traffic] client tcp h1->h16 port=5001
[traffic] result h1 -> h16 tcp throughput_mbps= 947.0
[traffic] client tcp h2->h15 port=5002
[traffic] result h2 -> h15 tcp throughput_mbps= 947.0
[traffic] client udp h2->h15 port=6002
[traffic] result h2 -> h15 udp jitter_ms= 35.061 loss_pct= 0.073
[traffic] starting episode 6/50
[traffic] client tcp h2->h15 port=5002
[traffic] result h2 -> h15 tcp throughput_mbps= 947.0
[traffic] client tcp h1->h16 port=5001
[traffic] result h1 -> h16 tcp throughput_mbps= 947.0
[traffic] client udp h1->h16 port=6001
[traffic] result h1 -> h16 udp jitter_ms= 23.718 loss_pct= 0.43
[traffic] client udp h2->h15 port=6002
[traffic] result h2 -> h15 udp jitter_ms= 15.45 loss_pct= 0.2
[traffic] starting episode 7/50
[traffic] client udp h2->h15 port=6002
[traffic] result h2 -> h15 udp jitter_ms= 38.294 loss_pct= 0.32
[traffic] client udp h1->h16 port=6001
[traffic] result h1 -> h16 udp jitter_ms= 44.736 loss_pct= 0.35
[traffic] client tcp h1->h16 port=5001
[traffic] result h1 -> h16 tcp throughput_mbps= 946.0
[traffic] client tcp h2->h15 port=5002
[traffic] result h2 -> h15 tcp throughput_mbps= 947.0
[traffic] starting episode 8/50
[traffic] client tcp h1->h16 port=5001
[traffic] result h1 -> h16 tcp throughput_mbps= 948.0
[traffic] client udp h2->h15 port=6002
[traffic] result h2 -> h15 udp jitter_ms= 41.852 loss_pct= 0.99
[traffic] client tcp h2->h15 port=5002
[traffic] result h2 -> h15 tcp throughput_mbps= 945.0
[traffic] client udp h1->h16 port=6001
[traffic] result h1 -> h16 udp jitter_ms= 21.169 loss_pct= 0.18
[traffic] starting episode 9/50
[traffic] client udp h1->h16 port=6001
[traffic] result h1 -> h16 udp jitter_ms= 29.302 loss_pct= 0.38
[traffic] client tcp h1->h16 port=5001
[traffic] result h1 -> h16 tcp throughput_mbps= 947.0
[traffic] client tcp h2->h15 port=5002
[traffic] result h2 -> h15 tcp throughput_mbps= 948.0
[traffic] client udp h2->h15 port=6002
[traffic] result h2 -> h15 udp jitter_ms= 20.155 loss_pct= 0.26
[traffic] starting episode 10/50
[traffic] client udp h1->h16 port=6001
[traffic] result h1 -> h16 udp jitter_ms= 22.546 loss_pct= 0.22
[traffic] client tcp h1->h16 port=5001
[traffic] result h1 -> h16 tcp throughput_mbps= 947.0
[traffic] client tcp h2->h15 port=5002
[traffic] result h2 -> h15 tcp throughput_mbps= 948.0
[traffic] client udp h2->h15 port=6002
[traffic] result h2 -> h15 udp jitter_ms= 28.054 loss_pct= 0.19
[traffic] starting episode 11/50
[traffic] client tcp h1->h16 port=5001
[traffic] result h1 -> h16 tcp throughput_mbps= 948.0
[traffic] client tcp h2->h15 port=5002
[traffic] result h2 -> h15 tcp throughput_mbps= 947.0
[traffic] client udp h2->h15 port=6002
[traffic] result h2 -> h15 udp jitter_ms= 21.658 loss_pct= 0.25
[traffic] client udp h1->h16 port=6001
[traffic] result h1 -> h16 udp jitter_ms= 34.242 loss_pct= 0.16
[traffic] starting episode 12/50
[traffic] client tcp h1->h16 port=5001
[traffic] result h1 -> h16 tcp throughput_mbps= 943.0
[traffic] client udp h2->h15 port=6002
[traffic] result h2 -> h15 udp jitter_ms= 42.399 loss_pct= 0.34
[traffic] client tcp h2->h15 port=5002
[traffic] result h2 -> h15 tcp throughput_mbps= 948.0
[traffic] client udp h1->h16 port=6001
[traffic] result h1 -> h16 udp jitter_ms= 44.697 loss_pct= 0.56
[traffic] starting episode 13/50
[traffic] client tcp h1->h16 port=5001
[traffic] result h1 -> h16 tcp throughput_mbps= 946.0
[traffic] client udp h1->h16 port=6001
[traffic] result h1 -> h16 udp jitter_ms= 23.072 loss_pct= 0.52
[traffic] client udp h2->h15 port=6002
[traffic] result h2 -> h15 udp jitter_ms= 44.157 loss_pct= 0.16
[traffic] client tcp h2->h15 port=5002
[traffic] result h2 -> h15 tcp throughput_mbps= 947.0
[traffic] starting episode 14/50
[traffic] client udp h1->h16 port=6001
[traffic] result h1 -> h16 udp jitter_ms= 14.85 loss_pct= 0.29
[traffic] client tcp h2->h15 port=5002
[traffic] result h2 -> h15 tcp throughput_mbps= 947.0
[traffic] client udp h2->h15 port=6002
[traffic] result h2 -> h15 udp jitter_ms= 23.201 loss_pct= 0.5
[traffic] client tcp h1->h16 port=5001
[traffic] result h1 -> h16 tcp throughput_mbps= 947.0
[traffic] starting episode 15/50
[traffic] client tcp h1->h16 port=5001
[traffic] result h1 -> h16 tcp throughput_mbps= 947.0
[traffic] client udp h2->h15 port=6002
[traffic] result h2 -> h15 udp jitter_ms= 19.17 loss_pct= 0.33
[traffic] client udp h1->h16 port=6001
[traffic] result h1 -> h16 udp jitter_ms= 32.422 loss_pct= 0.52
[traffic] client tcp h2->h15 port=5002
[traffic] result h2 -> h15 tcp throughput_mbps= 946.0
[traffic] starting episode 16/50
[traffic] client udp h1->h16 port=6001
[traffic] result h1 -> h16 udp jitter_ms= 20.451 loss_pct= 0.17
[traffic] client tcp h1->h16 port=5001
[traffic] result h1 -> h16 tcp throughput_mbps= 948.0
[traffic] client tcp h2->h15 port=5002
[traffic] result h2 -> h15 tcp throughput_mbps= 948.0
[traffic] client udp h2->h15 port=6002
[traffic] result h2 -> h15 udp jitter_ms= 28.816 loss_pct= 0.29
[traffic] starting episode 17/50
[traffic] client udp h2->h15 port=6002
[traffic] result h2 -> h15 udp jitter_ms= 31.585 loss_pct= 0.19
[traffic] client tcp h2->h15 port=5002
[traffic] result h2 -> h15 tcp throughput_mbps= 947.0
[traffic] client udp h1->h16 port=6001
[traffic] result h1 -> h16 udp jitter_ms= 55.537 loss_pct= 0.39
[traffic] client tcp h1->h16 port=5001
[traffic] result h1 -> h16 tcp throughput_mbps= 947.0
[traffic] starting episode 18/50
[traffic] client tcp h1->h16 port=5001
[traffic] result h1 -> h16 tcp throughput_mbps= 947.0
[traffic] client tcp h2->h15 port=5002
[traffic] result h2 -> h15 tcp throughput_mbps= 948.0
[traffic] client udp h1->h16 port=6001
[traffic] result h1 -> h16 udp jitter_ms= 19.746 loss_pct= 0.041
[traffic] client udp h2->h15 port=6002
[traffic] result h2 -> h15 udp jitter_ms= 25.063 loss_pct= 0.12
[traffic] starting episode 19/50
[traffic] client udp h2->h15 port=6002
[traffic] result h2 -> h15 udp jitter_ms= 37.059 loss_pct= 0.13
[traffic] client tcp h1->h16 port=5001
[traffic] result h1 -> h16 tcp throughput_mbps= 947.0
[traffic] client udp h1->h16 port=6001
[traffic] result h1 -> h16 udp jitter_ms= 44.624 loss_pct= 0.55
[traffic] client tcp h2->h15 port=5002
[traffic] result h2 -> h15 tcp throughput_mbps= 947.0
[traffic] starting episode 20/50
[traffic] client tcp h2->h15 port=5002
[traffic] result h2 -> h15 tcp throughput_mbps= 948.0
[traffic] client udp h2->h15 port=6002
[traffic] result h2 -> h15 udp jitter_ms= 40.166 loss_pct= 0.24
[traffic] client tcp h1->h16 port=5001
[traffic] result h1 -> h16 tcp throughput_mbps= 947.0
[traffic] client udp h1->h16 port=6001
[traffic] result h1 -> h16 udp jitter_ms= 41.375 loss_pct= 0.2
[traffic] starting episode 21/50
[traffic] client tcp h2->h15 port=5002
[traffic] result h2 -> h15 tcp throughput_mbps= 947.0
[traffic] client udp h2->h15 port=6002
[traffic] result h2 -> h15 udp jitter_ms= 20.024 loss_pct= 0.2
[traffic] client udp h1->h16 port=6001
[traffic] result h1 -> h16 udp jitter_ms= 42.535 loss_pct= 1.6
[traffic] client tcp h1->h16 port=5001
[traffic] result h1 -> h16 tcp throughput_mbps= 944.0
[traffic] starting episode 22/50
[traffic] client tcp h1->h16 port=5001
[traffic] result h1 -> h16 tcp throughput_mbps= 947.0
[traffic] client tcp h2->h15 port=5002
[traffic] result h2 -> h15 tcp throughput_mbps= 947.0
[traffic] client udp h2->h15 port=6002
[traffic] result h2 -> h15 udp jitter_ms= 25.438 loss_pct= 0.16
[traffic] client udp h1->h16 port=6001
[traffic] result h1 -> h16 udp jitter_ms= 15.383 loss_pct= 0.44
[traffic] starting episode 23/50
[traffic] client tcp h1->h16 port=5001
[traffic] result h1 -> h16 tcp throughput_mbps= 947.0
[traffic] client udp h2->h15 port=6002
[traffic] result h2 -> h15 udp jitter_ms= 36.863 loss_pct= 0.32
[traffic] client tcp h2->h15 port=5002
[traffic] result h2 -> h15 tcp throughput_mbps= 947.0
[traffic] client udp h1->h16 port=6001
[traffic] result h1 -> h16 udp jitter_ms= 28.25 loss_pct= 0.3
[traffic] starting episode 24/50
[traffic] client tcp h2->h15 port=5002
[traffic] result h2 -> h15 tcp throughput_mbps= 948.0
[traffic] client tcp h1->h16 port=5001
[traffic] result h1 -> h16 tcp throughput_mbps= 945.0
[traffic] client udp h1->h16 port=6001
[traffic] result h1 -> h16 udp jitter_ms= 44.966 loss_pct= 1.1
[traffic] client udp h2->h15 port=6002
[traffic] result h2 -> h15 udp jitter_ms= 26.369 loss_pct= 0.24
[traffic] starting episode 25/50
[traffic] client tcp h2->h15 port=5002
[traffic] result h2 -> h15 tcp throughput_mbps= 946.0
[traffic] client tcp h1->h16 port=5001
[traffic] result h1 -> h16 tcp throughput_mbps= 948.0
[traffic] client udp h2->h15 port=6002
[traffic] result h2 -> h15 udp jitter_ms= 19.923 loss_pct= 0.38
[traffic] client udp h1->h16 port=6001
[traffic] result h1 -> h16 udp jitter_ms= 21.362 loss_pct= 0.14
[traffic] starting episode 26/50
[traffic] client udp h1->h16 port=6001
[traffic] result h1 -> h16 udp jitter_ms= 30.724 loss_pct= 0.1
[traffic] client tcp h2->h15 port=5002
[traffic] result h2 -> h15 tcp throughput_mbps= 943.0
[traffic] client tcp h1->h16 port=5001
[traffic] result h1 -> h16 tcp throughput_mbps= 947.0
[traffic] client udp h2->h15 port=6002
[traffic] result h2 -> h15 udp jitter_ms= 37.482 loss_pct= 2.1
[traffic] starting episode 27/50
[traffic] client tcp h1->h16 port=5001
[traffic] result h1 -> h16 tcp throughput_mbps= 944.0
[traffic] client tcp h2->h15 port=5002
[traffic] result h2 -> h15 tcp throughput_mbps= 944.0
[traffic] client udp h2->h15 port=6002
[traffic] result h2 -> h15 udp jitter_ms= 44.04 loss_pct= 0.4
[traffic] client udp h1->h16 port=6001
[traffic] result h1 -> h16 udp jitter_ms= 42.667 loss_pct= 1.1
[traffic] starting episode 28/50
[traffic] client udp h1->h16 port=6001
[traffic] result h1 -> h16 udp jitter_ms= 39.618 loss_pct= 0.12
[traffic] client tcp h2->h15 port=5002
[traffic] result h2 -> h15 tcp throughput_mbps= 944.0
[traffic] client tcp h1->h16 port=5001
[traffic] result h1 -> h16 tcp throughput_mbps= 948.0
[traffic] client udp h2->h15 port=6002
[traffic] result h2 -> h15 udp jitter_ms= 42.552 loss_pct= 1.3
[traffic] starting episode 29/50
[traffic] client tcp h2->h15 port=5002
[traffic] result h2 -> h15 tcp throughput_mbps= 947.0
[traffic] client udp h1->h16 port=6001
[traffic] result h1 -> h16 udp jitter_ms= 43.312 loss_pct= 0.86
[traffic] client tcp h1->h16 port=5001
[traffic] result h1 -> h16 tcp throughput_mbps= 944.0
[traffic] client udp h2->h15 port=6002
[traffic] result h2 -> h15 udp jitter_ms= 15.027 loss_pct= 0.22
[traffic] starting episode 30/50
[traffic] client tcp h2->h15 port=5002
[traffic] result h2 -> h15 tcp throughput_mbps= 944.0
[traffic] client udp h1->h16 port=6001
[traffic] result h1 -> h16 udp jitter_ms= 43.944 loss_pct= 1.2
[traffic] client udp h2->h15 port=6002
[traffic] result h2 -> h15 udp jitter_ms= 43.039 loss_pct= 0.4
[traffic] client tcp h1->h16 port=5001
[traffic] result h1 -> h16 tcp throughput_mbps= 944.0
[traffic] starting episode 31/50
[traffic] client udp h1->h16 port=6001
[traffic] result h1 -> h16 udp jitter_ms= 43.494 loss_pct= 1.5
[traffic] client udp h2->h15 port=6002
[traffic] result h2 -> h15 udp jitter_ms= 43.303 loss_pct= 0.6
[traffic] client tcp h1->h16 port=5001
[traffic] result h1 -> h16 tcp throughput_mbps= 943.0
[traffic] client tcp h2->h15 port=5002
[traffic] result h2 -> h15 tcp throughput_mbps= 944.0
[traffic] starting episode 32/50
[traffic] client tcp h1->h16 port=5001
[traffic] result h1 -> h16 tcp throughput_mbps= 944.0
[traffic] client udp h2->h15 port=6002
[traffic] result h2 -> h15 udp jitter_ms= 42.189 loss_pct= 0.42
[traffic] client tcp h2->h15 port=5002
[traffic] result h2 -> h15 tcp throughput_mbps= 945.0
[traffic] client udp h1->h16 port=6001
[traffic] result h1 -> h16 udp jitter_ms= 43.03 loss_pct= 1.1
[traffic] starting episode 33/50
[traffic] client tcp h2->h15 port=5002
[traffic] result h2 -> h15 tcp throughput_mbps= 943.0
[traffic] client udp h2->h15 port=6002
[traffic] result h2 -> h15 udp jitter_ms= 42.353 loss_pct= 2.9
[traffic] client udp h1->h16 port=6001
[traffic] result h1 -> h16 udp jitter_ms= 43.789 loss_pct= 1.5
[traffic] client tcp h1->h16 port=5001
[traffic] result h1 -> h16 tcp throughput_mbps= 943.0
[traffic] starting episode 34/50
[traffic] client udp h1->h16 port=6001
[traffic] result h1 -> h16 udp jitter_ms= 32.566 loss_pct= 0.3
[traffic] client tcp h1->h16 port=5001
[traffic] result h1 -> h16 tcp throughput_mbps= 947.0
[traffic] client tcp h2->h15 port=5002
[traffic] result h2 -> h15 tcp throughput_mbps= 945.0
[traffic] client udp h2->h15 port=6002
[traffic] result h2 -> h15 udp jitter_ms= 43.764 loss_pct= 1.3
[traffic] starting episode 35/50
[traffic] client tcp h2->h15 port=5002
[traffic] result h2 -> h15 tcp throughput_mbps= 944.0
[traffic] client udp h1->h16 port=6001
[traffic] result h1 -> h16 udp jitter_ms= 44.121 loss_pct= 1.2
[traffic] client tcp h1->h16 port=5001
[traffic] result h1 -> h16 tcp throughput_mbps= 944.0
[traffic] client udp h2->h15 port=6002
[traffic] result h2 -> h15 udp jitter_ms= 44.507 loss_pct= 0.73
[traffic] starting episode 36/50
[traffic] client tcp h2->h15 port=5002
[traffic] result h2 -> h15 tcp throughput_mbps= 945.0
[traffic] client udp h2->h15 port=6002
[traffic] result h2 -> h15 udp jitter_ms= 45.359 loss_pct= 1.4
[traffic] client tcp h1->h16 port=5001
[traffic] result h1 -> h16 tcp throughput_mbps= 943.0
[traffic] client udp h1->h16 port=6001
[traffic] result h1 -> h16 udp jitter_ms= 42.588 loss_pct= 1.3
[traffic] starting episode 37/50
[traffic] client tcp h2->h15 port=5002
[traffic] result h2 -> h15 tcp throughput_mbps= 944.0
[traffic] client udp h1->h16 port=6001
[traffic] result h1 -> h16 udp jitter_ms= 41.305 loss_pct= 1.5
[traffic] client tcp h1->h16 port=5001
[traffic] result h1 -> h16 tcp throughput_mbps= 945.0
[traffic] client udp h2->h15 port=6002
[traffic] result h2 -> h15 udp jitter_ms= 43.696 loss_pct= 0.49
[traffic] starting episode 38/50
[traffic] client tcp h1->h16 port=5001
[traffic] result h1 -> h16 tcp throughput_mbps= 945.0
[traffic] client udp h1->h16 port=6001
[traffic] result h1 -> h16 udp jitter_ms= 44.77 loss_pct= 1.8
[traffic] client udp h2->h15 port=6002
[traffic] result h2 -> h15 udp jitter_ms= 44.615 loss_pct= 1.1
[traffic] client tcp h2->h15 port=5002
[traffic] result h2 -> h15 tcp throughput_mbps= 945.0
[traffic] starting episode 39/50
[traffic] client udp h1->h16 port=6001
[traffic] result h1 -> h16 udp jitter_ms= 43.666 loss_pct= 0.92
[traffic] client tcp h2->h15 port=5002
[traffic] result h2 -> h15 tcp throughput_mbps= 944.0
[traffic] client udp h2->h15 port=6002
[traffic] result h2 -> h15 udp jitter_ms= 43.895 loss_pct= 1.3
[traffic] client tcp h1->h16 port=5001
[traffic] result h1 -> h16 tcp throughput_mbps= 944.0
[traffic] starting episode 40/50
[traffic] client tcp h1->h16 port=5001
[traffic] result h1 -> h16 tcp throughput_mbps= 943.0
[traffic] client udp h1->h16 port=6001
[traffic] result h1 -> h16 udp jitter_ms= 42.893 loss_pct= 0.31
[traffic] client udp h2->h15 port=6002
[traffic] result h2 -> h15 udp jitter_ms= 44.096 loss_pct= 0.49
[traffic] client tcp h2->h15 port=5002
[traffic] result h2 -> h15 tcp throughput_mbps= 944.0
[traffic] starting episode 41/50
[traffic] client udp h1->h16 port=6001
[traffic] result h1 -> h16 udp jitter_ms= 43.546 loss_pct= 1.2
[traffic] client tcp h2->h15 port=5002
[traffic] result h2 -> h15 tcp throughput_mbps= 944.0
[traffic] client tcp h1->h16 port=5001
[traffic] result h1 -> h16 tcp throughput_mbps= 943.0
[traffic] client udp h2->h15 port=6002
[traffic] result h2 -> h15 udp jitter_ms= 33.481 loss_pct= 1.3
[traffic] starting episode 42/50
[traffic] client tcp h2->h15 port=5002
[traffic] result h2 -> h15 tcp throughput_mbps= 944.0
[traffic] client udp h2->h15 port=6002
[traffic] result h2 -> h15 udp jitter_ms= 42.354 loss_pct= 0.58
[traffic] client tcp h1->h16 port=5001
[traffic] result h1 -> h16 tcp throughput_mbps= 944.0
[traffic] client udp h1->h16 port=6001
[traffic] result h1 -> h16 udp jitter_ms= 30.11 loss_pct= 1.3
[traffic] starting episode 43/50
[traffic] client udp h1->h16 port=6001
[traffic] result h1 -> h16 udp jitter_ms= 29.444 loss_pct= 0.83
[traffic] client udp h2->h15 port=6002
[traffic] result h2 -> h15 udp jitter_ms= 56.311 loss_pct= 0.52
[traffic] client tcp h2->h15 port=5002
[traffic] result h2 -> h15 tcp throughput_mbps= 948.0
[traffic] client tcp h1->h16 port=5001
[traffic] result h1 -> h16 tcp throughput_mbps= 948.0
[traffic] starting episode 44/50
[traffic] client udp h1->h16 port=6001
[traffic] result h1 -> h16 udp jitter_ms= 42.176 loss_pct= 0.49
[traffic] client tcp h1->h16 port=5001
[traffic] result h1 -> h16 tcp throughput_mbps= 944.0
[traffic] client udp h2->h15 port=6002
[traffic] result h2 -> h15 udp jitter_ms= 25.064 loss_pct= 0.27
[traffic] client tcp h2->h15 port=5002
[traffic] result h2 -> h15 tcp throughput_mbps= 948.0
[traffic] starting episode 45/50
[traffic] client udp h1->h16 port=6001
[traffic] result h1 -> h16 udp jitter_ms= 44.82 loss_pct= 0.85
[traffic] client udp h2->h15 port=6002
[traffic] result h2 -> h15 udp jitter_ms= 43.466 loss_pct= 0.77
[traffic] client tcp h1->h16 port=5001
[traffic] result h1 -> h16 tcp throughput_mbps= 944.0
[traffic] client tcp h2->h15 port=5002
[traffic] result h2 -> h15 tcp throughput_mbps= 944.0
[traffic] starting episode 46/50
[traffic] client udp h1->h16 port=6001
[traffic] result h1 -> h16 udp jitter_ms= 43.908 loss_pct= 0.59
[traffic] client tcp h2->h15 port=5002
[traffic] result h2 -> h15 tcp throughput_mbps= 944.0
[traffic] client udp h2->h15 port=6002
[traffic] result h2 -> h15 udp jitter_ms= 42.558 loss_pct= 0.74
[traffic] client tcp h1->h16 port=5001
[traffic] result h1 -> h16 tcp throughput_mbps= 945.0
[traffic] starting episode 47/50
[traffic] client udp h1->h16 port=6001
[traffic] result h1 -> h16 udp jitter_ms= 44.192 loss_pct= 0.85
[traffic] client tcp h2->h15 port=5002
[traffic] result h2 -> h15 tcp throughput_mbps= 945.0
[traffic] client tcp h1->h16 port=5001
[traffic] result h1 -> h16 tcp throughput_mbps= 943.0
[traffic] client udp h2->h15 port=6002
[traffic] result h2 -> h15 udp jitter_ms= 38.256 loss_pct= 0.68
[traffic] starting episode 48/50
[traffic] client tcp h1->h16 port=5001
[traffic] result h1 -> h16 tcp throughput_mbps= 944.0
[traffic] client udp h1->h16 port=6001
[traffic] result h1 -> h16 udp jitter_ms= 45.07 loss_pct= 0.71
[traffic] client tcp h2->h15 port=5002
[traffic] result h2 -> h15 tcp throughput_mbps= 943.0
[traffic] client udp h2->h15 port=6002
[traffic] result h2 -> h15 udp jitter_ms= 43.436 loss_pct= 1.3
[traffic] starting episode 49/50
[traffic] client tcp h1->h16 port=5001
[traffic] result h1 -> h16 tcp throughput_mbps= 944.0
[traffic] client udp h2->h15 port=6002
[traffic] result h2 -> h15 udp jitter_ms= 43.029 loss_pct= 2.0
[traffic] client tcp h2->h15 port=5002
[traffic] result h2 -> h15 tcp throughput_mbps= 944.0
[traffic] client udp h1->h16 port=6001
[traffic] result h1 -> h16 udp jitter_ms= 44.206 loss_pct= 0.77
[traffic] starting episode 50/50
[traffic] client tcp h1->h16 port=5001
[traffic] result h1 -> h16 tcp throughput_mbps= 944.0
[traffic] client udp h1->h16 port=6001
[traffic] result h1 -> h16 udp jitter_ms= 44.077 loss_pct= 1.1
[traffic] client udp h2->h15 port=6002
[traffic] result h2 -> h15 udp jitter_ms= 38.866 loss_pct= 0.96
[traffic] client tcp h2->h15 port=5002
[traffic] result h2 -> h15 tcp throughput_mbps= 944.0
[traffic] wrote /home/johndoe/Desktop/sdn-rl-routing/results/experiments/20260516-100015_abilene-imp-staged-50ep-weighted-linear-1000mbps-ping/01_staged_controller_abilene_imp/traffic.csv
[traffic] wrote completion marker /home/johndoe/Desktop/sdn-rl-routing/results/experiments/20260516-100015_abilene-imp-staged-50ep-weighted-linear-1000mbps-ping/01_staged_controller_abilene_imp/traffic.csv.done
mininet> *** Stopping network
*** Stopping 1 controllers
ctrl 
*** Stopping 48 links
................................................
*** Stopping 20 switches
c0 c1 c2 c3 a1 a2 a3 a4 a5 a6 a7 a8 e1 e2 e3 e4 e5 e6 e7 e8 
*** Stopping 16 hosts
h1 h2 h3 h4 h5 h6 h7 h8 h9 h10 h11 h12 h13 h14 h15 h16 
*** Done
