loading app /home/johndoe/Desktop/sdn-rl-routing/controllers/staged_controller.py
loading app ryu.controller.ofp_handler
instantiating app /home/johndoe/Desktop/sdn-rl-routing/controllers/staged_controller.py of StagedController
Loaded topology: abilene_imp
Switches: ['c0', 'c1', 'c2', 'c3', 'a1', 'a2', 'a3', 'a4', 'a5', 'a6', 'a7', 'a8', 'e1', 'e2', 'e3', 'e4', 'e5', 'e6', 'e7', 'e8']
Hosts: ['h1', 'h2', 'h3', 'h4', 'h5', 'h6', 'h7', 'h8', 'h9', 'h10', 'h11', 'h12', 'h13', 'h14', 'h15', 'h16']
Staged config: explore_decisions=50 min_weighted_explore_rewards=10 alpha=0.1 epsilon_schedule=FixedEpsilon(epsilon=0.1) epsilon=0.1 path_cutoff=6 learned_flow_idle_timeout=1 reward_mode=weighted
Weighted QoS feedback listener started on 127.0.0.1:9999 profile=balanced
instantiating app ryu.controller.ofp_handler of OFPHandler
Switch connected: dpid=1
Switch connected: dpid=2
Switch connected: dpid=3
Switch connected: dpid=4
Switch connected: dpid=5
Switch connected: dpid=6
Switch connected: dpid=7
Switch connected: dpid=8
Switch connected: dpid=9
Switch connected: dpid=10
Switch connected: dpid=11
Switch connected: dpid=12
Switch connected: dpid=13
Switch connected: dpid=14
Switch connected: dpid=15
Switch connected: dpid=16
Switch connected: dpid=17
Switch connected: dpid=18
Switch connected: dpid=19
Switch connected: dpid=20
Flow feedback window started key=(1, 'e1-h2-h15-g1') protocol=udp
Invalidated measured flow rules key=(1, 'e1-h2-h15-g1') hosts=h2<->h15 protocol=udp port=6002 datapaths=20
Exploitation selected path (best_q=0.000 candidates=20): e1 -> a2 -> c2 -> a8 -> e7 -> a7 -> e8
R-Learner decision=1 queued weighted Q feedback for h2 -> h15 path=e1 -> a2 -> c2 -> a8 -> e7 -> a7 -> e8 (install=True forward=True)
Flow feedback window started key=(1, 'e1-h1-h16-g0') protocol=tcp
Invalidated measured flow rules key=(1, 'e1-h1-h16-g0') hosts=h1<->h16 protocol=tcp port=5001 datapaths=20
Exploitation selected path (best_q=0.000 candidates=20): e1 -> a2 -> c2 -> a4 -> c3 -> a8 -> e8
R-Learner decision=2 queued weighted Q feedback for h1 -> h16 path=e1 -> a2 -> c2 -> a4 -> c3 -> a8 -> e8 (install=True forward=True)
Flow feedback window started key=(1, 'e1-h2-h15-g1') protocol=tcp
Invalidated measured flow rules key=(1, 'e1-h2-h15-g1') hosts=h2<->h15 protocol=tcp port=5002 datapaths=20
Q-update state=('a7', 'e8') action_len=2 reward=-0.09999999999999998 target=-0.100 old_q=0.000 new_q=-0.010
Q-update state=('e7', 'e8') action_len=3 reward=-0.09999999999999998 target=0.000 old_q=0.000 new_q=0.000
Q-update state=('a8', 'e8') action_len=4 reward=-0.09999999999999998 target=0.000 old_q=0.000 new_q=0.000
Q-update state=('c2', 'e8') action_len=5 reward=-0.09999999999999998 target=0.000 old_q=0.000 new_q=0.000
Q-update state=('a2', 'e8') action_len=6 reward=-0.09999999999999998 target=0.000 old_q=0.000 new_q=0.000
Q-update state=('e1', 'e8') action_len=7 reward=-0.09999999999999998 target=0.000 old_q=0.000 new_q=0.000
Q-update state=('a2', 'e1') action_len=2 reward=-0.09999999999999998 target=-0.100 old_q=0.000 new_q=-0.010
Q-update state=('c2', 'e1') action_len=3 reward=-0.09999999999999998 target=0.000 old_q=0.000 new_q=0.000
Q-update state=('a8', 'e1') action_len=4 reward=-0.09999999999999998 target=0.000 old_q=0.000 new_q=0.000
Q-update state=('e7', 'e1') action_len=5 reward=-0.09999999999999998 target=0.000 old_q=0.000 new_q=0.000
Q-update state=('a7', 'e1') action_len=6 reward=-0.09999999999999998 target=0.000 old_q=0.000 new_q=0.000
Q-update state=('e8', 'e1') action_len=7 reward=-0.09999999999999998 target=0.000 old_q=0.000 new_q=0.000
Live weighted QoS reward for h2 -> h15: -0.100 metrics={'jitter_ms': 4.447, 'plr_pct': 0.0, 'rtt_ms': 172.716, 'throughput_gbps': 0.095} update=q
Flow feedback window started key=(1, 'e1-h1-h16-g0') protocol=udp
Invalidated measured flow rules key=(1, 'e1-h1-h16-g0') hosts=h1<->h16 protocol=udp port=6001 datapaths=20
Q-update state=('a8', 'e8') action_len=2 reward=0.125 target=0.125 old_q=0.000 new_q=0.013
Q-update state=('c3', 'e8') action_len=3 reward=0.125 target=0.010 old_q=0.000 new_q=0.001
Q-update state=('a4', 'e8') action_len=4 reward=0.125 target=0.001 old_q=0.000 new_q=0.000
Q-update state=('c2', 'e8') action_len=5 reward=0.125 target=0.000 old_q=0.000 new_q=0.000
Q-update state=('a2', 'e8') action_len=6 reward=0.125 target=0.000 old_q=0.000 new_q=0.000
Q-update state=('e1', 'e8') action_len=7 reward=0.125 target=0.000 old_q=0.000 new_q=0.000
Q-update state=('a2', 'e1') action_len=2 reward=0.125 target=0.125 old_q=-0.010 new_q=0.004
Q-update state=('c2', 'e1') action_len=3 reward=0.125 target=0.003 old_q=0.000 new_q=0.000
Q-update state=('a4', 'e1') action_len=4 reward=0.125 target=0.000 old_q=0.000 new_q=0.000
Q-update state=('c3', 'e1') action_len=5 reward=0.125 target=0.000 old_q=0.000 new_q=0.000
Q-update state=('a8', 'e1') action_len=6 reward=0.125 target=0.000 old_q=0.000 new_q=0.000
Q-update state=('e8', 'e1') action_len=7 reward=0.125 target=0.000 old_q=0.000 new_q=0.000
Live weighted QoS reward for h1 -> h16: 0.125 metrics={'throughput_gbps': 0.095, 'rtt_ms': 92.198, 'jitter_ms': 1.456, 'plr_pct': 0.0} update=q
Flow feedback window started key=(2, 'e2-h1-h16-g0') protocol=udp
Invalidated measured flow rules key=(2, 'e2-h1-h16-g0') hosts=h1<->h16 protocol=udp port=6001 datapaths=20
Exploitation selected path (best_q=0.000 candidates=1): e1 -> a2 -> c2 -> a4 -> c3 -> a8 -> e8
R-Learner decision=3 queued weighted Q feedback for h1 -> h16 path=e1 -> a2 -> c2 -> a4 -> c3 -> a8 -> e8 (install=True forward=True)
Flow feedback window started key=(2, 'e2-h2-h15-g1') protocol=tcp
Invalidated measured flow rules key=(2, 'e2-h2-h15-g1') hosts=h2<->h15 protocol=tcp port=5002 datapaths=20
Exploration selected path: e1 -> a1 -> c0 -> a3 -> c1 -> a7 -> e8
R-Learner decision=4 queued weighted Q feedback for h2 -> h15 path=e1 -> a1 -> c0 -> a3 -> c1 -> a7 -> e8 (install=True forward=True)
Flow feedback window started key=(2, 'e2-h1-h16-g0') protocol=tcp
Invalidated measured flow rules key=(2, 'e2-h1-h16-g0') hosts=h1<->h16 protocol=tcp port=5001 datapaths=20
Q-update state=('a8', 'e8') action_len=2 reward=-0.18748746238716146 target=-0.187 old_q=0.013 new_q=-0.007
Q-update state=('c3', 'e8') action_len=3 reward=-0.18748746238716146 target=0.000 old_q=0.001 new_q=0.001
Q-update state=('a4', 'e8') action_len=4 reward=-0.18748746238716146 target=0.001 old_q=0.000 new_q=0.000
Q-update state=('c2', 'e8') action_len=5 reward=-0.18748746238716146 target=0.000 old_q=0.000 new_q=0.000
Q-update state=('a2', 'e8') action_len=6 reward=-0.18748746238716146 target=0.000 old_q=0.000 new_q=0.000
Q-update state=('e1', 'e8') action_len=7 reward=-0.18748746238716146 target=0.000 old_q=0.000 new_q=0.000
Q-update state=('a2', 'e1') action_len=2 reward=-0.18748746238716146 target=-0.187 old_q=0.004 new_q=-0.016
Q-update state=('c2', 'e1') action_len=3 reward=-0.18748746238716146 target=0.000 old_q=0.000 new_q=0.000
Q-update state=('a4', 'e1') action_len=4 reward=-0.18748746238716146 target=0.000 old_q=0.000 new_q=0.000
Q-update state=('c3', 'e1') action_len=5 reward=-0.18748746238716146 target=0.000 old_q=0.000 new_q=0.000
Q-update state=('a8', 'e1') action_len=6 reward=-0.18748746238716146 target=0.000 old_q=0.000 new_q=0.000
Q-update state=('e8', 'e1') action_len=7 reward=-0.18748746238716146 target=0.000 old_q=0.000 new_q=0.000
Live weighted QoS reward for h1 -> h16: -0.187 metrics={'jitter_ms': 1.705, 'plr_pct': 0.0, 'rtt_ms': 185.464, 'throughput_gbps': 0.095} update=q
Flow feedback window started key=(2, 'e2-h2-h15-g1') protocol=udp
Invalidated measured flow rules key=(2, 'e2-h2-h15-g1') hosts=h2<->h15 protocol=udp port=6002 datapaths=20
Q-update state=('a7', 'e8') action_len=2 reward=0.2593607947338251 target=0.259 old_q=-0.010 new_q=0.017
Q-update state=('c1', 'e8') action_len=3 reward=0.2593607947338251 target=0.014 old_q=0.000 new_q=0.001
Q-update state=('a3', 'e8') action_len=4 reward=0.2593607947338251 target=0.001 old_q=0.000 new_q=0.000
Q-update state=('c0', 'e8') action_len=5 reward=0.2593607947338251 target=0.000 old_q=0.000 new_q=0.000
Q-update state=('a1', 'e8') action_len=6 reward=0.2593607947338251 target=0.000 old_q=0.000 new_q=0.000
Q-update state=('e1', 'e8') action_len=7 reward=0.2593607947338251 target=0.000 old_q=0.000 new_q=0.000
Q-update state=('a1', 'e1') action_len=2 reward=0.2593607947338251 target=0.259 old_q=0.000 new_q=0.026
Q-update state=('c0', 'e1') action_len=3 reward=0.2593607947338251 target=0.021 old_q=0.000 new_q=0.002
Q-update state=('a3', 'e1') action_len=4 reward=0.2593607947338251 target=0.002 old_q=0.000 new_q=0.000
Q-update state=('c1', 'e1') action_len=5 reward=0.2593607947338251 target=0.000 old_q=0.000 new_q=0.000
Q-update state=('a7', 'e1') action_len=6 reward=0.2593607947338251 target=0.000 old_q=0.000 new_q=0.000
Q-update state=('e8', 'e1') action_len=7 reward=0.2593607947338251 target=0.000 old_q=0.000 new_q=0.000
Live weighted QoS reward for h2 -> h15: 0.259 metrics={'throughput_gbps': 0.09509999999999999, 'rtt_ms': 106.212, 'jitter_ms': 1.866, 'plr_pct': 0.0} update=q
Flow feedback window started key=(3, 'e3-h2-h15-g1') protocol=udp
Invalidated measured flow rules key=(3, 'e3-h2-h15-g1') hosts=h2<->h15 protocol=udp port=6002 datapaths=20
Exploitation selected path (best_q=0.000 candidates=1): e1 -> a2 -> c2 -> a4 -> c3 -> a8 -> e8
R-Learner decision=5 queued weighted Q feedback for h2 -> h15 path=e1 -> a2 -> c2 -> a4 -> c3 -> a8 -> e8 (install=True forward=True)
Flow feedback window started key=(3, 'e3-h1-h16-g0') protocol=udp
Invalidated measured flow rules key=(3, 'e3-h1-h16-g0') hosts=h1<->h16 protocol=udp port=6001 datapaths=20
Exploitation selected path (best_q=0.000 candidates=1): e1 -> a2 -> c2 -> a4 -> c3 -> a8 -> e8
R-Learner decision=6 queued weighted Q feedback for h1 -> h16 path=e1 -> a2 -> c2 -> a4 -> c3 -> a8 -> e8 (install=True forward=True)
Flow feedback window started key=(3, 'e3-h2-h15-g1') protocol=tcp
Invalidated measured flow rules key=(3, 'e3-h2-h15-g1') hosts=h2<->h15 protocol=tcp port=5002 datapaths=20
Q-update state=('a8', 'e8') action_len=2 reward=-0.5120110330992979 target=-0.512 old_q=-0.007 new_q=-0.058
Q-update state=('c3', 'e8') action_len=3 reward=-0.5120110330992979 target=0.000 old_q=0.001 new_q=0.001
Q-update state=('a4', 'e8') action_len=4 reward=-0.5120110330992979 target=0.001 old_q=0.000 new_q=0.000
Q-update state=('c2', 'e8') action_len=5 reward=-0.5120110330992979 target=0.000 old_q=0.000 new_q=0.000
Q-update state=('a2', 'e8') action_len=6 reward=-0.5120110330992979 target=0.000 old_q=0.000 new_q=0.000
Q-update state=('e1', 'e8') action_len=7 reward=-0.5120110330992979 target=0.000 old_q=0.000 new_q=0.000
Q-update state=('a2', 'e1') action_len=2 reward=-0.5120110330992979 target=-0.512 old_q=-0.016 new_q=-0.065
Q-update state=('c2', 'e1') action_len=3 reward=-0.5120110330992979 target=0.000 old_q=0.000 new_q=0.000
Q-update state=('a4', 'e1') action_len=4 reward=-0.5120110330992979 target=0.000 old_q=0.000 new_q=0.000
Q-update state=('c3', 'e1') action_len=5 reward=-0.5120110330992979 target=0.000 old_q=0.000 new_q=0.000
Q-update state=('a8', 'e1') action_len=6 reward=-0.5120110330992979 target=0.000 old_q=0.000 new_q=0.000
Q-update state=('e8', 'e1') action_len=7 reward=-0.5120110330992979 target=0.000 old_q=0.000 new_q=0.000
Live weighted QoS reward for h2 -> h15: -0.512 metrics={'jitter_ms': 4.188, 'plr_pct': 0.0, 'rtt_ms': 189.049, 'throughput_gbps': 0.095} update=q
Flow feedback window started key=(3, 'e3-h1-h16-g0') protocol=tcp
Invalidated measured flow rules key=(3, 'e3-h1-h16-g0') hosts=h1<->h16 protocol=tcp port=5001 datapaths=20
Q-update state=('a8', 'e8') action_len=2 reward=0.036928632641893236 target=0.037 old_q=-0.058 new_q=-0.048
Q-update state=('c3', 'e8') action_len=3 reward=0.036928632641893236 target=0.000 old_q=0.001 new_q=0.001
Q-update state=('a4', 'e8') action_len=4 reward=0.036928632641893236 target=0.001 old_q=0.000 new_q=0.000
Q-update state=('c2', 'e8') action_len=5 reward=0.036928632641893236 target=0.000 old_q=0.000 new_q=0.000
Q-update state=('a2', 'e8') action_len=6 reward=0.036928632641893236 target=0.000 old_q=0.000 new_q=0.000
Q-update state=('e1', 'e8') action_len=7 reward=0.036928632641893236 target=0.000 old_q=0.000 new_q=0.000
Q-update state=('a2', 'e1') action_len=2 reward=0.036928632641893236 target=0.037 old_q=-0.065 new_q=-0.055
Q-update state=('c2', 'e1') action_len=3 reward=0.036928632641893236 target=0.000 old_q=0.000 new_q=0.000
Q-update state=('a4', 'e1') action_len=4 reward=0.036928632641893236 target=0.000 old_q=0.000 new_q=0.000
Q-update state=('c3', 'e1') action_len=5 reward=0.036928632641893236 target=0.000 old_q=0.000 new_q=0.000
Q-update state=('a8', 'e1') action_len=6 reward=0.036928632641893236 target=0.000 old_q=0.000 new_q=0.000
Q-update state=('e8', 'e1') action_len=7 reward=0.036928632641893236 target=0.000 old_q=0.000 new_q=0.000
Live weighted QoS reward for h1 -> h16: 0.037 metrics={'jitter_ms': 1.062, 'plr_pct': 0.0, 'rtt_ms': 185.198, 'throughput_gbps': 0.09509999999999999} update=q
Flow feedback window started key=(4, 'e4-h2-h15-g1') protocol=tcp
Invalidated measured flow rules key=(4, 'e4-h2-h15-g1') hosts=h2<->h15 protocol=tcp port=5002 datapaths=20
Exploitation selected path (best_q=0.000 candidates=1): e1 -> a2 -> c2 -> a4 -> c3 -> a8 -> e8
R-Learner decision=7 queued weighted Q feedback for h2 -> h15 path=e1 -> a2 -> c2 -> a4 -> c3 -> a8 -> e8 (install=True forward=True)
Flow feedback window started key=(4, 'e4-h2-h15-g1') protocol=udp
Invalidated measured flow rules key=(4, 'e4-h2-h15-g1') hosts=h2<->h15 protocol=udp port=6002 datapaths=20
Q-update state=('a8', 'e8') action_len=2 reward=0.24861200923125343 target=0.249 old_q=-0.048 new_q=-0.019
Q-update state=('c3', 'e8') action_len=3 reward=0.24861200923125343 target=0.000 old_q=0.001 new_q=0.001
Q-update state=('a4', 'e8') action_len=4 reward=0.24861200923125343 target=0.001 old_q=0.000 new_q=0.000
Q-update state=('c2', 'e8') action_len=5 reward=0.24861200923125343 target=0.000 old_q=0.000 new_q=0.000
Q-update state=('a2', 'e8') action_len=6 reward=0.24861200923125343 target=0.000 old_q=0.000 new_q=0.000
Q-update state=('e1', 'e8') action_len=7 reward=0.24861200923125343 target=0.000 old_q=0.000 new_q=0.000
Q-update state=('a2', 'e1') action_len=2 reward=0.24861200923125343 target=0.249 old_q=-0.055 new_q=-0.025
Q-update state=('c2', 'e1') action_len=3 reward=0.24861200923125343 target=0.000 old_q=0.000 new_q=0.000
Q-update state=('a4', 'e1') action_len=4 reward=0.24861200923125343 target=0.000 old_q=0.000 new_q=0.000
Q-update state=('c3', 'e1') action_len=5 reward=0.24861200923125343 target=0.000 old_q=0.000 new_q=0.000
Q-update state=('a8', 'e1') action_len=6 reward=0.24861200923125343 target=0.000 old_q=0.000 new_q=0.000
Q-update state=('e8', 'e1') action_len=7 reward=0.24861200923125343 target=0.000 old_q=0.000 new_q=0.000
Live weighted QoS reward for h2 -> h15: 0.249 metrics={'throughput_gbps': 0.09509999999999999, 'rtt_ms': 111.909, 'jitter_ms': 1.408, 'plr_pct': 0.0} update=q
Flow feedback window started key=(4, 'e4-h1-h16-g0') protocol=udp
Invalidated measured flow rules key=(4, 'e4-h1-h16-g0') hosts=h1<->h16 protocol=udp port=6001 datapaths=20
Exploitation selected path (best_q=0.000 candidates=1): e1 -> a2 -> c2 -> a4 -> c3 -> a8 -> e8
R-Learner decision=8 queued weighted Q feedback for h1 -> h16 path=e1 -> a2 -> c2 -> a4 -> c3 -> a8 -> e8 (install=True forward=True)
Flow feedback window started key=(4, 'e4-h1-h16-g0') protocol=tcp
Invalidated measured flow rules key=(4, 'e4-h1-h16-g0') hosts=h1<->h16 protocol=tcp port=5001 datapaths=20
Q-update state=('a8', 'e8') action_len=2 reward=-0.385192023633678 target=-0.385 old_q=-0.019 new_q=-0.055
Q-update state=('c3', 'e8') action_len=3 reward=-0.385192023633678 target=0.000 old_q=0.001 new_q=0.001
Q-update state=('a4', 'e8') action_len=4 reward=-0.385192023633678 target=0.000 old_q=0.000 new_q=0.000
Q-update state=('c2', 'e8') action_len=5 reward=-0.385192023633678 target=0.000 old_q=0.000 new_q=0.000
Q-update state=('a2', 'e8') action_len=6 reward=-0.385192023633678 target=0.000 old_q=0.000 new_q=0.000
Q-update state=('e1', 'e8') action_len=7 reward=-0.385192023633678 target=0.000 old_q=0.000 new_q=0.000
Q-update state=('a2', 'e1') action_len=2 reward=-0.385192023633678 target=-0.385 old_q=-0.025 new_q=-0.061
Q-update state=('c2', 'e1') action_len=3 reward=-0.385192023633678 target=0.000 old_q=0.000 new_q=0.000
Q-update state=('a4', 'e1') action_len=4 reward=-0.385192023633678 target=0.000 old_q=0.000 new_q=0.000
Q-update state=('c3', 'e1') action_len=5 reward=-0.385192023633678 target=0.000 old_q=0.000 new_q=0.000
Q-update state=('a8', 'e1') action_len=6 reward=-0.385192023633678 target=0.000 old_q=0.000 new_q=0.000
Q-update state=('e8', 'e1') action_len=7 reward=-0.385192023633678 target=0.000 old_q=0.000 new_q=0.000
Live weighted QoS reward for h1 -> h16: -0.385 metrics={'jitter_ms': 1.292, 'plr_pct': 0.0, 'rtt_ms': 190.274, 'throughput_gbps': 0.095} update=q
Flow feedback window started key=(5, 'e5-h1-h16-g0') protocol=udp
Invalidated measured flow rules key=(5, 'e5-h1-h16-g0') hosts=h1<->h16 protocol=udp port=6001 datapaths=20
Exploitation selected path (best_q=0.000 candidates=1): e1 -> a2 -> c2 -> a4 -> c3 -> a8 -> e8
R-Learner decision=9 queued weighted Q feedback for h1 -> h16 path=e1 -> a2 -> c2 -> a4 -> c3 -> a8 -> e8 (install=True forward=True)
Flow feedback window started key=(5, 'e5-h1-h16-g0') protocol=tcp
Invalidated measured flow rules key=(5, 'e5-h1-h16-g0') hosts=h1<->h16 protocol=tcp port=5001 datapaths=20
Q-update state=('a8', 'e8') action_len=2 reward=-0.40020633111041676 target=-0.400 old_q=-0.055 new_q=-0.090
Q-update state=('c3', 'e8') action_len=3 reward=-0.40020633111041676 target=0.000 old_q=0.001 new_q=0.001
Q-update state=('a4', 'e8') action_len=4 reward=-0.40020633111041676 target=0.000 old_q=0.000 new_q=0.000
Q-update state=('c2', 'e8') action_len=5 reward=-0.40020633111041676 target=0.000 old_q=0.000 new_q=0.000
Q-update state=('a2', 'e8') action_len=6 reward=-0.40020633111041676 target=0.000 old_q=0.000 new_q=0.000
Q-update state=('e1', 'e8') action_len=7 reward=-0.40020633111041676 target=0.000 old_q=0.000 new_q=0.000
Q-update state=('a2', 'e1') action_len=2 reward=-0.40020633111041676 target=-0.400 old_q=-0.061 new_q=-0.095
Q-update state=('c2', 'e1') action_len=3 reward=-0.40020633111041676 target=0.000 old_q=0.000 new_q=0.000
Q-update state=('a4', 'e1') action_len=4 reward=-0.40020633111041676 target=0.000 old_q=0.000 new_q=0.000
Q-update state=('c3', 'e1') action_len=5 reward=-0.40020633111041676 target=0.000 old_q=0.000 new_q=0.000
Q-update state=('a8', 'e1') action_len=6 reward=-0.40020633111041676 target=0.000 old_q=0.000 new_q=0.000
Q-update state=('e8', 'e1') action_len=7 reward=-0.40020633111041676 target=0.000 old_q=0.000 new_q=0.000
Live weighted QoS reward for h1 -> h16: -0.400 metrics={'jitter_ms': 2.739, 'plr_pct': 0.0, 'rtt_ms': 174.22, 'throughput_gbps': 0.095} update=q
Flow feedback window started key=(5, 'e5-h2-h15-g1') protocol=tcp
Invalidated measured flow rules key=(5, 'e5-h2-h15-g1') hosts=h2<->h15 protocol=tcp port=5002 datapaths=20
Exploitation selected path (best_q=0.000 candidates=1): e1 -> a2 -> c2 -> a4 -> c3 -> a8 -> e8
R-Learner decision=10 queued weighted Q feedback for h2 -> h15 path=e1 -> a2 -> c2 -> a4 -> c3 -> a8 -> e8 (install=True forward=True)
Flow feedback window started key=(5, 'e5-h2-h15-g1') protocol=udp
Invalidated measured flow rules key=(5, 'e5-h2-h15-g1') hosts=h2<->h15 protocol=udp port=6002 datapaths=20
Q-update state=('a8', 'e8') action_len=2 reward=-0.1531930722281331 target=-0.153 old_q=-0.090 new_q=-0.096
Q-update state=('c3', 'e8') action_len=3 reward=-0.1531930722281331 target=0.000 old_q=0.001 new_q=0.000
Q-update state=('a4', 'e8') action_len=4 reward=-0.1531930722281331 target=0.000 old_q=0.000 new_q=0.000
Q-update state=('c2', 'e8') action_len=5 reward=-0.1531930722281331 target=0.000 old_q=0.000 new_q=0.000
Q-update state=('a2', 'e8') action_len=6 reward=-0.1531930722281331 target=0.000 old_q=0.000 new_q=0.000
Q-update state=('e1', 'e8') action_len=7 reward=-0.1531930722281331 target=0.000 old_q=0.000 new_q=0.000
Q-update state=('a2', 'e1') action_len=2 reward=-0.1531930722281331 target=-0.153 old_q=-0.095 new_q=-0.101
Q-update state=('c2', 'e1') action_len=3 reward=-0.1531930722281331 target=0.000 old_q=0.000 new_q=0.000
Q-update state=('a4', 'e1') action_len=4 reward=-0.1531930722281331 target=0.000 old_q=0.000 new_q=0.000
Q-update state=('c3', 'e1') action_len=5 reward=-0.1531930722281331 target=0.000 old_q=0.000 new_q=0.000
Q-update state=('a8', 'e1') action_len=6 reward=-0.1531930722281331 target=0.000 old_q=0.000 new_q=0.000
Q-update state=('e8', 'e1') action_len=7 reward=-0.1531930722281331 target=0.000 old_q=0.000 new_q=0.000
Live weighted QoS reward for h2 -> h15: -0.153 metrics={'throughput_gbps': 0.095, 'rtt_ms': 104.404, 'jitter_ms': 1.984, 'plr_pct': 0.0} update=q
Flow feedback window started key=(6, 'e6-h2-h15-g1') protocol=tcp
Invalidated measured flow rules key=(6, 'e6-h2-h15-g1') hosts=h2<->h15 protocol=tcp port=5002 datapaths=20
Exploitation selected path (best_q=0.000 candidates=1): e1 -> a2 -> c2 -> a4 -> c3 -> a8 -> e8
R-Learner decision=11 queued weighted Q feedback for h2 -> h15 path=e1 -> a2 -> c2 -> a4 -> c3 -> a8 -> e8 (install=True forward=True)
Flow feedback window started key=(6, 'e6-h1-h16-g0') protocol=tcp
Invalidated measured flow rules key=(6, 'e6-h1-h16-g0') hosts=h1<->h16 protocol=tcp port=5001 datapaths=20
Exploitation selected path (best_q=0.000 candidates=1): e1 -> a2 -> c2 -> a4 -> c3 -> a8 -> e8
R-Learner decision=12 queued weighted Q feedback for h1 -> h16 path=e1 -> a2 -> c2 -> a4 -> c3 -> a8 -> e8 (install=True forward=True)
Flow feedback window started key=(6, 'e6-h1-h16-g0') protocol=udp
Invalidated measured flow rules key=(6, 'e6-h1-h16-g0') hosts=h1<->h16 protocol=udp port=6001 datapaths=20
Q-update state=('a8', 'e8') action_len=2 reward=0.325 target=0.325 old_q=-0.096 new_q=-0.054
Q-update state=('c3', 'e8') action_len=3 reward=0.325 target=0.000 old_q=0.000 new_q=0.000
Q-update state=('a4', 'e8') action_len=4 reward=0.325 target=0.000 old_q=0.000 new_q=0.000
Q-update state=('c2', 'e8') action_len=5 reward=0.325 target=0.000 old_q=0.000 new_q=0.000
Q-update state=('a2', 'e8') action_len=6 reward=0.325 target=0.000 old_q=0.000 new_q=0.000
Q-update state=('e1', 'e8') action_len=7 reward=0.325 target=0.000 old_q=0.000 new_q=0.000
Q-update state=('a2', 'e1') action_len=2 reward=0.325 target=0.325 old_q=-0.101 new_q=-0.058
Q-update state=('c2', 'e1') action_len=3 reward=0.325 target=0.000 old_q=0.000 new_q=0.000
Q-update state=('a4', 'e1') action_len=4 reward=0.325 target=0.000 old_q=0.000 new_q=0.000
Q-update state=('c3', 'e1') action_len=5 reward=0.325 target=0.000 old_q=0.000 new_q=0.000
Q-update state=('a8', 'e1') action_len=6 reward=0.325 target=0.000 old_q=0.000 new_q=0.000
Q-update state=('e8', 'e1') action_len=7 reward=0.325 target=0.000 old_q=0.000 new_q=0.000
Live weighted QoS reward for h1 -> h16: 0.325 metrics={'throughput_gbps': 0.09509999999999999, 'rtt_ms': 74.68, 'jitter_ms': 0.882, 'plr_pct': 0.0} update=q
Flow feedback window started key=(6, 'e6-h2-h15-g1') protocol=udp
Invalidated measured flow rules key=(6, 'e6-h2-h15-g1') hosts=h2<->h15 protocol=udp port=6002 datapaths=20
Q-update state=('a8', 'e8') action_len=2 reward=0.2817908206361672 target=0.282 old_q=-0.054 new_q=-0.021
Q-update state=('c3', 'e8') action_len=3 reward=0.2817908206361672 target=0.000 old_q=0.000 new_q=0.000
Q-update state=('a4', 'e8') action_len=4 reward=0.2817908206361672 target=0.000 old_q=0.000 new_q=0.000
Q-update state=('c2', 'e8') action_len=5 reward=0.2817908206361672 target=0.000 old_q=0.000 new_q=0.000
Q-update state=('a2', 'e8') action_len=6 reward=0.2817908206361672 target=0.000 old_q=0.000 new_q=0.000
Q-update state=('e1', 'e8') action_len=7 reward=0.2817908206361672 target=0.000 old_q=0.000 new_q=0.000
Q-update state=('a2', 'e1') action_len=2 reward=0.2817908206361672 target=0.282 old_q=-0.058 new_q=-0.024
Q-update state=('c2', 'e1') action_len=3 reward=0.2817908206361672 target=0.000 old_q=0.000 new_q=0.000
Q-update state=('a4', 'e1') action_len=4 reward=0.2817908206361672 target=0.000 old_q=0.000 new_q=0.000
Q-update state=('c3', 'e1') action_len=5 reward=0.2817908206361672 target=0.000 old_q=0.000 new_q=0.000
Q-update state=('a8', 'e1') action_len=6 reward=0.2817908206361672 target=0.000 old_q=0.000 new_q=0.000
Q-update state=('e8', 'e1') action_len=7 reward=0.2817908206361672 target=0.000 old_q=0.000 new_q=0.000
Live weighted QoS reward for h2 -> h15: 0.282 metrics={'throughput_gbps': 0.09509999999999999, 'rtt_ms': 85.979, 'jitter_ms': 1.212, 'plr_pct': 0.0} update=q
Flow feedback window started key=(7, 'e7-h2-h15-g1') protocol=udp
Invalidated measured flow rules key=(7, 'e7-h2-h15-g1') hosts=h2<->h15 protocol=udp port=6002 datapaths=20
Exploitation selected path (best_q=0.000 candidates=1): e1 -> a2 -> c2 -> a4 -> c3 -> a8 -> e8
R-Learner decision=13 queued weighted Q feedback for h2 -> h15 path=e1 -> a2 -> c2 -> a4 -> c3 -> a8 -> e8 (install=True forward=True)
Flow feedback window started key=(7, 'e7-h1-h16-g0') protocol=udp
Invalidated measured flow rules key=(7, 'e7-h1-h16-g0') hosts=h1<->h16 protocol=udp port=6001 datapaths=20
Exploitation selected path (best_q=0.000 candidates=1): e1 -> a2 -> c2 -> a4 -> c3 -> a8 -> e8
R-Learner decision=14 queued weighted Q feedback for h1 -> h16 path=e1 -> a2 -> c2 -> a4 -> c3 -> a8 -> e8 (install=True forward=True)
Flow feedback window started key=(7, 'e7-h1-h16-g0') protocol=tcp
Invalidated measured flow rules key=(7, 'e7-h1-h16-g0') hosts=h1<->h16 protocol=tcp port=5001 datapaths=20
Q-update state=('a8', 'e8') action_len=2 reward=-0.345481445663391 target=-0.345 old_q=-0.021 new_q=-0.053
Q-update state=('c3', 'e8') action_len=3 reward=-0.345481445663391 target=0.000 old_q=0.000 new_q=0.000
Q-update state=('a4', 'e8') action_len=4 reward=-0.345481445663391 target=0.000 old_q=0.000 new_q=0.000
Q-update state=('c2', 'e8') action_len=5 reward=-0.345481445663391 target=0.000 old_q=0.000 new_q=0.000
Q-update state=('a2', 'e8') action_len=6 reward=-0.345481445663391 target=0.000 old_q=0.000 new_q=0.000
Q-update state=('e1', 'e8') action_len=7 reward=-0.345481445663391 target=0.000 old_q=0.000 new_q=0.000
Q-update state=('a2', 'e1') action_len=2 reward=-0.345481445663391 target=-0.345 old_q=-0.024 new_q=-0.056
Q-update state=('c2', 'e1') action_len=3 reward=-0.345481445663391 target=0.000 old_q=0.000 new_q=0.000
Q-update state=('a4', 'e1') action_len=4 reward=-0.345481445663391 target=0.000 old_q=0.000 new_q=0.000
Q-update state=('c3', 'e1') action_len=5 reward=-0.345481445663391 target=0.000 old_q=0.000 new_q=0.000
Q-update state=('a8', 'e1') action_len=6 reward=-0.345481445663391 target=0.000 old_q=0.000 new_q=0.000
Q-update state=('e8', 'e1') action_len=7 reward=-0.345481445663391 target=0.000 old_q=0.000 new_q=0.000
Live weighted QoS reward for h1 -> h16: -0.345 metrics={'jitter_ms': 1.231, 'plr_pct': 0.0, 'rtt_ms': 173.242, 'throughput_gbps': 0.095} update=q
Flow feedback window started key=(7, 'e7-h2-h15-g1') protocol=tcp
Invalidated measured flow rules key=(7, 'e7-h2-h15-g1') hosts=h2<->h15 protocol=tcp port=5002 datapaths=20
Q-update state=('a8', 'e8') action_len=2 reward=0.004435301691044682 target=0.004 old_q=-0.053 new_q=-0.047
Q-update state=('c3', 'e8') action_len=3 reward=0.004435301691044682 target=0.000 old_q=0.000 new_q=0.000
Q-update state=('a4', 'e8') action_len=4 reward=0.004435301691044682 target=0.000 old_q=0.000 new_q=0.000
Q-update state=('c2', 'e8') action_len=5 reward=0.004435301691044682 target=0.000 old_q=0.000 new_q=0.000
Q-update state=('a2', 'e8') action_len=6 reward=0.004435301691044682 target=0.000 old_q=0.000 new_q=0.000
Q-update state=('e1', 'e8') action_len=7 reward=0.004435301691044682 target=0.000 old_q=0.000 new_q=0.000
Q-update state=('a2', 'e1') action_len=2 reward=0.004435301691044682 target=0.004 old_q=-0.056 new_q=-0.050
Q-update state=('c2', 'e1') action_len=3 reward=0.004435301691044682 target=0.000 old_q=0.000 new_q=0.000
Q-update state=('a4', 'e1') action_len=4 reward=0.004435301691044682 target=0.000 old_q=0.000 new_q=0.000
Q-update state=('c3', 'e1') action_len=5 reward=0.004435301691044682 target=0.000 old_q=0.000 new_q=0.000
Q-update state=('a8', 'e1') action_len=6 reward=0.004435301691044682 target=0.000 old_q=0.000 new_q=0.000
Q-update state=('e8', 'e1') action_len=7 reward=0.004435301691044682 target=0.000 old_q=0.000 new_q=0.000
Live weighted QoS reward for h2 -> h15: 0.004 metrics={'jitter_ms': 2.134, 'plr_pct': 0.0, 'rtt_ms': 177.9, 'throughput_gbps': 0.09509999999999999} update=q
Flow feedback window started key=(8, 'e8-h1-h16-g0') protocol=tcp
Invalidated measured flow rules key=(8, 'e8-h1-h16-g0') hosts=h1<->h16 protocol=tcp port=5001 datapaths=20
Exploitation selected path (best_q=0.000 candidates=1): e1 -> a2 -> c2 -> a4 -> c3 -> a8 -> e8
R-Learner decision=15 queued weighted Q feedback for h1 -> h16 path=e1 -> a2 -> c2 -> a4 -> c3 -> a8 -> e8 (install=True forward=True)
Flow feedback window started key=(8, 'e8-h2-h15-g1') protocol=udp
Invalidated measured flow rules key=(8, 'e8-h2-h15-g1') hosts=h2<->h15 protocol=udp port=6002 datapaths=20
Exploitation selected path (best_q=0.000 candidates=1): e1 -> a2 -> c2 -> a4 -> c3 -> a8 -> e8
R-Learner decision=16 queued weighted Q feedback for h2 -> h15 path=e1 -> a2 -> c2 -> a4 -> c3 -> a8 -> e8 (install=True forward=True)
Flow feedback window started key=(8, 'e8-h2-h15-g1') protocol=tcp
Invalidated measured flow rules key=(8, 'e8-h2-h15-g1') hosts=h2<->h15 protocol=tcp port=5002 datapaths=20
Q-update state=('a8', 'e8') action_len=2 reward=-0.3838221703369056 target=-0.384 old_q=-0.047 new_q=-0.081
Q-update state=('c3', 'e8') action_len=3 reward=-0.3838221703369056 target=0.000 old_q=0.000 new_q=0.000
Q-update state=('a4', 'e8') action_len=4 reward=-0.3838221703369056 target=0.000 old_q=0.000 new_q=0.000
Q-update state=('c2', 'e8') action_len=5 reward=-0.3838221703369056 target=0.000 old_q=0.000 new_q=0.000
Q-update state=('a2', 'e8') action_len=6 reward=-0.3838221703369056 target=0.000 old_q=0.000 new_q=0.000
Q-update state=('e1', 'e8') action_len=7 reward=-0.3838221703369056 target=0.000 old_q=0.000 new_q=0.000
Q-update state=('a2', 'e1') action_len=2 reward=-0.3838221703369056 target=-0.384 old_q=-0.050 new_q=-0.083
Q-update state=('c2', 'e1') action_len=3 reward=-0.3838221703369056 target=0.000 old_q=0.000 new_q=0.000
Q-update state=('a4', 'e1') action_len=4 reward=-0.3838221703369056 target=0.000 old_q=0.000 new_q=0.000
Q-update state=('c3', 'e1') action_len=5 reward=-0.3838221703369056 target=0.000 old_q=0.000 new_q=0.000
Q-update state=('a8', 'e1') action_len=6 reward=-0.3838221703369056 target=0.000 old_q=0.000 new_q=0.000
Q-update state=('e8', 'e1') action_len=7 reward=-0.3838221703369056 target=0.000 old_q=0.000 new_q=0.000
Live weighted QoS reward for h2 -> h15: -0.384 metrics={'jitter_ms': 1.279, 'plr_pct': 0.0, 'rtt_ms': 187.237, 'throughput_gbps': 0.095} update=q
Flow feedback window started key=(8, 'e8-h1-h16-g0') protocol=udp
Invalidated measured flow rules key=(8, 'e8-h1-h16-g0') hosts=h1<->h16 protocol=udp port=6001 datapaths=20
Q-update state=('a8', 'e8') action_len=2 reward=0.19891640413061523 target=0.199 old_q=-0.081 new_q=-0.053
Q-update state=('c3', 'e8') action_len=3 reward=0.19891640413061523 target=0.000 old_q=0.000 new_q=0.000
Q-update state=('a4', 'e8') action_len=4 reward=0.19891640413061523 target=0.000 old_q=0.000 new_q=0.000
Q-update state=('c2', 'e8') action_len=5 reward=0.19891640413061523 target=0.000 old_q=0.000 new_q=0.000
Q-update state=('a2', 'e8') action_len=6 reward=0.19891640413061523 target=0.000 old_q=0.000 new_q=0.000
Q-update state=('e1', 'e8') action_len=7 reward=0.19891640413061523 target=0.000 old_q=0.000 new_q=0.000
Q-update state=('a2', 'e1') action_len=2 reward=0.19891640413061523 target=0.199 old_q=-0.083 new_q=-0.055
Q-update state=('c2', 'e1') action_len=3 reward=0.19891640413061523 target=0.000 old_q=0.000 new_q=0.000
Q-update state=('a4', 'e1') action_len=4 reward=0.19891640413061523 target=0.000 old_q=0.000 new_q=0.000
Q-update state=('c3', 'e1') action_len=5 reward=0.19891640413061523 target=0.000 old_q=0.000 new_q=0.000
Q-update state=('a8', 'e1') action_len=6 reward=0.19891640413061523 target=0.000 old_q=0.000 new_q=0.000
Q-update state=('e8', 'e1') action_len=7 reward=0.19891640413061523 target=0.000 old_q=0.000 new_q=0.000
Live weighted QoS reward for h1 -> h16: 0.199 metrics={'throughput_gbps': 0.09509999999999999, 'rtt_ms': 108.168, 'jitter_ms': 1.813, 'plr_pct': 0.0} update=q
Flow feedback window started key=(9, 'e9-h1-h16-g0') protocol=udp
Invalidated measured flow rules key=(9, 'e9-h1-h16-g0') hosts=h1<->h16 protocol=udp port=6001 datapaths=20
Exploitation selected path (best_q=0.000 candidates=1): e1 -> a2 -> c2 -> a4 -> c3 -> a8 -> e8
R-Learner decision=17 queued weighted Q feedback for h1 -> h16 path=e1 -> a2 -> c2 -> a4 -> c3 -> a8 -> e8 (install=True forward=True)
Flow feedback window started key=(9, 'e9-h1-h16-g0') protocol=tcp
Invalidated measured flow rules key=(9, 'e9-h1-h16-g0') hosts=h1<->h16 protocol=tcp port=5001 datapaths=20
Q-update state=('a8', 'e8') action_len=2 reward=-0.37341628899872775 target=-0.373 old_q=-0.053 new_q=-0.085
Q-update state=('c3', 'e8') action_len=3 reward=-0.37341628899872775 target=0.000 old_q=0.000 new_q=0.000
Q-update state=('a4', 'e8') action_len=4 reward=-0.37341628899872775 target=0.000 old_q=0.000 new_q=0.000
Q-update state=('c2', 'e8') action_len=5 reward=-0.37341628899872775 target=0.000 old_q=0.000 new_q=0.000
Q-update state=('a2', 'e8') action_len=6 reward=-0.37341628899872775 target=0.000 old_q=0.000 new_q=0.000
Q-update state=('e1', 'e8') action_len=7 reward=-0.37341628899872775 target=0.000 old_q=0.000 new_q=0.000
Q-update state=('a2', 'e1') action_len=2 reward=-0.37341628899872775 target=-0.373 old_q=-0.055 new_q=-0.087
Q-update state=('c2', 'e1') action_len=3 reward=-0.37341628899872775 target=0.000 old_q=0.000 new_q=0.000
Q-update state=('a4', 'e1') action_len=4 reward=-0.37341628899872775 target=0.000 old_q=0.000 new_q=0.000
Q-update state=('c3', 'e1') action_len=5 reward=-0.37341628899872775 target=0.000 old_q=0.000 new_q=0.000
Q-update state=('a8', 'e1') action_len=6 reward=-0.37341628899872775 target=0.000 old_q=0.000 new_q=0.000
Q-update state=('e8', 'e1') action_len=7 reward=-0.37341628899872775 target=0.000 old_q=0.000 new_q=0.000
Live weighted QoS reward for h1 -> h16: -0.373 metrics={'jitter_ms': 0.961, 'plr_pct': 0.0, 'rtt_ms': 188.383, 'throughput_gbps': 0.095} update=q
Flow feedback window started key=(9, 'e9-h2-h15-g1') protocol=tcp
Invalidated measured flow rules key=(9, 'e9-h2-h15-g1') hosts=h2<->h15 protocol=tcp port=5002 datapaths=20
Exploitation selected path (best_q=0.000 candidates=1): e1 -> a2 -> c2 -> a4 -> c3 -> a8 -> e8
R-Learner decision=18 queued weighted Q feedback for h2 -> h15 path=e1 -> a2 -> c2 -> a4 -> c3 -> a8 -> e8 (install=True forward=True)
Flow feedback window started key=(9, 'e9-h2-h15-g1') protocol=udp
Invalidated measured flow rules key=(9, 'e9-h2-h15-g1') hosts=h2<->h15 protocol=udp port=6002 datapaths=20
Q-update state=('a8', 'e8') action_len=2 reward=0.2782737027242493 target=0.278 old_q=-0.085 new_q=-0.049
Q-update state=('c3', 'e8') action_len=3 reward=0.2782737027242493 target=0.000 old_q=0.000 new_q=0.000
Q-update state=('a4', 'e8') action_len=4 reward=0.2782737027242493 target=0.000 old_q=0.000 new_q=0.000
Q-update state=('c2', 'e8') action_len=5 reward=0.2782737027242493 target=0.000 old_q=0.000 new_q=0.000
Q-update state=('a2', 'e8') action_len=6 reward=0.2782737027242493 target=0.000 old_q=0.000 new_q=0.000
Q-update state=('e1', 'e8') action_len=7 reward=0.2782737027242493 target=0.000 old_q=0.000 new_q=0.000
Q-update state=('a2', 'e1') action_len=2 reward=0.2782737027242493 target=0.278 old_q=-0.087 new_q=-0.051
Q-update state=('c2', 'e1') action_len=3 reward=0.2782737027242493 target=0.000 old_q=0.000 new_q=0.000
Q-update state=('a4', 'e1') action_len=4 reward=0.2782737027242493 target=0.000 old_q=0.000 new_q=0.000
Q-update state=('c3', 'e1') action_len=5 reward=0.2782737027242493 target=0.000 old_q=0.000 new_q=0.000
Q-update state=('a8', 'e1') action_len=6 reward=0.2782737027242493 target=0.000 old_q=0.000 new_q=0.000
Q-update state=('e8', 'e1') action_len=7 reward=0.2782737027242493 target=0.000 old_q=0.000 new_q=0.000
Live weighted QoS reward for h2 -> h15: 0.278 metrics={'throughput_gbps': 0.09509999999999999, 'rtt_ms': 86.556, 'jitter_ms': 1.26, 'plr_pct': 0.0} update=q
Flow feedback window started key=(10, 'e10-h1-h16-g0') protocol=udp
Invalidated measured flow rules key=(10, 'e10-h1-h16-g0') hosts=h1<->h16 protocol=udp port=6001 datapaths=20
Exploitation selected path (best_q=0.000 candidates=1): e1 -> a2 -> c2 -> a4 -> c3 -> a8 -> e8
R-Learner decision=19 queued weighted Q feedback for h1 -> h16 path=e1 -> a2 -> c2 -> a4 -> c3 -> a8 -> e8 (install=True forward=True)
Flow feedback window started key=(10, 'e10-h1-h16-g0') protocol=tcp
Invalidated measured flow rules key=(10, 'e10-h1-h16-g0') hosts=h1<->h16 protocol=tcp port=5001 datapaths=20
Q-update state=('a8', 'e8') action_len=2 reward=-0.039166355470436606 target=-0.039 old_q=-0.049 new_q=-0.048
Q-update state=('c3', 'e8') action_len=3 reward=-0.039166355470436606 target=0.000 old_q=0.000 new_q=0.000
Q-update state=('a4', 'e8') action_len=4 reward=-0.039166355470436606 target=0.000 old_q=0.000 new_q=0.000
Q-update state=('c2', 'e8') action_len=5 reward=-0.039166355470436606 target=0.000 old_q=0.000 new_q=0.000
Q-update state=('a2', 'e8') action_len=6 reward=-0.039166355470436606 target=0.000 old_q=0.000 new_q=0.000
Q-update state=('e1', 'e8') action_len=7 reward=-0.039166355470436606 target=0.000 old_q=0.000 new_q=0.000
Q-update state=('a2', 'e1') action_len=2 reward=-0.039166355470436606 target=-0.039 old_q=-0.051 new_q=-0.049
Q-update state=('c2', 'e1') action_len=3 reward=-0.039166355470436606 target=0.000 old_q=0.000 new_q=0.000
Q-update state=('a4', 'e1') action_len=4 reward=-0.039166355470436606 target=0.000 old_q=0.000 new_q=0.000
Q-update state=('c3', 'e1') action_len=5 reward=-0.039166355470436606 target=0.000 old_q=0.000 new_q=0.000
Q-update state=('a8', 'e1') action_len=6 reward=-0.039166355470436606 target=0.000 old_q=0.000 new_q=0.000
Q-update state=('e8', 'e1') action_len=7 reward=-0.039166355470436606 target=0.000 old_q=0.000 new_q=0.000
Live weighted QoS reward for h1 -> h16: -0.039 metrics={'jitter_ms': 2.531, 'plr_pct': 0.0, 'rtt_ms': 188.264, 'throughput_gbps': 0.09509999999999999} update=q
Flow feedback window started key=(10, 'e10-h2-h15-g1') protocol=tcp
Invalidated measured flow rules key=(10, 'e10-h2-h15-g1') hosts=h2<->h15 protocol=tcp port=5002 datapaths=20
Exploitation selected path (best_q=0.000 candidates=1): e1 -> a2 -> c2 -> a4 -> c3 -> a8 -> e8
R-Learner decision=20 queued weighted Q feedback for h2 -> h15 path=e1 -> a2 -> c2 -> a4 -> c3 -> a8 -> e8 (install=True forward=True)
Flow feedback window started key=(10, 'e10-h2-h15-g1') protocol=udp
Invalidated measured flow rules key=(10, 'e10-h2-h15-g1') hosts=h2<->h15 protocol=udp port=6002 datapaths=20
Q-update state=('a8', 'e8') action_len=2 reward=0.29293912392653687 target=0.293 old_q=-0.048 new_q=-0.014
Q-update state=('c3', 'e8') action_len=3 reward=0.29293912392653687 target=0.000 old_q=0.000 new_q=0.000
Q-update state=('a4', 'e8') action_len=4 reward=0.29293912392653687 target=0.000 old_q=0.000 new_q=0.000
Q-update state=('c2', 'e8') action_len=5 reward=0.29293912392653687 target=0.000 old_q=0.000 new_q=0.000
Q-update state=('a2', 'e8') action_len=6 reward=0.29293912392653687 target=0.000 old_q=0.000 new_q=0.000
Q-update state=('e1', 'e8') action_len=7 reward=0.29293912392653687 target=0.000 old_q=0.000 new_q=0.000
Q-update state=('a2', 'e1') action_len=2 reward=0.29293912392653687 target=0.293 old_q=-0.049 new_q=-0.015
Q-update state=('c2', 'e1') action_len=3 reward=0.29293912392653687 target=0.000 old_q=0.000 new_q=0.000
Q-update state=('a4', 'e1') action_len=4 reward=0.29293912392653687 target=0.000 old_q=0.000 new_q=0.000
Q-update state=('c3', 'e1') action_len=5 reward=0.29293912392653687 target=0.000 old_q=0.000 new_q=0.000
Q-update state=('a8', 'e1') action_len=6 reward=0.29293912392653687 target=0.000 old_q=0.000 new_q=0.000
Q-update state=('e8', 'e1') action_len=7 reward=0.29293912392653687 target=0.000 old_q=0.000 new_q=0.000
Live weighted QoS reward for h2 -> h15: 0.293 metrics={'throughput_gbps': 0.09509999999999999, 'rtt_ms': 82.721, 'jitter_ms': 1.148, 'plr_pct': 0.0} update=q
