loading app /home/johndoe/Desktop/sdn-rl-routing/controllers/staged_controller.py
loading app ryu.controller.ofp_handler
instantiating app /home/johndoe/Desktop/sdn-rl-routing/controllers/staged_controller.py of StagedController
Loaded topology: abilene_imp
Switches: ['c0', 'c1', 'c2', 'c3', 'a1', 'a2', 'a3', 'a4', 'a5', 'a6', 'a7', 'a8', 'e1', 'e2', 'e3', 'e4', 'e5', 'e6', 'e7', 'e8']
Hosts: ['h1', 'h2', 'h3', 'h4', 'h5', 'h6', 'h7', 'h8', 'h9', 'h10', 'h11', 'h12', 'h13', 'h14', 'h15', 'h16']
Staged config: explore_decisions=2 min_weighted_explore_rewards=2 alpha=0.1 epsilon=0.1 path_cutoff=6 learned_flow_idle_timeout=1 reward_mode=weighted
Weighted QoS feedback listener started on 127.0.0.1:9999 profile=balanced
instantiating app ryu.controller.ofp_handler of OFPHandler
Switch connected: dpid=1
Switch connected: dpid=2
Switch connected: dpid=3
Switch connected: dpid=4
Switch connected: dpid=5
Switch connected: dpid=6
Switch connected: dpid=7
Switch connected: dpid=8
Switch connected: dpid=9
Switch connected: dpid=10
Switch connected: dpid=11
Switch connected: dpid=12
Switch connected: dpid=13
Switch connected: dpid=14
Switch connected: dpid=15
Switch connected: dpid=16
Switch connected: dpid=17
Switch connected: dpid=18
Switch connected: dpid=19
Switch connected: dpid=20
Flow feedback window started key=('h2', 'h15', 1, 'e1-h2-h15-g1') protocol=tcp
Phase=explore decision=0/2 handling h2 -> h15
Exploitation selected path (best_q=0.000 candidates=20): e1 -> a1 -> c0 -> a7 -> e7 -> a8 -> e8
R-Learner selected path h2 -> h15: e1 -> a1 -> c0 -> a7 -> e7 -> a8 -> e8
Queued weighted Q feedback for h2 -> h15 (install=True forward=True)
Phase=explore decision=1/2 handling h15 -> h2
Exploitation selected path (best_q=0.000 candidates=20): e8 -> a7 -> c0 -> a3 -> c1 -> a1 -> e1
R-Learner selected path h15 -> h2: e8 -> a7 -> c0 -> a3 -> c1 -> a1 -> e1
Skipping weighted Q queue for h15 -> h2 because no flow_id window is active
Flow feedback window started key=('h1', 'h16', 1, 'e1-h1-h16-g0') protocol=udp
Phase=explore decision=2/2 handling h1 -> h16
Exploitation selected path (best_q=0.000 candidates=20): e1 -> a2 -> c3 -> a8 -> e8
R-Learner selected path h1 -> h16: e1 -> a2 -> c3 -> a8 -> e8
Queued weighted Q feedback for h1 -> h16 (install=True forward=True)
Phase=explore decision=3/2 handling h1 -> h16
R-Learner reused active weighted path h1 -> h16: e1 -> a2 -> c3 -> a8 -> e8
Weighted Q feedback already pending for h1 -> h16; reused active flow window
Phase=explore decision=4/2 handling h1 -> h16
R-Learner reused active weighted path h1 -> h16: e1 -> a2 -> c3 -> a8 -> e8
Weighted Q feedback already pending for h1 -> h16; reused active flow window
Phase=explore decision=5/2 handling h1 -> h16
R-Learner reused active weighted path h1 -> h16: e1 -> a2 -> c3 -> a8 -> e8
Weighted Q feedback already pending for h1 -> h16; reused active flow window
Phase=explore decision=6/2 handling h1 -> h16
R-Learner reused active weighted path h1 -> h16: e1 -> a2 -> c3 -> a8 -> e8
Weighted Q feedback already pending for h1 -> h16; reused active flow window
Phase=explore decision=7/2 handling h1 -> h16
R-Learner reused active weighted path h1 -> h16: e1 -> a2 -> c3 -> a8 -> e8
Weighted Q feedback already pending for h1 -> h16; reused active flow window
Phase=explore decision=8/2 handling h1 -> h16
R-Learner reused active weighted path h1 -> h16: e1 -> a2 -> c3 -> a8 -> e8
Weighted Q feedback already pending for h1 -> h16; reused active flow window
Phase=explore decision=9/2 handling h1 -> h16
R-Learner reused active weighted path h1 -> h16: e1 -> a2 -> c3 -> a8 -> e8
Weighted Q feedback already pending for h1 -> h16; reused active flow window
Phase=explore decision=10/2 handling h1 -> h16
R-Learner reused active weighted path h1 -> h16: e1 -> a2 -> c3 -> a8 -> e8
Weighted Q feedback already pending for h1 -> h16; reused active flow window
Phase=explore decision=11/2 handling h1 -> h16
R-Learner reused active weighted path h1 -> h16: e1 -> a2 -> c3 -> a8 -> e8
Weighted Q feedback already pending for h1 -> h16; reused active flow window
Phase=explore decision=12/2 handling h1 -> h16
R-Learner reused active weighted path h1 -> h16: e1 -> a2 -> c3 -> a8 -> e8
Weighted Q feedback already pending for h1 -> h16; reused active flow window
Phase=explore decision=13/2 handling h1 -> h16
R-Learner reused active weighted path h1 -> h16: e1 -> a2 -> c3 -> a8 -> e8
Weighted Q feedback already pending for h1 -> h16; reused active flow window
Phase=explore decision=14/2 handling h1 -> h16
R-Learner reused active weighted path h1 -> h16: e1 -> a2 -> c3 -> a8 -> e8
Weighted Q feedback already pending for h1 -> h16; reused active flow window
Phase=explore decision=15/2 handling h1 -> h16
R-Learner reused active weighted path h1 -> h16: e1 -> a2 -> c3 -> a8 -> e8
Weighted Q feedback already pending for h1 -> h16; reused active flow window
Phase=explore decision=16/2 handling h1 -> h16
R-Learner reused active weighted path h1 -> h16: e1 -> a2 -> c3 -> a8 -> e8
Weighted Q feedback already pending for h1 -> h16; reused active flow window
Phase=explore decision=17/2 handling h1 -> h16
R-Learner reused active weighted path h1 -> h16: e1 -> a2 -> c3 -> a8 -> e8
Weighted Q feedback already pending for h1 -> h16; reused active flow window
Phase=explore decision=18/2 handling h1 -> h16
R-Learner reused active weighted path h1 -> h16: e1 -> a2 -> c3 -> a8 -> e8
Weighted Q feedback already pending for h1 -> h16; reused active flow window
Phase=explore decision=19/2 handling h1 -> h16
R-Learner reused active weighted path h1 -> h16: e1 -> a2 -> c3 -> a8 -> e8
Weighted Q feedback already pending for h1 -> h16; reused active flow window
Phase=explore decision=20/2 handling h1 -> h16
R-Learner reused active weighted path h1 -> h16: e1 -> a2 -> c3 -> a8 -> e8
Weighted Q feedback already pending for h1 -> h16; reused active flow window
Phase=explore decision=21/2 handling h1 -> h16
R-Learner reused active weighted path h1 -> h16: e1 -> a2 -> c3 -> a8 -> e8
Weighted Q feedback already pending for h1 -> h16; reused active flow window
Phase=explore decision=22/2 handling h1 -> h16
R-Learner reused active weighted path h1 -> h16: e1 -> a2 -> c3 -> a8 -> e8
Weighted Q feedback already pending for h1 -> h16; reused active flow window
Phase=explore decision=23/2 handling h1 -> h16
R-Learner reused active weighted path h1 -> h16: e1 -> a2 -> c3 -> a8 -> e8
Weighted Q feedback already pending for h1 -> h16; reused active flow window
Phase=explore decision=24/2 handling h1 -> h16
R-Learner reused active weighted path h1 -> h16: e1 -> a2 -> c3 -> a8 -> e8
Weighted Q feedback already pending for h1 -> h16; reused active flow window
Phase=explore decision=25/2 handling h1 -> h16
R-Learner reused active weighted path h1 -> h16: e1 -> a2 -> c3 -> a8 -> e8
Weighted Q feedback already pending for h1 -> h16; reused active flow window
Phase=explore decision=26/2 handling h1 -> h16
R-Learner reused active weighted path h1 -> h16: e1 -> a2 -> c3 -> a8 -> e8
Weighted Q feedback already pending for h1 -> h16; reused active flow window
Phase=explore decision=27/2 handling h1 -> h16
R-Learner reused active weighted path h1 -> h16: e1 -> a2 -> c3 -> a8 -> e8
Weighted Q feedback already pending for h1 -> h16; reused active flow window
Phase=explore decision=28/2 handling h1 -> h16
R-Learner reused active weighted path h1 -> h16: e1 -> a2 -> c3 -> a8 -> e8
Weighted Q feedback already pending for h1 -> h16; reused active flow window
Phase=explore decision=29/2 handling h1 -> h16
R-Learner reused active weighted path h1 -> h16: e1 -> a2 -> c3 -> a8 -> e8
Weighted Q feedback already pending for h1 -> h16; reused active flow window
Phase=explore decision=30/2 handling h1 -> h16
R-Learner reused active weighted path h1 -> h16: e1 -> a2 -> c3 -> a8 -> e8
Weighted Q feedback already pending for h1 -> h16; reused active flow window
Phase=explore decision=31/2 handling h1 -> h16
R-Learner reused active weighted path h1 -> h16: e1 -> a2 -> c3 -> a8 -> e8
Weighted Q feedback already pending for h1 -> h16; reused active flow window
Phase=explore decision=32/2 handling h1 -> h16
R-Learner reused active weighted path h1 -> h16: e1 -> a2 -> c3 -> a8 -> e8
Weighted Q feedback already pending for h1 -> h16; reused active flow window
Phase=explore decision=33/2 handling h1 -> h16
R-Learner reused active weighted path h1 -> h16: e1 -> a2 -> c3 -> a8 -> e8
Weighted Q feedback already pending for h1 -> h16; reused active flow window
Phase=explore decision=34/2 handling h1 -> h16
R-Learner reused active weighted path h1 -> h16: e1 -> a2 -> c3 -> a8 -> e8
Weighted Q feedback already pending for h1 -> h16; reused active flow window
Phase=explore decision=35/2 handling h1 -> h16
R-Learner reused active weighted path h1 -> h16: e1 -> a2 -> c3 -> a8 -> e8
Weighted Q feedback already pending for h1 -> h16; reused active flow window
Phase=explore decision=36/2 handling h1 -> h16
R-Learner reused active weighted path h1 -> h16: e1 -> a2 -> c3 -> a8 -> e8
Weighted Q feedback already pending for h1 -> h16; reused active flow window
Phase=explore decision=37/2 handling h1 -> h16
R-Learner reused active weighted path h1 -> h16: e1 -> a2 -> c3 -> a8 -> e8
Weighted Q feedback already pending for h1 -> h16; reused active flow window
Phase=explore decision=38/2 handling h1 -> h16
R-Learner reused active weighted path h1 -> h16: e1 -> a2 -> c3 -> a8 -> e8
Weighted Q feedback already pending for h1 -> h16; reused active flow window
Phase=explore decision=39/2 handling h1 -> h16
R-Learner reused active weighted path h1 -> h16: e1 -> a2 -> c3 -> a8 -> e8
Weighted Q feedback already pending for h1 -> h16; reused active flow window
Phase=explore decision=40/2 handling h1 -> h16
R-Learner reused active weighted path h1 -> h16: e1 -> a2 -> c3 -> a8 -> e8
Weighted Q feedback already pending for h1 -> h16; reused active flow window
Phase=explore decision=41/2 handling h1 -> h16
R-Learner reused active weighted path h1 -> h16: e1 -> a2 -> c3 -> a8 -> e8
Weighted Q feedback already pending for h1 -> h16; reused active flow window
Phase=explore decision=42/2 handling h1 -> h16
R-Learner reused active weighted path h1 -> h16: e1 -> a2 -> c3 -> a8 -> e8
Weighted Q feedback already pending for h1 -> h16; reused active flow window
Phase=explore decision=43/2 handling h1 -> h16
R-Learner reused active weighted path h1 -> h16: e1 -> a2 -> c3 -> a8 -> e8
Weighted Q feedback already pending for h1 -> h16; reused active flow window
Phase=explore decision=44/2 handling h1 -> h16
R-Learner reused active weighted path h1 -> h16: e1 -> a2 -> c3 -> a8 -> e8
Weighted Q feedback already pending for h1 -> h16; reused active flow window
Phase=explore decision=45/2 handling h1 -> h16
R-Learner reused active weighted path h1 -> h16: e1 -> a2 -> c3 -> a8 -> e8
Weighted Q feedback already pending for h1 -> h16; reused active flow window
Phase=explore decision=46/2 handling h1 -> h16
R-Learner reused active weighted path h1 -> h16: e1 -> a2 -> c3 -> a8 -> e8
Weighted Q feedback already pending for h1 -> h16; reused active flow window
Phase=explore decision=47/2 handling h1 -> h16
R-Learner reused active weighted path h1 -> h16: e1 -> a2 -> c3 -> a8 -> e8
Weighted Q feedback already pending for h1 -> h16; reused active flow window
Phase=explore decision=48/2 handling h1 -> h16
R-Learner reused active weighted path h1 -> h16: e1 -> a2 -> c3 -> a8 -> e8
Weighted Q feedback already pending for h1 -> h16; reused active flow window
Phase=explore decision=49/2 handling h1 -> h16
R-Learner reused active weighted path h1 -> h16: e1 -> a2 -> c3 -> a8 -> e8
Weighted Q feedback already pending for h1 -> h16; reused active flow window
Phase=explore decision=50/2 handling h1 -> h16
R-Learner reused active weighted path h1 -> h16: e1 -> a2 -> c3 -> a8 -> e8
Weighted Q feedback already pending for h1 -> h16; reused active flow window
Phase=explore decision=51/2 handling h1 -> h16
R-Learner reused active weighted path h1 -> h16: e1 -> a2 -> c3 -> a8 -> e8
Weighted Q feedback already pending for h1 -> h16; reused active flow window
Phase=explore decision=52/2 handling h1 -> h16
R-Learner reused active weighted path h1 -> h16: e1 -> a2 -> c3 -> a8 -> e8
Weighted Q feedback already pending for h1 -> h16; reused active flow window
Phase=explore decision=53/2 handling h1 -> h16
R-Learner reused active weighted path h1 -> h16: e1 -> a2 -> c3 -> a8 -> e8
Weighted Q feedback already pending for h1 -> h16; reused active flow window
Phase=explore decision=54/2 handling h1 -> h16
R-Learner reused active weighted path h1 -> h16: e1 -> a2 -> c3 -> a8 -> e8
Weighted Q feedback already pending for h1 -> h16; reused active flow window
Phase=explore decision=55/2 handling h1 -> h16
R-Learner reused active weighted path h1 -> h16: e1 -> a2 -> c3 -> a8 -> e8
Weighted Q feedback already pending for h1 -> h16; reused active flow window
Phase=explore decision=56/2 handling h1 -> h16
R-Learner reused active weighted path h1 -> h16: e1 -> a2 -> c3 -> a8 -> e8
Weighted Q feedback already pending for h1 -> h16; reused active flow window
Phase=explore decision=57/2 handling h1 -> h16
R-Learner reused active weighted path h1 -> h16: e1 -> a2 -> c3 -> a8 -> e8
Weighted Q feedback already pending for h1 -> h16; reused active flow window
Phase=explore decision=58/2 handling h1 -> h16
R-Learner reused active weighted path h1 -> h16: e1 -> a2 -> c3 -> a8 -> e8
Weighted Q feedback already pending for h1 -> h16; reused active flow window
Phase=explore decision=59/2 handling h1 -> h16
R-Learner reused active weighted path h1 -> h16: e1 -> a2 -> c3 -> a8 -> e8
Weighted Q feedback already pending for h1 -> h16; reused active flow window
Phase=explore decision=60/2 handling h1 -> h16
R-Learner reused active weighted path h1 -> h16: e1 -> a2 -> c3 -> a8 -> e8
Weighted Q feedback already pending for h1 -> h16; reused active flow window
Phase=explore decision=61/2 handling h1 -> h16
R-Learner reused active weighted path h1 -> h16: e1 -> a2 -> c3 -> a8 -> e8
Weighted Q feedback already pending for h1 -> h16; reused active flow window
Phase=explore decision=62/2 handling h1 -> h16
R-Learner reused active weighted path h1 -> h16: e1 -> a2 -> c3 -> a8 -> e8
Weighted Q feedback already pending for h1 -> h16; reused active flow window
Phase=explore decision=63/2 handling h1 -> h16
R-Learner reused active weighted path h1 -> h16: e1 -> a2 -> c3 -> a8 -> e8
Weighted Q feedback already pending for h1 -> h16; reused active flow window
Phase=explore decision=64/2 handling h1 -> h16
R-Learner reused active weighted path h1 -> h16: e1 -> a2 -> c3 -> a8 -> e8
Weighted Q feedback already pending for h1 -> h16; reused active flow window
Phase=explore decision=65/2 handling h1 -> h16
R-Learner reused active weighted path h1 -> h16: e1 -> a2 -> c3 -> a8 -> e8
Weighted Q feedback already pending for h1 -> h16; reused active flow window
Phase=explore decision=66/2 handling h1 -> h16
R-Learner reused active weighted path h1 -> h16: e1 -> a2 -> c3 -> a8 -> e8
Weighted Q feedback already pending for h1 -> h16; reused active flow window
Phase=explore decision=67/2 handling h1 -> h16
R-Learner reused active weighted path h1 -> h16: e1 -> a2 -> c3 -> a8 -> e8
Weighted Q feedback already pending for h1 -> h16; reused active flow window
Phase=explore decision=68/2 handling h1 -> h16
R-Learner reused active weighted path h1 -> h16: e1 -> a2 -> c3 -> a8 -> e8
Weighted Q feedback already pending for h1 -> h16; reused active flow window
Phase=explore decision=69/2 handling h1 -> h16
R-Learner reused active weighted path h1 -> h16: e1 -> a2 -> c3 -> a8 -> e8
Weighted Q feedback already pending for h1 -> h16; reused active flow window
Phase=explore decision=70/2 handling h1 -> h16
R-Learner reused active weighted path h1 -> h16: e1 -> a2 -> c3 -> a8 -> e8
Weighted Q feedback already pending for h1 -> h16; reused active flow window
Phase=explore decision=71/2 handling h1 -> h16
R-Learner reused active weighted path h1 -> h16: e1 -> a2 -> c3 -> a8 -> e8
Weighted Q feedback already pending for h1 -> h16; reused active flow window
Phase=explore decision=72/2 handling h1 -> h16
R-Learner reused active weighted path h1 -> h16: e1 -> a2 -> c3 -> a8 -> e8
Weighted Q feedback already pending for h1 -> h16; reused active flow window
Phase=explore decision=73/2 handling h1 -> h16
R-Learner reused active weighted path h1 -> h16: e1 -> a2 -> c3 -> a8 -> e8
Weighted Q feedback already pending for h1 -> h16; reused active flow window
Phase=explore decision=74/2 handling h1 -> h16
R-Learner reused active weighted path h1 -> h16: e1 -> a2 -> c3 -> a8 -> e8
Weighted Q feedback already pending for h1 -> h16; reused active flow window
Phase=explore decision=75/2 handling h1 -> h16
R-Learner reused active weighted path h1 -> h16: e1 -> a2 -> c3 -> a8 -> e8
Weighted Q feedback already pending for h1 -> h16; reused active flow window
Phase=explore decision=76/2 handling h1 -> h16
R-Learner reused active weighted path h1 -> h16: e1 -> a2 -> c3 -> a8 -> e8
Weighted Q feedback already pending for h1 -> h16; reused active flow window
Phase=explore decision=77/2 handling h1 -> h16
R-Learner reused active weighted path h1 -> h16: e1 -> a2 -> c3 -> a8 -> e8
Weighted Q feedback already pending for h1 -> h16; reused active flow window
Phase=explore decision=78/2 handling h1 -> h16
R-Learner reused active weighted path h1 -> h16: e1 -> a2 -> c3 -> a8 -> e8
Weighted Q feedback already pending for h1 -> h16; reused active flow window
Phase=explore decision=79/2 handling h1 -> h16
R-Learner reused active weighted path h1 -> h16: e1 -> a2 -> c3 -> a8 -> e8
Weighted Q feedback already pending for h1 -> h16; reused active flow window
Phase=explore decision=80/2 handling h1 -> h16
R-Learner reused active weighted path h1 -> h16: e1 -> a2 -> c3 -> a8 -> e8
Weighted Q feedback already pending for h1 -> h16; reused active flow window
Phase=explore decision=81/2 handling h1 -> h16
R-Learner reused active weighted path h1 -> h16: e1 -> a2 -> c3 -> a8 -> e8
Weighted Q feedback already pending for h1 -> h16; reused active flow window
Phase=explore decision=82/2 handling h1 -> h16
R-Learner reused active weighted path h1 -> h16: e1 -> a2 -> c3 -> a8 -> e8
Weighted Q feedback already pending for h1 -> h16; reused active flow window
Phase=explore decision=83/2 handling h1 -> h16
R-Learner reused active weighted path h1 -> h16: e1 -> a2 -> c3 -> a8 -> e8
Weighted Q feedback already pending for h1 -> h16; reused active flow window
Phase=explore decision=84/2 handling h1 -> h16
R-Learner reused active weighted path h1 -> h16: e1 -> a2 -> c3 -> a8 -> e8
Weighted Q feedback already pending for h1 -> h16; reused active flow window
Phase=explore decision=85/2 handling h1 -> h16
R-Learner reused active weighted path h1 -> h16: e1 -> a2 -> c3 -> a8 -> e8
Weighted Q feedback already pending for h1 -> h16; reused active flow window
Phase=explore decision=86/2 handling h1 -> h16
R-Learner reused active weighted path h1 -> h16: e1 -> a2 -> c3 -> a8 -> e8
Weighted Q feedback already pending for h1 -> h16; reused active flow window
Phase=explore decision=87/2 handling h1 -> h16
R-Learner reused active weighted path h1 -> h16: e1 -> a2 -> c3 -> a8 -> e8
Weighted Q feedback already pending for h1 -> h16; reused active flow window
Phase=explore decision=88/2 handling h1 -> h16
R-Learner reused active weighted path h1 -> h16: e1 -> a2 -> c3 -> a8 -> e8
Weighted Q feedback already pending for h1 -> h16; reused active flow window
Phase=explore decision=89/2 handling h1 -> h16
R-Learner reused active weighted path h1 -> h16: e1 -> a2 -> c3 -> a8 -> e8
Weighted Q feedback already pending for h1 -> h16; reused active flow window
Phase=explore decision=90/2 handling h1 -> h16
R-Learner reused active weighted path h1 -> h16: e1 -> a2 -> c3 -> a8 -> e8
Weighted Q feedback already pending for h1 -> h16; reused active flow window
Phase=explore decision=91/2 handling h1 -> h16
R-Learner reused active weighted path h1 -> h16: e1 -> a2 -> c3 -> a8 -> e8
Weighted Q feedback already pending for h1 -> h16; reused active flow window
Phase=explore decision=92/2 handling h1 -> h16
R-Learner reused active weighted path h1 -> h16: e1 -> a2 -> c3 -> a8 -> e8
Weighted Q feedback already pending for h1 -> h16; reused active flow window
Phase=explore decision=93/2 handling h1 -> h16
R-Learner reused active weighted path h1 -> h16: e1 -> a2 -> c3 -> a8 -> e8
Weighted Q feedback already pending for h1 -> h16; reused active flow window
Phase=explore decision=94/2 handling h1 -> h16
R-Learner reused active weighted path h1 -> h16: e1 -> a2 -> c3 -> a8 -> e8
Weighted Q feedback already pending for h1 -> h16; reused active flow window
Phase=explore decision=95/2 handling h1 -> h16
R-Learner reused active weighted path h1 -> h16: e1 -> a2 -> c3 -> a8 -> e8
Weighted Q feedback already pending for h1 -> h16; reused active flow window
Phase=explore decision=96/2 handling h1 -> h16
R-Learner reused active weighted path h1 -> h16: e1 -> a2 -> c3 -> a8 -> e8
Weighted Q feedback already pending for h1 -> h16; reused active flow window
Phase=explore decision=97/2 handling h1 -> h16
R-Learner reused active weighted path h1 -> h16: e1 -> a2 -> c3 -> a8 -> e8
Weighted Q feedback already pending for h1 -> h16; reused active flow window
Phase=explore decision=98/2 handling h1 -> h16
R-Learner reused active weighted path h1 -> h16: e1 -> a2 -> c3 -> a8 -> e8
Weighted Q feedback already pending for h1 -> h16; reused active flow window
Phase=explore decision=99/2 handling h1 -> h16
R-Learner reused active weighted path h1 -> h16: e1 -> a2 -> c3 -> a8 -> e8
Weighted Q feedback already pending for h1 -> h16; reused active flow window
Phase=explore decision=100/2 handling h1 -> h16
R-Learner reused active weighted path h1 -> h16: e1 -> a2 -> c3 -> a8 -> e8
Weighted Q feedback already pending for h1 -> h16; reused active flow window
Phase=explore decision=101/2 handling h1 -> h16
R-Learner reused active weighted path h1 -> h16: e1 -> a2 -> c3 -> a8 -> e8
Weighted Q feedback already pending for h1 -> h16; reused active flow window
Phase=explore decision=102/2 handling h1 -> h16
R-Learner reused active weighted path h1 -> h16: e1 -> a2 -> c3 -> a8 -> e8
Weighted Q feedback already pending for h1 -> h16; reused active flow window
Phase=explore decision=103/2 handling h1 -> h16
R-Learner reused active weighted path h1 -> h16: e1 -> a2 -> c3 -> a8 -> e8
Weighted Q feedback already pending for h1 -> h16; reused active flow window
Phase=explore decision=104/2 handling h1 -> h16
R-Learner reused active weighted path h1 -> h16: e1 -> a2 -> c3 -> a8 -> e8
Weighted Q feedback already pending for h1 -> h16; reused active flow window
Phase=explore decision=105/2 handling h1 -> h16
R-Learner reused active weighted path h1 -> h16: e1 -> a2 -> c3 -> a8 -> e8
Weighted Q feedback already pending for h1 -> h16; reused active flow window
Phase=explore decision=106/2 handling h1 -> h16
R-Learner reused active weighted path h1 -> h16: e1 -> a2 -> c3 -> a8 -> e8
Weighted Q feedback already pending for h1 -> h16; reused active flow window
Flow feedback window started key=('h2', 'h15', 1, 'e1-h2-h15-g1') protocol=udp
Flow feedback window started key=('h1', 'h16', 1, 'e1-h1-h16-g0') protocol=tcp
Phase=explore decision=107/2 handling h16 -> h1
Exploitation selected path (best_q=0.000 candidates=20): e8 -> a8 -> c3 -> a4 -> c2 -> a2 -> e1
R-Learner selected path h16 -> h1: e8 -> a8 -> c3 -> a4 -> c2 -> a2 -> e1
Skipping weighted Q queue for h16 -> h1 because no flow_id window is active
Q-update state=('e1', 'e8') action_len=7 reward=-0.09999999999999998 old_q=0.000 new_q=-0.010
Live weighted QoS reward for h2 -> h15: -0.100 metrics={'throughput_gbps': 0.0105, 'jitter_ms': 0.11, 'plr_pct': 1.0, 'rtt_ms': 0.0} update=q
Q-update state=('e1', 'e8') action_len=5 reward=-0.3 old_q=0.000 new_q=-0.030
Live weighted QoS reward for h1 -> h16: -0.300 metrics={'jitter_ms': 0.133, 'plr_pct': 0.25, 'throughput_gbps': 0.005719999999999999, 'rtt_ms': 0.0} update=q
Initialized optimizer from Q-table: seeded_states=10 bias=0.70
Switching to R-Optimizer phase after decisions=108 weighted_rewards=2
Flow feedback window started key=('h2', 'h15', 2, 'e2-h2-h15-g1') protocol=udp
Flow feedback window started key=('h1', 'h16', 2, 'e2-h1-h16-g0') protocol=udp
Flow feedback window started key=('h2', 'h15', 2, 'e2-h2-h15-g1') protocol=tcp
Flow feedback window started key=('h1', 'h16', 2, 'e2-h1-h16-g0') protocol=tcp
Live QoS reward -0.154 for key=('h2', 'h15', 2, 'e2-h2-h15-g1') has no pending decision
Live QoS reward -0.145 for key=('h1', 'h16', 2, 'e2-h1-h16-g0') has no pending decision
Flow feedback window started key=('h1', 'h16', 3, 'e3-h1-h16-g0') protocol=udp
Flow feedback window started key=('h2', 'h15', 3, 'e3-h2-h15-g1') protocol=udp
Flow feedback window started key=('h2', 'h15', 3, 'e3-h2-h15-g1') protocol=tcp
Phase=optimize decision=108/2 handling h15 -> h2
R-Optimizer selected path h15 -> h2: e8 -> a7 -> c0 -> a1 -> e1
Queued weighted policy feedback for h15 -> h2 (install=True forward=True)
Skipping weighted policy queue for h15 -> h2 because no flow_id window is active
Flow feedback window started key=('h1', 'h16', 3, 'e3-h1-h16-g0') protocol=tcp
Live QoS reward -0.181 for key=('h2', 'h15', 3, 'e3-h2-h15-g1') has no pending decision
Live QoS reward 0.127 for key=('h1', 'h16', 3, 'e3-h1-h16-g0') has no pending decision
Flow feedback window started key=('h1', 'h16', 4, 'e4-h1-h16-g0') protocol=tcp
Flow feedback window started key=('h1', 'h16', 4, 'e4-h1-h16-g0') protocol=udp
Flow feedback window started key=('h2', 'h15', 4, 'e4-h2-h15-g1') protocol=tcp
Flow feedback window started key=('h2', 'h15', 4, 'e4-h2-h15-g1') protocol=udp
Live QoS reward 0.002 for key=('h1', 'h16', 4, 'e4-h1-h16-g0') has no pending decision
Live QoS reward 0.022 for key=('h2', 'h15', 4, 'e4-h2-h15-g1') has no pending decision
Flow feedback window started key=('h1', 'h16', 5, 'e5-h1-h16-g0') protocol=tcp
Flow feedback window started key=('h2', 'h15', 5, 'e5-h2-h15-g1') protocol=tcp
Flow feedback window started key=('h1', 'h16', 5, 'e5-h1-h16-g0') protocol=udp
Flow feedback window started key=('h2', 'h15', 5, 'e5-h2-h15-g1') protocol=udp
Live QoS reward 0.059 for key=('h1', 'h16', 5, 'e5-h1-h16-g0') has no pending decision
Live QoS reward 0.051 for key=('h2', 'h15', 5, 'e5-h2-h15-g1') has no pending decision
Flow feedback window started key=('h2', 'h15', 6, 'e6-h2-h15-g1') protocol=tcp
Flow feedback window started key=('h2', 'h15', 6, 'e6-h2-h15-g1') protocol=udp
Flow feedback window started key=('h1', 'h16', 6, 'e6-h1-h16-g0') protocol=udp
Flow feedback window started key=('h1', 'h16', 6, 'e6-h1-h16-g0') protocol=tcp
Phase=optimize decision=108/2 handling h16 -> h1
R-Optimizer selected path h16 -> h1: e8 -> a8 -> c3 -> a2 -> e1
Queued weighted policy feedback for h16 -> h1 (install=True forward=True)
Skipping weighted policy queue for h16 -> h1 because no flow_id window is active
Live QoS reward -0.142 for key=('h2', 'h15', 6, 'e6-h2-h15-g1') has no pending decision
Live QoS reward -0.198 for key=('h1', 'h16', 6, 'e6-h1-h16-g0') has no pending decision
Flow feedback window started key=('h2', 'h15', 7, 'e7-h2-h15-g1') protocol=udp
Flow feedback window started key=('h1', 'h16', 7, 'e7-h1-h16-g0') protocol=udp
Flow feedback window started key=('h2', 'h15', 7, 'e7-h2-h15-g1') protocol=tcp
Flow feedback window started key=('h1', 'h16', 7, 'e7-h1-h16-g0') protocol=tcp
Live QoS reward -0.082 for key=('h2', 'h15', 7, 'e7-h2-h15-g1') has no pending decision
Live QoS reward -0.026 for key=('h1', 'h16', 7, 'e7-h1-h16-g0') has no pending decision
Flow feedback window started key=('h1', 'h16', 8, 'e8-h1-h16-g0') protocol=tcp
Flow feedback window started key=('h1', 'h16', 8, 'e8-h1-h16-g0') protocol=udp
Flow feedback window started key=('h2', 'h15', 8, 'e8-h2-h15-g1') protocol=udp
Flow feedback window started key=('h2', 'h15', 8, 'e8-h2-h15-g1') protocol=tcp
Phase=optimize decision=108/2 handling h15 -> h2
R-Optimizer selected path h15 -> h2: e8 -> a7 -> c0 -> a1 -> e1
Queued weighted policy feedback for h15 -> h2 (install=True forward=True)
Skipping weighted policy queue for h15 -> h2 because no flow_id window is active
Live QoS reward -0.105 for key=('h1', 'h16', 8, 'e8-h1-h16-g0') has no pending decision
Live QoS reward -0.190 for key=('h2', 'h15', 8, 'e8-h2-h15-g1') has no pending decision
