loading app /home/johndoe/Desktop/sdn-rl-routing/controllers/staged_controller.py
loading app ryu.controller.ofp_handler
instantiating app /home/johndoe/Desktop/sdn-rl-routing/controllers/staged_controller.py of StagedController
Loaded topology: abilene_imp
Switches: ['c0', 'c1', 'c2', 'c3', 'a1', 'a2', 'a3', 'a4', 'a5', 'a6', 'a7', 'a8', 'e1', 'e2', 'e3', 'e4', 'e5', 'e6', 'e7', 'e8']
Hosts: ['h1', 'h2', 'h3', 'h4', 'h5', 'h6', 'h7', 'h8', 'h9', 'h10', 'h11', 'h12', 'h13', 'h14', 'h15', 'h16']
Staged config: explore_decisions=5 min_weighted_explore_rewards=10 alpha=0.1 epsilon=0.1 path_cutoff=6 learned_flow_idle_timeout=1 reward_mode=weighted
Weighted QoS feedback listener started on 127.0.0.1:9999 profile=balanced
instantiating app ryu.controller.ofp_handler of OFPHandler
Switch connected: dpid=1
Switch connected: dpid=2
Switch connected: dpid=3
Switch connected: dpid=4
Switch connected: dpid=5
Switch connected: dpid=6
Switch connected: dpid=7
Switch connected: dpid=8
Switch connected: dpid=9
Switch connected: dpid=10
Switch connected: dpid=11
Switch connected: dpid=12
Switch connected: dpid=13
Switch connected: dpid=14
Switch connected: dpid=15
Switch connected: dpid=16
Switch connected: dpid=17
Switch connected: dpid=18
Switch connected: dpid=19
Switch connected: dpid=20
Flow feedback window started key=('h2', 'h15', 1, 'e1-h2-h15-g1') protocol=tcp
Phase=explore decision=0/5 handling h2 -> h15
Exploration selected path: e1 -> a1 -> e2 -> a2 -> c2 -> a8 -> e8
R-Learner selected path h2 -> h15: e1 -> a1 -> e2 -> a2 -> c2 -> a8 -> e8
Queued weighted Q feedback for h2 -> h15 (install=True forward=True)
Phase=explore decision=1/5 handling h15 -> h2
Exploitation selected path (best_q=0.000 candidates=20): e8 -> a8 -> c3 -> a4 -> c2 -> a2 -> e1
R-Learner selected path h15 -> h2: e8 -> a8 -> c3 -> a4 -> c2 -> a2 -> e1
Skipping weighted Q queue for h15 -> h2 because no flow_id window is active
Flow feedback window started key=('h1', 'h16', 1, 'e1-h1-h16-g0') protocol=udp
Phase=explore decision=2/5 handling h1 -> h16
Exploitation selected path (best_q=0.000 candidates=20): e1 -> a2 -> c2 -> a8 -> e7 -> a7 -> e8
R-Learner selected path h1 -> h16: e1 -> a2 -> c2 -> a8 -> e7 -> a7 -> e8
Queued weighted Q feedback for h1 -> h16 (install=True forward=True)
Phase=explore decision=3/5 handling h1 -> h16
R-Learner reused active weighted path h1 -> h16: e1 -> a2 -> c2 -> a8 -> e7 -> a7 -> e8
Weighted Q feedback already pending for h1 -> h16; reused active flow window
Phase=explore decision=4/5 handling h1 -> h16
R-Learner reused active weighted path h1 -> h16: e1 -> a2 -> c2 -> a8 -> e7 -> a7 -> e8
Weighted Q feedback already pending for h1 -> h16; reused active flow window
Phase=explore decision=5/5 handling h1 -> h16
R-Learner reused active weighted path h1 -> h16: e1 -> a2 -> c2 -> a8 -> e7 -> a7 -> e8
Weighted Q feedback already pending for h1 -> h16; reused active flow window
Phase=explore decision=6/5 handling h1 -> h16
R-Learner reused active weighted path h1 -> h16: e1 -> a2 -> c2 -> a8 -> e7 -> a7 -> e8
Weighted Q feedback already pending for h1 -> h16; reused active flow window
Phase=explore decision=7/5 handling h1 -> h16
R-Learner reused active weighted path h1 -> h16: e1 -> a2 -> c2 -> a8 -> e7 -> a7 -> e8
Weighted Q feedback already pending for h1 -> h16; reused active flow window
Phase=explore decision=8/5 handling h1 -> h16
R-Learner reused active weighted path h1 -> h16: e1 -> a2 -> c2 -> a8 -> e7 -> a7 -> e8
Weighted Q feedback already pending for h1 -> h16; reused active flow window
Phase=explore decision=9/5 handling h1 -> h16
R-Learner reused active weighted path h1 -> h16: e1 -> a2 -> c2 -> a8 -> e7 -> a7 -> e8
Weighted Q feedback already pending for h1 -> h16; reused active flow window
Phase=explore decision=10/5 handling h1 -> h16
R-Learner reused active weighted path h1 -> h16: e1 -> a2 -> c2 -> a8 -> e7 -> a7 -> e8
Weighted Q feedback already pending for h1 -> h16; reused active flow window
Phase=explore decision=11/5 handling h1 -> h16
R-Learner reused active weighted path h1 -> h16: e1 -> a2 -> c2 -> a8 -> e7 -> a7 -> e8
Weighted Q feedback already pending for h1 -> h16; reused active flow window
Phase=explore decision=12/5 handling h1 -> h16
R-Learner reused active weighted path h1 -> h16: e1 -> a2 -> c2 -> a8 -> e7 -> a7 -> e8
Weighted Q feedback already pending for h1 -> h16; reused active flow window
Phase=explore decision=13/5 handling h1 -> h16
R-Learner reused active weighted path h1 -> h16: e1 -> a2 -> c2 -> a8 -> e7 -> a7 -> e8
Weighted Q feedback already pending for h1 -> h16; reused active flow window
Phase=explore decision=14/5 handling h1 -> h16
R-Learner reused active weighted path h1 -> h16: e1 -> a2 -> c2 -> a8 -> e7 -> a7 -> e8
Weighted Q feedback already pending for h1 -> h16; reused active flow window
Phase=explore decision=15/5 handling h1 -> h16
R-Learner reused active weighted path h1 -> h16: e1 -> a2 -> c2 -> a8 -> e7 -> a7 -> e8
Weighted Q feedback already pending for h1 -> h16; reused active flow window
Phase=explore decision=16/5 handling h1 -> h16
R-Learner reused active weighted path h1 -> h16: e1 -> a2 -> c2 -> a8 -> e7 -> a7 -> e8
Weighted Q feedback already pending for h1 -> h16; reused active flow window
Phase=explore decision=17/5 handling h1 -> h16
R-Learner reused active weighted path h1 -> h16: e1 -> a2 -> c2 -> a8 -> e7 -> a7 -> e8
Weighted Q feedback already pending for h1 -> h16; reused active flow window
Phase=explore decision=18/5 handling h1 -> h16
R-Learner reused active weighted path h1 -> h16: e1 -> a2 -> c2 -> a8 -> e7 -> a7 -> e8
Weighted Q feedback already pending for h1 -> h16; reused active flow window
Phase=explore decision=19/5 handling h1 -> h16
R-Learner reused active weighted path h1 -> h16: e1 -> a2 -> c2 -> a8 -> e7 -> a7 -> e8
Weighted Q feedback already pending for h1 -> h16; reused active flow window
Phase=explore decision=20/5 handling h1 -> h16
R-Learner reused active weighted path h1 -> h16: e1 -> a2 -> c2 -> a8 -> e7 -> a7 -> e8
Weighted Q feedback already pending for h1 -> h16; reused active flow window
Phase=explore decision=21/5 handling h1 -> h16
R-Learner reused active weighted path h1 -> h16: e1 -> a2 -> c2 -> a8 -> e7 -> a7 -> e8
Weighted Q feedback already pending for h1 -> h16; reused active flow window
Phase=explore decision=22/5 handling h1 -> h16
R-Learner reused active weighted path h1 -> h16: e1 -> a2 -> c2 -> a8 -> e7 -> a7 -> e8
Weighted Q feedback already pending for h1 -> h16; reused active flow window
Phase=explore decision=23/5 handling h1 -> h16
R-Learner reused active weighted path h1 -> h16: e1 -> a2 -> c2 -> a8 -> e7 -> a7 -> e8
Weighted Q feedback already pending for h1 -> h16; reused active flow window
Phase=explore decision=24/5 handling h1 -> h16
R-Learner reused active weighted path h1 -> h16: e1 -> a2 -> c2 -> a8 -> e7 -> a7 -> e8
Weighted Q feedback already pending for h1 -> h16; reused active flow window
Phase=explore decision=25/5 handling h1 -> h16
R-Learner reused active weighted path h1 -> h16: e1 -> a2 -> c2 -> a8 -> e7 -> a7 -> e8
Weighted Q feedback already pending for h1 -> h16; reused active flow window
Phase=explore decision=26/5 handling h1 -> h16
R-Learner reused active weighted path h1 -> h16: e1 -> a2 -> c2 -> a8 -> e7 -> a7 -> e8
Weighted Q feedback already pending for h1 -> h16; reused active flow window
Phase=explore decision=27/5 handling h1 -> h16
R-Learner reused active weighted path h1 -> h16: e1 -> a2 -> c2 -> a8 -> e7 -> a7 -> e8
Weighted Q feedback already pending for h1 -> h16; reused active flow window
Phase=explore decision=28/5 handling h1 -> h16
R-Learner reused active weighted path h1 -> h16: e1 -> a2 -> c2 -> a8 -> e7 -> a7 -> e8
Weighted Q feedback already pending for h1 -> h16; reused active flow window
Phase=explore decision=29/5 handling h1 -> h16
R-Learner reused active weighted path h1 -> h16: e1 -> a2 -> c2 -> a8 -> e7 -> a7 -> e8
Weighted Q feedback already pending for h1 -> h16; reused active flow window
Phase=explore decision=30/5 handling h1 -> h16
R-Learner reused active weighted path h1 -> h16: e1 -> a2 -> c2 -> a8 -> e7 -> a7 -> e8
Weighted Q feedback already pending for h1 -> h16; reused active flow window
Phase=explore decision=31/5 handling h1 -> h16
R-Learner reused active weighted path h1 -> h16: e1 -> a2 -> c2 -> a8 -> e7 -> a7 -> e8
Weighted Q feedback already pending for h1 -> h16; reused active flow window
Phase=explore decision=32/5 handling h1 -> h16
R-Learner reused active weighted path h1 -> h16: e1 -> a2 -> c2 -> a8 -> e7 -> a7 -> e8
Weighted Q feedback already pending for h1 -> h16; reused active flow window
Phase=explore decision=33/5 handling h1 -> h16
R-Learner reused active weighted path h1 -> h16: e1 -> a2 -> c2 -> a8 -> e7 -> a7 -> e8
Weighted Q feedback already pending for h1 -> h16; reused active flow window
Phase=explore decision=34/5 handling h1 -> h16
R-Learner reused active weighted path h1 -> h16: e1 -> a2 -> c2 -> a8 -> e7 -> a7 -> e8
Weighted Q feedback already pending for h1 -> h16; reused active flow window
Phase=explore decision=35/5 handling h1 -> h16
R-Learner reused active weighted path h1 -> h16: e1 -> a2 -> c2 -> a8 -> e7 -> a7 -> e8
Weighted Q feedback already pending for h1 -> h16; reused active flow window
Phase=explore decision=36/5 handling h1 -> h16
R-Learner reused active weighted path h1 -> h16: e1 -> a2 -> c2 -> a8 -> e7 -> a7 -> e8
Weighted Q feedback already pending for h1 -> h16; reused active flow window
Phase=explore decision=37/5 handling h1 -> h16
R-Learner reused active weighted path h1 -> h16: e1 -> a2 -> c2 -> a8 -> e7 -> a7 -> e8
Weighted Q feedback already pending for h1 -> h16; reused active flow window
Phase=explore decision=38/5 handling h1 -> h16
R-Learner reused active weighted path h1 -> h16: e1 -> a2 -> c2 -> a8 -> e7 -> a7 -> e8
Weighted Q feedback already pending for h1 -> h16; reused active flow window
Phase=explore decision=39/5 handling h1 -> h16
R-Learner reused active weighted path h1 -> h16: e1 -> a2 -> c2 -> a8 -> e7 -> a7 -> e8
Weighted Q feedback already pending for h1 -> h16; reused active flow window
Phase=explore decision=40/5 handling h1 -> h16
R-Learner reused active weighted path h1 -> h16: e1 -> a2 -> c2 -> a8 -> e7 -> a7 -> e8
Weighted Q feedback already pending for h1 -> h16; reused active flow window
Phase=explore decision=41/5 handling h1 -> h16
R-Learner reused active weighted path h1 -> h16: e1 -> a2 -> c2 -> a8 -> e7 -> a7 -> e8
Weighted Q feedback already pending for h1 -> h16; reused active flow window
Phase=explore decision=42/5 handling h1 -> h16
R-Learner reused active weighted path h1 -> h16: e1 -> a2 -> c2 -> a8 -> e7 -> a7 -> e8
Weighted Q feedback already pending for h1 -> h16; reused active flow window
Phase=explore decision=43/5 handling h1 -> h16
R-Learner reused active weighted path h1 -> h16: e1 -> a2 -> c2 -> a8 -> e7 -> a7 -> e8
Weighted Q feedback already pending for h1 -> h16; reused active flow window
Phase=explore decision=44/5 handling h1 -> h16
R-Learner reused active weighted path h1 -> h16: e1 -> a2 -> c2 -> a8 -> e7 -> a7 -> e8
Weighted Q feedback already pending for h1 -> h16; reused active flow window
Phase=explore decision=45/5 handling h1 -> h16
R-Learner reused active weighted path h1 -> h16: e1 -> a2 -> c2 -> a8 -> e7 -> a7 -> e8
Weighted Q feedback already pending for h1 -> h16; reused active flow window
Phase=explore decision=46/5 handling h1 -> h16
R-Learner reused active weighted path h1 -> h16: e1 -> a2 -> c2 -> a8 -> e7 -> a7 -> e8
Weighted Q feedback already pending for h1 -> h16; reused active flow window
Phase=explore decision=47/5 handling h1 -> h16
R-Learner reused active weighted path h1 -> h16: e1 -> a2 -> c2 -> a8 -> e7 -> a7 -> e8
Weighted Q feedback already pending for h1 -> h16; reused active flow window
Phase=explore decision=48/5 handling h1 -> h16
R-Learner reused active weighted path h1 -> h16: e1 -> a2 -> c2 -> a8 -> e7 -> a7 -> e8
Weighted Q feedback already pending for h1 -> h16; reused active flow window
Phase=explore decision=49/5 handling h1 -> h16
R-Learner reused active weighted path h1 -> h16: e1 -> a2 -> c2 -> a8 -> e7 -> a7 -> e8
Weighted Q feedback already pending for h1 -> h16; reused active flow window
Phase=explore decision=50/5 handling h1 -> h16
R-Learner reused active weighted path h1 -> h16: e1 -> a2 -> c2 -> a8 -> e7 -> a7 -> e8
Weighted Q feedback already pending for h1 -> h16; reused active flow window
Phase=explore decision=51/5 handling h1 -> h16
R-Learner reused active weighted path h1 -> h16: e1 -> a2 -> c2 -> a8 -> e7 -> a7 -> e8
Weighted Q feedback already pending for h1 -> h16; reused active flow window
Phase=explore decision=52/5 handling h1 -> h16
R-Learner reused active weighted path h1 -> h16: e1 -> a2 -> c2 -> a8 -> e7 -> a7 -> e8
Weighted Q feedback already pending for h1 -> h16; reused active flow window
Phase=explore decision=53/5 handling h1 -> h16
R-Learner reused active weighted path h1 -> h16: e1 -> a2 -> c2 -> a8 -> e7 -> a7 -> e8
Weighted Q feedback already pending for h1 -> h16; reused active flow window
Phase=explore decision=54/5 handling h1 -> h16
R-Learner reused active weighted path h1 -> h16: e1 -> a2 -> c2 -> a8 -> e7 -> a7 -> e8
Weighted Q feedback already pending for h1 -> h16; reused active flow window
Phase=explore decision=55/5 handling h1 -> h16
R-Learner reused active weighted path h1 -> h16: e1 -> a2 -> c2 -> a8 -> e7 -> a7 -> e8
Weighted Q feedback already pending for h1 -> h16; reused active flow window
Phase=explore decision=56/5 handling h1 -> h16
R-Learner reused active weighted path h1 -> h16: e1 -> a2 -> c2 -> a8 -> e7 -> a7 -> e8
Weighted Q feedback already pending for h1 -> h16; reused active flow window
Phase=explore decision=57/5 handling h1 -> h16
R-Learner reused active weighted path h1 -> h16: e1 -> a2 -> c2 -> a8 -> e7 -> a7 -> e8
Weighted Q feedback already pending for h1 -> h16; reused active flow window
Phase=explore decision=58/5 handling h1 -> h16
R-Learner reused active weighted path h1 -> h16: e1 -> a2 -> c2 -> a8 -> e7 -> a7 -> e8
Weighted Q feedback already pending for h1 -> h16; reused active flow window
Phase=explore decision=59/5 handling h1 -> h16
R-Learner reused active weighted path h1 -> h16: e1 -> a2 -> c2 -> a8 -> e7 -> a7 -> e8
Weighted Q feedback already pending for h1 -> h16; reused active flow window
Phase=explore decision=60/5 handling h1 -> h16
R-Learner reused active weighted path h1 -> h16: e1 -> a2 -> c2 -> a8 -> e7 -> a7 -> e8
Weighted Q feedback already pending for h1 -> h16; reused active flow window
Phase=explore decision=61/5 handling h1 -> h16
R-Learner reused active weighted path h1 -> h16: e1 -> a2 -> c2 -> a8 -> e7 -> a7 -> e8
Weighted Q feedback already pending for h1 -> h16; reused active flow window
Phase=explore decision=62/5 handling h1 -> h16
R-Learner reused active weighted path h1 -> h16: e1 -> a2 -> c2 -> a8 -> e7 -> a7 -> e8
Weighted Q feedback already pending for h1 -> h16; reused active flow window
Phase=explore decision=63/5 handling h1 -> h16
R-Learner reused active weighted path h1 -> h16: e1 -> a2 -> c2 -> a8 -> e7 -> a7 -> e8
Weighted Q feedback already pending for h1 -> h16; reused active flow window
Phase=explore decision=64/5 handling h1 -> h16
R-Learner reused active weighted path h1 -> h16: e1 -> a2 -> c2 -> a8 -> e7 -> a7 -> e8
Weighted Q feedback already pending for h1 -> h16; reused active flow window
Phase=explore decision=65/5 handling h1 -> h16
R-Learner reused active weighted path h1 -> h16: e1 -> a2 -> c2 -> a8 -> e7 -> a7 -> e8
Weighted Q feedback already pending for h1 -> h16; reused active flow window
Phase=explore decision=66/5 handling h1 -> h16
R-Learner reused active weighted path h1 -> h16: e1 -> a2 -> c2 -> a8 -> e7 -> a7 -> e8
Weighted Q feedback already pending for h1 -> h16; reused active flow window
Phase=explore decision=67/5 handling h1 -> h16
R-Learner reused active weighted path h1 -> h16: e1 -> a2 -> c2 -> a8 -> e7 -> a7 -> e8
Weighted Q feedback already pending for h1 -> h16; reused active flow window
Phase=explore decision=68/5 handling h1 -> h16
R-Learner reused active weighted path h1 -> h16: e1 -> a2 -> c2 -> a8 -> e7 -> a7 -> e8
Weighted Q feedback already pending for h1 -> h16; reused active flow window
Phase=explore decision=69/5 handling h1 -> h16
R-Learner reused active weighted path h1 -> h16: e1 -> a2 -> c2 -> a8 -> e7 -> a7 -> e8
Weighted Q feedback already pending for h1 -> h16; reused active flow window
Phase=explore decision=70/5 handling h1 -> h16
R-Learner reused active weighted path h1 -> h16: e1 -> a2 -> c2 -> a8 -> e7 -> a7 -> e8
Weighted Q feedback already pending for h1 -> h16; reused active flow window
Phase=explore decision=71/5 handling h1 -> h16
R-Learner reused active weighted path h1 -> h16: e1 -> a2 -> c2 -> a8 -> e7 -> a7 -> e8
Weighted Q feedback already pending for h1 -> h16; reused active flow window
Phase=explore decision=72/5 handling h1 -> h16
R-Learner reused active weighted path h1 -> h16: e1 -> a2 -> c2 -> a8 -> e7 -> a7 -> e8
Weighted Q feedback already pending for h1 -> h16; reused active flow window
Phase=explore decision=73/5 handling h1 -> h16
R-Learner reused active weighted path h1 -> h16: e1 -> a2 -> c2 -> a8 -> e7 -> a7 -> e8
Weighted Q feedback already pending for h1 -> h16; reused active flow window
Phase=explore decision=74/5 handling h1 -> h16
R-Learner reused active weighted path h1 -> h16: e1 -> a2 -> c2 -> a8 -> e7 -> a7 -> e8
Weighted Q feedback already pending for h1 -> h16; reused active flow window
Phase=explore decision=75/5 handling h1 -> h16
R-Learner reused active weighted path h1 -> h16: e1 -> a2 -> c2 -> a8 -> e7 -> a7 -> e8
Weighted Q feedback already pending for h1 -> h16; reused active flow window
Phase=explore decision=76/5 handling h1 -> h16
R-Learner reused active weighted path h1 -> h16: e1 -> a2 -> c2 -> a8 -> e7 -> a7 -> e8
Weighted Q feedback already pending for h1 -> h16; reused active flow window
Phase=explore decision=77/5 handling h1 -> h16
R-Learner reused active weighted path h1 -> h16: e1 -> a2 -> c2 -> a8 -> e7 -> a7 -> e8
Weighted Q feedback already pending for h1 -> h16; reused active flow window
Phase=explore decision=78/5 handling h1 -> h16
R-Learner reused active weighted path h1 -> h16: e1 -> a2 -> c2 -> a8 -> e7 -> a7 -> e8
Weighted Q feedback already pending for h1 -> h16; reused active flow window
Phase=explore decision=79/5 handling h1 -> h16
R-Learner reused active weighted path h1 -> h16: e1 -> a2 -> c2 -> a8 -> e7 -> a7 -> e8
Weighted Q feedback already pending for h1 -> h16; reused active flow window
Phase=explore decision=80/5 handling h1 -> h16
R-Learner reused active weighted path h1 -> h16: e1 -> a2 -> c2 -> a8 -> e7 -> a7 -> e8
Weighted Q feedback already pending for h1 -> h16; reused active flow window
Phase=explore decision=81/5 handling h1 -> h16
R-Learner reused active weighted path h1 -> h16: e1 -> a2 -> c2 -> a8 -> e7 -> a7 -> e8
Weighted Q feedback already pending for h1 -> h16; reused active flow window
Phase=explore decision=82/5 handling h1 -> h16
R-Learner reused active weighted path h1 -> h16: e1 -> a2 -> c2 -> a8 -> e7 -> a7 -> e8
Weighted Q feedback already pending for h1 -> h16; reused active flow window
Phase=explore decision=83/5 handling h1 -> h16
R-Learner reused active weighted path h1 -> h16: e1 -> a2 -> c2 -> a8 -> e7 -> a7 -> e8
Weighted Q feedback already pending for h1 -> h16; reused active flow window
Phase=explore decision=84/5 handling h1 -> h16
R-Learner reused active weighted path h1 -> h16: e1 -> a2 -> c2 -> a8 -> e7 -> a7 -> e8
Weighted Q feedback already pending for h1 -> h16; reused active flow window
Phase=explore decision=85/5 handling h1 -> h16
R-Learner reused active weighted path h1 -> h16: e1 -> a2 -> c2 -> a8 -> e7 -> a7 -> e8
Weighted Q feedback already pending for h1 -> h16; reused active flow window
Phase=explore decision=86/5 handling h1 -> h16
R-Learner reused active weighted path h1 -> h16: e1 -> a2 -> c2 -> a8 -> e7 -> a7 -> e8
Weighted Q feedback already pending for h1 -> h16; reused active flow window
Phase=explore decision=87/5 handling h1 -> h16
R-Learner reused active weighted path h1 -> h16: e1 -> a2 -> c2 -> a8 -> e7 -> a7 -> e8
Weighted Q feedback already pending for h1 -> h16; reused active flow window
Phase=explore decision=88/5 handling h1 -> h16
R-Learner reused active weighted path h1 -> h16: e1 -> a2 -> c2 -> a8 -> e7 -> a7 -> e8
Weighted Q feedback already pending for h1 -> h16; reused active flow window
Phase=explore decision=89/5 handling h1 -> h16
R-Learner reused active weighted path h1 -> h16: e1 -> a2 -> c2 -> a8 -> e7 -> a7 -> e8
Weighted Q feedback already pending for h1 -> h16; reused active flow window
Phase=explore decision=90/5 handling h1 -> h16
R-Learner reused active weighted path h1 -> h16: e1 -> a2 -> c2 -> a8 -> e7 -> a7 -> e8
Weighted Q feedback already pending for h1 -> h16; reused active flow window
Phase=explore decision=91/5 handling h1 -> h16
R-Learner reused active weighted path h1 -> h16: e1 -> a2 -> c2 -> a8 -> e7 -> a7 -> e8
Weighted Q feedback already pending for h1 -> h16; reused active flow window
Phase=explore decision=92/5 handling h1 -> h16
R-Learner reused active weighted path h1 -> h16: e1 -> a2 -> c2 -> a8 -> e7 -> a7 -> e8
Weighted Q feedback already pending for h1 -> h16; reused active flow window
Phase=explore decision=93/5 handling h1 -> h16
R-Learner reused active weighted path h1 -> h16: e1 -> a2 -> c2 -> a8 -> e7 -> a7 -> e8
Weighted Q feedback already pending for h1 -> h16; reused active flow window
Phase=explore decision=94/5 handling h1 -> h16
R-Learner reused active weighted path h1 -> h16: e1 -> a2 -> c2 -> a8 -> e7 -> a7 -> e8
Weighted Q feedback already pending for h1 -> h16; reused active flow window
Phase=explore decision=95/5 handling h1 -> h16
R-Learner reused active weighted path h1 -> h16: e1 -> a2 -> c2 -> a8 -> e7 -> a7 -> e8
Weighted Q feedback already pending for h1 -> h16; reused active flow window
Phase=explore decision=96/5 handling h1 -> h16
R-Learner reused active weighted path h1 -> h16: e1 -> a2 -> c2 -> a8 -> e7 -> a7 -> e8
Weighted Q feedback already pending for h1 -> h16; reused active flow window
Phase=explore decision=97/5 handling h1 -> h16
R-Learner reused active weighted path h1 -> h16: e1 -> a2 -> c2 -> a8 -> e7 -> a7 -> e8
Weighted Q feedback already pending for h1 -> h16; reused active flow window
Phase=explore decision=98/5 handling h1 -> h16
R-Learner reused active weighted path h1 -> h16: e1 -> a2 -> c2 -> a8 -> e7 -> a7 -> e8
Weighted Q feedback already pending for h1 -> h16; reused active flow window
Phase=explore decision=99/5 handling h1 -> h16
R-Learner reused active weighted path h1 -> h16: e1 -> a2 -> c2 -> a8 -> e7 -> a7 -> e8
Weighted Q feedback already pending for h1 -> h16; reused active flow window
Phase=explore decision=100/5 handling h1 -> h16
R-Learner reused active weighted path h1 -> h16: e1 -> a2 -> c2 -> a8 -> e7 -> a7 -> e8
Weighted Q feedback already pending for h1 -> h16; reused active flow window
Phase=explore decision=101/5 handling h1 -> h16
R-Learner reused active weighted path h1 -> h16: e1 -> a2 -> c2 -> a8 -> e7 -> a7 -> e8
Weighted Q feedback already pending for h1 -> h16; reused active flow window
Phase=explore decision=102/5 handling h1 -> h16
R-Learner reused active weighted path h1 -> h16: e1 -> a2 -> c2 -> a8 -> e7 -> a7 -> e8
Weighted Q feedback already pending for h1 -> h16; reused active flow window
Phase=explore decision=103/5 handling h1 -> h16
R-Learner reused active weighted path h1 -> h16: e1 -> a2 -> c2 -> a8 -> e7 -> a7 -> e8
Weighted Q feedback already pending for h1 -> h16; reused active flow window
Phase=explore decision=104/5 handling h1 -> h16
R-Learner reused active weighted path h1 -> h16: e1 -> a2 -> c2 -> a8 -> e7 -> a7 -> e8
Weighted Q feedback already pending for h1 -> h16; reused active flow window
Phase=explore decision=105/5 handling h1 -> h16
R-Learner reused active weighted path h1 -> h16: e1 -> a2 -> c2 -> a8 -> e7 -> a7 -> e8
Weighted Q feedback already pending for h1 -> h16; reused active flow window
Phase=explore decision=106/5 handling h1 -> h16
R-Learner reused active weighted path h1 -> h16: e1 -> a2 -> c2 -> a8 -> e7 -> a7 -> e8
Weighted Q feedback already pending for h1 -> h16; reused active flow window
Phase=explore decision=107/5 handling h1 -> h16
R-Learner reused active weighted path h1 -> h16: e1 -> a2 -> c2 -> a8 -> e7 -> a7 -> e8
Weighted Q feedback already pending for h1 -> h16; reused active flow window
Phase=explore decision=108/5 handling h1 -> h16
R-Learner reused active weighted path h1 -> h16: e1 -> a2 -> c2 -> a8 -> e7 -> a7 -> e8
Weighted Q feedback already pending for h1 -> h16; reused active flow window
Phase=explore decision=109/5 handling h1 -> h16
R-Learner reused active weighted path h1 -> h16: e1 -> a2 -> c2 -> a8 -> e7 -> a7 -> e8
Weighted Q feedback already pending for h1 -> h16; reused active flow window
Phase=explore decision=110/5 handling h1 -> h16
R-Learner reused active weighted path h1 -> h16: e1 -> a2 -> c2 -> a8 -> e7 -> a7 -> e8
Weighted Q feedback already pending for h1 -> h16; reused active flow window
Phase=explore decision=111/5 handling h1 -> h16
R-Learner reused active weighted path h1 -> h16: e1 -> a2 -> c2 -> a8 -> e7 -> a7 -> e8
Weighted Q feedback already pending for h1 -> h16; reused active flow window
Phase=explore decision=112/5 handling h1 -> h16
R-Learner reused active weighted path h1 -> h16: e1 -> a2 -> c2 -> a8 -> e7 -> a7 -> e8
Weighted Q feedback already pending for h1 -> h16; reused active flow window
Phase=explore decision=113/5 handling h1 -> h16
R-Learner reused active weighted path h1 -> h16: e1 -> a2 -> c2 -> a8 -> e7 -> a7 -> e8
Weighted Q feedback already pending for h1 -> h16; reused active flow window
Phase=explore decision=114/5 handling h1 -> h16
R-Learner reused active weighted path h1 -> h16: e1 -> a2 -> c2 -> a8 -> e7 -> a7 -> e8
Weighted Q feedback already pending for h1 -> h16; reused active flow window
Phase=explore decision=115/5 handling h1 -> h16
R-Learner reused active weighted path h1 -> h16: e1 -> a2 -> c2 -> a8 -> e7 -> a7 -> e8
Weighted Q feedback already pending for h1 -> h16; reused active flow window
Phase=explore decision=116/5 handling h1 -> h16
R-Learner reused active weighted path h1 -> h16: e1 -> a2 -> c2 -> a8 -> e7 -> a7 -> e8
Weighted Q feedback already pending for h1 -> h16; reused active flow window
Phase=explore decision=117/5 handling h1 -> h16
R-Learner reused active weighted path h1 -> h16: e1 -> a2 -> c2 -> a8 -> e7 -> a7 -> e8
Weighted Q feedback already pending for h1 -> h16; reused active flow window
Phase=explore decision=118/5 handling h1 -> h16
R-Learner reused active weighted path h1 -> h16: e1 -> a2 -> c2 -> a8 -> e7 -> a7 -> e8
Weighted Q feedback already pending for h1 -> h16; reused active flow window
Phase=explore decision=119/5 handling h1 -> h16
R-Learner reused active weighted path h1 -> h16: e1 -> a2 -> c2 -> a8 -> e7 -> a7 -> e8
Weighted Q feedback already pending for h1 -> h16; reused active flow window
Phase=explore decision=120/5 handling h1 -> h16
R-Learner reused active weighted path h1 -> h16: e1 -> a2 -> c2 -> a8 -> e7 -> a7 -> e8
Weighted Q feedback already pending for h1 -> h16; reused active flow window
Phase=explore decision=121/5 handling h1 -> h16
R-Learner reused active weighted path h1 -> h16: e1 -> a2 -> c2 -> a8 -> e7 -> a7 -> e8
Weighted Q feedback already pending for h1 -> h16; reused active flow window
Phase=explore decision=122/5 handling h1 -> h16
R-Learner reused active weighted path h1 -> h16: e1 -> a2 -> c2 -> a8 -> e7 -> a7 -> e8
Weighted Q feedback already pending for h1 -> h16; reused active flow window
Phase=explore decision=123/5 handling h1 -> h16
R-Learner reused active weighted path h1 -> h16: e1 -> a2 -> c2 -> a8 -> e7 -> a7 -> e8
Weighted Q feedback already pending for h1 -> h16; reused active flow window
Phase=explore decision=124/5 handling h1 -> h16
R-Learner reused active weighted path h1 -> h16: e1 -> a2 -> c2 -> a8 -> e7 -> a7 -> e8
Weighted Q feedback already pending for h1 -> h16; reused active flow window
Phase=explore decision=125/5 handling h1 -> h16
R-Learner reused active weighted path h1 -> h16: e1 -> a2 -> c2 -> a8 -> e7 -> a7 -> e8
Weighted Q feedback already pending for h1 -> h16; reused active flow window
Phase=explore decision=126/5 handling h1 -> h16
R-Learner reused active weighted path h1 -> h16: e1 -> a2 -> c2 -> a8 -> e7 -> a7 -> e8
Weighted Q feedback already pending for h1 -> h16; reused active flow window
Phase=explore decision=127/5 handling h1 -> h16
R-Learner reused active weighted path h1 -> h16: e1 -> a2 -> c2 -> a8 -> e7 -> a7 -> e8
Weighted Q feedback already pending for h1 -> h16; reused active flow window
Phase=explore decision=128/5 handling h1 -> h16
R-Learner reused active weighted path h1 -> h16: e1 -> a2 -> c2 -> a8 -> e7 -> a7 -> e8
Weighted Q feedback already pending for h1 -> h16; reused active flow window
Phase=explore decision=129/5 handling h1 -> h16
R-Learner reused active weighted path h1 -> h16: e1 -> a2 -> c2 -> a8 -> e7 -> a7 -> e8
Weighted Q feedback already pending for h1 -> h16; reused active flow window
Phase=explore decision=130/5 handling h1 -> h16
R-Learner reused active weighted path h1 -> h16: e1 -> a2 -> c2 -> a8 -> e7 -> a7 -> e8
Weighted Q feedback already pending for h1 -> h16; reused active flow window
Phase=explore decision=131/5 handling h1 -> h16
R-Learner reused active weighted path h1 -> h16: e1 -> a2 -> c2 -> a8 -> e7 -> a7 -> e8
Weighted Q feedback already pending for h1 -> h16; reused active flow window
Phase=explore decision=132/5 handling h1 -> h16
R-Learner reused active weighted path h1 -> h16: e1 -> a2 -> c2 -> a8 -> e7 -> a7 -> e8
Weighted Q feedback already pending for h1 -> h16; reused active flow window
Phase=explore decision=133/5 handling h1 -> h16
R-Learner reused active weighted path h1 -> h16: e1 -> a2 -> c2 -> a8 -> e7 -> a7 -> e8
Weighted Q feedback already pending for h1 -> h16; reused active flow window
Phase=explore decision=134/5 handling h1 -> h16
R-Learner reused active weighted path h1 -> h16: e1 -> a2 -> c2 -> a8 -> e7 -> a7 -> e8
Weighted Q feedback already pending for h1 -> h16; reused active flow window
Phase=explore decision=135/5 handling h1 -> h16
R-Learner reused active weighted path h1 -> h16: e1 -> a2 -> c2 -> a8 -> e7 -> a7 -> e8
Weighted Q feedback already pending for h1 -> h16; reused active flow window
Flow feedback window started key=('h2', 'h15', 1, 'e1-h2-h15-g1') protocol=udp
Flow feedback window started key=('h1', 'h16', 1, 'e1-h1-h16-g0') protocol=tcp
Phase=explore decision=136/5 handling h16 -> h1
Exploitation selected path (best_q=0.000 candidates=20): e8 -> a7 -> c0 -> a1 -> e1
R-Learner selected path h16 -> h1: e8 -> a7 -> c0 -> a1 -> e1
Skipping weighted Q queue for h16 -> h1 because no flow_id window is active
Q-update state=('e1', 'e8') action_len=7 reward=-0.09999999999999998 old_q=0.000 new_q=-0.010
Live weighted QoS reward for h2 -> h15: -0.100 metrics={'throughput_gbps': 0.0104, 'jitter_ms': 0.115, 'plr_pct': 1.0, 'rtt_ms': 0.0} update=q
Q-update state=('e1', 'e8') action_len=7 reward=-0.3 old_q=0.000 new_q=-0.030
Live weighted QoS reward for h1 -> h16: -0.300 metrics={'jitter_ms': 0.183, 'plr_pct': 0.27, 'throughput_gbps': 0.006, 'rtt_ms': 0.0} update=q
Flow feedback window started key=('h2', 'h15', 2, 'e2-h2-h15-g1') protocol=udp
Flow feedback window started key=('h1', 'h16', 2, 'e2-h1-h16-g0') protocol=udp
Flow feedback window started key=('h2', 'h15', 2, 'e2-h2-h15-g1') protocol=tcp
Flow feedback window started key=('h1', 'h16', 2, 'e2-h1-h16-g0') protocol=tcp
Live QoS reward -0.154 for key=('h2', 'h15', 2, 'e2-h2-h15-g1') has no pending decision
Live QoS reward -0.133 for key=('h1', 'h16', 2, 'e2-h1-h16-g0') has no pending decision
Flow feedback window started key=('h1', 'h16', 3, 'e3-h1-h16-g0') protocol=udp
Flow feedback window started key=('h2', 'h15', 3, 'e3-h2-h15-g1') protocol=udp
Flow feedback window started key=('h2', 'h15', 3, 'e3-h2-h15-g1') protocol=tcp
Flow feedback window started key=('h1', 'h16', 3, 'e3-h1-h16-g0') protocol=tcp
Live QoS reward -0.155 for key=('h2', 'h15', 3, 'e3-h2-h15-g1') has no pending decision
Live QoS reward 0.129 for key=('h1', 'h16', 3, 'e3-h1-h16-g0') has no pending decision
