loading app /home/johndoe/Desktop/sdn-rl-routing/controllers/staged_controller.py
loading app ryu.controller.ofp_handler
instantiating app /home/johndoe/Desktop/sdn-rl-routing/controllers/staged_controller.py of StagedController
Loaded topology: abilene_imp
Switches: ['c0', 'c1', 'c2', 'c3', 'a1', 'a2', 'a3', 'a4', 'a5', 'a6', 'a7', 'a8', 'e1', 'e2', 'e3', 'e4', 'e5', 'e6', 'e7', 'e8']
Hosts: ['h1', 'h2', 'h3', 'h4', 'h5', 'h6', 'h7', 'h8', 'h9', 'h10', 'h11', 'h12', 'h13', 'h14', 'h15', 'h16']
Staged config: explore_decisions=50 min_weighted_explore_rewards=10 alpha=0.1 epsilon_schedule=FixedEpsilon(epsilon=0.1) epsilon=0.1 path_cutoff=6 learned_flow_idle_timeout=1 reward_mode=weighted
No staged checkpoint found at /home/johndoe/Desktop/sdn-rl-routing/results/checkpoints/staged_abilene_imp_weighted_linear_50ep.json; starting fresh
Weighted QoS feedback listener started on 127.0.0.1:9999 profile=balanced
instantiating app ryu.controller.ofp_handler of OFPHandler
Switch connected: dpid=1
Switch connected: dpid=2
Switch connected: dpid=3
Switch connected: dpid=4
Switch connected: dpid=5
Switch connected: dpid=6
Switch connected: dpid=7
Switch connected: dpid=8
Switch connected: dpid=9
Switch connected: dpid=10
Switch connected: dpid=11
Switch connected: dpid=12
Switch connected: dpid=13
Switch connected: dpid=14
Switch connected: dpid=15
Switch connected: dpid=16
Switch connected: dpid=17
Switch connected: dpid=18
Switch connected: dpid=19
Switch connected: dpid=20
Flow feedback window started key=(1, 'e1-h2-h15-g1') protocol=udp
Invalidated measured flow rules key=(1, 'e1-h2-h15-g1') hosts=h2<->h15 protocol=udp port=6002 datapaths=20
Exploitation selected path (best_q=0.000 candidates=20): e1 -> a2 -> c3 -> a4 -> c2 -> a8 -> e8
R-Learner decision=1 queued weighted Q feedback for h2 -> h15 path=e1 -> a2 -> c3 -> a4 -> c2 -> a8 -> e8 (install=True forward=True)
Flow feedback window started key=(1, 'e1-h1-h16-g0') protocol=tcp
Invalidated measured flow rules key=(1, 'e1-h1-h16-g0') hosts=h1<->h16 protocol=tcp port=5001 datapaths=20
Exploitation selected path (best_q=0.000 candidates=20): e1 -> a1 -> c1 -> a7 -> e8
R-Learner decision=2 queued weighted Q feedback for h1 -> h16 path=e1 -> a1 -> c1 -> a7 -> e8 (install=True forward=True)
Flow feedback window started key=(1, 'e1-h2-h15-g1') protocol=tcp
Invalidated measured flow rules key=(1, 'e1-h2-h15-g1') hosts=h2<->h15 protocol=tcp port=5002 datapaths=20
Q-update state=('a8', 'e8') action_len=2 reward=-0.09999999999999998 target=-0.100 old_q=0.000 new_q=-0.010
Q-update state=('c2', 'e8') action_len=3 reward=-0.09999999999999998 target=0.000 old_q=0.000 new_q=0.000
Q-update state=('a4', 'e8') action_len=4 reward=-0.09999999999999998 target=0.000 old_q=0.000 new_q=0.000
Q-update state=('c3', 'e8') action_len=5 reward=-0.09999999999999998 target=0.000 old_q=0.000 new_q=0.000
Q-update state=('a2', 'e8') action_len=6 reward=-0.09999999999999998 target=0.000 old_q=0.000 new_q=0.000
Q-update state=('e1', 'e8') action_len=7 reward=-0.09999999999999998 target=0.000 old_q=0.000 new_q=0.000
Q-update state=('a2', 'e1') action_len=2 reward=-0.09999999999999998 target=-0.100 old_q=0.000 new_q=-0.010
Q-update state=('c3', 'e1') action_len=3 reward=-0.09999999999999998 target=0.000 old_q=0.000 new_q=0.000
Q-update state=('a4', 'e1') action_len=4 reward=-0.09999999999999998 target=0.000 old_q=0.000 new_q=0.000
Q-update state=('c2', 'e1') action_len=5 reward=-0.09999999999999998 target=0.000 old_q=0.000 new_q=0.000
Q-update state=('a8', 'e1') action_len=6 reward=-0.09999999999999998 target=0.000 old_q=0.000 new_q=0.000
Q-update state=('e8', 'e1') action_len=7 reward=-0.09999999999999998 target=0.000 old_q=0.000 new_q=0.000
Live weighted QoS reward for h2 -> h15: -0.100 metrics={'jitter_ms': 2.414, 'plr_pct': 0.0, 'rtt_ms': 173.675, 'throughput_gbps': 0.095} update=q
Flow feedback window started key=(1, 'e1-h1-h16-g0') protocol=udp
Invalidated measured flow rules key=(1, 'e1-h1-h16-g0') hosts=h1<->h16 protocol=udp port=6001 datapaths=20
Q-update state=('a7', 'e8') action_len=2 reward=0.325 target=0.325 old_q=0.000 new_q=0.033
Q-update state=('c1', 'e8') action_len=3 reward=0.325 target=0.026 old_q=0.000 new_q=0.003
Q-update state=('a1', 'e8') action_len=4 reward=0.325 target=0.002 old_q=0.000 new_q=0.000
Q-update state=('e1', 'e8') action_len=5 reward=0.325 target=0.000 old_q=0.000 new_q=0.000
Q-update state=('a1', 'e1') action_len=2 reward=0.325 target=0.325 old_q=0.000 new_q=0.033
Q-update state=('c1', 'e1') action_len=3 reward=0.325 target=0.026 old_q=0.000 new_q=0.003
Q-update state=('a7', 'e1') action_len=4 reward=0.325 target=0.002 old_q=0.000 new_q=0.000
Q-update state=('e8', 'e1') action_len=5 reward=0.325 target=0.000 old_q=0.000 new_q=0.000
Live weighted QoS reward for h1 -> h16: 0.325 metrics={'throughput_gbps': 0.0952, 'rtt_ms': 63.024, 'jitter_ms': 0.489, 'plr_pct': 0.0} update=q
Flow feedback window started key=(2, 'e2-h1-h16-g0') protocol=udp
Invalidated measured flow rules key=(2, 'e2-h1-h16-g0') hosts=h1<->h16 protocol=udp port=6001 datapaths=20
Exploitation selected path (best_q=0.000 candidates=1): e1 -> a1 -> c1 -> a7 -> e8
R-Learner decision=3 queued weighted Q feedback for h1 -> h16 path=e1 -> a1 -> c1 -> a7 -> e8 (install=True forward=True)
