*** Adding remote Ryu controller
*** Adding core switches (c0–c3)
*** Adding aggregation switches (a1–a8)
*** Adding edge switches (e1–e8)
*** Adding hosts (h1–h16)
*** Adding core–aggregation links
Bandwidth limit 10000 is outside supported range 0..1000 - ignoring
(10000.00Mbit 1ms delay) Bandwidth limit 10000 is outside supported range 0..1000 - ignoring
(10000.00Mbit 1ms delay) Bandwidth limit 10000 is outside supported range 0..1000 - ignoring
(10000.00Mbit 1ms delay) Bandwidth limit 10000 is outside supported range 0..1000 - ignoring
(10000.00Mbit 1ms delay) Bandwidth limit 10000 is outside supported range 0..1000 - ignoring
(10000.00Mbit 1ms delay) Bandwidth limit 10000 is outside supported range 0..1000 - ignoring
(10000.00Mbit 1ms delay) Bandwidth limit 10000 is outside supported range 0..1000 - ignoring
(10000.00Mbit 1ms delay) Bandwidth limit 10000 is outside supported range 0..1000 - ignoring
(10000.00Mbit 1ms delay) Bandwidth limit 10000 is outside supported range 0..1000 - ignoring
(10000.00Mbit 1ms delay) Bandwidth limit 10000 is outside supported range 0..1000 - ignoring
(10000.00Mbit 1ms delay) Bandwidth limit 10000 is outside supported range 0..1000 - ignoring
(10000.00Mbit 1ms delay) Bandwidth limit 10000 is outside supported range 0..1000 - ignoring
(10000.00Mbit 1ms delay) Bandwidth limit 10000 is outside supported range 0..1000 - ignoring
(10000.00Mbit 1ms delay) Bandwidth limit 10000 is outside supported range 0..1000 - ignoring
(10000.00Mbit 1ms delay) Bandwidth limit 10000 is outside supported range 0..1000 - ignoring
(10000.00Mbit 1ms delay) Bandwidth limit 10000 is outside supported range 0..1000 - ignoring
(10000.00Mbit 1ms delay) Bandwidth limit 10000 is outside supported range 0..1000 - ignoring
(10000.00Mbit 1ms delay) Bandwidth limit 10000 is outside supported range 0..1000 - ignoring
(10000.00Mbit 1ms delay) Bandwidth limit 10000 is outside supported range 0..1000 - ignoring
(10000.00Mbit 1ms delay) Bandwidth limit 10000 is outside supported range 0..1000 - ignoring
(10000.00Mbit 1ms delay) Bandwidth limit 10000 is outside supported range 0..1000 - ignoring
(10000.00Mbit 1ms delay) Bandwidth limit 10000 is outside supported range 0..1000 - ignoring
(10000.00Mbit 1ms delay) Bandwidth limit 10000 is outside supported range 0..1000 - ignoring
(10000.00Mbit 1ms delay) Bandwidth limit 10000 is outside supported range 0..1000 - ignoring
(10000.00Mbit 1ms delay) Bandwidth limit 10000 is outside supported range 0..1000 - ignoring
(10000.00Mbit 1ms delay) Bandwidth limit 10000 is outside supported range 0..1000 - ignoring
(10000.00Mbit 1ms delay) Bandwidth limit 10000 is outside supported range 0..1000 - ignoring
(10000.00Mbit 1ms delay) Bandwidth limit 10000 is outside supported range 0..1000 - ignoring
(10000.00Mbit 1ms delay) Bandwidth limit 10000 is outside supported range 0..1000 - ignoring
(10000.00Mbit 1ms delay) Bandwidth limit 10000 is outside supported range 0..1000 - ignoring
(10000.00Mbit 1ms delay) Bandwidth limit 10000 is outside supported range 0..1000 - ignoring
(10000.00Mbit 1ms delay) Bandwidth limit 10000 is outside supported range 0..1000 - ignoring
(10000.00Mbit 1ms delay) *** Adding aggregation–edge links
(1000.00Mbit 1ms delay) *** Error: Warning: sch_htb: quantum of class 50001 is big. Consider r2q change.
(1000.00Mbit 1ms delay) *** Error: Warning: sch_htb: quantum of class 50001 is big. Consider r2q change.
(1000.00Mbit 1ms delay) *** Error: Warning: sch_htb: quantum of class 50001 is big. Consider r2q change.
(1000.00Mbit 1ms delay) *** Error: Warning: sch_htb: quantum of class 50001 is big. Consider r2q change.
(1000.00Mbit 1ms delay) *** Error: Warning: sch_htb: quantum of class 50001 is big. Consider r2q change.
(1000.00Mbit 1ms delay) *** Error: Warning: sch_htb: quantum of class 50001 is big. Consider r2q change.
(1000.00Mbit 1ms delay) *** Error: Warning: sch_htb: quantum of class 50001 is big. Consider r2q change.
(1000.00Mbit 1ms delay) *** Error: Warning: sch_htb: quantum of class 50001 is big. Consider r2q change.
(1000.00Mbit 1ms delay) *** Error: Warning: sch_htb: quantum of class 50001 is big. Consider r2q change.
(1000.00Mbit 1ms delay) *** Error: Warning: sch_htb: quantum of class 50001 is big. Consider r2q change.
(1000.00Mbit 1ms delay) *** Error: Warning: sch_htb: quantum of class 50001 is big. Consider r2q change.
(1000.00Mbit 1ms delay) *** Error: Warning: sch_htb: quantum of class 50001 is big. Consider r2q change.
(1000.00Mbit 1ms delay) *** Error: Warning: sch_htb: quantum of class 50001 is big. Consider r2q change.
(1000.00Mbit 1ms delay) *** Error: Warning: sch_htb: quantum of class 50001 is big. Consider r2q change.
(1000.00Mbit 1ms delay) *** Error: Warning: sch_htb: quantum of class 50001 is big. Consider r2q change.
(1000.00Mbit 1ms delay) *** Error: Warning: sch_htb: quantum of class 50001 is big. Consider r2q change.
(1000.00Mbit 1ms delay) *** Error: Warning: sch_htb: quantum of class 50001 is big. Consider r2q change.
(1000.00Mbit 1ms delay) *** Error: Warning: sch_htb: quantum of class 50001 is big. Consider r2q change.
(1000.00Mbit 1ms delay) *** Error: Warning: sch_htb: quantum of class 50001 is big. Consider r2q change.
(1000.00Mbit 1ms delay) *** Error: Warning: sch_htb: quantum of class 50001 is big. Consider r2q change.
(1000.00Mbit 1ms delay) *** Error: Warning: sch_htb: quantum of class 50001 is big. Consider r2q change.
(1000.00Mbit 1ms delay) *** Error: Warning: sch_htb: quantum of class 50001 is big. Consider r2q change.
(1000.00Mbit 1ms delay) *** Error: Warning: sch_htb: quantum of class 50001 is big. Consider r2q change.
(1000.00Mbit 1ms delay) *** Error: Warning: sch_htb: quantum of class 50001 is big. Consider r2q change.
(1000.00Mbit 1ms delay) *** Error: Warning: sch_htb: quantum of class 50001 is big. Consider r2q change.
(1000.00Mbit 1ms delay) *** Error: Warning: sch_htb: quantum of class 50001 is big. Consider r2q change.
(1000.00Mbit 1ms delay) *** Error: Warning: sch_htb: quantum of class 50001 is big. Consider r2q change.
(1000.00Mbit 1ms delay) *** Error: Warning: sch_htb: quantum of class 50001 is big. Consider r2q change.
(1000.00Mbit 1ms delay) *** Error: Warning: sch_htb: quantum of class 50001 is big. Consider r2q change.
(1000.00Mbit 1ms delay) *** Error: Warning: sch_htb: quantum of class 50001 is big. Consider r2q change.
(1000.00Mbit 1ms delay) *** Error: Warning: sch_htb: quantum of class 50001 is big. Consider r2q change.
(1000.00Mbit 1ms delay) *** Error: Warning: sch_htb: quantum of class 50001 is big. Consider r2q change.
*** Adding edge–host links
(1000.00Mbit 1ms delay) *** Error: Warning: sch_htb: quantum of class 50001 is big. Consider r2q change.
(1000.00Mbit 1ms delay) *** Error: Warning: sch_htb: quantum of class 50001 is big. Consider r2q change.
(1000.00Mbit 1ms delay) *** Error: Warning: sch_htb: quantum of class 50001 is big. Consider r2q change.
(1000.00Mbit 1ms delay) *** Error: Warning: sch_htb: quantum of class 50001 is big. Consider r2q change.
(1000.00Mbit 1ms delay) *** Error: Warning: sch_htb: quantum of class 50001 is big. Consider r2q change.
(1000.00Mbit 1ms delay) *** Error: Warning: sch_htb: quantum of class 50001 is big. Consider r2q change.
(1000.00Mbit 1ms delay) *** Error: Warning: sch_htb: quantum of class 50001 is big. Consider r2q change.
(1000.00Mbit 1ms delay) *** Error: Warning: sch_htb: quantum of class 50001 is big. Consider r2q change.
(1000.00Mbit 1ms delay) *** Error: Warning: sch_htb: quantum of class 50001 is big. Consider r2q change.
(1000.00Mbit 1ms delay) *** Error: Warning: sch_htb: quantum of class 50001 is big. Consider r2q change.
(1000.00Mbit 1ms delay) *** Error: Warning: sch_htb: quantum of class 50001 is big. Consider r2q change.
(1000.00Mbit 1ms delay) *** Error: Warning: sch_htb: quantum of class 50001 is big. Consider r2q change.
(1000.00Mbit 1ms delay) *** Error: Warning: sch_htb: quantum of class 50001 is big. Consider r2q change.
(1000.00Mbit 1ms delay) *** Error: Warning: sch_htb: quantum of class 50001 is big. Consider r2q change.
(1000.00Mbit 1ms delay) *** Error: Warning: sch_htb: quantum of class 50001 is big. Consider r2q change.
(1000.00Mbit 1ms delay) *** Error: Warning: sch_htb: quantum of class 50001 is big. Consider r2q change.
(1000.00Mbit 1ms delay) *** Error: Warning: sch_htb: quantum of class 50001 is big. Consider r2q change.
(1000.00Mbit 1ms delay) *** Error: Warning: sch_htb: quantum of class 50001 is big. Consider r2q change.
(1000.00Mbit 1ms delay) *** Error: Warning: sch_htb: quantum of class 50001 is big. Consider r2q change.
(1000.00Mbit 1ms delay) *** Error: Warning: sch_htb: quantum of class 50001 is big. Consider r2q change.
(1000.00Mbit 1ms delay) *** Error: Warning: sch_htb: quantum of class 50001 is big. Consider r2q change.
(1000.00Mbit 1ms delay) *** Error: Warning: sch_htb: quantum of class 50001 is big. Consider r2q change.
(1000.00Mbit 1ms delay) *** Error: Warning: sch_htb: quantum of class 50001 is big. Consider r2q change.
(1000.00Mbit 1ms delay) *** Error: Warning: sch_htb: quantum of class 50001 is big. Consider r2q change.
(1000.00Mbit 1ms delay) *** Error: Warning: sch_htb: quantum of class 50001 is big. Consider r2q change.
(1000.00Mbit 1ms delay) *** Error: Warning: sch_htb: quantum of class 50001 is big. Consider r2q change.
(1000.00Mbit 1ms delay) *** Error: Warning: sch_htb: quantum of class 50001 is big. Consider r2q change.
(1000.00Mbit 1ms delay) *** Error: Warning: sch_htb: quantum of class 50001 is big. Consider r2q change.
(1000.00Mbit 1ms delay) *** Error: Warning: sch_htb: quantum of class 50001 is big. Consider r2q change.
(1000.00Mbit 1ms delay) *** Error: Warning: sch_htb: quantum of class 50001 is big. Consider r2q change.
(1000.00Mbit 1ms delay) *** Error: Warning: sch_htb: quantum of class 50001 is big. Consider r2q change.
(1000.00Mbit 1ms delay) *** Error: Warning: sch_htb: quantum of class 50001 is big. Consider r2q change.
*** Topology summary
    Name            : Fat-Tree k=4
    Core switches   : 4
    Agg  switches   : 8
    Edge switches   : 8
    Total switches  : 20
    Hosts           : 16
    Total nodes     : 36
    Core–Agg  links : 16
    Agg–Edge  links : 16
    Edge–Host links : 16
    Total links     : 48
    Core–Agg bw     : 10000 Mbps
    Agg–Edge bw     : 1000 Mbps
    Edge–Host bw    : 1000 Mbps
*** Starting network
*** Configuring hosts
h1 h2 h3 h4 h5 h6 h7 h8 h9 h10 h11 h12 h13 h14 h15 h16 
*** Starting controller
ctrl 
*** Starting 20 switches
c0 Bandwidth limit 10000 is outside supported range 0..1000 - ignoring
(10000.00Mbit 1ms delay) Bandwidth limit 10000 is outside supported range 0..1000 - ignoring
(10000.00Mbit 1ms delay) Bandwidth limit 10000 is outside supported range 0..1000 - ignoring
(10000.00Mbit 1ms delay) Bandwidth limit 10000 is outside supported range 0..1000 - ignoring
(10000.00Mbit 1ms delay) c1 Bandwidth limit 10000 is outside supported range 0..1000 - ignoring
(10000.00Mbit 1ms delay) Bandwidth limit 10000 is outside supported range 0..1000 - ignoring
(10000.00Mbit 1ms delay) Bandwidth limit 10000 is outside supported range 0..1000 - ignoring
(10000.00Mbit 1ms delay) Bandwidth limit 10000 is outside supported range 0..1000 - ignoring
(10000.00Mbit 1ms delay) c2 Bandwidth limit 10000 is outside supported range 0..1000 - ignoring
(10000.00Mbit 1ms delay) Bandwidth limit 10000 is outside supported range 0..1000 - ignoring
(10000.00Mbit 1ms delay) Bandwidth limit 10000 is outside supported range 0..1000 - ignoring
(10000.00Mbit 1ms delay) Bandwidth limit 10000 is outside supported range 0..1000 - ignoring
(10000.00Mbit 1ms delay) c3 Bandwidth limit 10000 is outside supported range 0..1000 - ignoring
(10000.00Mbit 1ms delay) Bandwidth limit 10000 is outside supported range 0..1000 - ignoring
(10000.00Mbit 1ms delay) Bandwidth limit 10000 is outside supported range 0..1000 - ignoring
(10000.00Mbit 1ms delay) Bandwidth limit 10000 is outside supported range 0..1000 - ignoring
(10000.00Mbit 1ms delay) a1 Bandwidth limit 10000 is outside supported range 0..1000 - ignoring
(10000.00Mbit 1ms delay) Bandwidth limit 10000 is outside supported range 0..1000 - ignoring
(10000.00Mbit 1ms delay) (1000.00Mbit 1ms delay) *** Error: Warning: sch_htb: quantum of class 50001 is big. Consider r2q change.
(1000.00Mbit 1ms delay) *** Error: Warning: sch_htb: quantum of class 50001 is big. Consider r2q change.
a2 Bandwidth limit 10000 is outside supported range 0..1000 - ignoring
(10000.00Mbit 1ms delay) Bandwidth limit 10000 is outside supported range 0..1000 - ignoring
(10000.00Mbit 1ms delay) (1000.00Mbit 1ms delay) *** Error: Warning: sch_htb: quantum of class 50001 is big. Consider r2q change.
(1000.00Mbit 1ms delay) *** Error: Warning: sch_htb: quantum of class 50001 is big. Consider r2q change.
a3 Bandwidth limit 10000 is outside supported range 0..1000 - ignoring
(10000.00Mbit 1ms delay) Bandwidth limit 10000 is outside supported range 0..1000 - ignoring
(10000.00Mbit 1ms delay) (1000.00Mbit 1ms delay) *** Error: Warning: sch_htb: quantum of class 50001 is big. Consider r2q change.
(1000.00Mbit 1ms delay) *** Error: Warning: sch_htb: quantum of class 50001 is big. Consider r2q change.
a4 Bandwidth limit 10000 is outside supported range 0..1000 - ignoring
(10000.00Mbit 1ms delay) Bandwidth limit 10000 is outside supported range 0..1000 - ignoring
(10000.00Mbit 1ms delay) (1000.00Mbit 1ms delay) *** Error: Warning: sch_htb: quantum of class 50001 is big. Consider r2q change.
(1000.00Mbit 1ms delay) *** Error: Warning: sch_htb: quantum of class 50001 is big. Consider r2q change.
a5 Bandwidth limit 10000 is outside supported range 0..1000 - ignoring
(10000.00Mbit 1ms delay) Bandwidth limit 10000 is outside supported range 0..1000 - ignoring
(10000.00Mbit 1ms delay) (1000.00Mbit 1ms delay) *** Error: Warning: sch_htb: quantum of class 50001 is big. Consider r2q change.
(1000.00Mbit 1ms delay) *** Error: Warning: sch_htb: quantum of class 50001 is big. Consider r2q change.
a6 Bandwidth limit 10000 is outside supported range 0..1000 - ignoring
(10000.00Mbit 1ms delay) Bandwidth limit 10000 is outside supported range 0..1000 - ignoring
(10000.00Mbit 1ms delay) (1000.00Mbit 1ms delay) *** Error: Warning: sch_htb: quantum of class 50001 is big. Consider r2q change.
(1000.00Mbit 1ms delay) *** Error: Warning: sch_htb: quantum of class 50001 is big. Consider r2q change.
a7 Bandwidth limit 10000 is outside supported range 0..1000 - ignoring
(10000.00Mbit 1ms delay) Bandwidth limit 10000 is outside supported range 0..1000 - ignoring
(10000.00Mbit 1ms delay) (1000.00Mbit 1ms delay) *** Error: Warning: sch_htb: quantum of class 50001 is big. Consider r2q change.
(1000.00Mbit 1ms delay) *** Error: Warning: sch_htb: quantum of class 50001 is big. Consider r2q change.
a8 Bandwidth limit 10000 is outside supported range 0..1000 - ignoring
(10000.00Mbit 1ms delay) Bandwidth limit 10000 is outside supported range 0..1000 - ignoring
(10000.00Mbit 1ms delay) (1000.00Mbit 1ms delay) *** Error: Warning: sch_htb: quantum of class 50001 is big. Consider r2q change.
(1000.00Mbit 1ms delay) *** Error: Warning: sch_htb: quantum of class 50001 is big. Consider r2q change.
e1 (1000.00Mbit 1ms delay) *** Error: Warning: sch_htb: quantum of class 50001 is big. Consider r2q change.
(1000.00Mbit 1ms delay) *** Error: Warning: sch_htb: quantum of class 50001 is big. Consider r2q change.
(1000.00Mbit 1ms delay) *** Error: Warning: sch_htb: quantum of class 50001 is big. Consider r2q change.
(1000.00Mbit 1ms delay) *** Error: Warning: sch_htb: quantum of class 50001 is big. Consider r2q change.
e2 (1000.00Mbit 1ms delay) *** Error: Warning: sch_htb: quantum of class 50001 is big. Consider r2q change.
(1000.00Mbit 1ms delay) *** Error: Warning: sch_htb: quantum of class 50001 is big. Consider r2q change.
(1000.00Mbit 1ms delay) *** Error: Warning: sch_htb: quantum of class 50001 is big. Consider r2q change.
(1000.00Mbit 1ms delay) *** Error: Warning: sch_htb: quantum of class 50001 is big. Consider r2q change.
e3 (1000.00Mbit 1ms delay) *** Error: Warning: sch_htb: quantum of class 50001 is big. Consider r2q change.
(1000.00Mbit 1ms delay) *** Error: Warning: sch_htb: quantum of class 50001 is big. Consider r2q change.
(1000.00Mbit 1ms delay) *** Error: Warning: sch_htb: quantum of class 50001 is big. Consider r2q change.
(1000.00Mbit 1ms delay) *** Error: Warning: sch_htb: quantum of class 50001 is big. Consider r2q change.
e4 (1000.00Mbit 1ms delay) *** Error: Warning: sch_htb: quantum of class 50001 is big. Consider r2q change.
(1000.00Mbit 1ms delay) *** Error: Warning: sch_htb: quantum of class 50001 is big. Consider r2q change.
(1000.00Mbit 1ms delay) *** Error: Warning: sch_htb: quantum of class 50001 is big. Consider r2q change.
(1000.00Mbit 1ms delay) *** Error: Warning: sch_htb: quantum of class 50001 is big. Consider r2q change.
e5 (1000.00Mbit 1ms delay) *** Error: Warning: sch_htb: quantum of class 50001 is big. Consider r2q change.
(1000.00Mbit 1ms delay) *** Error: Warning: sch_htb: quantum of class 50001 is big. Consider r2q change.
(1000.00Mbit 1ms delay) *** Error: Warning: sch_htb: quantum of class 50001 is big. Consider r2q change.
(1000.00Mbit 1ms delay) *** Error: Warning: sch_htb: quantum of class 50001 is big. Consider r2q change.
e6 (1000.00Mbit 1ms delay) *** Error: Warning: sch_htb: quantum of class 50001 is big. Consider r2q change.
(1000.00Mbit 1ms delay) *** Error: Warning: sch_htb: quantum of class 50001 is big. Consider r2q change.
(1000.00Mbit 1ms delay) *** Error: Warning: sch_htb: quantum of class 50001 is big. Consider r2q change.
(1000.00Mbit 1ms delay) *** Error: Warning: sch_htb: quantum of class 50001 is big. Consider r2q change.
e7 (1000.00Mbit 1ms delay) *** Error: Warning: sch_htb: quantum of class 50001 is big. Consider r2q change.
(1000.00Mbit 1ms delay) *** Error: Warning: sch_htb: quantum of class 50001 is big. Consider r2q change.
(1000.00Mbit 1ms delay) *** Error: Warning: sch_htb: quantum of class 50001 is big. Consider r2q change.
(1000.00Mbit 1ms delay) *** Error: Warning: sch_htb: quantum of class 50001 is big. Consider r2q change.
e8 (1000.00Mbit 1ms delay) *** Error: Warning: sch_htb: quantum of class 50001 is big. Consider r2q change.
(1000.00Mbit 1ms delay) *** Error: Warning: sch_htb: quantum of class 50001 is big. Consider r2q change.
(1000.00Mbit 1ms delay) *** Error: Warning: sch_htb: quantum of class 50001 is big. Consider r2q change.
(1000.00Mbit 1ms delay) *** Error: Warning: sch_htb: quantum of class 50001 is big. Consider r2q change.
...Bandwidth limit 10000 is outside supported range 0..1000 - ignoring
(10000.00Mbit 1ms delay) Bandwidth limit 10000 is outside supported range 0..1000 - ignoring
(10000.00Mbit 1ms delay) Bandwidth limit 10000 is outside supported range 0..1000 - ignoring
(10000.00Mbit 1ms delay) Bandwidth limit 10000 is outside supported range 0..1000 - ignoring
(10000.00Mbit 1ms delay) Bandwidth limit 10000 is outside supported range 0..1000 - ignoring
(10000.00Mbit 1ms delay) Bandwidth limit 10000 is outside supported range 0..1000 - ignoring
(10000.00Mbit 1ms delay) Bandwidth limit 10000 is outside supported range 0..1000 - ignoring
(10000.00Mbit 1ms delay) Bandwidth limit 10000 is outside supported range 0..1000 - ignoring
(10000.00Mbit 1ms delay) Bandwidth limit 10000 is outside supported range 0..1000 - ignoring
(10000.00Mbit 1ms delay) Bandwidth limit 10000 is outside supported range 0..1000 - ignoring
(10000.00Mbit 1ms delay) Bandwidth limit 10000 is outside supported range 0..1000 - ignoring
(10000.00Mbit 1ms delay) Bandwidth limit 10000 is outside supported range 0..1000 - ignoring
(10000.00Mbit 1ms delay) Bandwidth limit 10000 is outside supported range 0..1000 - ignoring
(10000.00Mbit 1ms delay) Bandwidth limit 10000 is outside supported range 0..1000 - ignoring
(10000.00Mbit 1ms delay) Bandwidth limit 10000 is outside supported range 0..1000 - ignoring
(10000.00Mbit 1ms delay) Bandwidth limit 10000 is outside supported range 0..1000 - ignoring
(10000.00Mbit 1ms delay) Bandwidth limit 10000 is outside supported range 0..1000 - ignoring
(10000.00Mbit 1ms delay) Bandwidth limit 10000 is outside supported range 0..1000 - ignoring
(10000.00Mbit 1ms delay) (1000.00Mbit 1ms delay) *** Error: Warning: sch_htb: quantum of class 50001 is big. Consider r2q change.
(1000.00Mbit 1ms delay) *** Error: Warning: sch_htb: quantum of class 50001 is big. Consider r2q change.
Bandwidth limit 10000 is outside supported range 0..1000 - ignoring
(10000.00Mbit 1ms delay) Bandwidth limit 10000 is outside supported range 0..1000 - ignoring
(10000.00Mbit 1ms delay) (1000.00Mbit 1ms delay) *** Error: Warning: sch_htb: quantum of class 50001 is big. Consider r2q change.
(1000.00Mbit 1ms delay) *** Error: Warning: sch_htb: quantum of class 50001 is big. Consider r2q change.
Bandwidth limit 10000 is outside supported range 0..1000 - ignoring
(10000.00Mbit 1ms delay) Bandwidth limit 10000 is outside supported range 0..1000 - ignoring
(10000.00Mbit 1ms delay) (1000.00Mbit 1ms delay) *** Error: Warning: sch_htb: quantum of class 50001 is big. Consider r2q change.
(1000.00Mbit 1ms delay) *** Error: Warning: sch_htb: quantum of class 50001 is big. Consider r2q change.
Bandwidth limit 10000 is outside supported range 0..1000 - ignoring
(10000.00Mbit 1ms delay) Bandwidth limit 10000 is outside supported range 0..1000 - ignoring
(10000.00Mbit 1ms delay) (1000.00Mbit 1ms delay) *** Error: Warning: sch_htb: quantum of class 50001 is big. Consider r2q change.
(1000.00Mbit 1ms delay) *** Error: Warning: sch_htb: quantum of class 50001 is big. Consider r2q change.
Bandwidth limit 10000 is outside supported range 0..1000 - ignoring
(10000.00Mbit 1ms delay) Bandwidth limit 10000 is outside supported range 0..1000 - ignoring
(10000.00Mbit 1ms delay) (1000.00Mbit 1ms delay) *** Error: Warning: sch_htb: quantum of class 50001 is big. Consider r2q change.
(1000.00Mbit 1ms delay) *** Error: Warning: sch_htb: quantum of class 50001 is big. Consider r2q change.
Bandwidth limit 10000 is outside supported range 0..1000 - ignoring
(10000.00Mbit 1ms delay) Bandwidth limit 10000 is outside supported range 0..1000 - ignoring
(10000.00Mbit 1ms delay) (1000.00Mbit 1ms delay) *** Error: Warning: sch_htb: quantum of class 50001 is big. Consider r2q change.
(1000.00Mbit 1ms delay) *** Error: Warning: sch_htb: quantum of class 50001 is big. Consider r2q change.
Bandwidth limit 10000 is outside supported range 0..1000 - ignoring
(10000.00Mbit 1ms delay) Bandwidth limit 10000 is outside supported range 0..1000 - ignoring
(10000.00Mbit 1ms delay) (1000.00Mbit 1ms delay) *** Error: Warning: sch_htb: quantum of class 50001 is big. Consider r2q change.
(1000.00Mbit 1ms delay) *** Error: Warning: sch_htb: quantum of class 50001 is big. Consider r2q change.
Bandwidth limit 10000 is outside supported range 0..1000 - ignoring
(10000.00Mbit 1ms delay) Bandwidth limit 10000 is outside supported range 0..1000 - ignoring
(10000.00Mbit 1ms delay) (1000.00Mbit 1ms delay) *** Error: Warning: sch_htb: quantum of class 50001 is big. Consider r2q change.
(1000.00Mbit 1ms delay) *** Error: Warning: sch_htb: quantum of class 50001 is big. Consider r2q change.
(1000.00Mbit 1ms delay) *** Error: Warning: sch_htb: quantum of class 50001 is big. Consider r2q change.
(1000.00Mbit 1ms delay) *** Error: Warning: sch_htb: quantum of class 50001 is big. Consider r2q change.
(1000.00Mbit 1ms delay) *** Error: Warning: sch_htb: quantum of class 50001 is big. Consider r2q change.
(1000.00Mbit 1ms delay) *** Error: Warning: sch_htb: quantum of class 50001 is big. Consider r2q change.
(1000.00Mbit 1ms delay) *** Error: Warning: sch_htb: quantum of class 50001 is big. Consider r2q change.
(1000.00Mbit 1ms delay) *** Error: Warning: sch_htb: quantum of class 50001 is big. Consider r2q change.
(1000.00Mbit 1ms delay) *** Error: Warning: sch_htb: quantum of class 50001 is big. Consider r2q change.
(1000.00Mbit 1ms delay) *** Error: Warning: sch_htb: quantum of class 50001 is big. Consider r2q change.
(1000.00Mbit 1ms delay) *** Error: Warning: sch_htb: quantum of class 50001 is big. Consider r2q change.
(1000.00Mbit 1ms delay) *** Error: Warning: sch_htb: quantum of class 50001 is big. Consider r2q change.
(1000.00Mbit 1ms delay) *** Error: Warning: sch_htb: quantum of class 50001 is big. Consider r2q change.
(1000.00Mbit 1ms delay) *** Error: Warning: sch_htb: quantum of class 50001 is big. Consider r2q change.
(1000.00Mbit 1ms delay) *** Error: Warning: sch_htb: quantum of class 50001 is big. Consider r2q change.
(1000.00Mbit 1ms delay) *** Error: Warning: sch_htb: quantum of class 50001 is big. Consider r2q change.
(1000.00Mbit 1ms delay) *** Error: Warning: sch_htb: quantum of class 50001 is big. Consider r2q change.
(1000.00Mbit 1ms delay) *** Error: Warning: sch_htb: quantum of class 50001 is big. Consider r2q change.
(1000.00Mbit 1ms delay) *** Error: Warning: sch_htb: quantum of class 50001 is big. Consider r2q change.
(1000.00Mbit 1ms delay) *** Error: Warning: sch_htb: quantum of class 50001 is big. Consider r2q change.
(1000.00Mbit 1ms delay) *** Error: Warning: sch_htb: quantum of class 50001 is big. Consider r2q change.
(1000.00Mbit 1ms delay) *** Error: Warning: sch_htb: quantum of class 50001 is big. Consider r2q change.
(1000.00Mbit 1ms delay) *** Error: Warning: sch_htb: quantum of class 50001 is big. Consider r2q change.
(1000.00Mbit 1ms delay) *** Error: Warning: sch_htb: quantum of class 50001 is big. Consider r2q change.
(1000.00Mbit 1ms delay) *** Error: Warning: sch_htb: quantum of class 50001 is big. Consider r2q change.
(1000.00Mbit 1ms delay) *** Error: Warning: sch_htb: quantum of class 50001 is big. Consider r2q change.
(1000.00Mbit 1ms delay) *** Error: Warning: sch_htb: quantum of class 50001 is big. Consider r2q change.
(1000.00Mbit 1ms delay) *** Error: Warning: sch_htb: quantum of class 50001 is big. Consider r2q change.
(1000.00Mbit 1ms delay) *** Error: Warning: sch_htb: quantum of class 50001 is big. Consider r2q change.
(1000.00Mbit 1ms delay) *** Error: Warning: sch_htb: quantum of class 50001 is big. Consider r2q change.
(1000.00Mbit 1ms delay) *** Error: Warning: sch_htb: quantum of class 50001 is big. Consider r2q change.
(1000.00Mbit 1ms delay) *** Error: Warning: sch_htb: quantum of class 50001 is big. Consider r2q change.
(1000.00Mbit 1ms delay) *** Error: Warning: sch_htb: quantum of class 50001 is big. Consider r2q change.
(1000.00Mbit 1ms delay) *** Error: Warning: sch_htb: quantum of class 50001 is big. Consider r2q change.

*** Network ready
*** Useful commands: nodes, links, net, pingall
*** Starting CLI:
mininet> [traffic] hosts: h1, h2, h3, h4, h5, h6, h7, h8, h9, h10, h11, h12, h13, h14, h15, h16
[traffic] pairs: [('h1', 'h16'), ('h2', 'h15')]
[traffic] pair_mode: ends flows_per_pair: 1 episodes: 100 seed: 1
[traffic] protocols: tcp, udp
[traffic] duration_s: 10 interval_s: 1
[traffic] concurrent: False
[traffic] writing incremental CSV /home/johndoe/Desktop/sdn-rl-routing/results/experiments/20260516-200435_abilene-imp-rlearner-100ep-weighted-linear-1000mbps-ping-qosclip/01_rlearner_abilene_imp/traffic.csv
[traffic] server tcp h16 port=5001
[traffic] server udp h16 port=6001
[traffic] server tcp h15 port=5002
[traffic] server udp h15 port=6002
[traffic] starting episode 1/100
[traffic] client udp h2->h15 port=6002
[traffic] result h2 -> h15 udp jitter_ms= 40.738 loss_pct= 0.83
[traffic] client tcp h1->h16 port=5001
[traffic] result h1 -> h16 tcp throughput_mbps= 944.0
[traffic] client tcp h2->h15 port=5002
[traffic] result h2 -> h15 tcp throughput_mbps= 945.0
[traffic] client udp h1->h16 port=6001
[traffic] result h1 -> h16 udp jitter_ms= 36.089 loss_pct= 0.69
[traffic] starting episode 2/100
[traffic] client udp h1->h16 port=6001
[traffic] result h1 -> h16 udp jitter_ms= 17.841 loss_pct= 0.17
[traffic] client tcp h2->h15 port=5002
[traffic] result h2 -> h15 tcp throughput_mbps= 944.0
[traffic] client tcp h1->h16 port=5001
[traffic] result h1 -> h16 tcp throughput_mbps= 947.0
[traffic] client udp h2->h15 port=6002
[traffic] result h2 -> h15 udp jitter_ms= 39.776 loss_pct= 0.79
[traffic] starting episode 3/100
[traffic] client udp h2->h15 port=6002
[traffic] result h2 -> h15 udp jitter_ms= 43.27 loss_pct= 1.1
[traffic] client udp h1->h16 port=6001
[traffic] result h1 -> h16 udp jitter_ms= 18.453 loss_pct= 0.41
[traffic] client tcp h2->h15 port=5002
[traffic] result h2 -> h15 tcp throughput_mbps= 944.0
[traffic] client tcp h1->h16 port=5001
[traffic] result h1 -> h16 tcp throughput_mbps= 948.0
[traffic] starting episode 4/100
[traffic] client tcp h2->h15 port=5002
[traffic] result h2 -> h15 tcp throughput_mbps= 945.0
[traffic] client udp h2->h15 port=6002
[traffic] result h2 -> h15 udp jitter_ms= 36.475 loss_pct= 0.98
[traffic] client udp h1->h16 port=6001
[traffic] result h1 -> h16 udp jitter_ms= 12.223 loss_pct= 0.26
[traffic] client tcp h1->h16 port=5001
[traffic] result h1 -> h16 tcp throughput_mbps= 947.0
[traffic] starting episode 5/100
[traffic] client udp h1->h16 port=6001
[traffic] result h1 -> h16 udp jitter_ms= 14.027 loss_pct= 0.059
[traffic] client tcp h1->h16 port=5001
[traffic] result h1 -> h16 tcp throughput_mbps= 947.0
[traffic] client tcp h2->h15 port=5002
[traffic] result h2 -> h15 tcp throughput_mbps= 944.0
[traffic] client udp h2->h15 port=6002
[traffic] result h2 -> h15 udp jitter_ms= 27.084 loss_pct= 0.64
[traffic] starting episode 6/100
[traffic] client tcp h2->h15 port=5002
[traffic] result h2 -> h15 tcp throughput_mbps= 943.0
[traffic] client tcp h1->h16 port=5001
[traffic] result h1 -> h16 tcp throughput_mbps= 947.0
[traffic] client udp h1->h16 port=6001
[traffic] result h1 -> h16 udp jitter_ms= 52.943 loss_pct= 0.52
[traffic] client udp h2->h15 port=6002
[traffic] result h2 -> h15 udp jitter_ms= 42.96 loss_pct= 0.75
[traffic] starting episode 7/100
[traffic] client udp h2->h15 port=6002
[traffic] result h2 -> h15 udp jitter_ms= 31.629 loss_pct= 0.65
[traffic] client udp h1->h16 port=6001
[traffic] result h1 -> h16 udp jitter_ms= 41.707 loss_pct= 1.4
[traffic] client tcp h1->h16 port=5001
[traffic] result h1 -> h16 tcp throughput_mbps= 944.0
[traffic] client tcp h2->h15 port=5002
[traffic] result h2 -> h15 tcp throughput_mbps= 947.0
[traffic] starting episode 8/100
[traffic] client tcp h1->h16 port=5001
[traffic] result h1 -> h16 tcp throughput_mbps= 948.0
[traffic] client udp h2->h15 port=6002
[traffic] result h2 -> h15 udp jitter_ms= 31.832 loss_pct= 0.65
[traffic] client tcp h2->h15 port=5002
[traffic] result h2 -> h15 tcp throughput_mbps= 944.0
[traffic] client udp h1->h16 port=6001
[traffic] result h1 -> h16 udp jitter_ms= 29.303 loss_pct= 0.22
[traffic] starting episode 9/100
[traffic] client udp h1->h16 port=6001
[traffic] result h1 -> h16 udp jitter_ms= 17.03 loss_pct= 0.31
[traffic] client tcp h1->h16 port=5001
[traffic] result h1 -> h16 tcp throughput_mbps= 947.0
[traffic] client tcp h2->h15 port=5002
[traffic] result h2 -> h15 tcp throughput_mbps= 944.0
[traffic] client udp h2->h15 port=6002
[traffic] result h2 -> h15 udp jitter_ms= 38.993 loss_pct= 1.8
[traffic] starting episode 10/100
[traffic] client udp h1->h16 port=6001
[traffic] result h1 -> h16 udp jitter_ms= 20.08 loss_pct= 0.039
[traffic] client tcp h1->h16 port=5001
[traffic] result h1 -> h16 tcp throughput_mbps= 947.0
[traffic] client tcp h2->h15 port=5002
[traffic] result h2 -> h15 tcp throughput_mbps= 944.0
[traffic] client udp h2->h15 port=6002
[traffic] result h2 -> h15 udp jitter_ms= 31.017 loss_pct= 1.6
[traffic] starting episode 11/100
[traffic] client tcp h1->h16 port=5001
[traffic] result h1 -> h16 tcp throughput_mbps= 947.0
[traffic] client tcp h2->h15 port=5002
[traffic] result h2 -> h15 tcp throughput_mbps= 945.0
[traffic] client udp h2->h15 port=6002
[traffic] result h2 -> h15 udp jitter_ms= 38.868 loss_pct= 1.7
[traffic] client udp h1->h16 port=6001
[traffic] result h1 -> h16 udp jitter_ms= 26.327 loss_pct= 0.16
[traffic] starting episode 12/100
[traffic] client tcp h1->h16 port=5001
[traffic] result h1 -> h16 tcp throughput_mbps= 947.0
[traffic] client udp h2->h15 port=6002
[traffic] result h2 -> h15 udp jitter_ms= 41.31 loss_pct= 0.54
[traffic] client tcp h2->h15 port=5002
[traffic] result h2 -> h15 tcp throughput_mbps= 943.0
[traffic] client udp h1->h16 port=6001
[traffic] result h1 -> h16 udp jitter_ms= 32.169 loss_pct= 0.22
[traffic] starting episode 13/100
[traffic] client tcp h1->h16 port=5001
[traffic] result h1 -> h16 tcp throughput_mbps= 944.0
[traffic] client udp h1->h16 port=6001
[traffic] result h1 -> h16 udp jitter_ms= 34.231 loss_pct= 0.82
[traffic] client udp h2->h15 port=6002
[traffic] result h2 -> h15 udp jitter_ms= 52.342 loss_pct= 0.27
[traffic] client tcp h2->h15 port=5002
[traffic] result h2 -> h15 tcp throughput_mbps= 948.0
[traffic] starting episode 14/100
[traffic] client udp h1->h16 port=6001
[traffic] result h1 -> h16 udp jitter_ms= 36.291 loss_pct= 0.27
[traffic] client tcp h2->h15 port=5002
[traffic] result h2 -> h15 tcp throughput_mbps= 948.0
[traffic] client udp h2->h15 port=6002
[traffic] result h2 -> h15 udp jitter_ms= 20.522 loss_pct= 0.2
[traffic] client tcp h1->h16 port=5001
[traffic] result h1 -> h16 tcp throughput_mbps= 948.0
[traffic] starting episode 15/100
[traffic] client tcp h1->h16 port=5001
[traffic] result h1 -> h16 tcp throughput_mbps= 948.0
[traffic] client udp h2->h15 port=6002
[traffic] result h2 -> h15 udp jitter_ms= 40.448 loss_pct= 0.66
[traffic] client udp h1->h16 port=6001
[traffic] result h1 -> h16 udp jitter_ms= 22.738 loss_pct= 0.47
[traffic] client tcp h2->h15 port=5002
[traffic] result h2 -> h15 tcp throughput_mbps= 944.0
[traffic] starting episode 16/100
[traffic] client udp h1->h16 port=6001
[traffic] result h1 -> h16 udp jitter_ms= 28.856 loss_pct= 0.37
[traffic] client tcp h1->h16 port=5001
[traffic] result h1 -> h16 tcp throughput_mbps= 948.0
[traffic] client tcp h2->h15 port=5002
[traffic] result h2 -> h15 tcp throughput_mbps= 946.0
[traffic] client udp h2->h15 port=6002
[traffic] result h2 -> h15 udp jitter_ms= 26.17 loss_pct= 0.22
[traffic] starting episode 17/100
[traffic] client udp h2->h15 port=6002
[traffic] result h2 -> h15 udp jitter_ms= 40.62 loss_pct= 1.3
[traffic] client tcp h2->h15 port=5002
[traffic] result h2 -> h15 tcp throughput_mbps= 943.0
[traffic] client udp h1->h16 port=6001
[traffic] result h1 -> h16 udp jitter_ms= 26.433 loss_pct= 0.15
[traffic] client tcp h1->h16 port=5001
[traffic] result h1 -> h16 tcp throughput_mbps= 947.0
[traffic] starting episode 18/100
[traffic] client tcp h1->h16 port=5001
[traffic] result h1 -> h16 tcp throughput_mbps= 947.0
[traffic] client tcp h2->h15 port=5002
[traffic] result h2 -> h15 tcp throughput_mbps= 944.0
[traffic] client udp h1->h16 port=6001
[traffic] result h1 -> h16 udp jitter_ms= 21.882 loss_pct= 0.71
[traffic] client udp h2->h15 port=6002
[traffic] result h2 -> h15 udp jitter_ms= 36.893 loss_pct= 1.3
[traffic] starting episode 19/100
[traffic] client udp h2->h15 port=6002
[traffic] result h2 -> h15 udp jitter_ms= 37.323 loss_pct= 0.59
[traffic] client tcp h1->h16 port=5001
[traffic] result h1 -> h16 tcp throughput_mbps= 946.0
[traffic] client udp h1->h16 port=6001
[traffic] result h1 -> h16 udp jitter_ms= 48.379 loss_pct= 0.47
[traffic] client tcp h2->h15 port=5002
[traffic] result h2 -> h15 tcp throughput_mbps= 945.0
[traffic] starting episode 20/100
[traffic] client tcp h2->h15 port=5002
[traffic] result h2 -> h15 tcp throughput_mbps= 944.0
[traffic] client udp h2->h15 port=6002
[traffic] result h2 -> h15 udp jitter_ms= 41.035 loss_pct= 1.8
[traffic] client tcp h1->h16 port=5001
[traffic] result h1 -> h16 tcp throughput_mbps= 948.0
[traffic] client udp h1->h16 port=6001
[traffic] result h1 -> h16 udp jitter_ms= 21.246 loss_pct= 0.35
[traffic] starting episode 21/100
[traffic] client tcp h2->h15 port=5002
[traffic] result h2 -> h15 tcp throughput_mbps= 943.0
[traffic] client udp h2->h15 port=6002
[traffic] result h2 -> h15 udp jitter_ms= 42.635 loss_pct= 1.2
[traffic] client udp h1->h16 port=6001
[traffic] result h1 -> h16 udp jitter_ms= 41.174 loss_pct= 0.34
[traffic] client tcp h1->h16 port=5001
[traffic] result h1 -> h16 tcp throughput_mbps= 947.0
[traffic] starting episode 22/100
[traffic] client tcp h1->h16 port=5001
[traffic] result h1 -> h16 tcp throughput_mbps= 947.0
[traffic] client tcp h2->h15 port=5002
[traffic] result h2 -> h15 tcp throughput_mbps= 945.0
[traffic] client udp h2->h15 port=6002
[traffic] result h2 -> h15 udp jitter_ms= 38.201 loss_pct= 0.32
[traffic] client udp h1->h16 port=6001
[traffic] result h1 -> h16 udp jitter_ms= 28.888 loss_pct= 0.33
[traffic] starting episode 23/100
[traffic] client tcp h1->h16 port=5001
[traffic] result h1 -> h16 tcp throughput_mbps= 862.0
[traffic] client udp h2->h15 port=6002
[traffic] result h2 -> h15 udp jitter_ms= 24.782 loss_pct= 0.095
[traffic] client tcp h2->h15 port=5002
[traffic] result h2 -> h15 tcp throughput_mbps= 948.0
[traffic] client udp h1->h16 port=6001
[traffic] result h1 -> h16 udp jitter_ms= 25.705 loss_pct= 0.15
[traffic] starting episode 24/100
[traffic] client tcp h2->h15 port=5002
[traffic] result h2 -> h15 tcp throughput_mbps= 944.0
[traffic] client tcp h1->h16 port=5001
[traffic] result h1 -> h16 tcp throughput_mbps= 947.0
[traffic] client udp h1->h16 port=6001
[traffic] result h1 -> h16 udp jitter_ms= 27.495 loss_pct= 0.37
[traffic] client udp h2->h15 port=6002
[traffic] result h2 -> h15 udp jitter_ms= 41.505 loss_pct= 1.0
[traffic] starting episode 25/100
[traffic] client tcp h2->h15 port=5002
[traffic] result h2 -> h15 tcp throughput_mbps= 945.0
[traffic] client tcp h1->h16 port=5001
[traffic] result h1 -> h16 tcp throughput_mbps= 948.0
[traffic] client udp h2->h15 port=6002
[traffic] result h2 -> h15 udp jitter_ms= 40.502 loss_pct= 0.46
[traffic] client udp h1->h16 port=6001
[traffic] result h1 -> h16 udp jitter_ms= 27.143 loss_pct= 0.43
[traffic] starting episode 26/100
[traffic] client udp h1->h16 port=6001
[traffic] result h1 -> h16 udp jitter_ms= 21.36 loss_pct= 0.14
[traffic] client tcp h2->h15 port=5002
[traffic] result h2 -> h15 tcp throughput_mbps= 945.0
[traffic] client tcp h1->h16 port=5001
[traffic] result h1 -> h16 tcp throughput_mbps= 947.0
[traffic] client udp h2->h15 port=6002
[traffic] result h2 -> h15 udp jitter_ms= 41.562 loss_pct= 1.3
[traffic] starting episode 27/100
[traffic] client tcp h1->h16 port=5001
[traffic] result h1 -> h16 tcp throughput_mbps= 946.0
[traffic] client tcp h2->h15 port=5002
[traffic] result h2 -> h15 tcp throughput_mbps= 943.0
[traffic] client udp h2->h15 port=6002
[traffic] result h2 -> h15 udp jitter_ms= 39.08 loss_pct= 1.1
[traffic] client udp h1->h16 port=6001
[traffic] result h1 -> h16 udp jitter_ms= 25.557 loss_pct= 0.12
[traffic] starting episode 28/100
[traffic] client udp h1->h16 port=6001
[traffic] result h1 -> h16 udp jitter_ms= 19.5 loss_pct= 0.33
[traffic] client tcp h2->h15 port=5002
[traffic] result h2 -> h15 tcp throughput_mbps= 944.0
[traffic] client tcp h1->h16 port=5001
[traffic] result h1 -> h16 tcp throughput_mbps= 947.0
[traffic] client udp h2->h15 port=6002
[traffic] result h2 -> h15 udp jitter_ms= 41.721 loss_pct= 0.65
[traffic] starting episode 29/100
[traffic] client tcp h2->h15 port=5002
[traffic] result h2 -> h15 tcp throughput_mbps= 944.0
[traffic] client udp h1->h16 port=6001
[traffic] result h1 -> h16 udp jitter_ms= 31.154 loss_pct= 0.25
[traffic] client tcp h1->h16 port=5001
[traffic] result h1 -> h16 tcp throughput_mbps= 947.0
[traffic] client udp h2->h15 port=6002
[traffic] result h2 -> h15 udp jitter_ms= 43.07 loss_pct= 1.8
[traffic] starting episode 30/100
[traffic] client tcp h2->h15 port=5002
[traffic] result h2 -> h15 tcp throughput_mbps= 944.0
[traffic] client udp h1->h16 port=6001
[traffic] result h1 -> h16 udp jitter_ms= 51.264 loss_pct= 0.23
[traffic] client udp h2->h15 port=6002
[traffic] result h2 -> h15 udp jitter_ms= 40.308 loss_pct= 0.73
[traffic] client tcp h1->h16 port=5001
[traffic] result h1 -> h16 tcp throughput_mbps= 947.0
[traffic] starting episode 31/100
[traffic] client udp h1->h16 port=6001
[traffic] result h1 -> h16 udp jitter_ms= 23.328 loss_pct= 0.23
[traffic] client udp h2->h15 port=6002
[traffic] result h2 -> h15 udp jitter_ms= 43.039 loss_pct= 2.2
[traffic] client tcp h1->h16 port=5001
[traffic] result h1 -> h16 tcp throughput_mbps= 947.0
[traffic] client tcp h2->h15 port=5002
[traffic] result h2 -> h15 tcp throughput_mbps= 943.0
[traffic] starting episode 32/100
[traffic] client tcp h1->h16 port=5001
[traffic] result h1 -> h16 tcp throughput_mbps= 947.0
[traffic] client udp h2->h15 port=6002
[traffic] result h2 -> h15 udp jitter_ms= 40.804 loss_pct= 0.83
[traffic] client tcp h2->h15 port=5002
[traffic] result h2 -> h15 tcp throughput_mbps= 944.0
[traffic] client udp h1->h16 port=6001
[traffic] result h1 -> h16 udp jitter_ms= 20.737 loss_pct= 0.19
[traffic] starting episode 33/100
[traffic] client tcp h2->h15 port=5002
[traffic] result h2 -> h15 tcp throughput_mbps= 945.0
[traffic] client udp h2->h15 port=6002
[traffic] result h2 -> h15 udp jitter_ms= 33.677 loss_pct= 0.64
[traffic] client udp h1->h16 port=6001
[traffic] result h1 -> h16 udp jitter_ms= 23.665 loss_pct= 0.23
[traffic] client tcp h1->h16 port=5001
[traffic] result h1 -> h16 tcp throughput_mbps= 947.0
[traffic] starting episode 34/100
[traffic] client udp h1->h16 port=6001
[traffic] result h1 -> h16 udp jitter_ms= 27.077 loss_pct= 0.54
[traffic] client tcp h1->h16 port=5001
[traffic] result h1 -> h16 tcp throughput_mbps= 947.0
[traffic] client tcp h2->h15 port=5002
[traffic] result h2 -> h15 tcp throughput_mbps= 944.0
[traffic] client udp h2->h15 port=6002
[traffic] result h2 -> h15 udp jitter_ms= 42.783 loss_pct= 2.6
[traffic] starting episode 35/100
[traffic] client tcp h2->h15 port=5002
[traffic] result h2 -> h15 tcp throughput_mbps= 945.0
[traffic] client udp h1->h16 port=6001
[traffic] result h1 -> h16 udp jitter_ms= 28.483 loss_pct= 0.37
[traffic] client tcp h1->h16 port=5001
[traffic] result h1 -> h16 tcp throughput_mbps= 948.0
[traffic] client udp h2->h15 port=6002
[traffic] result h2 -> h15 udp jitter_ms= 36.206 loss_pct= 1.3
[traffic] starting episode 36/100
[traffic] client tcp h2->h15 port=5002
[traffic] result h2 -> h15 tcp throughput_mbps= 944.0
[traffic] client udp h2->h15 port=6002
[traffic] result h2 -> h15 udp jitter_ms= 42.926 loss_pct= 2.5
[traffic] client tcp h1->h16 port=5001
[traffic] result h1 -> h16 tcp throughput_mbps= 946.0
[traffic] client udp h1->h16 port=6001
[traffic] result h1 -> h16 udp jitter_ms= 32.158 loss_pct= 0.41
[traffic] starting episode 37/100
[traffic] client tcp h2->h15 port=5002
[traffic] result h2 -> h15 tcp throughput_mbps= 945.0
[traffic] client udp h1->h16 port=6001
[traffic] result h1 -> h16 udp jitter_ms= 41.552 loss_pct= 1.0
[traffic] client tcp h1->h16 port=5001
[traffic] result h1 -> h16 tcp throughput_mbps= 945.0
[traffic] client udp h2->h15 port=6002
[traffic] result h2 -> h15 udp jitter_ms= 39.651 loss_pct= 0.74
[traffic] starting episode 38/100
[traffic] client tcp h1->h16 port=5001
[traffic] result h1 -> h16 tcp throughput_mbps= 947.0
[traffic] client udp h1->h16 port=6001
[traffic] result h1 -> h16 udp jitter_ms= 23.965 loss_pct= 0.13
[traffic] client udp h2->h15 port=6002
[traffic] result h2 -> h15 udp jitter_ms= 21.194 loss_pct= 0.2
[traffic] client tcp h2->h15 port=5002
[traffic] result h2 -> h15 tcp throughput_mbps= 947.0
[traffic] starting episode 39/100
[traffic] client udp h1->h16 port=6001
[traffic] result h1 -> h16 udp jitter_ms= 41.005 loss_pct= 0.88
[traffic] client tcp h2->h15 port=5002
[traffic] result h2 -> h15 tcp throughput_mbps= 945.0
[traffic] client udp h2->h15 port=6002
[traffic] result h2 -> h15 udp jitter_ms= 39.803 loss_pct= 0.9
[traffic] client tcp h1->h16 port=5001
[traffic] result h1 -> h16 tcp throughput_mbps= 943.0
[traffic] starting episode 40/100
[traffic] client tcp h1->h16 port=5001
[traffic] result h1 -> h16 tcp throughput_mbps= 948.0
[traffic] client udp h1->h16 port=6001
[traffic] result h1 -> h16 udp jitter_ms= 19.544 loss_pct= 0.15
[traffic] client udp h2->h15 port=6002
[traffic] result h2 -> h15 udp jitter_ms= 0.0 loss_pct= 0.0
[traffic] client tcp h2->h15 port=5002
[traffic] result h2 -> h15 tcp throughput_mbps= 948.0
[traffic] starting episode 41/100
[traffic] client udp h1->h16 port=6001
[traffic] result h1 -> h16 udp jitter_ms= 22.77 loss_pct= 0.6
[traffic] client tcp h2->h15 port=5002
[traffic] result h2 -> h15 tcp throughput_mbps= 947.0
[traffic] client tcp h1->h16 port=5001
[traffic] result h1 -> h16 tcp throughput_mbps= 948.0
[traffic] client udp h2->h15 port=6002
[traffic] result h2 -> h15 udp jitter_ms= 41.5 loss_pct= 0.23
[traffic] starting episode 42/100
[traffic] client tcp h2->h15 port=5002
[traffic] result h2 -> h15 tcp throughput_mbps= 944.0
[traffic] client udp h2->h15 port=6002
[traffic] result h2 -> h15 udp jitter_ms= 42.019 loss_pct= 0.97
[traffic] client tcp h1->h16 port=5001
[traffic] result h1 -> h16 tcp throughput_mbps= 948.0
[traffic] client udp h1->h16 port=6001
[traffic] result h1 -> h16 udp jitter_ms= 27.426 loss_pct= 0.4
[traffic] starting episode 43/100
[traffic] client udp h1->h16 port=6001
[traffic] result h1 -> h16 udp jitter_ms= 18.278 loss_pct= 0.24
[traffic] client udp h2->h15 port=6002
[traffic] result h2 -> h15 udp jitter_ms= 26.094 loss_pct= 1.5
[traffic] client tcp h2->h15 port=5002
[traffic] result h2 -> h15 tcp throughput_mbps= 948.0
[traffic] client tcp h1->h16 port=5001
[traffic] result h1 -> h16 tcp throughput_mbps= 948.0
[traffic] starting episode 44/100
[traffic] client udp h1->h16 port=6001
[traffic] result h1 -> h16 udp jitter_ms= 40.387 loss_pct= 0.74
[traffic] client tcp h1->h16 port=5001
[traffic] result h1 -> h16 tcp throughput_mbps= 947.0
[traffic] client udp h2->h15 port=6002
[traffic] result h2 -> h15 udp jitter_ms= 28.678 loss_pct= 0.28
[traffic] client tcp h2->h15 port=5002
[traffic] result h2 -> h15 tcp throughput_mbps= 947.0
[traffic] starting episode 45/100
[traffic] client udp h1->h16 port=6001
[traffic] result h1 -> h16 udp jitter_ms= 18.252 loss_pct= 0.27
[traffic] client udp h2->h15 port=6002
[traffic] result h2 -> h15 udp jitter_ms= 34.615 loss_pct= 0.78
[traffic] client tcp h1->h16 port=5001
[traffic] result h1 -> h16 tcp throughput_mbps= 947.0
[traffic] client tcp h2->h15 port=5002
[traffic] result h2 -> h15 tcp throughput_mbps= 947.0
[traffic] starting episode 46/100
[traffic] client udp h1->h16 port=6001
[traffic] result h1 -> h16 udp jitter_ms= 27.216 loss_pct= 0.59
[traffic] client tcp h2->h15 port=5002
[traffic] result h2 -> h15 tcp throughput_mbps= 947.0
[traffic] client udp h2->h15 port=6002
[traffic] result h2 -> h15 udp jitter_ms= 28.745 loss_pct= 0.098
[traffic] client tcp h1->h16 port=5001
[traffic] result h1 -> h16 tcp throughput_mbps= 948.0
[traffic] starting episode 47/100
[traffic] client udp h1->h16 port=6001
[traffic] result h1 -> h16 udp jitter_ms= 32.102 loss_pct= 0.61
[traffic] client tcp h2->h15 port=5002
[traffic] result h2 -> h15 tcp throughput_mbps= 947.0
[traffic] client tcp h1->h16 port=5001
[traffic] result h1 -> h16 tcp throughput_mbps= 947.0
[traffic] client udp h2->h15 port=6002
[traffic] result h2 -> h15 udp jitter_ms= 27.034 loss_pct= 0.27
[traffic] starting episode 48/100
[traffic] client tcp h1->h16 port=5001
[traffic] result h1 -> h16 tcp throughput_mbps= 947.0
[traffic] client udp h1->h16 port=6001
[traffic] result h1 -> h16 udp jitter_ms= 25.703 loss_pct= 0.6
[traffic] client tcp h2->h15 port=5002
[traffic] result h2 -> h15 tcp throughput_mbps= 948.0
[traffic] client udp h2->h15 port=6002
[traffic] result h2 -> h15 udp jitter_ms= 24.795 loss_pct= 0.23
[traffic] starting episode 49/100
[traffic] client tcp h1->h16 port=5001
[traffic] result h1 -> h16 tcp throughput_mbps= 948.0
[traffic] client udp h2->h15 port=6002
[traffic] result h2 -> h15 udp jitter_ms= 33.969 loss_pct= 0.46
[traffic] client tcp h2->h15 port=5002
[traffic] result h2 -> h15 tcp throughput_mbps= 947.0
[traffic] client udp h1->h16 port=6001
[traffic] result h1 -> h16 udp jitter_ms= 21.855 loss_pct= 0.51
[traffic] starting episode 50/100
[traffic] client tcp h1->h16 port=5001
[traffic] result h1 -> h16 tcp throughput_mbps= 947.0
[traffic] client udp h1->h16 port=6001
[traffic] result h1 -> h16 udp jitter_ms= 49.848 loss_pct= 0.58
[traffic] client udp h2->h15 port=6002
[traffic] result h2 -> h15 udp jitter_ms= 33.703 loss_pct= 0.2
[traffic] client tcp h2->h15 port=5002
[traffic] result h2 -> h15 tcp throughput_mbps= 948.0
[traffic] starting episode 51/100
[traffic] client tcp h1->h16 port=5001
[traffic] result h1 -> h16 tcp throughput_mbps= 947.0
[traffic] client udp h1->h16 port=6001
[traffic] result h1 -> h16 udp jitter_ms= 32.278 loss_pct= 0.32
[traffic] client udp h2->h15 port=6002
[traffic] result h2 -> h15 udp jitter_ms= 23.38 loss_pct= 0.53
[traffic] client tcp h2->h15 port=5002
[traffic] result h2 -> h15 tcp throughput_mbps= 946.0
[traffic] starting episode 52/100
[traffic] client tcp h1->h16 port=5001
[traffic] result h1 -> h16 tcp throughput_mbps= 946.0
[traffic] client udp h1->h16 port=6001
[traffic] result h1 -> h16 udp jitter_ms= 26.786 loss_pct= 0.24
[traffic] client tcp h2->h15 port=5002
[traffic] result h2 -> h15 tcp throughput_mbps= 947.0
[traffic] client udp h2->h15 port=6002
[traffic] result h2 -> h15 udp jitter_ms= 29.003 loss_pct= 0.38
[traffic] starting episode 53/100
[traffic] client tcp h2->h15 port=5002
[traffic] result h2 -> h15 tcp throughput_mbps= 947.0
[traffic] client tcp h1->h16 port=5001
[traffic] result h1 -> h16 tcp throughput_mbps= 948.0
[traffic] client udp h2->h15 port=6002
[traffic] result h2 -> h15 udp jitter_ms= 29.192 loss_pct= 0.23
[traffic] client udp h1->h16 port=6001
[traffic] result h1 -> h16 udp jitter_ms= 35.081 loss_pct= 0.33
[traffic] starting episode 54/100
[traffic] client udp h2->h15 port=6002
[traffic] result h2 -> h15 udp jitter_ms= 49.84 loss_pct= 0.18
[traffic] client udp h1->h16 port=6001
[traffic] result h1 -> h16 udp jitter_ms= 25.641 loss_pct= 0.47
[traffic] client tcp h2->h15 port=5002
[traffic] result h2 -> h15 tcp throughput_mbps= 948.0
[traffic] client tcp h1->h16 port=5001
[traffic] result h1 -> h16 tcp throughput_mbps= 947.0
[traffic] starting episode 55/100
[traffic] client udp h2->h15 port=6002
[traffic] result h2 -> h15 udp jitter_ms= 38.008 loss_pct= 0.35
[traffic] client udp h1->h16 port=6001
[traffic] result h1 -> h16 udp jitter_ms= 53.305 loss_pct= 0.45
[traffic] client tcp h1->h16 port=5001
[traffic] result h1 -> h16 tcp throughput_mbps= 948.0
[traffic] client tcp h2->h15 port=5002
[traffic] result h2 -> h15 tcp throughput_mbps= 946.0
[traffic] starting episode 56/100
[traffic] client tcp h2->h15 port=5002
[traffic] result h2 -> h15 tcp throughput_mbps= 948.0
[traffic] client tcp h1->h16 port=5001
[traffic] result h1 -> h16 tcp throughput_mbps= 947.0
[traffic] client udp h2->h15 port=6002
[traffic] result h2 -> h15 udp jitter_ms= 41.303 loss_pct= 0.36
[traffic] client udp h1->h16 port=6001
[traffic] result h1 -> h16 udp jitter_ms= 26.494 loss_pct= 0.29
[traffic] starting episode 57/100
[traffic] client udp h2->h15 port=6002
[traffic] result h2 -> h15 udp jitter_ms= 22.962 loss_pct= 0.31
[traffic] client tcp h2->h15 port=5002
[traffic] result h2 -> h15 tcp throughput_mbps= 947.0
[traffic] client tcp h1->h16 port=5001
[traffic] result h1 -> h16 tcp throughput_mbps= 948.0
[traffic] client udp h1->h16 port=6001
[traffic] result h1 -> h16 udp jitter_ms= 33.526 loss_pct= 0.19
[traffic] starting episode 58/100
[traffic] client udp h1->h16 port=6001
[traffic] result h1 -> h16 udp jitter_ms= 19.165 loss_pct= 0.091
[traffic] client udp h2->h15 port=6002
[traffic] result h2 -> h15 udp jitter_ms= 51.597 loss_pct= 0.28
[traffic] client tcp h2->h15 port=5002
[traffic] result h2 -> h15 tcp throughput_mbps= 948.0
[traffic] client tcp h1->h16 port=5001
[traffic] result h1 -> h16 tcp throughput_mbps= 947.0
[traffic] starting episode 59/100
[traffic] client tcp h1->h16 port=5001
[traffic] result h1 -> h16 tcp throughput_mbps= 947.0
[traffic] client udp h2->h15 port=6002
[traffic] result h2 -> h15 udp jitter_ms= 23.157 loss_pct= 0.064
[traffic] client udp h1->h16 port=6001
[traffic] result h1 -> h16 udp jitter_ms= 41.168 loss_pct= 0.57
[traffic] client tcp h2->h15 port=5002
[traffic] result h2 -> h15 tcp throughput_mbps= 947.0
[traffic] starting episode 60/100
[traffic] client udp h1->h16 port=6001
[traffic] result h1 -> h16 udp jitter_ms= 33.389 loss_pct= 0.2
[traffic] client udp h2->h15 port=6002
[traffic] result h2 -> h15 udp jitter_ms= 35.463 loss_pct= 0.44
[traffic] client tcp h1->h16 port=5001
[traffic] result h1 -> h16 tcp throughput_mbps= 948.0
[traffic] client tcp h2->h15 port=5002
[traffic] result h2 -> h15 tcp throughput_mbps= 946.0
[traffic] starting episode 61/100
[traffic] client udp h2->h15 port=6002
[traffic] result h2 -> h15 udp jitter_ms= 20.006 loss_pct= 0.098
[traffic] client tcp h1->h16 port=5001
[traffic] result h1 -> h16 tcp throughput_mbps= 947.0
[traffic] client udp h1->h16 port=6001
[traffic] result h1 -> h16 udp jitter_ms= 22.819 loss_pct= 0.31
[traffic] client tcp h2->h15 port=5002
[traffic] result h2 -> h15 tcp throughput_mbps= 948.0
[traffic] starting episode 62/100
[traffic] client udp h2->h15 port=6002
[traffic] result h2 -> h15 udp jitter_ms= 36.769 loss_pct= 0.45
[traffic] client tcp h2->h15 port=5002
[traffic] result h2 -> h15 tcp throughput_mbps= 946.0
[traffic] client tcp h1->h16 port=5001
[traffic] result h1 -> h16 tcp throughput_mbps= 943.0
[traffic] client udp h1->h16 port=6001
[traffic] result h1 -> h16 udp jitter_ms= 25.979 loss_pct= 0.23
[traffic] starting episode 63/100
[traffic] client tcp h2->h15 port=5002
[traffic] result h2 -> h15 tcp throughput_mbps= 948.0
[traffic] client udp h2->h15 port=6002
[traffic] result h2 -> h15 udp jitter_ms= 25.709 loss_pct= 0.32
[traffic] client tcp h1->h16 port=5001
[traffic] result h1 -> h16 tcp throughput_mbps= 947.0
[traffic] client udp h1->h16 port=6001
[traffic] result h1 -> h16 udp jitter_ms= 52.975 loss_pct= 0.24
[traffic] starting episode 64/100
[traffic] client tcp h2->h15 port=5002
[traffic] result h2 -> h15 tcp throughput_mbps= 948.0
[traffic] client tcp h1->h16 port=5001
[traffic] result h1 -> h16 tcp throughput_mbps= 948.0
[traffic] client udp h2->h15 port=6002
[traffic] result h2 -> h15 udp jitter_ms= 46.995 loss_pct= 0.28
[traffic] client udp h1->h16 port=6001
[traffic] result h1 -> h16 udp jitter_ms= 25.317 loss_pct= 0.43
[traffic] starting episode 65/100
[traffic] client tcp h1->h16 port=5001
[traffic] result h1 -> h16 tcp throughput_mbps= 948.0
[traffic] client udp h1->h16 port=6001
[traffic] result h1 -> h16 udp jitter_ms= 35.592 loss_pct= 0.17
[traffic] client udp h2->h15 port=6002
[traffic] result h2 -> h15 udp jitter_ms= 40.447 loss_pct= 0.45
[traffic] client tcp h2->h15 port=5002
[traffic] result h2 -> h15 tcp throughput_mbps= 946.0
[traffic] starting episode 66/100
[traffic] client udp h2->h15 port=6002
[traffic] result h2 -> h15 udp jitter_ms= 54.197 loss_pct= 0.27
[traffic] client udp h1->h16 port=6001
[traffic] result h1 -> h16 udp jitter_ms= 37.115 loss_pct= 0.32
[traffic] client tcp h1->h16 port=5001
[traffic] result h1 -> h16 tcp throughput_mbps= 946.0
[traffic] client tcp h2->h15 port=5002
[traffic] result h2 -> h15 tcp throughput_mbps= 947.0
[traffic] starting episode 67/100
[traffic] client tcp h2->h15 port=5002
[traffic] result h2 -> h15 tcp throughput_mbps= 947.0
[traffic] client udp h1->h16 port=6001
[traffic] result h1 -> h16 udp jitter_ms= 20.21 loss_pct= 0.16
[traffic] client udp h2->h15 port=6002
[traffic] result h2 -> h15 udp jitter_ms= 27.881 loss_pct= 0.38
[traffic] client tcp h1->h16 port=5001
[traffic] result h1 -> h16 tcp throughput_mbps= 947.0
[traffic] starting episode 68/100
[traffic] client tcp h1->h16 port=5001
[traffic] result h1 -> h16 tcp throughput_mbps= 947.0
[traffic] client udp h2->h15 port=6002
[traffic] result h2 -> h15 udp jitter_ms= 36.736 loss_pct= 0.37
[traffic] client udp h1->h16 port=6001
[traffic] result h1 -> h16 udp jitter_ms= 30.065 loss_pct= 0.47
[traffic] client tcp h2->h15 port=5002
[traffic] result h2 -> h15 tcp throughput_mbps= 943.0
[traffic] starting episode 69/100
[traffic] client tcp h1->h16 port=5001
[traffic] result h1 -> h16 tcp throughput_mbps= 947.0
[traffic] client udp h2->h15 port=6002
[traffic] result h2 -> h15 udp jitter_ms= 38.465 loss_pct= 0.6
[traffic] client tcp h2->h15 port=5002
[traffic] result h2 -> h15 tcp throughput_mbps= 945.0
[traffic] client udp h1->h16 port=6001
[traffic] result h1 -> h16 udp jitter_ms= 21.582 loss_pct= 0.16
[traffic] starting episode 70/100
[traffic] client tcp h2->h15 port=5002
[traffic] result h2 -> h15 tcp throughput_mbps= 947.0
[traffic] client udp h2->h15 port=6002
[traffic] result h2 -> h15 udp jitter_ms= 26.027 loss_pct= 0.31
[traffic] client tcp h1->h16 port=5001
[traffic] result h1 -> h16 tcp throughput_mbps= 943.0
[traffic] client udp h1->h16 port=6001
[traffic] result h1 -> h16 udp jitter_ms= 39.231 loss_pct= 0.5
[traffic] starting episode 71/100
[traffic] client tcp h1->h16 port=5001
[traffic] result h1 -> h16 tcp throughput_mbps= 948.0
[traffic] client tcp h2->h15 port=5002
[traffic] result h2 -> h15 tcp throughput_mbps= 947.0
[traffic] client udp h1->h16 port=6001
[traffic] result h1 -> h16 udp jitter_ms= 22.641 loss_pct= 0.36
[traffic] client udp h2->h15 port=6002
[traffic] result h2 -> h15 udp jitter_ms= 21.641 loss_pct= 0.2
[traffic] starting episode 72/100
[traffic] client udp h1->h16 port=6001
[traffic] result h1 -> h16 udp jitter_ms= 32.662 loss_pct= 0.31
[traffic] client udp h2->h15 port=6002
[traffic] result h2 -> h15 udp jitter_ms= 28.853 loss_pct= 0.31
[traffic] client tcp h1->h16 port=5001
[traffic] result h1 -> h16 tcp throughput_mbps= 947.0
[traffic] client tcp h2->h15 port=5002
[traffic] result h2 -> h15 tcp throughput_mbps= 948.0
[traffic] starting episode 73/100
[traffic] client udp h2->h15 port=6002
[traffic] result h2 -> h15 udp jitter_ms= 30.971 loss_pct= 0.7
[traffic] client udp h1->h16 port=6001
[traffic] result h1 -> h16 udp jitter_ms= 42.082 loss_pct= 0.28
[traffic] client tcp h1->h16 port=5001
[traffic] result h1 -> h16 tcp throughput_mbps= 948.0
[traffic] client tcp h2->h15 port=5002
[traffic] result h2 -> h15 tcp throughput_mbps= 947.0
[traffic] starting episode 74/100
[traffic] client udp h1->h16 port=6001
[traffic] result h1 -> h16 udp jitter_ms= 30.208 loss_pct= 0.52
[traffic] client tcp h2->h15 port=5002
[traffic] result h2 -> h15 tcp throughput_mbps= 947.0
[traffic] client tcp h1->h16 port=5001
[traffic] result h1 -> h16 tcp throughput_mbps= 947.0
[traffic] client udp h2->h15 port=6002
[traffic] result h2 -> h15 udp jitter_ms= 37.908 loss_pct= 0.23
[traffic] starting episode 75/100
[traffic] client udp h2->h15 port=6002
[traffic] result h2 -> h15 udp jitter_ms= 20.674 loss_pct= 0.27
[traffic] client tcp h2->h15 port=5002
[traffic] result h2 -> h15 tcp throughput_mbps= 947.0
[traffic] client udp h1->h16 port=6001
[traffic] result h1 -> h16 udp jitter_ms= 56.237 loss_pct= 0.72
[traffic] client tcp h1->h16 port=5001
[traffic] result h1 -> h16 tcp throughput_mbps= 947.0
[traffic] starting episode 76/100
[traffic] client udp h2->h15 port=6002
[traffic] result h2 -> h15 udp jitter_ms= 41.069 loss_pct= 0.91
[traffic] client tcp h1->h16 port=5001
[traffic] result h1 -> h16 tcp throughput_mbps= 947.0
[traffic] client tcp h2->h15 port=5002
[traffic] result h2 -> h15 tcp throughput_mbps= 944.0
[traffic] client udp h1->h16 port=6001
[traffic] result h1 -> h16 udp jitter_ms= 29.061 loss_pct= 0.31
[traffic] starting episode 77/100
[traffic] client tcp h2->h15 port=5002
[traffic] result h2 -> h15 tcp throughput_mbps= 948.0
[traffic] client udp h2->h15 port=6002
[traffic] result h2 -> h15 udp jitter_ms= 21.382 loss_pct= 0.2
[traffic] client udp h1->h16 port=6001
[traffic] result h1 -> h16 udp jitter_ms= 23.587 loss_pct= 2.3
[traffic] client tcp h1->h16 port=5001
[traffic] result h1 -> h16 tcp throughput_mbps= 948.0
[traffic] starting episode 78/100
[traffic] client tcp h2->h15 port=5002
[traffic] result h2 -> h15 tcp throughput_mbps= 948.0
[traffic] client udp h2->h15 port=6002
[traffic] result h2 -> h15 udp jitter_ms= 17.914 loss_pct= 0.23
[traffic] client udp h1->h16 port=6001
[traffic] result h1 -> h16 udp jitter_ms= 31.168 loss_pct= 0.31
[traffic] client tcp h1->h16 port=5001
[traffic] result h1 -> h16 tcp throughput_mbps= 947.0
[traffic] starting episode 79/100
[traffic] client tcp h2->h15 port=5002
[traffic] result h2 -> h15 tcp throughput_mbps= 947.0
[traffic] client tcp h1->h16 port=5001
[traffic] result h1 -> h16 tcp throughput_mbps= 947.0
[traffic] client udp h1->h16 port=6001
[traffic] result h1 -> h16 udp jitter_ms= 23.046 loss_pct= 0.54
[traffic] client udp h2->h15 port=6002
[traffic] result h2 -> h15 udp jitter_ms= 36.699 loss_pct= 0.47
[traffic] starting episode 80/100
[traffic] client udp h1->h16 port=6001
[traffic] result h1 -> h16 udp jitter_ms= 20.285 loss_pct= 0.28
[traffic] client tcp h2->h15 port=5002
[traffic] result h2 -> h15 tcp throughput_mbps= 947.0
[traffic] client tcp h1->h16 port=5001
[traffic] result h1 -> h16 tcp throughput_mbps= 948.0
[traffic] client udp h2->h15 port=6002
[traffic] result h2 -> h15 udp jitter_ms= 23.688 loss_pct= 0.14
[traffic] starting episode 81/100
[traffic] client udp h2->h15 port=6002
[traffic] result h2 -> h15 udp jitter_ms= 21.76 loss_pct= 0.4
[traffic] client tcp h1->h16 port=5001
[traffic] result h1 -> h16 tcp throughput_mbps= 947.0
[traffic] client udp h1->h16 port=6001
[traffic] result h1 -> h16 udp jitter_ms= 38.639 loss_pct= 0.53
[traffic] client tcp h2->h15 port=5002
[traffic] result h2 -> h15 tcp throughput_mbps= 947.0
[traffic] starting episode 82/100
[traffic] client udp h1->h16 port=6001
[traffic] result h1 -> h16 udp jitter_ms= 23.127 loss_pct= 0.11
[traffic] client tcp h1->h16 port=5001
[traffic] result h1 -> h16 tcp throughput_mbps= 948.0
[traffic] client tcp h2->h15 port=5002
[traffic] result h2 -> h15 tcp throughput_mbps= 948.0
[traffic] client udp h2->h15 port=6002
[traffic] result h2 -> h15 udp jitter_ms= 44.381 loss_pct= 0.3
[traffic] starting episode 83/100
[traffic] client udp h1->h16 port=6001
[traffic] result h1 -> h16 udp jitter_ms= 21.549 loss_pct= 0.34
[traffic] client udp h2->h15 port=6002
[traffic] result h2 -> h15 udp jitter_ms= 23.603 loss_pct= 0.36
[traffic] client tcp h1->h16 port=5001
[traffic] result h1 -> h16 tcp throughput_mbps= 946.0
[traffic] client tcp h2->h15 port=5002
[traffic] result h2 -> h15 tcp throughput_mbps= 947.0
[traffic] starting episode 84/100
[traffic] client tcp h1->h16 port=5001
[traffic] result h1 -> h16 tcp throughput_mbps= 948.0
[traffic] client udp h1->h16 port=6001
[traffic] result h1 -> h16 udp jitter_ms= 39.414 loss_pct= 0.073
[traffic] client udp h2->h15 port=6002
[traffic] result h2 -> h15 udp jitter_ms= 35.944 loss_pct= 0.49
[traffic] client tcp h2->h15 port=5002
[traffic] result h2 -> h15 tcp throughput_mbps= 944.0
[traffic] starting episode 85/100
[traffic] client tcp h1->h16 port=5001
[traffic] result h1 -> h16 tcp throughput_mbps= 947.0
[traffic] client udp h2->h15 port=6002
[traffic] result h2 -> h15 udp jitter_ms= 27.272 loss_pct= 0.2
[traffic] client udp h1->h16 port=6001
[traffic] result h1 -> h16 udp jitter_ms= 37.893 loss_pct= 0.63
[traffic] client tcp h2->h15 port=5002
[traffic] result h2 -> h15 tcp throughput_mbps= 946.0
[traffic] starting episode 86/100
[traffic] client tcp h2->h15 port=5002
[traffic] result h2 -> h15 tcp throughput_mbps= 947.0
[traffic] client udp h1->h16 port=6001
[traffic] result h1 -> h16 udp jitter_ms= 56.26 loss_pct= 0.57
[traffic] client tcp h1->h16 port=5001
[traffic] result h1 -> h16 tcp throughput_mbps= 946.0
[traffic] client udp h2->h15 port=6002
[traffic] result h2 -> h15 udp jitter_ms= 23.838 loss_pct= 0.33
[traffic] starting episode 87/100
[traffic] client udp h2->h15 port=6002
[traffic] result h2 -> h15 udp jitter_ms= 28.989 loss_pct= 0.9
[traffic] client udp h1->h16 port=6001
[traffic] result h1 -> h16 udp jitter_ms= 29.518 loss_pct= 0.21
[traffic] client tcp h2->h15 port=5002
[traffic] result h2 -> h15 tcp throughput_mbps= 946.0
[traffic] client tcp h1->h16 port=5001
[traffic] result h1 -> h16 tcp throughput_mbps= 948.0
[traffic] starting episode 88/100
[traffic] client tcp h2->h15 port=5002
[traffic] result h2 -> h15 tcp throughput_mbps= 948.0
[traffic] client udp h2->h15 port=6002
[traffic] result h2 -> h15 udp jitter_ms= 30.994 loss_pct= 0.23
[traffic] client tcp h1->h16 port=5001
[traffic] result h1 -> h16 tcp throughput_mbps= 947.0
[traffic] client udp h1->h16 port=6001
[traffic] result h1 -> h16 udp jitter_ms= 20.737 loss_pct= 0.39
[traffic] starting episode 89/100
[traffic] client tcp h1->h16 port=5001
[traffic] result h1 -> h16 tcp throughput_mbps= 947.0
[traffic] client udp h1->h16 port=6001
[traffic] result h1 -> h16 udp jitter_ms= 31.121 loss_pct= 0.33
[traffic] client udp h2->h15 port=6002
[traffic] result h2 -> h15 udp jitter_ms= 39.35 loss_pct= 0.4
[traffic] client tcp h2->h15 port=5002
[traffic] result h2 -> h15 tcp throughput_mbps= 948.0
[traffic] starting episode 90/100
[traffic] client tcp h1->h16 port=5001
[traffic] result h1 -> h16 tcp throughput_mbps= 947.0
[traffic] client udp h1->h16 port=6001
[traffic] result h1 -> h16 udp jitter_ms= 17.841 loss_pct= 0.33
[traffic] client udp h2->h15 port=6002
[traffic] result h2 -> h15 udp jitter_ms= 21.288 loss_pct= 0.43
[traffic] client tcp h2->h15 port=5002
[traffic] result h2 -> h15 tcp throughput_mbps= 947.0
[traffic] starting episode 91/100
[traffic] client udp h2->h15 port=6002
[traffic] result h2 -> h15 udp jitter_ms= 27.297 loss_pct= 0.46
[traffic] client udp h1->h16 port=6001
[traffic] result h1 -> h16 udp jitter_ms= 38.335 loss_pct= 0.4
[traffic] client tcp h2->h15 port=5002
[traffic] result h2 -> h15 tcp throughput_mbps= 947.0
[traffic] client tcp h1->h16 port=5001
[traffic] result h1 -> h16 tcp throughput_mbps= 948.0
[traffic] starting episode 92/100
[traffic] client tcp h1->h16 port=5001
[traffic] result h1 -> h16 tcp throughput_mbps= 947.0
[traffic] client tcp h2->h15 port=5002
[traffic] result h2 -> h15 tcp throughput_mbps= 947.0
[traffic] client udp h2->h15 port=6002
[traffic] result h2 -> h15 udp jitter_ms= 21.504 loss_pct= 0.13
[traffic] client udp h1->h16 port=6001
[traffic] result h1 -> h16 udp jitter_ms= 28.959 loss_pct= 0.012
[traffic] starting episode 93/100
[traffic] client tcp h2->h15 port=5002
[traffic] result h2 -> h15 tcp throughput_mbps= 947.0
[traffic] client tcp h1->h16 port=5001
[traffic] result h1 -> h16 tcp throughput_mbps= 948.0
[traffic] client udp h2->h15 port=6002
[traffic] result h2 -> h15 udp jitter_ms= 22.955 loss_pct= 0.44
[traffic] client udp h1->h16 port=6001
[traffic] result h1 -> h16 udp jitter_ms= 29.012 loss_pct= 0.35
[traffic] starting episode 94/100
[traffic] client tcp h1->h16 port=5001
[traffic] result h1 -> h16 tcp throughput_mbps= 947.0
[traffic] client tcp h2->h15 port=5002
[traffic] result h2 -> h15 tcp throughput_mbps= 948.0
[traffic] client udp h1->h16 port=6001
[traffic] result h1 -> h16 udp jitter_ms= 76.284 loss_pct= 0.14
[traffic] client udp h2->h15 port=6002
[traffic] result h2 -> h15 udp jitter_ms= 38.623 loss_pct= 0.33
[traffic] starting episode 95/100
[traffic] client tcp h2->h15 port=5002
[traffic] result h2 -> h15 tcp throughput_mbps= 944.0
[traffic] client udp h2->h15 port=6002
[traffic] result h2 -> h15 udp jitter_ms= 43.188 loss_pct= 1.7
[traffic] client udp h1->h16 port=6001
[traffic] result h1 -> h16 udp jitter_ms= 32.481 loss_pct= 0.22
[traffic] client tcp h1->h16 port=5001
[traffic] result h1 -> h16 tcp throughput_mbps= 861.0
[traffic] starting episode 96/100
[traffic] client udp h1->h16 port=6001
[traffic] result h1 -> h16 udp jitter_ms= 24.523 loss_pct= 0.26
[traffic] client tcp h1->h16 port=5001
[traffic] result h1 -> h16 tcp throughput_mbps= 947.0
[traffic] client tcp h2->h15 port=5002
[traffic] result h2 -> h15 tcp throughput_mbps= 948.0
[traffic] client udp h2->h15 port=6002
[traffic] result h2 -> h15 udp jitter_ms= 24.68 loss_pct= 0.44
[traffic] starting episode 97/100
[traffic] client udp h2->h15 port=6002
[traffic] result h2 -> h15 udp jitter_ms= 42.173 loss_pct= 1.9
[traffic] client tcp h2->h15 port=5002
[traffic] result h2 -> h15 tcp throughput_mbps= 944.0
[traffic] client tcp h1->h16 port=5001
[traffic] result h1 -> h16 tcp throughput_mbps= 947.0
[traffic] client udp h1->h16 port=6001
[traffic] result h1 -> h16 udp jitter_ms= 35.019 loss_pct= 0.28
[traffic] starting episode 98/100
[traffic] client udp h2->h15 port=6002
[traffic] result h2 -> h15 udp jitter_ms= 32.223 loss_pct= 0.38
[traffic] client udp h1->h16 port=6001
[traffic] result h1 -> h16 udp jitter_ms= 20.363 loss_pct= 0.19
[traffic] client tcp h1->h16 port=5001
[traffic] result h1 -> h16 tcp throughput_mbps= 947.0
[traffic] client tcp h2->h15 port=5002
[traffic] result h2 -> h15 tcp throughput_mbps= 948.0
[traffic] starting episode 99/100
[traffic] client tcp h2->h15 port=5002
[traffic] result h2 -> h15 tcp throughput_mbps= 943.0
[traffic] client udp h2->h15 port=6002
[traffic] result h2 -> h15 udp jitter_ms= 41.879 loss_pct= 1.2
[traffic] client udp h1->h16 port=6001
[traffic] result h1 -> h16 udp jitter_ms= 21.377 loss_pct= 0.29
[traffic] client tcp h1->h16 port=5001
[traffic] result h1 -> h16 tcp throughput_mbps= 948.0
[traffic] starting episode 100/100
[traffic] client udp h1->h16 port=6001
[traffic] result h1 -> h16 udp jitter_ms= 22.013 loss_pct= 0.067
[traffic] client tcp h2->h15 port=5002
[traffic] result h2 -> h15 tcp throughput_mbps= 947.0
[traffic] client tcp h1->h16 port=5001
[traffic] result h1 -> h16 tcp throughput_mbps= 948.0
[traffic] client udp h2->h15 port=6002
[traffic] result h2 -> h15 udp jitter_ms= 17.288 loss_pct= 0.12
[traffic] wrote /home/johndoe/Desktop/sdn-rl-routing/results/experiments/20260516-200435_abilene-imp-rlearner-100ep-weighted-linear-1000mbps-ping-qosclip/01_rlearner_abilene_imp/traffic.csv
[traffic] wrote completion marker /home/johndoe/Desktop/sdn-rl-routing/results/experiments/20260516-200435_abilene-imp-rlearner-100ep-weighted-linear-1000mbps-ping-qosclip/01_rlearner_abilene_imp/traffic.csv.done
mininet> *** Stopping network
*** Stopping 1 controllers
ctrl 
*** Stopping 48 links
................................................
*** Stopping 20 switches
c0 c1 c2 c3 a1 a2 a3 a4 a5 a6 a7 a8 e1 e2 e3 e4 e5 e6 e7 e8 
*** Stopping 16 hosts
h1 h2 h3 h4 h5 h6 h7 h8 h9 h10 h11 h12 h13 h14 h15 h16 
*** Done
