loading app /home/johndoe/Desktop/sdn-rl-routing/controllers/staged_controller.py
loading app ryu.controller.ofp_handler
instantiating app /home/johndoe/Desktop/sdn-rl-routing/controllers/staged_controller.py of StagedController
Loaded topology: abilene
Switches: ['s1', 's2', 's3', 's4', 's5', 's6', 's7']
Hosts: ['h1', 'h2', 'h3', 'h4', 'h5']
Staged config: explore_decisions=2 alpha=0.1 epsilon=0.1 path_cutoff=6 learned_flow_idle_timeout=1 reward_mode=weighted
Weighted QoS feedback listener started on 127.0.0.1:9999 profile=balanced
instantiating app ryu.controller.ofp_handler of OFPHandler
Switch connected: dpid=1
Switch connected: dpid=2
Switch connected: dpid=3
Switch connected: dpid=4
Switch connected: dpid=5
Switch connected: dpid=6
Switch connected: dpid=7
Phase=explore decision=0/2 handling h2 -> h4
Exploitation selected path (best_q=0.000 candidates=44): s2 -> s5 -> s4 -> s7 -> s6
R-Learner selected path h2 -> h4: s2 -> s5 -> s4 -> s7 -> s6
Reward for h2 -> h4: 10.0 (install=True forward=True)
Phase=explore decision=1/2 handling h4 -> h2
Exploration selected path: s6 -> s7 -> s4 -> s1 -> s3 -> s2
R-Learner selected path h4 -> h2: s6 -> s7 -> s4 -> s1 -> s3 -> s2
Reward for h4 -> h2: 10.0 (install=True forward=True)
Phase=explore decision=2/2 handling h1 -> h5
Exploitation selected path (best_q=0.000 candidates=64): s1 -> s3 -> s6 -> s5 -> s7
R-Learner selected path h1 -> h5: s1 -> s3 -> s6 -> s5 -> s7
Reward for h1 -> h5: 10.0 (install=True forward=True)
Phase=explore decision=3/2 handling h1 -> h5
Exploitation selected path (best_q=0.000 candidates=64): s1 -> s4 -> s7
R-Learner selected path h1 -> h5: s1 -> s4 -> s7
Reward for h1 -> h5: 10.0 (install=True forward=True)
Phase=explore decision=4/2 handling h1 -> h5
Exploitation selected path (best_q=0.000 candidates=64): s1 -> s4 -> s2 -> s5 -> s6 -> s7
R-Learner selected path h1 -> h5: s1 -> s4 -> s2 -> s5 -> s6 -> s7
Reward for h1 -> h5: 10.0 (install=True forward=True)
Phase=explore decision=5/2 handling h1 -> h5
Exploitation selected path (best_q=0.000 candidates=64): s1 -> s2 -> s4 -> s7
R-Learner selected path h1 -> h5: s1 -> s2 -> s4 -> s7
Reward for h1 -> h5: 10.0 (install=True forward=True)
Phase=explore decision=6/2 handling h1 -> h5
Exploitation selected path (best_q=0.000 candidates=64): s1 -> s3 -> s6 -> s5 -> s4 -> s7
R-Learner selected path h1 -> h5: s1 -> s3 -> s6 -> s5 -> s4 -> s7
Reward for h1 -> h5: 10.0 (install=True forward=True)
Phase=explore decision=7/2 handling h1 -> h5
Exploitation selected path (best_q=0.000 candidates=64): s1 -> s4 -> s6 -> s3 -> s5 -> s7
R-Learner selected path h1 -> h5: s1 -> s4 -> s6 -> s3 -> s5 -> s7
Reward for h1 -> h5: 10.0 (install=True forward=True)
Phase=explore decision=8/2 handling h1 -> h5
Exploitation selected path (best_q=0.000 candidates=64): s1 -> s4 -> s7
R-Learner selected path h1 -> h5: s1 -> s4 -> s7
Reward for h1 -> h5: 10.0 (install=True forward=True)
Phase=explore decision=9/2 handling h1 -> h5
Exploitation selected path (best_q=0.000 candidates=64): s1 -> s3 -> s2 -> s5 -> s7
R-Learner selected path h1 -> h5: s1 -> s3 -> s2 -> s5 -> s7
Reward for h1 -> h5: 10.0 (install=True forward=True)
Phase=explore decision=10/2 handling h1 -> h5
Exploitation selected path (best_q=0.000 candidates=64): s1 -> s3 -> s2 -> s5 -> s4 -> s7
R-Learner selected path h1 -> h5: s1 -> s3 -> s2 -> s5 -> s4 -> s7
Reward for h1 -> h5: 10.0 (install=True forward=True)
Phase=explore decision=11/2 handling h1 -> h5
Exploitation selected path (best_q=0.000 candidates=64): s1 -> s3 -> s6 -> s7
R-Learner selected path h1 -> h5: s1 -> s3 -> s6 -> s7
Reward for h1 -> h5: 10.0 (install=True forward=True)
Phase=explore decision=12/2 handling h1 -> h5
Exploitation selected path (best_q=0.000 candidates=64): s1 -> s4 -> s5 -> s6 -> s7
R-Learner selected path h1 -> h5: s1 -> s4 -> s5 -> s6 -> s7
Reward for h1 -> h5: 10.0 (install=True forward=True)
Phase=explore decision=13/2 handling h1 -> h5
Exploitation selected path (best_q=0.000 candidates=64): s1 -> s3 -> s5 -> s7
R-Learner selected path h1 -> h5: s1 -> s3 -> s5 -> s7
Reward for h1 -> h5: 10.0 (install=True forward=True)
Phase=explore decision=14/2 handling h1 -> h5
Exploitation selected path (best_q=0.000 candidates=64): s1 -> s2 -> s4 -> s6 -> s3 -> s5 -> s7
R-Learner selected path h1 -> h5: s1 -> s2 -> s4 -> s6 -> s3 -> s5 -> s7
Reward for h1 -> h5: 10.0 (install=True forward=True)
Phase=explore decision=15/2 handling h1 -> h5
Exploitation selected path (best_q=0.000 candidates=64): s1 -> s4 -> s5 -> s2 -> s3 -> s6 -> s7
R-Learner selected path h1 -> h5: s1 -> s4 -> s5 -> s2 -> s3 -> s6 -> s7
Reward for h1 -> h5: 10.0 (install=True forward=True)
Phase=explore decision=16/2 handling h1 -> h5
Exploration selected path: s1 -> s3 -> s2 -> s5 -> s4 -> s7
R-Learner selected path h1 -> h5: s1 -> s3 -> s2 -> s5 -> s4 -> s7
Reward for h1 -> h5: 10.0 (install=True forward=True)
Phase=explore decision=17/2 handling h1 -> h5
Exploitation selected path (best_q=0.000 candidates=64): s1 -> s4 -> s5 -> s6 -> s7
R-Learner selected path h1 -> h5: s1 -> s4 -> s5 -> s6 -> s7
Reward for h1 -> h5: 10.0 (install=True forward=True)
Phase=explore decision=18/2 handling h1 -> h5
Exploitation selected path (best_q=0.000 candidates=64): s1 -> s4 -> s2 -> s3 -> s6 -> s7
R-Learner selected path h1 -> h5: s1 -> s4 -> s2 -> s3 -> s6 -> s7
Reward for h1 -> h5: 10.0 (install=True forward=True)
Phase=explore decision=19/2 handling h1 -> h5
Exploitation selected path (best_q=0.000 candidates=64): s1 -> s2 -> s4 -> s5 -> s7
R-Learner selected path h1 -> h5: s1 -> s2 -> s4 -> s5 -> s7
Reward for h1 -> h5: 10.0 (install=True forward=True)
Phase=explore decision=20/2 handling h1 -> h5
Exploitation selected path (best_q=0.000 candidates=64): s1 -> s3 -> s5 -> s4 -> s7
R-Learner selected path h1 -> h5: s1 -> s3 -> s5 -> s4 -> s7
Reward for h1 -> h5: 10.0 (install=True forward=True)
Phase=explore decision=21/2 handling h1 -> h5
Exploitation selected path (best_q=0.000 candidates=64): s1 -> s4 -> s2 -> s5 -> s6 -> s7
R-Learner selected path h1 -> h5: s1 -> s4 -> s2 -> s5 -> s6 -> s7
Reward for h1 -> h5: 10.0 (install=True forward=True)
Phase=explore decision=22/2 handling h1 -> h5
Exploitation selected path (best_q=0.000 candidates=64): s1 -> s3 -> s5 -> s7
R-Learner selected path h1 -> h5: s1 -> s3 -> s5 -> s7
Reward for h1 -> h5: 10.0 (install=True forward=True)
Phase=explore decision=23/2 handling h1 -> h5
Exploitation selected path (best_q=0.000 candidates=64): s1 -> s2 -> s4 -> s5 -> s3 -> s6 -> s7
R-Learner selected path h1 -> h5: s1 -> s2 -> s4 -> s5 -> s3 -> s6 -> s7
Reward for h1 -> h5: 10.0 (install=True forward=True)
Phase=explore decision=24/2 handling h1 -> h5
Exploitation selected path (best_q=0.000 candidates=64): s1 -> s4 -> s5 -> s3 -> s6 -> s7
R-Learner selected path h1 -> h5: s1 -> s4 -> s5 -> s3 -> s6 -> s7
Reward for h1 -> h5: 10.0 (install=True forward=True)
Phase=explore decision=25/2 handling h1 -> h5
Exploitation selected path (best_q=0.000 candidates=64): s1 -> s2 -> s3 -> s5 -> s7
R-Learner selected path h1 -> h5: s1 -> s2 -> s3 -> s5 -> s7
Reward for h1 -> h5: 10.0 (install=True forward=True)
Phase=explore decision=26/2 handling h1 -> h5
Exploitation selected path (best_q=0.000 candidates=64): s1 -> s3 -> s6 -> s7
R-Learner selected path h1 -> h5: s1 -> s3 -> s6 -> s7
Reward for h1 -> h5: 10.0 (install=True forward=True)
Phase=explore decision=27/2 handling h1 -> h5
Exploitation selected path (best_q=0.000 candidates=64): s1 -> s2 -> s3 -> s6 -> s5 -> s4 -> s7
R-Learner selected path h1 -> h5: s1 -> s2 -> s3 -> s6 -> s5 -> s4 -> s7
Reward for h1 -> h5: 10.0 (install=True forward=True)
Phase=explore decision=28/2 handling h1 -> h5
Exploitation selected path (best_q=0.000 candidates=64): s1 -> s2 -> s4 -> s6 -> s5 -> s7
R-Learner selected path h1 -> h5: s1 -> s2 -> s4 -> s6 -> s5 -> s7
Reward for h1 -> h5: 10.0 (install=True forward=True)
Phase=explore decision=29/2 handling h1 -> h5
Exploitation selected path (best_q=0.000 candidates=64): s1 -> s3 -> s2 -> s5 -> s4 -> s7
R-Learner selected path h1 -> h5: s1 -> s3 -> s2 -> s5 -> s4 -> s7
Reward for h1 -> h5: 10.0 (install=True forward=True)
Phase=explore decision=30/2 handling h1 -> h5
Exploration selected path: s1 -> s4 -> s6 -> s7
R-Learner selected path h1 -> h5: s1 -> s4 -> s6 -> s7
Reward for h1 -> h5: 10.0 (install=True forward=True)
Phase=explore decision=31/2 handling h1 -> h5
Exploitation selected path (best_q=0.000 candidates=64): s1 -> s4 -> s6 -> s5 -> s7
R-Learner selected path h1 -> h5: s1 -> s4 -> s6 -> s5 -> s7
Reward for h1 -> h5: 10.0 (install=True forward=True)
Phase=explore decision=32/2 handling h1 -> h5
Exploitation selected path (best_q=0.000 candidates=64): s1 -> s2 -> s3 -> s5 -> s6 -> s7
R-Learner selected path h1 -> h5: s1 -> s2 -> s3 -> s5 -> s6 -> s7
Reward for h1 -> h5: 10.0 (install=True forward=True)
Phase=explore decision=33/2 handling h1 -> h5
Exploration selected path: s1 -> s2 -> s3 -> s6 -> s5 -> s4 -> s7
R-Learner selected path h1 -> h5: s1 -> s2 -> s3 -> s6 -> s5 -> s4 -> s7
Reward for h1 -> h5: 10.0 (install=True forward=True)
Phase=explore decision=34/2 handling h1 -> h5
Exploitation selected path (best_q=0.000 candidates=64): s1 -> s3 -> s6 -> s7
R-Learner selected path h1 -> h5: s1 -> s3 -> s6 -> s7
Reward for h1 -> h5: 10.0 (install=True forward=True)
Phase=explore decision=35/2 handling h1 -> h5
Exploitation selected path (best_q=0.000 candidates=64): s1 -> s3 -> s6 -> s5 -> s2 -> s4 -> s7
R-Learner selected path h1 -> h5: s1 -> s3 -> s6 -> s5 -> s2 -> s4 -> s7
Reward for h1 -> h5: 10.0 (install=True forward=True)
Phase=explore decision=36/2 handling h1 -> h5
Exploitation selected path (best_q=0.000 candidates=64): s1 -> s2 -> s3 -> s6 -> s4 -> s5 -> s7
R-Learner selected path h1 -> h5: s1 -> s2 -> s3 -> s6 -> s4 -> s5 -> s7
Reward for h1 -> h5: 10.0 (install=True forward=True)
Phase=explore decision=37/2 handling h1 -> h5
Exploitation selected path (best_q=0.000 candidates=64): s1 -> s2 -> s5 -> s7
R-Learner selected path h1 -> h5: s1 -> s2 -> s5 -> s7
Reward for h1 -> h5: 10.0 (install=True forward=True)
Phase=explore decision=38/2 handling h1 -> h5
Exploitation selected path (best_q=0.000 candidates=64): s1 -> s2 -> s3 -> s6 -> s4 -> s7
R-Learner selected path h1 -> h5: s1 -> s2 -> s3 -> s6 -> s4 -> s7
Reward for h1 -> h5: 10.0 (install=True forward=True)
Phase=explore decision=39/2 handling h1 -> h5
Exploitation selected path (best_q=0.000 candidates=64): s1 -> s2 -> s3 -> s6 -> s5 -> s7
R-Learner selected path h1 -> h5: s1 -> s2 -> s3 -> s6 -> s5 -> s7
Reward for h1 -> h5: 10.0 (install=True forward=True)
Phase=explore decision=40/2 handling h1 -> h5
Exploitation selected path (best_q=0.000 candidates=64): s1 -> s3 -> s6 -> s5 -> s7
R-Learner selected path h1 -> h5: s1 -> s3 -> s6 -> s5 -> s7
Reward for h1 -> h5: 10.0 (install=True forward=True)
Phase=explore decision=41/2 handling h1 -> h5
Exploitation selected path (best_q=0.000 candidates=64): s1 -> s3 -> s5 -> s6 -> s7
R-Learner selected path h1 -> h5: s1 -> s3 -> s5 -> s6 -> s7
Reward for h1 -> h5: 10.0 (install=True forward=True)
Phase=explore decision=42/2 handling h1 -> h5
Exploitation selected path (best_q=0.000 candidates=64): s1 -> s2 -> s3 -> s5 -> s4 -> s7
R-Learner selected path h1 -> h5: s1 -> s2 -> s3 -> s5 -> s4 -> s7
Reward for h1 -> h5: 10.0 (install=True forward=True)
Phase=explore decision=43/2 handling h1 -> h5
Exploitation selected path (best_q=0.000 candidates=64): s1 -> s3 -> s5 -> s2 -> s4 -> s6 -> s7
R-Learner selected path h1 -> h5: s1 -> s3 -> s5 -> s2 -> s4 -> s6 -> s7
Reward for h1 -> h5: 10.0 (install=True forward=True)
Phase=explore decision=44/2 handling h1 -> h5
Exploitation selected path (best_q=0.000 candidates=64): s1 -> s3 -> s6 -> s4 -> s5 -> s7
R-Learner selected path h1 -> h5: s1 -> s3 -> s6 -> s4 -> s5 -> s7
Reward for h1 -> h5: 10.0 (install=True forward=True)
Phase=explore decision=45/2 handling h1 -> h5
Exploitation selected path (best_q=0.000 candidates=64): s1 -> s3 -> s6 -> s4 -> s2 -> s5 -> s7
R-Learner selected path h1 -> h5: s1 -> s3 -> s6 -> s4 -> s2 -> s5 -> s7
Reward for h1 -> h5: 10.0 (install=True forward=True)
Phase=explore decision=46/2 handling h1 -> h5
Exploitation selected path (best_q=0.000 candidates=64): s1 -> s2 -> s3 -> s6 -> s4 -> s7
R-Learner selected path h1 -> h5: s1 -> s2 -> s3 -> s6 -> s4 -> s7
Reward for h1 -> h5: 10.0 (install=True forward=True)
Phase=explore decision=47/2 handling h1 -> h5
Exploitation selected path (best_q=0.000 candidates=64): s1 -> s2 -> s4 -> s6 -> s3 -> s5 -> s7
R-Learner selected path h1 -> h5: s1 -> s2 -> s4 -> s6 -> s3 -> s5 -> s7
Reward for h1 -> h5: 10.0 (install=True forward=True)
Phase=explore decision=48/2 handling h1 -> h5
Exploitation selected path (best_q=0.000 candidates=64): s1 -> s3 -> s6 -> s5 -> s4 -> s7
R-Learner selected path h1 -> h5: s1 -> s3 -> s6 -> s5 -> s4 -> s7
Reward for h1 -> h5: 10.0 (install=True forward=True)
Phase=explore decision=49/2 handling h1 -> h5
Exploitation selected path (best_q=0.000 candidates=64): s1 -> s3 -> s6 -> s7
R-Learner selected path h1 -> h5: s1 -> s3 -> s6 -> s7
Reward for h1 -> h5: 10.0 (install=True forward=True)
Phase=explore decision=50/2 handling h1 -> h5
Exploitation selected path (best_q=0.000 candidates=64): s1 -> s3 -> s2 -> s5 -> s4 -> s7
R-Learner selected path h1 -> h5: s1 -> s3 -> s2 -> s5 -> s4 -> s7
Reward for h1 -> h5: 10.0 (install=True forward=True)
Phase=explore decision=51/2 handling h1 -> h5
Exploitation selected path (best_q=0.000 candidates=64): s1 -> s3 -> s6 -> s4 -> s2 -> s5 -> s7
R-Learner selected path h1 -> h5: s1 -> s3 -> s6 -> s4 -> s2 -> s5 -> s7
Reward for h1 -> h5: 10.0 (install=True forward=True)
Phase=explore decision=52/2 handling h1 -> h5
Exploitation selected path (best_q=0.000 candidates=64): s1 -> s2 -> s3 -> s6 -> s7
R-Learner selected path h1 -> h5: s1 -> s2 -> s3 -> s6 -> s7
Reward for h1 -> h5: 10.0 (install=True forward=True)
Phase=explore decision=53/2 handling h1 -> h5
Exploitation selected path (best_q=0.000 candidates=64): s1 -> s2 -> s4 -> s6 -> s5 -> s7
R-Learner selected path h1 -> h5: s1 -> s2 -> s4 -> s6 -> s5 -> s7
Reward for h1 -> h5: 10.0 (install=True forward=True)
Phase=explore decision=54/2 handling h1 -> h5
Exploitation selected path (best_q=0.000 candidates=64): s1 -> s4 -> s2 -> s5 -> s6 -> s7
R-Learner selected path h1 -> h5: s1 -> s4 -> s2 -> s5 -> s6 -> s7
Reward for h1 -> h5: 10.0 (install=True forward=True)
Phase=explore decision=55/2 handling h1 -> h5
Exploitation selected path (best_q=0.000 candidates=64): s1 -> s3 -> s2 -> s5 -> s4 -> s6 -> s7
R-Learner selected path h1 -> h5: s1 -> s3 -> s2 -> s5 -> s4 -> s6 -> s7
Reward for h1 -> h5: 10.0 (install=True forward=True)
Phase=explore decision=56/2 handling h1 -> h5
Exploitation selected path (best_q=0.000 candidates=64): s1 -> s2 -> s3 -> s6 -> s4 -> s5 -> s7
R-Learner selected path h1 -> h5: s1 -> s2 -> s3 -> s6 -> s4 -> s5 -> s7
Reward for h1 -> h5: 10.0 (install=True forward=True)
Phase=explore decision=57/2 handling h1 -> h5
Exploitation selected path (best_q=0.000 candidates=64): s1 -> s2 -> s3 -> s6 -> s4 -> s5 -> s7
R-Learner selected path h1 -> h5: s1 -> s2 -> s3 -> s6 -> s4 -> s5 -> s7
Reward for h1 -> h5: 10.0 (install=True forward=True)
Phase=explore decision=58/2 handling h1 -> h5
Exploitation selected path (best_q=0.000 candidates=64): s1 -> s2 -> s3 -> s5 -> s4 -> s7
R-Learner selected path h1 -> h5: s1 -> s2 -> s3 -> s5 -> s4 -> s7
Reward for h1 -> h5: 10.0 (install=True forward=True)
Phase=explore decision=59/2 handling h1 -> h5
Exploitation selected path (best_q=0.000 candidates=64): s1 -> s2 -> s4 -> s6 -> s7
R-Learner selected path h1 -> h5: s1 -> s2 -> s4 -> s6 -> s7
Reward for h1 -> h5: 10.0 (install=True forward=True)
Phase=explore decision=60/2 handling h1 -> h5
Exploitation selected path (best_q=0.000 candidates=64): s1 -> s2 -> s4 -> s6 -> s3 -> s5 -> s7
R-Learner selected path h1 -> h5: s1 -> s2 -> s4 -> s6 -> s3 -> s5 -> s7
Reward for h1 -> h5: 10.0 (install=True forward=True)
Phase=explore decision=61/2 handling h1 -> h5
Exploitation selected path (best_q=0.000 candidates=64): s1 -> s2 -> s3 -> s5 -> s7
R-Learner selected path h1 -> h5: s1 -> s2 -> s3 -> s5 -> s7
Reward for h1 -> h5: 10.0 (install=True forward=True)
Phase=explore decision=62/2 handling h1 -> h5
Exploitation selected path (best_q=0.000 candidates=64): s1 -> s4 -> s6 -> s3 -> s5 -> s7
R-Learner selected path h1 -> h5: s1 -> s4 -> s6 -> s3 -> s5 -> s7
Reward for h1 -> h5: 10.0 (install=True forward=True)
Phase=explore decision=63/2 handling h1 -> h5
Exploitation selected path (best_q=0.000 candidates=64): s1 -> s4 -> s6 -> s5 -> s7
R-Learner selected path h1 -> h5: s1 -> s4 -> s6 -> s5 -> s7
Reward for h1 -> h5: 10.0 (install=True forward=True)
Phase=explore decision=64/2 handling h1 -> h5
Exploitation selected path (best_q=0.000 candidates=64): s1 -> s3 -> s2 -> s4 -> s7
R-Learner selected path h1 -> h5: s1 -> s3 -> s2 -> s4 -> s7
Reward for h1 -> h5: 10.0 (install=True forward=True)
Phase=explore decision=65/2 handling h1 -> h5
Exploration selected path: s1 -> s4 -> s5 -> s6 -> s7
R-Learner selected path h1 -> h5: s1 -> s4 -> s5 -> s6 -> s7
Reward for h1 -> h5: 10.0 (install=True forward=True)
Phase=explore decision=66/2 handling h1 -> h5
Exploration selected path: s1 -> s2 -> s4 -> s5 -> s7
R-Learner selected path h1 -> h5: s1 -> s2 -> s4 -> s5 -> s7
Reward for h1 -> h5: 10.0 (install=True forward=True)
Phase=explore decision=67/2 handling h1 -> h5
Exploitation selected path (best_q=0.000 candidates=64): s1 -> s4 -> s2 -> s5 -> s3 -> s6 -> s7
R-Learner selected path h1 -> h5: s1 -> s4 -> s2 -> s5 -> s3 -> s6 -> s7
Reward for h1 -> h5: 10.0 (install=True forward=True)
Phase=explore decision=68/2 handling h1 -> h5
Exploitation selected path (best_q=0.000 candidates=64): s1 -> s3 -> s5 -> s6 -> s4 -> s7
R-Learner selected path h1 -> h5: s1 -> s3 -> s5 -> s6 -> s4 -> s7
Reward for h1 -> h5: 10.0 (install=True forward=True)
Phase=explore decision=69/2 handling h1 -> h5
Exploitation selected path (best_q=0.000 candidates=64): s1 -> s2 -> s5 -> s7
R-Learner selected path h1 -> h5: s1 -> s2 -> s5 -> s7
Reward for h1 -> h5: 10.0 (install=True forward=True)
Phase=explore decision=70/2 handling h1 -> h5
Exploitation selected path (best_q=0.000 candidates=64): s1 -> s2 -> s4 -> s5 -> s3 -> s6 -> s7
R-Learner selected path h1 -> h5: s1 -> s2 -> s4 -> s5 -> s3 -> s6 -> s7
Reward for h1 -> h5: 10.0 (install=True forward=True)
Phase=explore decision=71/2 handling h1 -> h5
Exploration selected path: s1 -> s4 -> s5 -> s3 -> s6 -> s7
R-Learner selected path h1 -> h5: s1 -> s4 -> s5 -> s3 -> s6 -> s7
Reward for h1 -> h5: 10.0 (install=True forward=True)
Phase=explore decision=72/2 handling h1 -> h5
Exploitation selected path (best_q=0.000 candidates=64): s1 -> s2 -> s3 -> s5 -> s4 -> s7
R-Learner selected path h1 -> h5: s1 -> s2 -> s3 -> s5 -> s4 -> s7
Reward for h1 -> h5: 10.0 (install=True forward=True)
Phase=explore decision=73/2 handling h1 -> h5
Exploitation selected path (best_q=0.000 candidates=64): s1 -> s4 -> s7
R-Learner selected path h1 -> h5: s1 -> s4 -> s7
Reward for h1 -> h5: 10.0 (install=True forward=True)
Phase=explore decision=74/2 handling h1 -> h5
Exploitation selected path (best_q=0.000 candidates=64): s1 -> s2 -> s5 -> s4 -> s7
R-Learner selected path h1 -> h5: s1 -> s2 -> s5 -> s4 -> s7
Reward for h1 -> h5: 10.0 (install=True forward=True)
Phase=explore decision=75/2 handling h1 -> h5
Exploitation selected path (best_q=0.000 candidates=64): s1 -> s4 -> s5 -> s6 -> s7
R-Learner selected path h1 -> h5: s1 -> s4 -> s5 -> s6 -> s7
Reward for h1 -> h5: 10.0 (install=True forward=True)
Phase=explore decision=76/2 handling h5 -> h1
Exploitation selected path (best_q=0.000 candidates=64): s7 -> s6 -> s5 -> s2 -> s1
R-Learner selected path h5 -> h1: s7 -> s6 -> s5 -> s2 -> s1
Reward for h5 -> h1: 10.0 (install=True forward=True)
Q-update state=('s2', 's6') action_len=5 reward=-0.09999999999999998 old_q=0.000 new_q=-0.010
Live weighted QoS reward for h2 -> h4: -0.100 metrics={'throughput_gbps': 0.00894, 'jitter_ms': 0.115, 'plr_pct': 0.95, 'rtt_ms': 0.0} update=q
Q-update state=('s1', 's7') action_len=5 reward=-0.3 old_q=0.000 new_q=-0.030
Live weighted QoS reward for h1 -> h5: -0.300 metrics={'jitter_ms': 0.128, 'plr_pct': 0.42, 'throughput_gbps': 0.0048200000000000005, 'rtt_ms': 0.0} update=q
Initialized optimizer from Q-table: seeded_states=16 bias=0.70
Switching to R-Optimizer phase after decisions=77 weighted_rewards=2
Phase=optimize decision=77/2 handling h1 -> h5
R-Optimizer selected path h1 -> h5: s1 -> s2 -> s3 -> s5 -> s4 -> s6 -> s7
Reward for h1 -> h5: 10.0 (install=True forward=True)
Phase=optimize decision=77/2 handling h1 -> h5
R-Optimizer selected path h1 -> h5: s1 -> s2 -> s4 -> s7
Reward for h1 -> h5: 10.0 (install=True forward=True)
Phase=optimize decision=77/2 handling h1 -> h5
R-Optimizer selected path h1 -> h5: s1 -> s4 -> s6 -> s3 -> s2 -> s5 -> s7
Reward for h1 -> h5: 10.0 (install=True forward=True)
Phase=optimize decision=77/2 handling h1 -> h5
R-Optimizer selected path h1 -> h5: s1 -> s2 -> s3 -> s5 -> s6 -> s7
Reward for h1 -> h5: 10.0 (install=True forward=True)
Phase=optimize decision=77/2 handling h1 -> h5
R-Optimizer selected path h1 -> h5: s1 -> s4 -> s7
Reward for h1 -> h5: 10.0 (install=True forward=True)
Phase=optimize decision=77/2 handling h1 -> h5
R-Optimizer selected path h1 -> h5: s1 -> s2 -> s3 -> s5 -> s7
Reward for h1 -> h5: 10.0 (install=True forward=True)
Phase=optimize decision=77/2 handling h1 -> h5
R-Optimizer selected path h1 -> h5: s1 -> s2 -> s5 -> s3 -> s6 -> s4 -> s7
Reward for h1 -> h5: 10.0 (install=True forward=True)
Phase=optimize decision=77/2 handling h1 -> h5
R-Optimizer selected path h1 -> h5: s1 -> s2 -> s5 -> s3 -> s6 -> s7
Reward for h1 -> h5: 10.0 (install=True forward=True)
Phase=optimize decision=77/2 handling h1 -> h5
R-Optimizer selected path h1 -> h5: s1 -> s2 -> s3 -> s6 -> s5 -> s7
Reward for h1 -> h5: 10.0 (install=True forward=True)
Phase=optimize decision=77/2 handling h1 -> h5
R-Optimizer selected path h1 -> h5: s1 -> s2 -> s5 -> s3 -> s6 -> s7
Reward for h1 -> h5: 10.0 (install=True forward=True)
Phase=optimize decision=77/2 handling h1 -> h5
R-Optimizer selected path h1 -> h5: s1 -> s2 -> s5 -> s7
Reward for h1 -> h5: 10.0 (install=True forward=True)
Phase=optimize decision=77/2 handling h1 -> h5
R-Optimizer selected path h1 -> h5: s1 -> s4 -> s5 -> s7
Reward for h1 -> h5: 10.0 (install=True forward=True)
Phase=optimize decision=77/2 handling h1 -> h5
R-Optimizer selected path h1 -> h5: s1 -> s2 -> s3 -> s5 -> s7
Reward for h1 -> h5: 10.0 (install=True forward=True)
Phase=optimize decision=77/2 handling h1 -> h5
R-Optimizer selected path h1 -> h5: s1 -> s3 -> s5 -> s4 -> s7
Reward for h1 -> h5: 10.0 (install=True forward=True)
Phase=optimize decision=77/2 handling h1 -> h5
R-Optimizer selected path h1 -> h5: s1 -> s3 -> s5 -> s7
Reward for h1 -> h5: 10.0 (install=True forward=True)
Phase=optimize decision=77/2 handling h1 -> h5
R-Optimizer selected path h1 -> h5: s1 -> s2 -> s5 -> s6 -> s7
Reward for h1 -> h5: 10.0 (install=True forward=True)
Phase=optimize decision=77/2 handling h1 -> h5
R-Optimizer selected path h1 -> h5: s1 -> s4 -> s6 -> s3 -> s2 -> s5 -> s7
Reward for h1 -> h5: 10.0 (install=True forward=True)
Phase=optimize decision=77/2 handling h1 -> h5
R-Optimizer selected path h1 -> h5: s1 -> s4 -> s7
Reward for h1 -> h5: 10.0 (install=True forward=True)
Phase=optimize decision=77/2 handling h1 -> h5
R-Optimizer selected path h1 -> h5: s1 -> s2 -> s4 -> s7
Reward for h1 -> h5: 10.0 (install=True forward=True)
Phase=optimize decision=77/2 handling h1 -> h5
R-Optimizer selected path h1 -> h5: s1 -> s3 -> s6 -> s5 -> s7
Reward for h1 -> h5: 10.0 (install=True forward=True)
Phase=optimize decision=77/2 handling h1 -> h5
R-Optimizer selected path h1 -> h5: s1 -> s2 -> s3 -> s6 -> s5 -> s7
Reward for h1 -> h5: 10.0 (install=True forward=True)
Phase=optimize decision=77/2 handling h1 -> h5
R-Optimizer selected path h1 -> h5: s1 -> s2 -> s5 -> s6 -> s7
Reward for h1 -> h5: 10.0 (install=True forward=True)
Phase=optimize decision=77/2 handling h1 -> h5
No next-hop actions from s3 toward s7 (visited=['s1', 's4', 's2', 's5', 's6', 's3'])
No available path for h1 -> h5
Baseline=0.000 reward_history=1 updates=5
Policy update state=('s1', 's7', 's1') action=s4 reward=-10.0 baseline=0.000
Policy update state=('s1', 's7', 's4') action=s2 reward=-10.0 baseline=0.000
Policy update state=('s1', 's7', 's2') action=s5 reward=-10.0 baseline=0.000
Policy update state=('s1', 's7', 's5') action=s6 reward=-10.0 baseline=0.000
Policy update state=('s1', 's7', 's6') action=s3 reward=-10.0 baseline=0.000
Phase=optimize decision=77/2 handling h1 -> h5
R-Optimizer selected path h1 -> h5: s1 -> s2 -> s4 -> s6 -> s3 -> s5 -> s7
Reward for h1 -> h5: 10.0 (install=True forward=True)
Phase=optimize decision=77/2 handling h1 -> h5
R-Optimizer selected path h1 -> h5: s1 -> s3 -> s2 -> s5 -> s4 -> s7
Reward for h1 -> h5: 10.0 (install=True forward=True)
Phase=optimize decision=77/2 handling h1 -> h5
R-Optimizer selected path h1 -> h5: s1 -> s2 -> s4 -> s5 -> s7
Reward for h1 -> h5: 10.0 (install=True forward=True)
Phase=optimize decision=77/2 handling h1 -> h5
R-Optimizer selected path h1 -> h5: s1 -> s2 -> s4 -> s7
Reward for h1 -> h5: 10.0 (install=True forward=True)
Phase=optimize decision=77/2 handling h1 -> h5
R-Optimizer selected path h1 -> h5: s1 -> s3 -> s5 -> s2 -> s4 -> s6 -> s7
Reward for h1 -> h5: 10.0 (install=True forward=True)
Phase=optimize decision=77/2 handling h1 -> h5
R-Optimizer selected path h1 -> h5: s1 -> s2 -> s5 -> s3 -> s6 -> s7
Reward for h1 -> h5: 10.0 (install=True forward=True)
Phase=optimize decision=77/2 handling h1 -> h5
R-Optimizer selected path h1 -> h5: s1 -> s2 -> s3 -> s6 -> s7
Reward for h1 -> h5: 10.0 (install=True forward=True)
Phase=optimize decision=77/2 handling h1 -> h5
R-Optimizer selected path h1 -> h5: s1 -> s2 -> s3 -> s6 -> s7
Reward for h1 -> h5: 10.0 (install=True forward=True)
Phase=optimize decision=77/2 handling h1 -> h5
R-Optimizer selected path h1 -> h5: s1 -> s2 -> s5 -> s4 -> s6 -> s7
Reward for h1 -> h5: 10.0 (install=True forward=True)
Phase=optimize decision=77/2 handling h1 -> h5
R-Optimizer selected path h1 -> h5: s1 -> s3 -> s6 -> s5 -> s4 -> s7
Reward for h1 -> h5: 10.0 (install=True forward=True)
Phase=optimize decision=77/2 handling h1 -> h5
R-Optimizer selected path h1 -> h5: s1 -> s2 -> s3 -> s6 -> s7
Reward for h1 -> h5: 10.0 (install=True forward=True)
Phase=optimize decision=77/2 handling h1 -> h5
R-Optimizer selected path h1 -> h5: s1 -> s2 -> s5 -> s7
Reward for h1 -> h5: 10.0 (install=True forward=True)
Phase=optimize decision=77/2 handling h1 -> h5
R-Optimizer selected path h1 -> h5: s1 -> s2 -> s3 -> s5 -> s7
Reward for h1 -> h5: 10.0 (install=True forward=True)
Phase=optimize decision=77/2 handling h1 -> h5
R-Optimizer selected path h1 -> h5: s1 -> s2 -> s5 -> s7
Reward for h1 -> h5: 10.0 (install=True forward=True)
Phase=optimize decision=77/2 handling h1 -> h5
R-Optimizer selected path h1 -> h5: s1 -> s2 -> s3 -> s5 -> s6 -> s7
Reward for h1 -> h5: 10.0 (install=True forward=True)
Phase=optimize decision=77/2 handling h1 -> h5
R-Optimizer selected path h1 -> h5: s1 -> s3 -> s6 -> s7
Reward for h1 -> h5: 10.0 (install=True forward=True)
Phase=optimize decision=77/2 handling h1 -> h5
R-Optimizer selected path h1 -> h5: s1 -> s2 -> s4 -> s7
Reward for h1 -> h5: 10.0 (install=True forward=True)
Phase=optimize decision=77/2 handling h1 -> h5
R-Optimizer selected path h1 -> h5: s1 -> s2 -> s3 -> s6 -> s4 -> s7
Reward for h1 -> h5: 10.0 (install=True forward=True)
Phase=optimize decision=77/2 handling h1 -> h5
R-Optimizer selected path h1 -> h5: s1 -> s2 -> s5 -> s4 -> s6 -> s7
Reward for h1 -> h5: 10.0 (install=True forward=True)
Phase=optimize decision=77/2 handling h1 -> h5
R-Optimizer selected path h1 -> h5: s1 -> s2 -> s3 -> s5 -> s7
Reward for h1 -> h5: 10.0 (install=True forward=True)
Phase=optimize decision=77/2 handling h1 -> h5
R-Optimizer selected path h1 -> h5: s1 -> s2 -> s3 -> s6 -> s5 -> s7
Reward for h1 -> h5: 10.0 (install=True forward=True)
Phase=optimize decision=77/2 handling h1 -> h5
R-Optimizer selected path h1 -> h5: s1 -> s2 -> s3 -> s5 -> s7
Reward for h1 -> h5: 10.0 (install=True forward=True)
Phase=optimize decision=77/2 handling h1 -> h5
R-Optimizer selected path h1 -> h5: s1 -> s2 -> s3 -> s6 -> s5 -> s7
Reward for h1 -> h5: 10.0 (install=True forward=True)
Phase=optimize decision=77/2 handling h1 -> h5
No next-hop actions from s3 toward s7 (visited=['s1', 's2', 's5', 's6', 's3'])
No available path for h1 -> h5
Baseline=-10.000 reward_history=2 updates=4
Policy update state=('s1', 's7', 's1') action=s2 reward=-10.0 baseline=-10.000
Policy update state=('s1', 's7', 's2') action=s5 reward=-10.0 baseline=-10.000
Policy update state=('s1', 's7', 's5') action=s6 reward=-10.0 baseline=-10.000
Policy update state=('s1', 's7', 's6') action=s3 reward=-10.0 baseline=-10.000
Phase=optimize decision=77/2 handling h1 -> h5
R-Optimizer selected path h1 -> h5: s1 -> s2 -> s4 -> s5 -> s7
Reward for h1 -> h5: 10.0 (install=True forward=True)
Phase=optimize decision=77/2 handling h1 -> h5
R-Optimizer selected path h1 -> h5: s1 -> s3 -> s5 -> s4 -> s6 -> s7
Reward for h1 -> h5: 10.0 (install=True forward=True)
Phase=optimize decision=77/2 handling h1 -> h5
R-Optimizer selected path h1 -> h5: s1 -> s2 -> s4 -> s5 -> s7
Reward for h1 -> h5: 10.0 (install=True forward=True)
Phase=optimize decision=77/2 handling h1 -> h5
R-Optimizer selected path h1 -> h5: s1 -> s3 -> s5 -> s7
Reward for h1 -> h5: 10.0 (install=True forward=True)
Phase=optimize decision=77/2 handling h1 -> h5
R-Optimizer selected path h1 -> h5: s1 -> s2 -> s4 -> s7
Reward for h1 -> h5: 10.0 (install=True forward=True)
Phase=optimize decision=77/2 handling h1 -> h5
R-Optimizer selected path h1 -> h5: s1 -> s2 -> s3 -> s6 -> s5 -> s4 -> s7
Reward for h1 -> h5: 10.0 (install=True forward=True)
Phase=optimize decision=77/2 handling h1 -> h5
R-Optimizer selected path h1 -> h5: s1 -> s2 -> s3 -> s5 -> s7
Reward for h1 -> h5: 10.0 (install=True forward=True)
Phase=optimize decision=77/2 handling h1 -> h5
R-Optimizer selected path h1 -> h5: s1 -> s2 -> s3 -> s5 -> s6 -> s7
Reward for h1 -> h5: 10.0 (install=True forward=True)
Phase=optimize decision=77/2 handling h1 -> h5
R-Optimizer selected path h1 -> h5: s1 -> s3 -> s2 -> s4 -> s5 -> s7
Reward for h1 -> h5: 10.0 (install=True forward=True)
Phase=optimize decision=77/2 handling h1 -> h5
R-Optimizer selected path h1 -> h5: s1 -> s2 -> s5 -> s3 -> s6 -> s7
Reward for h1 -> h5: 10.0 (install=True forward=True)
Phase=optimize decision=77/2 handling h1 -> h5
R-Optimizer selected path h1 -> h5: s1 -> s2 -> s5 -> s7
Reward for h1 -> h5: 10.0 (install=True forward=True)
Phase=optimize decision=77/2 handling h1 -> h5
R-Optimizer selected path h1 -> h5: s1 -> s2 -> s4 -> s7
Reward for h1 -> h5: 10.0 (install=True forward=True)
Phase=optimize decision=77/2 handling h1 -> h5
R-Optimizer selected path h1 -> h5: s1 -> s2 -> s5 -> s7
Reward for h1 -> h5: 10.0 (install=True forward=True)
Phase=optimize decision=77/2 handling h1 -> h5
R-Optimizer selected path h1 -> h5: s1 -> s2 -> s5 -> s4 -> s6 -> s7
Reward for h1 -> h5: 10.0 (install=True forward=True)
Phase=optimize decision=77/2 handling h1 -> h5
R-Optimizer selected path h1 -> h5: s1 -> s3 -> s5 -> s7
Reward for h1 -> h5: 10.0 (install=True forward=True)
Phase=optimize decision=77/2 handling h1 -> h5
R-Optimizer selected path h1 -> h5: s1 -> s2 -> s5 -> s3 -> s6 -> s7
Reward for h1 -> h5: 10.0 (install=True forward=True)
Phase=optimize decision=77/2 handling h1 -> h5
R-Optimizer selected path h1 -> h5: s1 -> s2 -> s5 -> s6 -> s4 -> s7
Reward for h1 -> h5: 10.0 (install=True forward=True)
Phase=optimize decision=77/2 handling h1 -> h5
R-Optimizer selected path h1 -> h5: s1 -> s2 -> s3 -> s5 -> s7
Reward for h1 -> h5: 10.0 (install=True forward=True)
Phase=optimize decision=77/2 handling h1 -> h5
R-Optimizer selected path h1 -> h5: s1 -> s2 -> s5 -> s6 -> s4 -> s7
Reward for h1 -> h5: 10.0 (install=True forward=True)
Phase=optimize decision=77/2 handling h1 -> h5
R-Optimizer selected path h1 -> h5: s1 -> s2 -> s5 -> s3 -> s6 -> s7
Reward for h1 -> h5: 10.0 (install=True forward=True)
Phase=optimize decision=77/2 handling h1 -> h5
R-Optimizer selected path h1 -> h5: s1 -> s2 -> s3 -> s6 -> s7
Reward for h1 -> h5: 10.0 (install=True forward=True)
Phase=optimize decision=77/2 handling h1 -> h5
No next-hop actions from s3 toward s7 (visited=['s1', 's2', 's5', 's6', 's3'])
No available path for h1 -> h5
Baseline=-10.000 reward_history=3 updates=4
Policy update state=('s1', 's7', 's1') action=s2 reward=-10.0 baseline=-10.000
Policy update state=('s1', 's7', 's2') action=s5 reward=-10.0 baseline=-10.000
Policy update state=('s1', 's7', 's5') action=s6 reward=-10.0 baseline=-10.000
Policy update state=('s1', 's7', 's6') action=s3 reward=-10.0 baseline=-10.000
Phase=optimize decision=77/2 handling h1 -> h5
R-Optimizer selected path h1 -> h5: s1 -> s2 -> s4 -> s5 -> s3 -> s6 -> s7
Reward for h1 -> h5: 10.0 (install=True forward=True)
Phase=optimize decision=77/2 handling h1 -> h5
R-Optimizer selected path h1 -> h5: s1 -> s2 -> s4 -> s5 -> s3 -> s6 -> s7
Reward for h1 -> h5: 10.0 (install=True forward=True)
Phase=optimize decision=77/2 handling h1 -> h5
R-Optimizer selected path h1 -> h5: s1 -> s2 -> s3 -> s5 -> s4 -> s6 -> s7
Reward for h1 -> h5: 10.0 (install=True forward=True)
Phase=optimize decision=77/2 handling h1 -> h5
No next-hop actions from s3 toward s7 (visited=['s1', 's2', 's4', 's6', 's5', 's3'])
No available path for h1 -> h5
Baseline=-10.000 reward_history=4 updates=5
Policy update state=('s1', 's7', 's1') action=s2 reward=-10.0 baseline=-10.000
Policy update state=('s1', 's7', 's2') action=s4 reward=-10.0 baseline=-10.000
Policy update state=('s1', 's7', 's4') action=s6 reward=-10.0 baseline=-10.000
Policy update state=('s1', 's7', 's6') action=s5 reward=-10.0 baseline=-10.000
Policy update state=('s1', 's7', 's5') action=s3 reward=-10.0 baseline=-10.000
Phase=optimize decision=77/2 handling h1 -> h5
R-Optimizer selected path h1 -> h5: s1 -> s2 -> s5 -> s3 -> s6 -> s4 -> s7
Reward for h1 -> h5: 10.0 (install=True forward=True)
Phase=optimize decision=77/2 handling h1 -> h5
R-Optimizer selected path h1 -> h5: s1 -> s3 -> s6 -> s7
Reward for h1 -> h5: 10.0 (install=True forward=True)
Phase=optimize decision=77/2 handling h1 -> h5
R-Optimizer selected path h1 -> h5: s1 -> s3 -> s6 -> s4 -> s2 -> s5 -> s7
Reward for h1 -> h5: 10.0 (install=True forward=True)
Phase=optimize decision=77/2 handling h1 -> h5
R-Optimizer selected path h1 -> h5: s1 -> s2 -> s3 -> s6 -> s5 -> s4 -> s7
Reward for h1 -> h5: 10.0 (install=True forward=True)
Phase=optimize decision=77/2 handling h1 -> h5
R-Optimizer selected path h1 -> h5: s1 -> s2 -> s3 -> s6 -> s4 -> s5 -> s7
Reward for h1 -> h5: 10.0 (install=True forward=True)
Phase=optimize decision=77/2 handling h1 -> h5
R-Optimizer selected path h1 -> h5: s1 -> s2 -> s4 -> s6 -> s3 -> s5 -> s7
Reward for h1 -> h5: 10.0 (install=True forward=True)
Phase=optimize decision=77/2 handling h1 -> h5
R-Optimizer selected path h1 -> h5: s1 -> s3 -> s6 -> s5 -> s2 -> s4 -> s7
Reward for h1 -> h5: 10.0 (install=True forward=True)
Phase=optimize decision=77/2 handling h1 -> h5
R-Optimizer selected path h1 -> h5: s1 -> s3 -> s2 -> s5 -> s4 -> s6 -> s7
Reward for h1 -> h5: 10.0 (install=True forward=True)
Phase=optimize decision=77/2 handling h1 -> h5
R-Optimizer selected path h1 -> h5: s1 -> s2 -> s4 -> s6 -> s7
Reward for h1 -> h5: 10.0 (install=True forward=True)
Phase=optimize decision=77/2 handling h1 -> h5
No next-hop actions from s3 toward s7 (visited=['s1', 's2', 's4', 's6', 's5', 's3'])
No available path for h1 -> h5
Baseline=-10.000 reward_history=5 updates=5
Policy update state=('s1', 's7', 's1') action=s2 reward=-10.0 baseline=-10.000
Policy update state=('s1', 's7', 's2') action=s4 reward=-10.0 baseline=-10.000
Policy update state=('s1', 's7', 's4') action=s6 reward=-10.0 baseline=-10.000
Policy update state=('s1', 's7', 's6') action=s5 reward=-10.0 baseline=-10.000
Policy update state=('s1', 's7', 's5') action=s3 reward=-10.0 baseline=-10.000
Phase=optimize decision=77/2 handling h1 -> h5
R-Optimizer selected path h1 -> h5: s1 -> s2 -> s5 -> s3 -> s6 -> s4 -> s7
Reward for h1 -> h5: 10.0 (install=True forward=True)
Phase=optimize decision=77/2 handling h1 -> h5
R-Optimizer selected path h1 -> h5: s1 -> s2 -> s5 -> s6 -> s7
Reward for h1 -> h5: 10.0 (install=True forward=True)
Phase=optimize decision=77/2 handling h1 -> h5
R-Optimizer selected path h1 -> h5: s1 -> s3 -> s2 -> s4 -> s7
Reward for h1 -> h5: 10.0 (install=True forward=True)
Phase=optimize decision=77/2 handling h1 -> h5
R-Optimizer selected path h1 -> h5: s1 -> s3 -> s6 -> s5 -> s4 -> s7
Reward for h1 -> h5: 10.0 (install=True forward=True)
Phase=optimize decision=77/2 handling h1 -> h5
R-Optimizer selected path h1 -> h5: s1 -> s2 -> s5 -> s4 -> s7
Reward for h1 -> h5: 10.0 (install=True forward=True)
Phase=optimize decision=77/2 handling h1 -> h5
R-Optimizer selected path h1 -> h5: s1 -> s2 -> s5 -> s7
Reward for h1 -> h5: 10.0 (install=True forward=True)
Phase=optimize decision=77/2 handling h1 -> h5
R-Optimizer selected path h1 -> h5: s1 -> s2 -> s5 -> s3 -> s6 -> s7
Reward for h1 -> h5: 10.0 (install=True forward=True)
Phase=optimize decision=77/2 handling h1 -> h5
R-Optimizer selected path h1 -> h5: s1 -> s2 -> s3 -> s5 -> s4 -> s6 -> s7
Reward for h1 -> h5: 10.0 (install=True forward=True)
Phase=optimize decision=77/2 handling h1 -> h5
R-Optimizer selected path h1 -> h5: s1 -> s2 -> s5 -> s6 -> s4 -> s7
Reward for h1 -> h5: 10.0 (install=True forward=True)
Phase=optimize decision=77/2 handling h1 -> h5
R-Optimizer selected path h1 -> h5: s1 -> s2 -> s3 -> s5 -> s7
Reward for h1 -> h5: 10.0 (install=True forward=True)
Phase=optimize decision=77/2 handling h1 -> h5
R-Optimizer selected path h1 -> h5: s1 -> s2 -> s5 -> s6 -> s7
Reward for h1 -> h5: 10.0 (install=True forward=True)
Phase=optimize decision=77/2 handling h1 -> h5
R-Optimizer selected path h1 -> h5: s1 -> s2 -> s3 -> s5 -> s6 -> s4 -> s7
Reward for h1 -> h5: 10.0 (install=True forward=True)
Phase=optimize decision=77/2 handling h1 -> h5
R-Optimizer selected path h1 -> h5: s1 -> s2 -> s3 -> s5 -> s7
Reward for h1 -> h5: 10.0 (install=True forward=True)
Phase=optimize decision=77/2 handling h1 -> h5
R-Optimizer selected path h1 -> h5: s1 -> s2 -> s4 -> s5 -> s6 -> s7
Reward for h1 -> h5: 10.0 (install=True forward=True)
Phase=optimize decision=77/2 handling h1 -> h5
R-Optimizer selected path h1 -> h5: s1 -> s2 -> s5 -> s4 -> s6 -> s7
Reward for h1 -> h5: 10.0 (install=True forward=True)
Phase=optimize decision=77/2 handling h1 -> h5
R-Optimizer selected path h1 -> h5: s1 -> s2 -> s3 -> s5 -> s7
Reward for h1 -> h5: 10.0 (install=True forward=True)
Phase=optimize decision=77/2 handling h1 -> h5
No next-hop actions from s2 toward s7 (visited=['s1', 's3', 's5', 's6', 's4', 's2'])
No available path for h1 -> h5
Baseline=-10.000 reward_history=6 updates=5
Policy update state=('s1', 's7', 's1') action=s3 reward=-10.0 baseline=-10.000
Policy update state=('s1', 's7', 's3') action=s5 reward=-10.0 baseline=-10.000
Policy update state=('s1', 's7', 's5') action=s6 reward=-10.0 baseline=-10.000
Policy update state=('s1', 's7', 's6') action=s4 reward=-10.0 baseline=-10.000
Policy update state=('s1', 's7', 's4') action=s2 reward=-10.0 baseline=-10.000
Phase=optimize decision=77/2 handling h1 -> h5
R-Optimizer selected path h1 -> h5: s1 -> s2 -> s3 -> s5 -> s4 -> s7
Reward for h1 -> h5: 10.0 (install=True forward=True)
Phase=optimize decision=77/2 handling h1 -> h5
R-Optimizer selected path h1 -> h5: s1 -> s2 -> s5 -> s4 -> s7
Reward for h1 -> h5: 10.0 (install=True forward=True)
Phase=optimize decision=77/2 handling h1 -> h5
No next-hop actions from s3 toward s7 (visited=['s1', 's2', 's5', 's6', 's3'])
No available path for h1 -> h5
Baseline=-10.000 reward_history=7 updates=4
Policy update state=('s1', 's7', 's1') action=s2 reward=-10.0 baseline=-10.000
Policy update state=('s1', 's7', 's2') action=s5 reward=-10.0 baseline=-10.000
Policy update state=('s1', 's7', 's5') action=s6 reward=-10.0 baseline=-10.000
Policy update state=('s1', 's7', 's6') action=s3 reward=-10.0 baseline=-10.000
Phase=optimize decision=77/2 handling h1 -> h5
R-Optimizer selected path h1 -> h5: s1 -> s2 -> s5 -> s6 -> s7
Reward for h1 -> h5: 10.0 (install=True forward=True)
Phase=optimize decision=77/2 handling h1 -> h5
R-Optimizer selected path h1 -> h5: s1 -> s3 -> s2 -> s4 -> s5 -> s6 -> s7
Reward for h1 -> h5: 10.0 (install=True forward=True)
Phase=optimize decision=77/2 handling h1 -> h5
R-Optimizer selected path h1 -> h5: s1 -> s2 -> s5 -> s7
Reward for h1 -> h5: 10.0 (install=True forward=True)
Phase=optimize decision=77/2 handling h1 -> h5
R-Optimizer selected path h1 -> h5: s1 -> s2 -> s5 -> s4 -> s7
Reward for h1 -> h5: 10.0 (install=True forward=True)
Phase=optimize decision=77/2 handling h1 -> h5
No next-hop actions from s3 toward s7 (visited=['s1', 's2', 's5', 's6', 's3'])
No available path for h1 -> h5
Baseline=-10.000 reward_history=8 updates=4
Policy update state=('s1', 's7', 's1') action=s2 reward=-10.0 baseline=-10.000
Policy update state=('s1', 's7', 's2') action=s5 reward=-10.0 baseline=-10.000
Policy update state=('s1', 's7', 's5') action=s6 reward=-10.0 baseline=-10.000
Policy update state=('s1', 's7', 's6') action=s3 reward=-10.0 baseline=-10.000
Phase=optimize decision=77/2 handling h1 -> h5
No next-hop actions from s3 toward s7 (visited=['s1', 's2', 's5', 's6', 's3'])
No available path for h1 -> h5
Baseline=-10.000 reward_history=9 updates=4
Policy update state=('s1', 's7', 's1') action=s2 reward=-10.0 baseline=-10.000
Policy update state=('s1', 's7', 's2') action=s5 reward=-10.0 baseline=-10.000
Policy update state=('s1', 's7', 's5') action=s6 reward=-10.0 baseline=-10.000
Policy update state=('s1', 's7', 's6') action=s3 reward=-10.0 baseline=-10.000
Phase=optimize decision=77/2 handling h1 -> h5
No next-hop actions from s3 toward s7 (visited=['s1', 's2', 's4', 's5', 's6', 's3'])
No available path for h1 -> h5
Baseline=-10.000 reward_history=10 updates=5
Policy update state=('s1', 's7', 's1') action=s2 reward=-10.0 baseline=-10.000
Policy update state=('s1', 's7', 's2') action=s4 reward=-10.0 baseline=-10.000
Policy update state=('s1', 's7', 's4') action=s5 reward=-10.0 baseline=-10.000
Policy update state=('s1', 's7', 's5') action=s6 reward=-10.0 baseline=-10.000
Policy update state=('s1', 's7', 's6') action=s3 reward=-10.0 baseline=-10.000
Phase=optimize decision=77/2 handling h1 -> h5
R-Optimizer selected path h1 -> h5: s1 -> s2 -> s5 -> s7
Reward for h1 -> h5: 10.0 (install=True forward=True)
Phase=optimize decision=77/2 handling h1 -> h5
R-Optimizer selected path h1 -> h5: s1 -> s2 -> s4 -> s5 -> s3 -> s6 -> s7
Reward for h1 -> h5: 10.0 (install=True forward=True)
Phase=optimize decision=77/2 handling h1 -> h5
R-Optimizer selected path h1 -> h5: s1 -> s2 -> s5 -> s6 -> s7
Reward for h1 -> h5: 10.0 (install=True forward=True)
Phase=optimize decision=77/2 handling h1 -> h5
No next-hop actions from s3 toward s7 (visited=['s1', 's2', 's4', 's6', 's5', 's3'])
No available path for h1 -> h5
Baseline=-10.000 reward_history=11 updates=5
Policy update state=('s1', 's7', 's1') action=s2 reward=-10.0 baseline=-10.000
Policy update state=('s1', 's7', 's2') action=s4 reward=-10.0 baseline=-10.000
Policy update state=('s1', 's7', 's4') action=s6 reward=-10.0 baseline=-10.000
Policy update state=('s1', 's7', 's6') action=s5 reward=-10.0 baseline=-10.000
Policy update state=('s1', 's7', 's5') action=s3 reward=-10.0 baseline=-10.000
Phase=optimize decision=77/2 handling h1 -> h5
R-Optimizer selected path h1 -> h5: s1 -> s3 -> s2 -> s4 -> s5 -> s7
Reward for h1 -> h5: 10.0 (install=True forward=True)
Phase=optimize decision=77/2 handling h1 -> h5
R-Optimizer selected path h1 -> h5: s1 -> s2 -> s4 -> s7
Reward for h1 -> h5: 10.0 (install=True forward=True)
Phase=optimize decision=77/2 handling h1 -> h5
R-Optimizer selected path h1 -> h5: s1 -> s2 -> s3 -> s5 -> s7
Reward for h1 -> h5: 10.0 (install=True forward=True)
Phase=optimize decision=77/2 handling h1 -> h5
R-Optimizer selected path h1 -> h5: s1 -> s3 -> s2 -> s5 -> s7
Reward for h1 -> h5: 10.0 (install=True forward=True)
Phase=optimize decision=77/2 handling h1 -> h5
R-Optimizer selected path h1 -> h5: s1 -> s2 -> s3 -> s5 -> s4 -> s6 -> s7
Reward for h1 -> h5: 10.0 (install=True forward=True)
Phase=optimize decision=77/2 handling h1 -> h5
R-Optimizer selected path h1 -> h5: s1 -> s2 -> s3 -> s6 -> s7
Reward for h1 -> h5: 10.0 (install=True forward=True)
Phase=optimize decision=77/2 handling h1 -> h5
R-Optimizer selected path h1 -> h5: s1 -> s2 -> s5 -> s4 -> s6 -> s7
Reward for h1 -> h5: 10.0 (install=True forward=True)
Phase=optimize decision=77/2 handling h1 -> h5
R-Optimizer selected path h1 -> h5: s1 -> s2 -> s5 -> s4 -> s6 -> s7
Reward for h1 -> h5: 10.0 (install=True forward=True)
Phase=optimize decision=77/2 handling h1 -> h5
R-Optimizer selected path h1 -> h5: s1 -> s2 -> s5 -> s3 -> s6 -> s7
Reward for h1 -> h5: 10.0 (install=True forward=True)
Phase=optimize decision=77/2 handling h1 -> h5
R-Optimizer selected path h1 -> h5: s1 -> s2 -> s5 -> s6 -> s4 -> s7
Reward for h1 -> h5: 10.0 (install=True forward=True)
Phase=optimize decision=77/2 handling h1 -> h5
R-Optimizer selected path h1 -> h5: s1 -> s2 -> s5 -> s7
Reward for h1 -> h5: 10.0 (install=True forward=True)
Phase=optimize decision=77/2 handling h1 -> h5
R-Optimizer selected path h1 -> h5: s1 -> s2 -> s4 -> s5 -> s6 -> s7
Reward for h1 -> h5: 10.0 (install=True forward=True)
Phase=optimize decision=77/2 handling h1 -> h5
R-Optimizer selected path h1 -> h5: s1 -> s2 -> s3 -> s6 -> s7
Reward for h1 -> h5: 10.0 (install=True forward=True)
Phase=optimize decision=77/2 handling h1 -> h5
R-Optimizer selected path h1 -> h5: s1 -> s2 -> s5 -> s7
Reward for h1 -> h5: 10.0 (install=True forward=True)
Phase=optimize decision=77/2 handling h1 -> h5
R-Optimizer selected path h1 -> h5: s1 -> s2 -> s4 -> s7
Reward for h1 -> h5: 10.0 (install=True forward=True)
Phase=optimize decision=77/2 handling h1 -> h5
R-Optimizer selected path h1 -> h5: s1 -> s2 -> s4 -> s7
Reward for h1 -> h5: 10.0 (install=True forward=True)
Phase=optimize decision=77/2 handling h1 -> h5
No next-hop actions from s3 toward s7 (visited=['s1', 's2', 's4', 's6', 's5', 's3'])
No available path for h1 -> h5
Baseline=-10.000 reward_history=12 updates=5
Policy update state=('s1', 's7', 's1') action=s2 reward=-10.0 baseline=-10.000
Policy update state=('s1', 's7', 's2') action=s4 reward=-10.0 baseline=-10.000
Policy update state=('s1', 's7', 's4') action=s6 reward=-10.0 baseline=-10.000
Policy update state=('s1', 's7', 's6') action=s5 reward=-10.0 baseline=-10.000
Policy update state=('s1', 's7', 's5') action=s3 reward=-10.0 baseline=-10.000
Phase=optimize decision=77/2 handling h1 -> h5
R-Optimizer selected path h1 -> h5: s1 -> s2 -> s3 -> s6 -> s7
Reward for h1 -> h5: 10.0 (install=True forward=True)
Phase=optimize decision=77/2 handling h1 -> h5
R-Optimizer selected path h1 -> h5: s1 -> s2 -> s4 -> s5 -> s6 -> s7
Reward for h1 -> h5: 10.0 (install=True forward=True)
Phase=optimize decision=77/2 handling h1 -> h5
R-Optimizer selected path h1 -> h5: s1 -> s2 -> s5 -> s4 -> s7
Reward for h1 -> h5: 10.0 (install=True forward=True)
Phase=optimize decision=77/2 handling h1 -> h5
R-Optimizer selected path h1 -> h5: s1 -> s2 -> s5 -> s4 -> s7
Reward for h1 -> h5: 10.0 (install=True forward=True)
Phase=optimize decision=77/2 handling h1 -> h5
R-Optimizer selected path h1 -> h5: s1 -> s2 -> s4 -> s7
Reward for h1 -> h5: 10.0 (install=True forward=True)
Phase=optimize decision=77/2 handling h1 -> h5
R-Optimizer selected path h1 -> h5: s1 -> s3 -> s2 -> s5 -> s7
Reward for h1 -> h5: 10.0 (install=True forward=True)
Phase=optimize decision=77/2 handling h1 -> h5
R-Optimizer selected path h1 -> h5: s1 -> s2 -> s4 -> s5 -> s7
Reward for h1 -> h5: 10.0 (install=True forward=True)
Phase=optimize decision=77/2 handling h1 -> h5
R-Optimizer selected path h1 -> h5: s1 -> s2 -> s3 -> s5 -> s7
Reward for h1 -> h5: 10.0 (install=True forward=True)
Phase=optimize decision=77/2 handling h1 -> h5
R-Optimizer selected path h1 -> h5: s1 -> s2 -> s5 -> s3 -> s6 -> s4 -> s7
Reward for h1 -> h5: 10.0 (install=True forward=True)
Phase=optimize decision=77/2 handling h1 -> h5
R-Optimizer selected path h1 -> h5: s1 -> s2 -> s3 -> s5 -> s6 -> s7
Reward for h1 -> h5: 10.0 (install=True forward=True)
Phase=optimize decision=77/2 handling h1 -> h5
R-Optimizer selected path h1 -> h5: s1 -> s2 -> s3 -> s5 -> s6 -> s7
Reward for h1 -> h5: 10.0 (install=True forward=True)
Phase=optimize decision=77/2 handling h1 -> h5
R-Optimizer selected path h1 -> h5: s1 -> s2 -> s5 -> s3 -> s6 -> s4 -> s7
Reward for h1 -> h5: 10.0 (install=True forward=True)
Phase=optimize decision=77/2 handling h1 -> h5
R-Optimizer selected path h1 -> h5: s1 -> s2 -> s5 -> s7
Reward for h1 -> h5: 10.0 (install=True forward=True)
Phase=optimize decision=77/2 handling h1 -> h5
R-Optimizer selected path h1 -> h5: s1 -> s2 -> s3 -> s6 -> s4 -> s5 -> s7
Reward for h1 -> h5: 10.0 (install=True forward=True)
Phase=optimize decision=77/2 handling h1 -> h5
R-Optimizer selected path h1 -> h5: s1 -> s2 -> s5 -> s6 -> s7
Reward for h1 -> h5: 10.0 (install=True forward=True)
Phase=optimize decision=77/2 handling h1 -> h5
R-Optimizer selected path h1 -> h5: s1 -> s2 -> s5 -> s3 -> s6 -> s4 -> s7
Reward for h1 -> h5: 10.0 (install=True forward=True)
Phase=optimize decision=77/2 handling h1 -> h5
R-Optimizer selected path h1 -> h5: s1 -> s2 -> s5 -> s3 -> s6 -> s7
Reward for h1 -> h5: 10.0 (install=True forward=True)
Phase=optimize decision=77/2 handling h1 -> h5
R-Optimizer selected path h1 -> h5: s1 -> s2 -> s5 -> s3 -> s6 -> s4 -> s7
Reward for h1 -> h5: 10.0 (install=True forward=True)
Phase=optimize decision=77/2 handling h1 -> h5
R-Optimizer selected path h1 -> h5: s1 -> s2 -> s4 -> s6 -> s5 -> s7
Reward for h1 -> h5: 10.0 (install=True forward=True)
Phase=optimize decision=77/2 handling h1 -> h5
R-Optimizer selected path h1 -> h5: s1 -> s2 -> s3 -> s5 -> s7
Reward for h1 -> h5: 10.0 (install=True forward=True)
Phase=optimize decision=77/2 handling h1 -> h5
No next-hop actions from s3 toward s7 (visited=['s1', 's2', 's5', 's6', 's3'])
No available path for h1 -> h5
Baseline=-10.000 reward_history=13 updates=4
Policy update state=('s1', 's7', 's1') action=s2 reward=-10.0 baseline=-10.000
Policy update state=('s1', 's7', 's2') action=s5 reward=-10.0 baseline=-10.000
Policy update state=('s1', 's7', 's5') action=s6 reward=-10.0 baseline=-10.000
Policy update state=('s1', 's7', 's6') action=s3 reward=-10.0 baseline=-10.000
Phase=optimize decision=77/2 handling h1 -> h5
R-Optimizer selected path h1 -> h5: s1 -> s3 -> s6 -> s5 -> s7
Reward for h1 -> h5: 10.0 (install=True forward=True)
Phase=optimize decision=77/2 handling h1 -> h5
R-Optimizer selected path h1 -> h5: s1 -> s2 -> s5 -> s6 -> s4 -> s7
Reward for h1 -> h5: 10.0 (install=True forward=True)
Phase=optimize decision=77/2 handling h1 -> h5
R-Optimizer selected path h1 -> h5: s1 -> s2 -> s4 -> s7
Reward for h1 -> h5: 10.0 (install=True forward=True)
Phase=optimize decision=77/2 handling h1 -> h5
R-Optimizer selected path h1 -> h5: s1 -> s2 -> s5 -> s7
Reward for h1 -> h5: 10.0 (install=True forward=True)
Phase=optimize decision=77/2 handling h1 -> h5
R-Optimizer selected path h1 -> h5: s1 -> s2 -> s5 -> s7
Reward for h1 -> h5: 10.0 (install=True forward=True)
Phase=optimize decision=77/2 handling h1 -> h5
R-Optimizer selected path h1 -> h5: s1 -> s2 -> s5 -> s6 -> s7
Reward for h1 -> h5: 10.0 (install=True forward=True)
Phase=optimize decision=77/2 handling h1 -> h5
R-Optimizer selected path h1 -> h5: s1 -> s2 -> s5 -> s7
Reward for h1 -> h5: 10.0 (install=True forward=True)
Phase=optimize decision=77/2 handling h1 -> h5
R-Optimizer selected path h1 -> h5: s1 -> s2 -> s5 -> s6 -> s4 -> s7
Reward for h1 -> h5: 10.0 (install=True forward=True)
Phase=optimize decision=77/2 handling h1 -> h5
R-Optimizer selected path h1 -> h5: s1 -> s3 -> s2 -> s4 -> s5 -> s7
Reward for h1 -> h5: 10.0 (install=True forward=True)
Phase=optimize decision=77/2 handling h1 -> h5
R-Optimizer selected path h1 -> h5: s1 -> s2 -> s5 -> s6 -> s7
Reward for h1 -> h5: 10.0 (install=True forward=True)
Phase=optimize decision=77/2 handling h1 -> h5
R-Optimizer selected path h1 -> h5: s1 -> s2 -> s3 -> s6 -> s7
Reward for h1 -> h5: 10.0 (install=True forward=True)
Phase=optimize decision=77/2 handling h1 -> h5
R-Optimizer selected path h1 -> h5: s1 -> s2 -> s5 -> s3 -> s6 -> s4 -> s7
Reward for h1 -> h5: 10.0 (install=True forward=True)
Phase=optimize decision=77/2 handling h1 -> h5
R-Optimizer selected path h1 -> h5: s1 -> s2 -> s5 -> s7
Reward for h1 -> h5: 10.0 (install=True forward=True)
Phase=optimize decision=77/2 handling h1 -> h5
R-Optimizer selected path h1 -> h5: s1 -> s3 -> s2 -> s4 -> s6 -> s5 -> s7
Reward for h1 -> h5: 10.0 (install=True forward=True)
Phase=optimize decision=77/2 handling h1 -> h5
R-Optimizer selected path h1 -> h5: s1 -> s2 -> s4 -> s5 -> s6 -> s7
Reward for h1 -> h5: 10.0 (install=True forward=True)
Phase=optimize decision=77/2 handling h5 -> h1
R-Optimizer selected path h5 -> h1: s7 -> s4 -> s1
Reward for h5 -> h1: 10.0 (install=True forward=True)
Live QoS reward -0.126 for h2 -> h4 has no pending decision
Policy update state=('s1', 's7', 's1') action=s2 reward=-0.2762956379051006 baseline=-10.000
Policy update state=('s1', 's7', 's2') action=s4 reward=-0.2762956379051006 baseline=-10.000
Policy update state=('s1', 's7', 's4') action=s5 reward=-0.2762956379051006 baseline=-10.000
Policy update state=('s1', 's7', 's5') action=s6 reward=-0.2762956379051006 baseline=-10.000
Policy update state=('s1', 's7', 's6') action=s7 reward=-0.2762956379051006 baseline=-10.000
Live weighted QoS reward for h1 -> h5: -0.276 metrics={'jitter_ms': 0.186, 'plr_pct': 0.33, 'throughput_gbps': 0.00526, 'rtt_ms': 0.0} update=policy
Phase=optimize decision=77/2 handling h5 -> h1
R-Optimizer selected path h5 -> h1: s7 -> s5 -> s2 -> s4 -> s6 -> s3 -> s1
Reward for h5 -> h1: 10.0 (install=True forward=True)
Live QoS reward -0.145 for h2 -> h4 has no pending decision
Policy update state=('s1', 's7', 's1') action=s3 reward=-0.07815533980582529 baseline=-9.305
Policy update state=('s1', 's7', 's3') action=s2 reward=-0.07815533980582529 baseline=-9.305
Policy update state=('s1', 's7', 's2') action=s4 reward=-0.07815533980582529 baseline=-9.305
Policy update state=('s1', 's7', 's4') action=s6 reward=-0.07815533980582529 baseline=-9.305
Policy update state=('s1', 's7', 's6') action=s5 reward=-0.07815533980582529 baseline=-9.305
Policy update state=('s1', 's7', 's5') action=s7 reward=-0.07815533980582529 baseline=-9.305
Live weighted QoS reward for h1 -> h5: -0.078 metrics={'jitter_ms': 0.098, 'plr_pct': 0.2, 'throughput_gbps': 0.00556, 'rtt_ms': 0.0} update=policy
Policy update state=('s1', 's7', 's1') action=s2 reward=0.0598687113857016 baseline=-8.690
Policy update state=('s1', 's7', 's2') action=s5 reward=0.0598687113857016 baseline=-8.690
Policy update state=('s1', 's7', 's5') action=s7 reward=0.0598687113857016 baseline=-8.690
Live weighted QoS reward for h1 -> h5: 0.060 metrics={'throughput_gbps': 0.00879, 'jitter_ms': 0.113, 'plr_pct': 1.3, 'rtt_ms': 0.0} update=policy
Live QoS reward 0.089 for h2 -> h4 has no pending decision
Policy update state=('s1', 's7', 's1') action=s2 reward=0.07443181818181818 baseline=-8.143
Policy update state=('s1', 's7', 's2') action=s5 reward=0.07443181818181818 baseline=-8.143
Policy update state=('s1', 's7', 's5') action=s3 reward=0.07443181818181818 baseline=-8.143
Policy update state=('s1', 's7', 's3') action=s6 reward=0.07443181818181818 baseline=-8.143
Policy update state=('s1', 's7', 's6') action=s4 reward=0.07443181818181818 baseline=-8.143
Policy update state=('s1', 's7', 's4') action=s7 reward=0.07443181818181818 baseline=-8.143
Live weighted QoS reward for h1 -> h5: 0.074 metrics={'throughput_gbps': 0.0109, 'jitter_ms': 0.113, 'plr_pct': 1.4, 'rtt_ms': 0.0} update=policy
Live QoS reward 0.073 for h2 -> h4 has no pending decision
Live QoS reward -0.104 for h2 -> h4 has no pending decision
Policy update state=('s1', 's7', 's1') action=s2 reward=-0.1684698731501057 baseline=-7.660
Policy update state=('s1', 's7', 's2') action=s3 reward=-0.1684698731501057 baseline=-7.660
Policy update state=('s1', 's7', 's3') action=s6 reward=-0.1684698731501057 baseline=-7.660
Policy update state=('s1', 's7', 's6') action=s7 reward=-0.1684698731501057 baseline=-7.660
Live weighted QoS reward for h1 -> h5: -0.168 metrics={'jitter_ms': 0.108, 'plr_pct': 0.43, 'throughput_gbps': 0.00529, 'rtt_ms': 0.0} update=policy
Phase=optimize decision=77/2 handling h5 -> h1
No next-hop actions from s6 toward s1 (visited=['s7', 's4', 's5', 's3', 's6'])
No available path for h5 -> h1
Baseline=-7.244 reward_history=19 updates=4
Policy update state=('s7', 's1', 's7') action=s4 reward=-10.0 baseline=-7.244
Policy update state=('s7', 's1', 's4') action=s5 reward=-10.0 baseline=-7.244
Policy update state=('s7', 's1', 's5') action=s3 reward=-10.0 baseline=-7.244
Policy update state=('s7', 's1', 's3') action=s6 reward=-10.0 baseline=-7.244
Phase=optimize decision=77/2 handling h5 -> h1
R-Optimizer selected path h5 -> h1: s7 -> s4 -> s6 -> s3 -> s5 -> s2 -> s1
Reward for h5 -> h1: 10.0 (install=True forward=True)
Live QoS reward -0.128 for h2 -> h4 has no pending decision
Policy update state=('s1', 's7', 's1') action=s2 reward=-0.05223837209302323 baseline=-7.389
Policy update state=('s1', 's7', 's2') action=s5 reward=-0.05223837209302323 baseline=-7.389
Policy update state=('s1', 's7', 's5') action=s6 reward=-0.05223837209302323 baseline=-7.389
Policy update state=('s1', 's7', 's6') action=s7 reward=-0.05223837209302323 baseline=-7.389
Live weighted QoS reward for h1 -> h5: -0.052 metrics={'jitter_ms': 0.092, 'plr_pct': 0.39, 'throughput_gbps': 0.00691, 'rtt_ms': 0.0} update=policy
Phase=optimize decision=77/2 handling h2 -> h4
R-Optimizer selected path h2 -> h4: s2 -> s1 -> s3 -> s5 -> s4 -> s6
Reward for h2 -> h4: 10.0 (install=True forward=True)
Phase=optimize decision=77/2 handling h2 -> h4
R-Optimizer selected path h2 -> h4: s2 -> s1 -> s3 -> s6
Reward for h2 -> h4: 10.0 (install=True forward=True)
Phase=optimize decision=77/2 handling h2 -> h4
R-Optimizer selected path h2 -> h4: s2 -> s5 -> s3 -> s6
Reward for h2 -> h4: 10.0 (install=True forward=True)
Phase=optimize decision=77/2 handling h2 -> h4
R-Optimizer selected path h2 -> h4: s2 -> s1 -> s3 -> s6
Reward for h2 -> h4: 10.0 (install=True forward=True)
Phase=optimize decision=77/2 handling h2 -> h4
R-Optimizer selected path h2 -> h4: s2 -> s1 -> s4 -> s6
Reward for h2 -> h4: 10.0 (install=True forward=True)
Phase=optimize decision=77/2 handling h2 -> h4
R-Optimizer selected path h2 -> h4: s2 -> s1 -> s3 -> s6
Reward for h2 -> h4: 10.0 (install=True forward=True)
Phase=optimize decision=77/2 handling h2 -> h4
R-Optimizer selected path h2 -> h4: s2 -> s1 -> s3 -> s6
Reward for h2 -> h4: 10.0 (install=True forward=True)
Phase=optimize decision=77/2 handling h2 -> h4
R-Optimizer selected path h2 -> h4: s2 -> s1 -> s3 -> s6
Reward for h2 -> h4: 10.0 (install=True forward=True)
Phase=optimize decision=77/2 handling h2 -> h4
R-Optimizer selected path h2 -> h4: s2 -> s1 -> s3 -> s5 -> s7 -> s6
Reward for h2 -> h4: 10.0 (install=True forward=True)
Phase=optimize decision=77/2 handling h2 -> h4
R-Optimizer selected path h2 -> h4: s2 -> s1 -> s3 -> s6
Reward for h2 -> h4: 10.0 (install=True forward=True)
Phase=optimize decision=77/2 handling h2 -> h4
R-Optimizer selected path h2 -> h4: s2 -> s1 -> s3 -> s6
Reward for h2 -> h4: 10.0 (install=True forward=True)
Phase=optimize decision=77/2 handling h2 -> h4
R-Optimizer selected path h2 -> h4: s2 -> s1 -> s3 -> s5 -> s7 -> s6
Reward for h2 -> h4: 10.0 (install=True forward=True)
Phase=optimize decision=77/2 handling h2 -> h4
R-Optimizer selected path h2 -> h4: s2 -> s4 -> s1 -> s3 -> s6
Reward for h2 -> h4: 10.0 (install=True forward=True)
Phase=optimize decision=77/2 handling h2 -> h4
R-Optimizer selected path h2 -> h4: s2 -> s1 -> s3 -> s5 -> s6
Reward for h2 -> h4: 10.0 (install=True forward=True)
Phase=optimize decision=77/2 handling h2 -> h4
R-Optimizer selected path h2 -> h4: s2 -> s1 -> s4 -> s6
Reward for h2 -> h4: 10.0 (install=True forward=True)
Phase=optimize decision=77/2 handling h2 -> h4
R-Optimizer selected path h2 -> h4: s2 -> s1 -> s4 -> s5 -> s3 -> s6
Reward for h2 -> h4: 10.0 (install=True forward=True)
Phase=optimize decision=77/2 handling h2 -> h4
R-Optimizer selected path h2 -> h4: s2 -> s1 -> s4 -> s6
Reward for h2 -> h4: 10.0 (install=True forward=True)
Phase=optimize decision=77/2 handling h2 -> h4
R-Optimizer selected path h2 -> h4: s2 -> s1 -> s4 -> s5 -> s3 -> s6
Reward for h2 -> h4: 10.0 (install=True forward=True)
Phase=optimize decision=77/2 handling h2 -> h4
R-Optimizer selected path h2 -> h4: s2 -> s1 -> s4 -> s7 -> s6
Reward for h2 -> h4: 10.0 (install=True forward=True)
Phase=optimize decision=77/2 handling h2 -> h4
R-Optimizer selected path h2 -> h4: s2 -> s1 -> s4 -> s5 -> s6
Reward for h2 -> h4: 10.0 (install=True forward=True)
Phase=optimize decision=77/2 handling h2 -> h4
R-Optimizer selected path h2 -> h4: s2 -> s4 -> s6
Reward for h2 -> h4: 10.0 (install=True forward=True)
Phase=optimize decision=77/2 handling h2 -> h4
R-Optimizer selected path h2 -> h4: s2 -> s4 -> s7 -> s6
Reward for h2 -> h4: 10.0 (install=True forward=True)
Phase=optimize decision=77/2 handling h2 -> h4
R-Optimizer selected path h2 -> h4: s2 -> s1 -> s3 -> s5 -> s7 -> s4 -> s6
Reward for h2 -> h4: 10.0 (install=True forward=True)
Phase=optimize decision=77/2 handling h2 -> h4
R-Optimizer selected path h2 -> h4: s2 -> s1 -> s4 -> s5 -> s3 -> s6
Reward for h2 -> h4: 10.0 (install=True forward=True)
Phase=optimize decision=77/2 handling h2 -> h4
R-Optimizer selected path h2 -> h4: s2 -> s3 -> s5 -> s4 -> s6
Reward for h2 -> h4: 10.0 (install=True forward=True)
Phase=optimize decision=77/2 handling h2 -> h4
R-Optimizer selected path h2 -> h4: s2 -> s1 -> s4 -> s6
Reward for h2 -> h4: 10.0 (install=True forward=True)
Phase=optimize decision=77/2 handling h2 -> h4
R-Optimizer selected path h2 -> h4: s2 -> s1 -> s3 -> s5 -> s4 -> s7 -> s6
Reward for h2 -> h4: 10.0 (install=True forward=True)
Phase=optimize decision=77/2 handling h2 -> h4
R-Optimizer selected path h2 -> h4: s2 -> s1 -> s4 -> s5 -> s3 -> s6
Reward for h2 -> h4: 10.0 (install=True forward=True)
Phase=optimize decision=77/2 handling h2 -> h4
R-Optimizer selected path h2 -> h4: s2 -> s1 -> s4 -> s6
Reward for h2 -> h4: 10.0 (install=True forward=True)
Phase=optimize decision=77/2 handling h2 -> h4
R-Optimizer selected path h2 -> h4: s2 -> s1 -> s3 -> s6
Reward for h2 -> h4: 10.0 (install=True forward=True)
Phase=optimize decision=77/2 handling h2 -> h4
R-Optimizer selected path h2 -> h4: s2 -> s1 -> s4 -> s6
Reward for h2 -> h4: 10.0 (install=True forward=True)
Phase=optimize decision=77/2 handling h2 -> h4
R-Optimizer selected path h2 -> h4: s2 -> s1 -> s3 -> s5 -> s4 -> s6
Reward for h2 -> h4: 10.0 (install=True forward=True)
Phase=optimize decision=77/2 handling h2 -> h4
R-Optimizer selected path h2 -> h4: s2 -> s1 -> s3 -> s6
Reward for h2 -> h4: 10.0 (install=True forward=True)
Phase=optimize decision=77/2 handling h2 -> h4
R-Optimizer selected path h2 -> h4: s2 -> s5 -> s4 -> s7 -> s6
Reward for h2 -> h4: 10.0 (install=True forward=True)
Phase=optimize decision=77/2 handling h2 -> h4
R-Optimizer selected path h2 -> h4: s2 -> s1 -> s3 -> s5 -> s4 -> s7 -> s6
Reward for h2 -> h4: 10.0 (install=True forward=True)
Phase=optimize decision=77/2 handling h2 -> h4
R-Optimizer selected path h2 -> h4: s2 -> s3 -> s1 -> s4 -> s5 -> s6
Reward for h2 -> h4: 10.0 (install=True forward=True)
Phase=optimize decision=77/2 handling h2 -> h4
R-Optimizer selected path h2 -> h4: s2 -> s1 -> s3 -> s5 -> s6
Reward for h2 -> h4: 10.0 (install=True forward=True)
Phase=optimize decision=77/2 handling h2 -> h4
R-Optimizer selected path h2 -> h4: s2 -> s1 -> s3 -> s5 -> s4 -> s6
Reward for h2 -> h4: 10.0 (install=True forward=True)
Phase=optimize decision=77/2 handling h2 -> h4
R-Optimizer selected path h2 -> h4: s2 -> s5 -> s6
Reward for h2 -> h4: 10.0 (install=True forward=True)
Phase=optimize decision=77/2 handling h2 -> h4
R-Optimizer selected path h2 -> h4: s2 -> s1 -> s4 -> s5 -> s7 -> s6
Reward for h2 -> h4: 10.0 (install=True forward=True)
Phase=optimize decision=77/2 handling h2 -> h4
R-Optimizer selected path h2 -> h4: s2 -> s1 -> s4 -> s5 -> s3 -> s6
Reward for h2 -> h4: 10.0 (install=True forward=True)
Phase=optimize decision=77/2 handling h2 -> h4
R-Optimizer selected path h2 -> h4: s2 -> s1 -> s3 -> s5 -> s4 -> s6
Reward for h2 -> h4: 10.0 (install=True forward=True)
Phase=optimize decision=77/2 handling h2 -> h4
R-Optimizer selected path h2 -> h4: s2 -> s5 -> s6
Reward for h2 -> h4: 10.0 (install=True forward=True)
Phase=optimize decision=77/2 handling h2 -> h4
R-Optimizer selected path h2 -> h4: s2 -> s1 -> s3 -> s5 -> s7 -> s6
Reward for h2 -> h4: 10.0 (install=True forward=True)
Phase=optimize decision=77/2 handling h2 -> h4
R-Optimizer selected path h2 -> h4: s2 -> s1 -> s3 -> s6
Reward for h2 -> h4: 10.0 (install=True forward=True)
Phase=optimize decision=77/2 handling h2 -> h4
R-Optimizer selected path h2 -> h4: s2 -> s1 -> s3 -> s5 -> s4 -> s6
Reward for h2 -> h4: 10.0 (install=True forward=True)
Phase=optimize decision=77/2 handling h2 -> h4
R-Optimizer selected path h2 -> h4: s2 -> s1 -> s3 -> s5 -> s4 -> s6
Reward for h2 -> h4: 10.0 (install=True forward=True)
Phase=optimize decision=77/2 handling h2 -> h4
R-Optimizer selected path h2 -> h4: s2 -> s5 -> s4 -> s6
Reward for h2 -> h4: 10.0 (install=True forward=True)
Phase=optimize decision=77/2 handling h2 -> h4
R-Optimizer selected path h2 -> h4: s2 -> s1 -> s3 -> s6
Reward for h2 -> h4: 10.0 (install=True forward=True)
Phase=optimize decision=77/2 handling h2 -> h4
R-Optimizer selected path h2 -> h4: s2 -> s1 -> s3 -> s5 -> s6
Reward for h2 -> h4: 10.0 (install=True forward=True)
Phase=optimize decision=77/2 handling h2 -> h4
R-Optimizer selected path h2 -> h4: s2 -> s5 -> s3 -> s1 -> s4 -> s6
Reward for h2 -> h4: 10.0 (install=True forward=True)
Phase=optimize decision=77/2 handling h2 -> h4
R-Optimizer selected path h2 -> h4: s2 -> s1 -> s3 -> s6
Reward for h2 -> h4: 10.0 (install=True forward=True)
Phase=optimize decision=77/2 handling h2 -> h4
R-Optimizer selected path h2 -> h4: s2 -> s1 -> s4 -> s7 -> s5 -> s3 -> s6
Reward for h2 -> h4: 10.0 (install=True forward=True)
Phase=optimize decision=77/2 handling h2 -> h4
R-Optimizer selected path h2 -> h4: s2 -> s5 -> s3 -> s1 -> s4 -> s6
Reward for h2 -> h4: 10.0 (install=True forward=True)
Phase=optimize decision=77/2 handling h2 -> h4
R-Optimizer selected path h2 -> h4: s2 -> s1 -> s4 -> s5 -> s3 -> s6
Reward for h2 -> h4: 10.0 (install=True forward=True)
Phase=optimize decision=77/2 handling h2 -> h4
R-Optimizer selected path h2 -> h4: s2 -> s1 -> s4 -> s6
Reward for h2 -> h4: 10.0 (install=True forward=True)
Phase=optimize decision=77/2 handling h2 -> h4
R-Optimizer selected path h2 -> h4: s2 -> s4 -> s7 -> s5 -> s6
Reward for h2 -> h4: 10.0 (install=True forward=True)
Phase=optimize decision=77/2 handling h2 -> h4
R-Optimizer selected path h2 -> h4: s2 -> s1 -> s3 -> s5 -> s4 -> s6
Reward for h2 -> h4: 10.0 (install=True forward=True)
Phase=optimize decision=77/2 handling h2 -> h4
R-Optimizer selected path h2 -> h4: s2 -> s1 -> s4 -> s6
Reward for h2 -> h4: 10.0 (install=True forward=True)
Phase=optimize decision=77/2 handling h2 -> h4
R-Optimizer selected path h2 -> h4: s2 -> s1 -> s4 -> s5 -> s7 -> s6
Reward for h2 -> h4: 10.0 (install=True forward=True)
Phase=optimize decision=77/2 handling h2 -> h4
R-Optimizer selected path h2 -> h4: s2 -> s3 -> s1 -> s4 -> s5 -> s6
Reward for h2 -> h4: 10.0 (install=True forward=True)
Phase=optimize decision=77/2 handling h2 -> h4
R-Optimizer selected path h2 -> h4: s2 -> s1 -> s3 -> s6
Reward for h2 -> h4: 10.0 (install=True forward=True)
Phase=optimize decision=77/2 handling h2 -> h4
R-Optimizer selected path h2 -> h4: s2 -> s1 -> s3 -> s6
Reward for h2 -> h4: 10.0 (install=True forward=True)
Phase=optimize decision=77/2 handling h2 -> h4
R-Optimizer selected path h2 -> h4: s2 -> s1 -> s4 -> s5 -> s7 -> s6
Reward for h2 -> h4: 10.0 (install=True forward=True)
Phase=optimize decision=77/2 handling h2 -> h4
R-Optimizer selected path h2 -> h4: s2 -> s1 -> s3 -> s6
Reward for h2 -> h4: 10.0 (install=True forward=True)
Phase=optimize decision=77/2 handling h2 -> h4
R-Optimizer selected path h2 -> h4: s2 -> s1 -> s4 -> s7 -> s6
Reward for h2 -> h4: 10.0 (install=True forward=True)
Phase=optimize decision=77/2 handling h2 -> h4
R-Optimizer selected path h2 -> h4: s2 -> s3 -> s1 -> s4 -> s5 -> s7 -> s6
Reward for h2 -> h4: 10.0 (install=True forward=True)
Phase=optimize decision=77/2 handling h2 -> h4
R-Optimizer selected path h2 -> h4: s2 -> s1 -> s3 -> s5 -> s7 -> s4 -> s6
Reward for h2 -> h4: 10.0 (install=True forward=True)
Phase=optimize decision=77/2 handling h2 -> h4
R-Optimizer selected path h2 -> h4: s2 -> s1 -> s4 -> s6
Reward for h2 -> h4: 10.0 (install=True forward=True)
Phase=optimize decision=77/2 handling h2 -> h4
R-Optimizer selected path h2 -> h4: s2 -> s1 -> s3 -> s5 -> s7 -> s4 -> s6
Reward for h2 -> h4: 10.0 (install=True forward=True)
Phase=optimize decision=77/2 handling h2 -> h4
R-Optimizer selected path h2 -> h4: s2 -> s1 -> s4 -> s7 -> s5 -> s3 -> s6
Reward for h2 -> h4: 10.0 (install=True forward=True)
Phase=optimize decision=77/2 handling h2 -> h4
R-Optimizer selected path h2 -> h4: s2 -> s1 -> s4 -> s5 -> s3 -> s6
Reward for h2 -> h4: 10.0 (install=True forward=True)
Phase=optimize decision=77/2 handling h2 -> h4
R-Optimizer selected path h2 -> h4: s2 -> s1 -> s4 -> s5 -> s3 -> s6
Reward for h2 -> h4: 10.0 (install=True forward=True)
Phase=optimize decision=77/2 handling h2 -> h4
R-Optimizer selected path h2 -> h4: s2 -> s5 -> s4 -> s6
Reward for h2 -> h4: 10.0 (install=True forward=True)
Phase=optimize decision=77/2 handling h2 -> h4
R-Optimizer selected path h2 -> h4: s2 -> s1 -> s3 -> s6
Reward for h2 -> h4: 10.0 (install=True forward=True)
Phase=optimize decision=77/2 handling h2 -> h4
R-Optimizer selected path h2 -> h4: s2 -> s1 -> s3 -> s6
Reward for h2 -> h4: 10.0 (install=True forward=True)
Phase=optimize decision=77/2 handling h2 -> h4
R-Optimizer selected path h2 -> h4: s2 -> s1 -> s3 -> s6
Reward for h2 -> h4: 10.0 (install=True forward=True)
Phase=optimize decision=77/2 handling h2 -> h4
R-Optimizer selected path h2 -> h4: s2 -> s1 -> s3 -> s6
Reward for h2 -> h4: 10.0 (install=True forward=True)
Phase=optimize decision=77/2 handling h2 -> h4
R-Optimizer selected path h2 -> h4: s2 -> s1 -> s4 -> s7 -> s5 -> s3 -> s6
Reward for h2 -> h4: 10.0 (install=True forward=True)
Phase=optimize decision=77/2 handling h2 -> h4
R-Optimizer selected path h2 -> h4: s2 -> s1 -> s3 -> s6
Reward for h2 -> h4: 10.0 (install=True forward=True)
Phase=optimize decision=77/2 handling h2 -> h4
R-Optimizer selected path h2 -> h4: s2 -> s3 -> s1 -> s4 -> s6
Reward for h2 -> h4: 10.0 (install=True forward=True)
Phase=optimize decision=77/2 handling h2 -> h4
R-Optimizer selected path h2 -> h4: s2 -> s1 -> s4 -> s5 -> s3 -> s6
Reward for h2 -> h4: 10.0 (install=True forward=True)
Phase=optimize decision=77/2 handling h2 -> h4
R-Optimizer selected path h2 -> h4: s2 -> s4 -> s7 -> s6
Reward for h2 -> h4: 10.0 (install=True forward=True)
Phase=optimize decision=77/2 handling h2 -> h4
R-Optimizer selected path h2 -> h4: s2 -> s3 -> s5 -> s6
Reward for h2 -> h4: 10.0 (install=True forward=True)
Phase=optimize decision=77/2 handling h2 -> h4
R-Optimizer selected path h2 -> h4: s2 -> s1 -> s3 -> s6
Reward for h2 -> h4: 10.0 (install=True forward=True)
Phase=optimize decision=77/2 handling h2 -> h4
R-Optimizer selected path h2 -> h4: s2 -> s4 -> s5 -> s6
Reward for h2 -> h4: 10.0 (install=True forward=True)
Phase=optimize decision=77/2 handling h2 -> h4
R-Optimizer selected path h2 -> h4: s2 -> s1 -> s3 -> s5 -> s4 -> s7 -> s6
Reward for h2 -> h4: 10.0 (install=True forward=True)
Phase=optimize decision=77/2 handling h2 -> h4
R-Optimizer selected path h2 -> h4: s2 -> s3 -> s5 -> s4 -> s7 -> s6
Reward for h2 -> h4: 10.0 (install=True forward=True)
Phase=optimize decision=77/2 handling h2 -> h4
R-Optimizer selected path h2 -> h4: s2 -> s3 -> s5 -> s4 -> s6
Reward for h2 -> h4: 10.0 (install=True forward=True)
Phase=optimize decision=77/2 handling h2 -> h4
R-Optimizer selected path h2 -> h4: s2 -> s1 -> s4 -> s6
Reward for h2 -> h4: 10.0 (install=True forward=True)
Phase=optimize decision=77/2 handling h2 -> h4
R-Optimizer selected path h2 -> h4: s2 -> s1 -> s4 -> s6
Reward for h2 -> h4: 10.0 (install=True forward=True)
Phase=optimize decision=77/2 handling h2 -> h4
R-Optimizer selected path h2 -> h4: s2 -> s1 -> s3 -> s5 -> s4 -> s7 -> s6
Reward for h2 -> h4: 10.0 (install=True forward=True)
Phase=optimize decision=77/2 handling h2 -> h4
No next-hop actions from s1 toward s6 (visited=['s2', 's3', 's5', 's4', 's1'])
No available path for h2 -> h4
Baseline=-7.022 reward_history=21 updates=4
Policy update state=('s2', 's6', 's2') action=s3 reward=-10.0 baseline=-7.022
Policy update state=('s2', 's6', 's3') action=s5 reward=-10.0 baseline=-7.022
Policy update state=('s2', 's6', 's5') action=s4 reward=-10.0 baseline=-7.022
Policy update state=('s2', 's6', 's4') action=s1 reward=-10.0 baseline=-7.022
Phase=optimize decision=77/2 handling h2 -> h4
R-Optimizer selected path h2 -> h4: s2 -> s1 -> s4 -> s6
Reward for h2 -> h4: 10.0 (install=True forward=True)
Phase=optimize decision=77/2 handling h2 -> h4
R-Optimizer selected path h2 -> h4: s2 -> s1 -> s4 -> s6
Reward for h2 -> h4: 10.0 (install=True forward=True)
Phase=optimize decision=77/2 handling h2 -> h4
R-Optimizer selected path h2 -> h4: s2 -> s1 -> s3 -> s5 -> s6
Reward for h2 -> h4: 10.0 (install=True forward=True)
Phase=optimize decision=77/2 handling h2 -> h4
R-Optimizer selected path h2 -> h4: s2 -> s4 -> s5 -> s3 -> s6
Reward for h2 -> h4: 10.0 (install=True forward=True)
Phase=optimize decision=77/2 handling h2 -> h4
R-Optimizer selected path h2 -> h4: s2 -> s5 -> s6
Reward for h2 -> h4: 10.0 (install=True forward=True)
Phase=optimize decision=77/2 handling h2 -> h4
R-Optimizer selected path h2 -> h4: s2 -> s1 -> s3 -> s5 -> s4 -> s6
Reward for h2 -> h4: 10.0 (install=True forward=True)
Phase=optimize decision=77/2 handling h2 -> h4
R-Optimizer selected path h2 -> h4: s2 -> s1 -> s3 -> s5 -> s6
Reward for h2 -> h4: 10.0 (install=True forward=True)
Phase=optimize decision=77/2 handling h2 -> h4
R-Optimizer selected path h2 -> h4: s2 -> s1 -> s3 -> s5 -> s6
Reward for h2 -> h4: 10.0 (install=True forward=True)
Phase=optimize decision=77/2 handling h2 -> h4
R-Optimizer selected path h2 -> h4: s2 -> s1 -> s4 -> s7 -> s5 -> s3 -> s6
Reward for h2 -> h4: 10.0 (install=True forward=True)
Phase=optimize decision=77/2 handling h2 -> h4
R-Optimizer selected path h2 -> h4: s2 -> s1 -> s4 -> s6
Reward for h2 -> h4: 10.0 (install=True forward=True)
Phase=optimize decision=77/2 handling h2 -> h4
R-Optimizer selected path h2 -> h4: s2 -> s1 -> s4 -> s5 -> s7 -> s6
Reward for h2 -> h4: 10.0 (install=True forward=True)
Phase=optimize decision=77/2 handling h2 -> h4
R-Optimizer selected path h2 -> h4: s2 -> s1 -> s3 -> s5 -> s6
Reward for h2 -> h4: 10.0 (install=True forward=True)
Phase=optimize decision=77/2 handling h2 -> h4
R-Optimizer selected path h2 -> h4: s2 -> s4 -> s5 -> s7 -> s6
Reward for h2 -> h4: 10.0 (install=True forward=True)
Phase=optimize decision=77/2 handling h2 -> h4
R-Optimizer selected path h2 -> h4: s2 -> s1 -> s4 -> s7 -> s6
Reward for h2 -> h4: 10.0 (install=True forward=True)
Phase=optimize decision=77/2 handling h2 -> h4
R-Optimizer selected path h2 -> h4: s2 -> s1 -> s4 -> s7 -> s5 -> s6
Reward for h2 -> h4: 10.0 (install=True forward=True)
Phase=optimize decision=77/2 handling h2 -> h4
R-Optimizer selected path h2 -> h4: s2 -> s1 -> s4 -> s7 -> s5 -> s6
Reward for h2 -> h4: 10.0 (install=True forward=True)
Phase=optimize decision=77/2 handling h2 -> h4
R-Optimizer selected path h2 -> h4: s2 -> s1 -> s4 -> s6
Reward for h2 -> h4: 10.0 (install=True forward=True)
Phase=optimize decision=77/2 handling h2 -> h4
R-Optimizer selected path h2 -> h4: s2 -> s1 -> s4 -> s5 -> s7 -> s6
Reward for h2 -> h4: 10.0 (install=True forward=True)
Phase=optimize decision=77/2 handling h2 -> h4
R-Optimizer selected path h2 -> h4: s2 -> s1 -> s3 -> s6
Reward for h2 -> h4: 10.0 (install=True forward=True)
Phase=optimize decision=77/2 handling h2 -> h4
R-Optimizer selected path h2 -> h4: s2 -> s1 -> s4 -> s5 -> s3 -> s6
Reward for h2 -> h4: 10.0 (install=True forward=True)
Phase=optimize decision=77/2 handling h2 -> h4
R-Optimizer selected path h2 -> h4: s2 -> s1 -> s4 -> s7 -> s5 -> s6
Reward for h2 -> h4: 10.0 (install=True forward=True)
Phase=optimize decision=77/2 handling h2 -> h4
R-Optimizer selected path h2 -> h4: s2 -> s4 -> s5 -> s7 -> s6
Reward for h2 -> h4: 10.0 (install=True forward=True)
Phase=optimize decision=77/2 handling h2 -> h4
R-Optimizer selected path h2 -> h4: s2 -> s1 -> s4 -> s5 -> s7 -> s6
Reward for h2 -> h4: 10.0 (install=True forward=True)
Phase=optimize decision=77/2 handling h2 -> h4
R-Optimizer selected path h2 -> h4: s2 -> s4 -> s6
Reward for h2 -> h4: 10.0 (install=True forward=True)
Phase=optimize decision=77/2 handling h2 -> h4
R-Optimizer selected path h2 -> h4: s2 -> s1 -> s4 -> s5 -> s6
Reward for h2 -> h4: 10.0 (install=True forward=True)
Phase=optimize decision=77/2 handling h2 -> h4
R-Optimizer selected path h2 -> h4: s2 -> s5 -> s7 -> s4 -> s1 -> s3 -> s6
Reward for h2 -> h4: 10.0 (install=True forward=True)
Phase=optimize decision=77/2 handling h2 -> h4
R-Optimizer selected path h2 -> h4: s2 -> s1 -> s4 -> s6
Reward for h2 -> h4: 10.0 (install=True forward=True)
Phase=optimize decision=77/2 handling h2 -> h4
R-Optimizer selected path h2 -> h4: s2 -> s4 -> s6
Reward for h2 -> h4: 10.0 (install=True forward=True)
Phase=optimize decision=77/2 handling h2 -> h4
R-Optimizer selected path h2 -> h4: s2 -> s1 -> s4 -> s5 -> s7 -> s6
Reward for h2 -> h4: 10.0 (install=True forward=True)
Phase=optimize decision=77/2 handling h2 -> h4
R-Optimizer selected path h2 -> h4: s2 -> s1 -> s4 -> s7 -> s5 -> s6
Reward for h2 -> h4: 10.0 (install=True forward=True)
Phase=optimize decision=77/2 handling h2 -> h4
R-Optimizer selected path h2 -> h4: s2 -> s4 -> s7 -> s5 -> s3 -> s6
Reward for h2 -> h4: 10.0 (install=True forward=True)
Phase=optimize decision=77/2 handling h2 -> h4
R-Optimizer selected path h2 -> h4: s2 -> s1 -> s3 -> s5 -> s6
Reward for h2 -> h4: 10.0 (install=True forward=True)
Phase=optimize decision=77/2 handling h2 -> h4
R-Optimizer selected path h2 -> h4: s2 -> s4 -> s7 -> s5 -> s6
Reward for h2 -> h4: 10.0 (install=True forward=True)
Phase=optimize decision=77/2 handling h2 -> h4
R-Optimizer selected path h2 -> h4: s2 -> s1 -> s4 -> s6
Reward for h2 -> h4: 10.0 (install=True forward=True)
Phase=optimize decision=77/2 handling h2 -> h4
R-Optimizer selected path h2 -> h4: s2 -> s1 -> s3 -> s5 -> s4 -> s6
Reward for h2 -> h4: 10.0 (install=True forward=True)
Phase=optimize decision=77/2 handling h2 -> h4
R-Optimizer selected path h2 -> h4: s2 -> s1 -> s4 -> s5 -> s3 -> s6
Reward for h2 -> h4: 10.0 (install=True forward=True)
Phase=optimize decision=77/2 handling h2 -> h4
R-Optimizer selected path h2 -> h4: s2 -> s4 -> s1 -> s3 -> s5 -> s7 -> s6
Reward for h2 -> h4: 10.0 (install=True forward=True)
Phase=optimize decision=77/2 handling h4 -> h2
R-Optimizer selected path h4 -> h2: s6 -> s3 -> s1 -> s2
Reward for h4 -> h2: 10.0 (install=True forward=True)
Policy update state=('s1', 's7', 's1') action=s3 reward=-0.13424047501237008 baseline=-7.022
Policy update state=('s1', 's7', 's3') action=s2 reward=-0.13424047501237008 baseline=-7.022
Policy update state=('s1', 's7', 's2') action=s4 reward=-0.13424047501237008 baseline=-7.022
Policy update state=('s1', 's7', 's4') action=s5 reward=-0.13424047501237008 baseline=-7.022
Policy update state=('s1', 's7', 's5') action=s7 reward=-0.13424047501237008 baseline=-7.022
Live weighted QoS reward for h1 -> h5: -0.134 metrics={'throughput_gbps': 0.00822, 'jitter_ms': 0.112, 'plr_pct': 1.4, 'rtt_ms': 0.0} update=policy
Policy update state=('s2', 's6', 's2') action=s4 reward=-0.2797074468085106 baseline=-6.529
Policy update state=('s2', 's6', 's4') action=s1 reward=-0.2797074468085106 baseline=-6.529
Policy update state=('s2', 's6', 's1') action=s3 reward=-0.2797074468085106 baseline=-6.529
Policy update state=('s2', 's6', 's3') action=s5 reward=-0.2797074468085106 baseline=-6.529
Policy update state=('s2', 's6', 's5') action=s7 reward=-0.2797074468085106 baseline=-6.529
Policy update state=('s2', 's6', 's7') action=s6 reward=-0.2797074468085106 baseline=-6.529
Live weighted QoS reward for h2 -> h4: -0.280 metrics={'jitter_ms': 0.149, 'plr_pct': 0.51, 'throughput_gbps': 0.00481, 'rtt_ms': 0.0} update=policy
Policy update state=('s2', 's6', 's2') action=s1 reward=0.06648936170212766 baseline=-6.043
Policy update state=('s2', 's6', 's1') action=s4 reward=0.06648936170212766 baseline=-6.043
Policy update state=('s2', 's6', 's4') action=s5 reward=0.06648936170212766 baseline=-6.043
Policy update state=('s2', 's6', 's5') action=s3 reward=0.06648936170212766 baseline=-6.043
Policy update state=('s2', 's6', 's3') action=s6 reward=0.06648936170212766 baseline=-6.043
Live weighted QoS reward for h2 -> h4: 0.066 metrics={'throughput_gbps': 0.0126, 'jitter_ms': 0.113, 'plr_pct': 1.4, 'rtt_ms': 0.0} update=policy
Policy update state=('s1', 's7', 's1') action=s2 reward=0.008698071723158451 baseline=-5.539
Policy update state=('s1', 's7', 's2') action=s5 reward=0.008698071723158451 baseline=-5.539
Policy update state=('s1', 's7', 's5') action=s6 reward=0.008698071723158451 baseline=-5.539
Policy update state=('s1', 's7', 's6') action=s4 reward=0.008698071723158451 baseline=-5.539
Policy update state=('s1', 's7', 's4') action=s7 reward=0.008698071723158451 baseline=-5.539
Live weighted QoS reward for h1 -> h5: 0.009 metrics={'throughput_gbps': 0.0112, 'jitter_ms': 0.112, 'plr_pct': 1.3, 'rtt_ms': 0.0} update=policy
Phase=optimize decision=77/2 handling h2 -> h4
R-Optimizer selected path h2 -> h4: s2 -> s1 -> s3 -> s6
Reward for h2 -> h4: 10.0 (install=True forward=True)
Phase=optimize decision=77/2 handling h4 -> h2
R-Optimizer selected path h4 -> h2: s6 -> s3 -> s1 -> s4 -> s5 -> s2
Reward for h4 -> h2: 10.0 (install=True forward=True)
Policy update state=('s1', 's7', 's1') action=s2 reward=-0.20347929697102124 baseline=-5.039
Policy update state=('s1', 's7', 's2') action=s5 reward=-0.20347929697102124 baseline=-5.039
Policy update state=('s1', 's7', 's5') action=s7 reward=-0.20347929697102124 baseline=-5.039
Live weighted QoS reward for h1 -> h5: -0.203 metrics={'throughput_gbps': 0.00713, 'jitter_ms': 0.114, 'plr_pct': 1.3, 'rtt_ms': 0.0} update=policy
Policy update state=('s2', 's6', 's2') action=s1 reward=-0.10040088220031129 baseline=-4.549
Policy update state=('s2', 's6', 's1') action=s3 reward=-0.10040088220031129 baseline=-4.549
Policy update state=('s2', 's6', 's3') action=s6 reward=-0.10040088220031129 baseline=-4.549
Live weighted QoS reward for h2 -> h4: -0.100 metrics={'throughput_gbps': 0.008230000000000001, 'jitter_ms': 0.113, 'plr_pct': 0.94, 'rtt_ms': 0.0} update=policy
